[0.211s] Invoking command in '/home/ubuntu/CS_ws/build/turtlebot3_manipulation_bringup': CMAKE_PREFIX_PATH=/home/ubuntu/CS_ws/install/turtlebot3_manipulation_description:/home/ubuntu/CS_ws/install/utilities:/home/ubuntu/CS_ws/install/turtlebot3_manipulation:/home/ubuntu/CS_ws/install/turtlebot3_manipulation_teleop:/home/ubuntu/CS_ws/install/turtlebot3_manipulation_navigation2:/home/ubuntu/CS_ws/install/turtlebot3_manipulation_moveit_config:/home/ubuntu/CS_ws/install/turtlebot3_manipulation_hardware:/home/ubuntu/CS_ws/install/turtlebot3_manipulation_bringup:/home/ubuntu/CS_ws/install/turtlebot3_manipulation_cartographer:/home/ubuntu/CS_ws/install/task_manager:/home/ubuntu/CS_ws/install/navigation:/home/ubuntu/CS_ws/install/command_input:/opt/ros/humble /usr/bin/cmake --build /home/ubuntu/CS_ws/build/turtlebot3_manipulation_bringup -- -j8 -l8
[0.514s] Invoked command in '/home/ubuntu/CS_ws/build/turtlebot3_manipulation_bringup' returned '0': CMAKE_PREFIX_PATH=/home/ubuntu/CS_ws/install/turtlebot3_manipulation_description:/home/ubuntu/CS_ws/install/utilities:/home/ubuntu/CS_ws/install/turtlebot3_manipulation:/home/ubuntu/CS_ws/install/turtlebot3_manipulation_teleop:/home/ubuntu/CS_ws/install/turtlebot3_manipulation_navigation2:/home/ubuntu/CS_ws/install/turtlebot3_manipulation_moveit_config:/home/ubuntu/CS_ws/install/turtlebot3_manipulation_hardware:/home/ubuntu/CS_ws/install/turtlebot3_manipulation_bringup:/home/ubuntu/CS_ws/install/turtlebot3_manipulation_cartographer:/home/ubuntu/CS_ws/install/task_manager:/home/ubuntu/CS_ws/install/navigation:/home/ubuntu/CS_ws/install/command_input:/opt/ros/humble /usr/bin/cmake --build /home/ubuntu/CS_ws/build/turtlebot3_manipulation_bringup -- -j8 -l8
[0.522s] Invoking command in '/home/ubuntu/CS_ws/build/turtlebot3_manipulation_bringup': CMAKE_PREFIX_PATH=/home/ubuntu/CS_ws/install/turtlebot3_manipulation_description:/home/ubuntu/CS_ws/install/utilities:/home/ubuntu/CS_ws/install/turtlebot3_manipulation:/home/ubuntu/CS_ws/install/turtlebot3_manipulation_teleop:/home/ubuntu/CS_ws/install/turtlebot3_manipulation_navigation2:/home/ubuntu/CS_ws/install/turtlebot3_manipulation_moveit_config:/home/ubuntu/CS_ws/install/turtlebot3_manipulation_hardware:/home/ubuntu/CS_ws/install/turtlebot3_manipulation_bringup:/home/ubuntu/CS_ws/install/turtlebot3_manipulation_cartographer:/home/ubuntu/CS_ws/install/task_manager:/home/ubuntu/CS_ws/install/navigation:/home/ubuntu/CS_ws/install/command_input:/opt/ros/humble /usr/bin/cmake --install /home/ubuntu/CS_ws/build/turtlebot3_manipulation_bringup
[0.560s] -- Install configuration: ""
[0.560s] -- Execute custom install script
[0.560s] -- Up-to-date symlink: /home/ubuntu/CS_ws/install/turtlebot3_manipulation_bringup/share/turtlebot3_manipulation_bringup/launch/base.launch.py
[0.561s] -- Up-to-date symlink: /home/ubuntu/CS_ws/install/turtlebot3_manipulation_bringup/share/turtlebot3_manipulation_bringup/launch/fake.launch.py
[0.566s] -- Up-to-date symlink: /home/ubuntu/CS_ws/install/turtlebot3_manipulation_bringup/share/turtlebot3_manipulation_bringup/launch/gazebo.launch.py
[0.566s] -- Up-to-date symlink: /home/ubuntu/CS_ws/install/turtlebot3_manipulation_bringup/share/turtlebot3_manipulation_bringup/launch/hardware.launch.py
[0.575s] -- Up-to-date symlink: /home/ubuntu/CS_ws/install/turtlebot3_manipulation_bringup/share/turtlebot3_manipulation_bringup/config/gazebo_controller_manager.yaml
[0.579s] -- Up-to-date symlink: /home/ubuntu/CS_ws/install/turtlebot3_manipulation_bringup/share/turtlebot3_manipulation_bringup/config/hardware_controller_manager.yaml
[0.580s] -- Up-to-date symlink: /home/ubuntu/CS_ws/install/turtlebot3_manipulation_bringup/share/turtlebot3_manipulation_bringup/rviz/turtlebot3_manipulation.rviz
[0.580s] -- Up-to-date symlink: /home/ubuntu/CS_ws/install/turtlebot3_manipulation_bringup/share/turtlebot3_manipulation_bringup/worlds/empty_world.model
[0.581s] -- Up-to-date symlink: /home/ubuntu/CS_ws/install/turtlebot3_manipulation_bringup/share/turtlebot3_manipulation_bringup/worlds/turtlebot3_world.model
[0.581s] -- Up-to-date symlink: /home/ubuntu/CS_ws/install/turtlebot3_manipulation_bringup/share/turtlebot3_manipulation_bringup/worlds/turtlebot3_world/meshes/hexagon.dae
[0.582s] -- Up-to-date symlink: /home/ubuntu/CS_ws/install/turtlebot3_manipulation_bringup/share/turtlebot3_manipulation_bringup/worlds/turtlebot3_world/meshes/wall.dae
[0.582s] -- Up-to-date symlink: /home/ubuntu/CS_ws/install/turtlebot3_manipulation_bringup/share/turtlebot3_manipulation_bringup/worlds/turtlebot3_world/model-1_4.sdf
[0.582s] -- Up-to-date symlink: /home/ubuntu/CS_ws/install/turtlebot3_manipulation_bringup/share/turtlebot3_manipulation_bringup/worlds/turtlebot3_world/model.config
[0.582s] -- Up-to-date symlink: /home/ubuntu/CS_ws/install/turtlebot3_manipulation_bringup/share/turtlebot3_manipulation_bringup/worlds/turtlebot3_world/model.sdf
[0.584s] -- Up-to-date symlink: /home/ubuntu/CS_ws/install/turtlebot3_manipulation_bringup/share/turtlebot3_manipulation_bringup/environment/turtlebot3_manipulation_bringup.dsv
[0.584s] -- Up-to-date symlink: /home/ubuntu/CS_ws/install/turtlebot3_manipulation_bringup/share/ament_index/resource_index/package_run_dependencies/turtlebot3_manipulation_bringup
[0.585s] -- Up-to-date symlink: /home/ubuntu/CS_ws/install/turtlebot3_manipulation_bringup/share/ament_index/resource_index/parent_prefix_path/turtlebot3_manipulation_bringup
[0.585s] -- Up-to-date symlink: /home/ubuntu/CS_ws/install/turtlebot3_manipulation_bringup/share/turtlebot3_manipulation_bringup/environment/ament_prefix_path.sh
[0.585s] -- Up-to-date symlink: /home/ubuntu/CS_ws/install/turtlebot3_manipulation_bringup/share/turtlebot3_manipulation_bringup/environment/ament_prefix_path.dsv
[0.586s] -- Up-to-date symlink: /home/ubuntu/CS_ws/install/turtlebot3_manipulation_bringup/share/turtlebot3_manipulation_bringup/environment/path.sh
[0.586s] -- Up-to-date symlink: /home/ubuntu/CS_ws/install/turtlebot3_manipulation_bringup/share/turtlebot3_manipulation_bringup/environment/path.dsv
[0.594s] -- Up-to-date symlink: /home/ubuntu/CS_ws/install/turtlebot3_manipulation_bringup/share/turtlebot3_manipulation_bringup/local_setup.bash
[0.594s] -- Up-to-date symlink: /home/ubuntu/CS_ws/install/turtlebot3_manipulation_bringup/share/turtlebot3_manipulation_bringup/local_setup.sh
[0.594s] -- Up-to-date symlink: /home/ubuntu/CS_ws/install/turtlebot3_manipulation_bringup/share/turtlebot3_manipulation_bringup/local_setup.zsh
[0.594s] -- Up-to-date symlink: /home/ubuntu/CS_ws/install/turtlebot3_manipulation_bringup/share/turtlebot3_manipulation_bringup/local_setup.dsv
[0.595s] -- Symlinking: /home/ubuntu/CS_ws/install/turtlebot3_manipulation_bringup/share/turtlebot3_manipulation_bringup/package.dsv
[0.649s] -- Up-to-date symlink: /home/ubuntu/CS_ws/install/turtlebot3_manipulation_bringup/share/ament_index/resource_index/packages/turtlebot3_manipulation_bringup
[0.650s] -- Up-to-date symlink: /home/ubuntu/CS_ws/install/turtlebot3_manipulation_bringup/share/turtlebot3_manipulation_bringup/cmake/turtlebot3_manipulation_bringupConfig.cmake
[0.651s] -- Up-to-date symlink: /home/ubuntu/CS_ws/install/turtlebot3_manipulation_bringup/share/turtlebot3_manipulation_bringup/cmake/turtlebot3_manipulation_bringupConfig-version.cmake
[0.663s] -- Up-to-date symlink: /home/ubuntu/CS_ws/install/turtlebot3_manipulation_bringup/share/turtlebot3_manipulation_bringup/package.xml
[0.682s] Invoked command in '/home/ubuntu/CS_ws/build/turtlebot3_manipulation_bringup' returned '0': CMAKE_PREFIX_PATH=/home/ubuntu/CS_ws/install/turtlebot3_manipulation_description:/home/ubuntu/CS_ws/install/utilities:/home/ubuntu/CS_ws/install/turtlebot3_manipulation:/home/ubuntu/CS_ws/install/turtlebot3_manipulation_teleop:/home/ubuntu/CS_ws/install/turtlebot3_manipulation_navigation2:/home/ubuntu/CS_ws/install/turtlebot3_manipulation_moveit_config:/home/ubuntu/CS_ws/install/turtlebot3_manipulation_hardware:/home/ubuntu/CS_ws/install/turtlebot3_manipulation_bringup:/home/ubuntu/CS_ws/install/turtlebot3_manipulation_cartographer:/home/ubuntu/CS_ws/install/task_manager:/home/ubuntu/CS_ws/install/navigation:/home/ubuntu/CS_ws/install/command_input:/opt/ros/humble /usr/bin/cmake --install /home/ubuntu/CS_ws/build/turtlebot3_manipulation_bringup
