running develop
running egg_info
creating command_input.egg-info
writing command_input.egg-info/PKG-INFO
writing dependency_links to command_input.egg-info/dependency_links.txt
writing entry points to command_input.egg-info/entry_points.txt
writing requirements to command_input.egg-info/requires.txt
writing top-level names to command_input.egg-info/top_level.txt
writing manifest file 'command_input.egg-info/SOURCES.txt'
reading manifest file 'command_input.egg-info/SOURCES.txt'
writing manifest file 'command_input.egg-info/SOURCES.txt'
running build_ext
Creating /home/ubuntu/CS_ws/install/command_input/lib/python3.10/site-packages/command-input.egg-link (link to .)
Installing command_input_node script to /home/ubuntu/CS_ws/install/command_input/lib/command_input

Installed /home/ubuntu/CS_ws/build/command_input
running symlink_data
creating /home/ubuntu/CS_ws/install/command_input/share/ament_index
creating /home/ubuntu/CS_ws/install/command_input/share/ament_index/resource_index
creating /home/ubuntu/CS_ws/install/command_input/share/ament_index/resource_index/packages
symbolically linking /home/ubuntu/CS_ws/build/command_input/resource/command_input -> /home/ubuntu/CS_ws/install/command_input/share/ament_index/resource_index/packages
symbolically linking /home/ubuntu/CS_ws/build/command_input/package.xml -> /home/ubuntu/CS_ws/install/command_input/share/command_input
