[1.437s] Invoking command in '/home/ubuntu/CS_ws/build/task_manager': PYTHONPATH=/home/ubuntu/CS_ws/build/task_manager/prefix_override:/usr/lib/python3/dist-packages/colcon_core/task/python/colcon_distutils_commands:/home/ubuntu/CS_ws/install/task_manager/lib/python3.10/site-packages:${PYTHONPATH} /usr/bin/python3 -W ignore:setup.py install is deprecated -W ignore:easy_install command is deprecated setup.py develop --uninstall --editable --build-directory /home/ubuntu/CS_ws/build/task_manager/build
[1.896s] running develop
[2.228s] Removing /home/ubuntu/CS_ws/install/task_manager/lib/python3.10/site-packages/task-manager.egg-link (link to .)
[2.263s] Invoked command in '/home/ubuntu/CS_ws/build/task_manager' returned '0': PYTHONPATH=/home/ubuntu/CS_ws/build/task_manager/prefix_override:/usr/lib/python3/dist-packages/colcon_core/task/python/colcon_distutils_commands:/home/ubuntu/CS_ws/install/task_manager/lib/python3.10/site-packages:${PYTHONPATH} /usr/bin/python3 -W ignore:setup.py install is deprecated -W ignore:easy_install command is deprecated setup.py develop --uninstall --editable --build-directory /home/ubuntu/CS_ws/build/task_manager/build
[2.266s] Invoking command in '/home/ubuntu/CS_ws/src/task_manager': PYTHONPATH=/home/ubuntu/CS_ws/build/task_manager/prefix_override:/usr/lib/python3/dist-packages/colcon_core/task/python/colcon_distutils_commands:/home/ubuntu/CS_ws/install/task_manager/lib/python3.10/site-packages:${PYTHONPATH} /usr/bin/python3 -W ignore:setup.py install is deprecated -W ignore:easy_install command is deprecated setup.py egg_info --egg-base ../../build/task_manager build --build-base /home/ubuntu/CS_ws/build/task_manager/build install --record /home/ubuntu/CS_ws/build/task_manager/install.log --single-version-externally-managed install_data --force
[2.721s] running egg_info
[2.722s] writing ../../build/task_manager/task_manager.egg-info/PKG-INFO
[2.722s] writing dependency_links to ../../build/task_manager/task_manager.egg-info/dependency_links.txt
[2.723s] writing entry points to ../../build/task_manager/task_manager.egg-info/entry_points.txt
[2.723s] writing requirements to ../../build/task_manager/task_manager.egg-info/requires.txt
[2.723s] writing top-level names to ../../build/task_manager/task_manager.egg-info/top_level.txt
[2.726s] reading manifest file '../../build/task_manager/task_manager.egg-info/SOURCES.txt'
[2.729s] writing manifest file '../../build/task_manager/task_manager.egg-info/SOURCES.txt'
[2.729s] running build
[2.729s] running build_py
[2.730s] copying task_manager/task_manager.py -> /home/ubuntu/CS_ws/build/task_manager/build/lib/task_manager
[2.732s] running install
[2.732s] running install_lib
[2.733s] creating /home/ubuntu/CS_ws/install/task_manager/lib/python3.10/site-packages/task_manager
[2.734s] copying /home/ubuntu/CS_ws/build/task_manager/build/lib/task_manager/__init__.py -> /home/ubuntu/CS_ws/install/task_manager/lib/python3.10/site-packages/task_manager
[2.734s] copying /home/ubuntu/CS_ws/build/task_manager/build/lib/task_manager/task_manager.py -> /home/ubuntu/CS_ws/install/task_manager/lib/python3.10/site-packages/task_manager
[2.736s] byte-compiling /home/ubuntu/CS_ws/install/task_manager/lib/python3.10/site-packages/task_manager/__init__.py to __init__.cpython-310.pyc
[2.738s] byte-compiling /home/ubuntu/CS_ws/install/task_manager/lib/python3.10/site-packages/task_manager/task_manager.py to task_manager.cpython-310.pyc
[2.741s] running install_data
[2.741s] copying resource/task_manager -> /home/ubuntu/CS_ws/install/task_manager/share/ament_index/resource_index/packages
[2.742s] copying package.xml -> /home/ubuntu/CS_ws/install/task_manager/share/task_manager
[2.744s] copying launch/simulation_launch.py -> /home/ubuntu/CS_ws/install/task_manager/share/task_manager/launch
[2.744s] running install_egg_info
[2.748s] Copying ../../build/task_manager/task_manager.egg-info to /home/ubuntu/CS_ws/install/task_manager/lib/python3.10/site-packages/task_manager-0.0.0-py3.10.egg-info
[2.751s] running install_scripts
[2.788s] Installing task_manager script to /home/ubuntu/CS_ws/install/task_manager/lib/task_manager
[2.788s] writing list of installed files to '/home/ubuntu/CS_ws/build/task_manager/install.log'
[2.823s] Invoked command in '/home/ubuntu/CS_ws/src/task_manager' returned '0': PYTHONPATH=/home/ubuntu/CS_ws/build/task_manager/prefix_override:/usr/lib/python3/dist-packages/colcon_core/task/python/colcon_distutils_commands:/home/ubuntu/CS_ws/install/task_manager/lib/python3.10/site-packages:${PYTHONPATH} /usr/bin/python3 -W ignore:setup.py install is deprecated -W ignore:easy_install command is deprecated setup.py egg_info --egg-base ../../build/task_manager build --build-base /home/ubuntu/CS_ws/build/task_manager/build install --record /home/ubuntu/CS_ws/build/task_manager/install.log --single-version-externally-managed install_data --force
