[0.910s] Invoking command in '/home/ubuntu/CS_ws/build/turtlebot3_manipulation_description': CMAKE_PREFIX_PATH=${CMAKE_PREFIX_PATH}:/home/ubuntu/CS_ws/install/task_manager:/home/ubuntu/CS_ws/install/navigation:/home/ubuntu/CS_ws/install/command_input:/opt/ros/humble /usr/bin/cmake --build /home/ubuntu/CS_ws/build/turtlebot3_manipulation_description -- -j8 -l8
[9.029s] Invoked command in '/home/ubuntu/CS_ws/build/turtlebot3_manipulation_description' returned '0': CMAKE_PREFIX_PATH=${CMAKE_PREFIX_PATH}:/home/ubuntu/CS_ws/install/task_manager:/home/ubuntu/CS_ws/install/navigation:/home/ubuntu/CS_ws/install/command_input:/opt/ros/humble /usr/bin/cmake --build /home/ubuntu/CS_ws/build/turtlebot3_manipulation_description -- -j8 -l8
[9.031s] Invoking command in '/home/ubuntu/CS_ws/build/turtlebot3_manipulation_description': CMAKE_PREFIX_PATH=${CMAKE_PREFIX_PATH}:/home/ubuntu/CS_ws/install/task_manager:/home/ubuntu/CS_ws/install/navigation:/home/ubuntu/CS_ws/install/command_input:/opt/ros/humble /usr/bin/cmake --install /home/ubuntu/CS_ws/build/turtlebot3_manipulation_description
[9.172s] -- Install configuration: ""
[9.172s] -- Execute custom install script
[9.174s] -- Up-to-date symlink: /home/ubuntu/CS_ws/install/turtlebot3_manipulation_description/share/turtlebot3_manipulation_description/launch/model.launch.py
[9.180s] -- Up-to-date symlink: /home/ubuntu/CS_ws/install/turtlebot3_manipulation_description/share/turtlebot3_manipulation_description/rviz/model.rviz
[9.180s] -- Up-to-date symlink: /home/ubuntu/CS_ws/install/turtlebot3_manipulation_description/share/turtlebot3_manipulation_description/urdf/open_manipulator_x.urdf.xacro
[9.181s] -- Up-to-date symlink: /home/ubuntu/CS_ws/install/turtlebot3_manipulation_description/share/turtlebot3_manipulation_description/urdf/turtlebot3_manipulation.urdf.xacro
[9.181s] -- Up-to-date symlink: /home/ubuntu/CS_ws/install/turtlebot3_manipulation_description/share/turtlebot3_manipulation_description/urdf/turtlebot3_waffle_pi.urdf.xacro
[9.181s] -- Up-to-date symlink: /home/ubuntu/CS_ws/install/turtlebot3_manipulation_description/share/turtlebot3_manipulation_description/gazebo/materials.xacro
[9.182s] -- Up-to-date symlink: /home/ubuntu/CS_ws/install/turtlebot3_manipulation_description/share/turtlebot3_manipulation_description/gazebo/open_manipulator_x.gazebo.xacro
[9.182s] -- Up-to-date symlink: /home/ubuntu/CS_ws/install/turtlebot3_manipulation_description/share/turtlebot3_manipulation_description/gazebo/turtlebot3_waffle_pi.gazebo.xacro
[9.182s] -- Up-to-date symlink: /home/ubuntu/CS_ws/install/turtlebot3_manipulation_description/share/turtlebot3_manipulation_description/meshes/open_manipulator_x/gripper_left_palm.stl
[9.183s] -- Up-to-date symlink: /home/ubuntu/CS_ws/install/turtlebot3_manipulation_description/share/turtlebot3_manipulation_description/meshes/open_manipulator_x/gripper_right_palm.stl
[9.184s] -- Up-to-date symlink: /home/ubuntu/CS_ws/install/turtlebot3_manipulation_description/share/turtlebot3_manipulation_description/meshes/open_manipulator_x/link1.stl
[9.184s] -- Up-to-date symlink: /home/ubuntu/CS_ws/install/turtlebot3_manipulation_description/share/turtlebot3_manipulation_description/meshes/open_manipulator_x/link2.stl
[9.185s] -- Up-to-date symlink: /home/ubuntu/CS_ws/install/turtlebot3_manipulation_description/share/turtlebot3_manipulation_description/meshes/open_manipulator_x/link3.stl
[9.233s] -- Up-to-date symlink: /home/ubuntu/CS_ws/install/turtlebot3_manipulation_description/share/turtlebot3_manipulation_description/meshes/open_manipulator_x/link4.stl
[9.241s] -- Up-to-date symlink: /home/ubuntu/CS_ws/install/turtlebot3_manipulation_description/share/turtlebot3_manipulation_description/meshes/open_manipulator_x/link5.stl
[9.241s] -- Up-to-date symlink: /home/ubuntu/CS_ws/install/turtlebot3_manipulation_description/share/turtlebot3_manipulation_description/meshes/turtlebot3_waffle_pi/base.stl
[9.242s] -- Up-to-date symlink: /home/ubuntu/CS_ws/install/turtlebot3_manipulation_description/share/turtlebot3_manipulation_description/meshes/turtlebot3_waffle_pi/ladar.stl
[9.243s] -- Up-to-date symlink: /home/ubuntu/CS_ws/install/turtlebot3_manipulation_description/share/turtlebot3_manipulation_description/meshes/turtlebot3_waffle_pi/left_tire.stl
[9.243s] -- Up-to-date symlink: /home/ubuntu/CS_ws/install/turtlebot3_manipulation_description/share/turtlebot3_manipulation_description/meshes/turtlebot3_waffle_pi/right_tire.stl
[9.244s] -- Up-to-date symlink: /home/ubuntu/CS_ws/install/turtlebot3_manipulation_description/share/turtlebot3_manipulation_description/ros2_control/turtlebot3_manipulation_system.ros2_control.xacro
[9.253s] -- Up-to-date symlink: /home/ubuntu/CS_ws/install/turtlebot3_manipulation_description/share/turtlebot3_manipulation_description/environment/turtlebot3_manipulation_description.dsv
[9.255s] -- Up-to-date symlink: /home/ubuntu/CS_ws/install/turtlebot3_manipulation_description/share/ament_index/resource_index/package_run_dependencies/turtlebot3_manipulation_description
[9.255s] -- Up-to-date symlink: /home/ubuntu/CS_ws/install/turtlebot3_manipulation_description/share/ament_index/resource_index/parent_prefix_path/turtlebot3_manipulation_description
[9.273s] -- Up-to-date symlink: /home/ubuntu/CS_ws/install/turtlebot3_manipulation_description/share/turtlebot3_manipulation_description/environment/ament_prefix_path.sh
[9.273s] -- Up-to-date symlink: /home/ubuntu/CS_ws/install/turtlebot3_manipulation_description/share/turtlebot3_manipulation_description/environment/ament_prefix_path.dsv
[9.274s] -- Up-to-date symlink: /home/ubuntu/CS_ws/install/turtlebot3_manipulation_description/share/turtlebot3_manipulation_description/environment/path.sh
[9.274s] -- Up-to-date symlink: /home/ubuntu/CS_ws/install/turtlebot3_manipulation_description/share/turtlebot3_manipulation_description/environment/path.dsv
[9.275s] -- Up-to-date symlink: /home/ubuntu/CS_ws/install/turtlebot3_manipulation_description/share/turtlebot3_manipulation_description/local_setup.bash
[9.297s] -- Up-to-date symlink: /home/ubuntu/CS_ws/install/turtlebot3_manipulation_description/share/turtlebot3_manipulation_description/local_setup.sh
[9.299s] -- Up-to-date symlink: /home/ubuntu/CS_ws/install/turtlebot3_manipulation_description/share/turtlebot3_manipulation_description/local_setup.zsh
[9.300s] -- Up-to-date symlink: /home/ubuntu/CS_ws/install/turtlebot3_manipulation_description/share/turtlebot3_manipulation_description/local_setup.dsv
[9.301s] -- Symlinking: /home/ubuntu/CS_ws/install/turtlebot3_manipulation_description/share/turtlebot3_manipulation_description/package.dsv
[9.303s] -- Up-to-date symlink: /home/ubuntu/CS_ws/install/turtlebot3_manipulation_description/share/ament_index/resource_index/packages/turtlebot3_manipulation_description
[9.303s] -- Up-to-date symlink: /home/ubuntu/CS_ws/install/turtlebot3_manipulation_description/share/turtlebot3_manipulation_description/cmake/turtlebot3_manipulation_descriptionConfig.cmake
[9.304s] -- Up-to-date symlink: /home/ubuntu/CS_ws/install/turtlebot3_manipulation_description/share/turtlebot3_manipulation_description/cmake/turtlebot3_manipulation_descriptionConfig-version.cmake
[9.304s] -- Up-to-date symlink: /home/ubuntu/CS_ws/install/turtlebot3_manipulation_description/share/turtlebot3_manipulation_description/package.xml
[9.968s] Invoked command in '/home/ubuntu/CS_ws/build/turtlebot3_manipulation_description' returned '0': CMAKE_PREFIX_PATH=${CMAKE_PREFIX_PATH}:/home/ubuntu/CS_ws/install/task_manager:/home/ubuntu/CS_ws/install/navigation:/home/ubuntu/CS_ws/install/command_input:/opt/ros/humble /usr/bin/cmake --install /home/ubuntu/CS_ws/build/turtlebot3_manipulation_description
