[6.563s] Invoking command in '/home/ubuntu/CS_ws/build/utilities': CMAKE_PREFIX_PATH=${CMAKE_PREFIX_PATH}:/home/ubuntu/CS_ws/install/task_manager:/home/ubuntu/CS_ws/install/navigation:/home/ubuntu/CS_ws/install/command_input:/opt/ros/humble /usr/bin/cmake --build /home/ubuntu/CS_ws/build/utilities -- -j8 -l8
[7.129s] [  3%] Built target utilities__cpp
[7.555s] [  3%] Built target ament_cmake_python_symlink_utilities
[7.789s] [ 12%] Built target utilities__rosidl_typesupport_introspection_cpp
[10.406s] running egg_info
[10.407s] writing utilities.egg-info/PKG-INFO
[10.408s] writing dependency_links to utilities.egg-info/dependency_links.txt
[10.410s] writing top-level names to utilities.egg-info/top_level.txt
[10.433s] reading manifest file 'utilities.egg-info/SOURCES.txt'
[10.434s] writing manifest file 'utilities.egg-info/SOURCES.txt'
[10.662s] [ 12%] Built target ament_cmake_python_build_utilities_egg
[10.897s] [ 22%] Built target utilities__rosidl_typesupport_fastrtps_cpp
[11.248s] [ 32%] Built target utilities__rosidl_typesupport_cpp
[11.466s] [ 41%] Built target utilities__rosidl_generator_c
[11.756s] [ 51%] Built target utilities__rosidl_typesupport_fastrtps_c
[11.952s] [ 61%] Built target utilities__rosidl_typesupport_c
[12.143s] [ 70%] Built target utilities__rosidl_typesupport_introspection_c
[12.282s] [ 70%] Built target utilities
[12.572s] [ 74%] Built target utilities__py
[12.776s] [ 80%] Built target utilities__rosidl_generator_py
[12.977s] [ 87%] Built target utilities__rosidl_typesupport_fastrtps_c__pyext
[13.229s] [ 93%] Built target utilities__rosidl_typesupport_c__pyext
[13.462s] [100%] Built target utilities__rosidl_typesupport_introspection_c__pyext
[13.528s] Invoked command in '/home/ubuntu/CS_ws/build/utilities' returned '0': CMAKE_PREFIX_PATH=${CMAKE_PREFIX_PATH}:/home/ubuntu/CS_ws/install/task_manager:/home/ubuntu/CS_ws/install/navigation:/home/ubuntu/CS_ws/install/command_input:/opt/ros/humble /usr/bin/cmake --build /home/ubuntu/CS_ws/build/utilities -- -j8 -l8
[13.529s] Invoking command in '/home/ubuntu/CS_ws/build/utilities': CMAKE_PREFIX_PATH=${CMAKE_PREFIX_PATH}:/home/ubuntu/CS_ws/install/task_manager:/home/ubuntu/CS_ws/install/navigation:/home/ubuntu/CS_ws/install/command_input:/opt/ros/humble /usr/bin/cmake --install /home/ubuntu/CS_ws/build/utilities
[13.654s] -- Install configuration: ""
[13.671s] -- Execute custom install script
[13.681s] -- Up-to-date symlink: /home/ubuntu/CS_ws/install/utilities/share/ament_index/resource_index/rosidl_interfaces/utilities
[13.688s] -- Up-to-date symlink: /home/ubuntu/CS_ws/install/utilities/include/utilities/utilities/msg/rosidl_generator_c__visibility_control.h
[13.689s] -- Up-to-date symlink: /home/ubuntu/CS_ws/install/utilities/include/utilities/utilities/srv/detail/string_command__functions.h
[13.701s] -- Up-to-date symlink: /home/ubuntu/CS_ws/install/utilities/include/utilities/utilities/srv/detail/string_command__struct.h
[13.702s] -- Up-to-date symlink: /home/ubuntu/CS_ws/install/utilities/include/utilities/utilities/srv/detail/string_command__type_support.h
[13.702s] -- Up-to-date symlink: /home/ubuntu/CS_ws/install/utilities/include/utilities/utilities/srv/string_command.h
[13.702s] -- Up-to-date symlink: /home/ubuntu/CS_ws/install/utilities/share/utilities/environment/library_path.sh
[13.702s] -- Up-to-date symlink: /home/ubuntu/CS_ws/install/utilities/share/utilities/environment/library_path.dsv
[13.703s] -- Up-to-date symlink: /home/ubuntu/CS_ws/install/utilities/include/utilities/utilities/msg/rosidl_typesupport_fastrtps_c__visibility_control.h
[13.706s] -- Up-to-date symlink: /home/ubuntu/CS_ws/install/utilities/include/utilities/utilities/srv/detail/string_command__rosidl_typesupport_fastrtps_c.h
[13.713s] -- Up-to-date symlink: /home/ubuntu/CS_ws/install/utilities/include/utilities/utilities/msg/rosidl_typesupport_introspection_c__visibility_control.h
[13.714s] -- Up-to-date symlink: /home/ubuntu/CS_ws/install/utilities/include/utilities/utilities/srv/detail/string_command__rosidl_typesupport_introspection_c.h
[13.723s] -- Up-to-date symlink: /home/ubuntu/CS_ws/install/utilities/include/utilities/utilities/msg/rosidl_generator_cpp__visibility_control.hpp
[13.724s] -- Up-to-date symlink: /home/ubuntu/CS_ws/install/utilities/include/utilities/utilities/srv/detail/string_command__builder.hpp
[13.725s] -- Up-to-date symlink: /home/ubuntu/CS_ws/install/utilities/include/utilities/utilities/srv/detail/string_command__struct.hpp
[13.727s] -- Up-to-date symlink: /home/ubuntu/CS_ws/install/utilities/include/utilities/utilities/srv/detail/string_command__traits.hpp
[13.727s] -- Up-to-date symlink: /home/ubuntu/CS_ws/install/utilities/include/utilities/utilities/srv/detail/string_command__type_support.hpp
[13.728s] -- Up-to-date symlink: /home/ubuntu/CS_ws/install/utilities/include/utilities/utilities/srv/string_command.hpp
[13.731s] -- Up-to-date symlink: /home/ubuntu/CS_ws/install/utilities/include/utilities/utilities/msg/rosidl_typesupport_fastrtps_cpp__visibility_control.h
[13.738s] -- Up-to-date symlink: /home/ubuntu/CS_ws/install/utilities/include/utilities/utilities/srv/detail/string_command__rosidl_typesupport_fastrtps_cpp.hpp
[13.740s] -- Up-to-date symlink: /home/ubuntu/CS_ws/install/utilities/include/utilities/utilities/srv/detail/string_command__rosidl_typesupport_introspection_cpp.hpp
[13.745s] -- Up-to-date symlink: /home/ubuntu/CS_ws/install/utilities/share/utilities/environment/pythonpath.sh
[13.747s] -- Up-to-date symlink: /home/ubuntu/CS_ws/install/utilities/share/utilities/environment/pythonpath.dsv
[13.765s] -- Up-to-date symlink: /home/ubuntu/CS_ws/install/utilities/local/lib/python3.10/dist-packages/utilities-0.0.0-py3.10.egg-info/PKG-INFO
[13.768s] -- Up-to-date symlink: /home/ubuntu/CS_ws/install/utilities/local/lib/python3.10/dist-packages/utilities-0.0.0-py3.10.egg-info/SOURCES.txt
[13.768s] -- Up-to-date symlink: /home/ubuntu/CS_ws/install/utilities/local/lib/python3.10/dist-packages/utilities-0.0.0-py3.10.egg-info/dependency_links.txt
[13.769s] -- Up-to-date symlink: /home/ubuntu/CS_ws/install/utilities/local/lib/python3.10/dist-packages/utilities-0.0.0-py3.10.egg-info/top_level.txt
[13.771s] -- Up-to-date symlink: /home/ubuntu/CS_ws/install/utilities/local/lib/python3.10/dist-packages/utilities/__init__.py
[13.780s] -- Up-to-date symlink: /home/ubuntu/CS_ws/install/utilities/local/lib/python3.10/dist-packages/utilities/_utilities_s.ep.rosidl_typesupport_c.c
[13.784s] -- Up-to-date symlink: /home/ubuntu/CS_ws/install/utilities/local/lib/python3.10/dist-packages/utilities/_utilities_s.ep.rosidl_typesupport_fastrtps_c.c
[13.785s] -- Up-to-date symlink: /home/ubuntu/CS_ws/install/utilities/local/lib/python3.10/dist-packages/utilities/_utilities_s.ep.rosidl_typesupport_introspection_c.c
[13.788s] -- Up-to-date symlink: /home/ubuntu/CS_ws/install/utilities/local/lib/python3.10/dist-packages/utilities/libutilities__rosidl_generator_py.so
[13.788s] -- Up-to-date symlink: /home/ubuntu/CS_ws/install/utilities/local/lib/python3.10/dist-packages/utilities/srv/__init__.py
[13.790s] -- Up-to-date symlink: /home/ubuntu/CS_ws/install/utilities/local/lib/python3.10/dist-packages/utilities/srv/_string_command.py
[13.790s] -- Up-to-date symlink: /home/ubuntu/CS_ws/install/utilities/local/lib/python3.10/dist-packages/utilities/srv/_string_command_s.c
[13.791s] -- Up-to-date symlink: /home/ubuntu/CS_ws/install/utilities/local/lib/python3.10/dist-packages/utilities/utilities_s__rosidl_typesupport_c.cpython-310-x86_64-linux-gnu.so
[13.791s] -- Up-to-date symlink: /home/ubuntu/CS_ws/install/utilities/local/lib/python3.10/dist-packages/utilities/utilities_s__rosidl_typesupport_fastrtps_c.cpython-310-x86_64-linux-gnu.so
[13.791s] -- Up-to-date symlink: /home/ubuntu/CS_ws/install/utilities/local/lib/python3.10/dist-packages/utilities/utilities_s__rosidl_typesupport_introspection_c.cpython-310-x86_64-linux-gnu.so
[13.792s] -- Up-to-date symlink: /home/ubuntu/CS_ws/install/utilities/local/lib/python3.10/dist-packages/utilities/utilities_s__rosidl_typesupport_fastrtps_c.cpython-310-x86_64-linux-gnu.so
[13.793s] -- Up-to-date symlink: /home/ubuntu/CS_ws/install/utilities/local/lib/python3.10/dist-packages/utilities/utilities_s__rosidl_typesupport_introspection_c.cpython-310-x86_64-linux-gnu.so
[13.803s] -- Up-to-date symlink: /home/ubuntu/CS_ws/install/utilities/local/lib/python3.10/dist-packages/utilities/utilities_s__rosidl_typesupport_c.cpython-310-x86_64-linux-gnu.so
[13.804s] -- Up-to-date symlink: /home/ubuntu/CS_ws/install/utilities/share/utilities/srv/StringCommand.idl
[13.805s] -- Up-to-date symlink: /home/ubuntu/CS_ws/install/utilities/share/utilities/srv/StringCommand.srv
[13.805s] -- Up-to-date symlink: /home/ubuntu/CS_ws/install/utilities/share/utilities/srv/StringCommand_Request.msg
[13.806s] -- Up-to-date symlink: /home/ubuntu/CS_ws/install/utilities/share/utilities/srv/StringCommand_Response.msg
[13.807s] -- Up-to-date symlink: /home/ubuntu/CS_ws/install/utilities/share/ament_index/resource_index/package_run_dependencies/utilities
[13.808s] -- Up-to-date symlink: /home/ubuntu/CS_ws/install/utilities/share/ament_index/resource_index/parent_prefix_path/utilities
[13.809s] -- Up-to-date symlink: /home/ubuntu/CS_ws/install/utilities/share/utilities/environment/ament_prefix_path.sh
[13.809s] -- Up-to-date symlink: /home/ubuntu/CS_ws/install/utilities/share/utilities/environment/ament_prefix_path.dsv
[13.810s] -- Up-to-date symlink: /home/ubuntu/CS_ws/install/utilities/share/utilities/environment/path.sh
[13.810s] -- Up-to-date symlink: /home/ubuntu/CS_ws/install/utilities/share/utilities/environment/path.dsv
[13.827s] -- Up-to-date symlink: /home/ubuntu/CS_ws/install/utilities/share/utilities/local_setup.bash
[13.827s] -- Up-to-date symlink: /home/ubuntu/CS_ws/install/utilities/share/utilities/local_setup.sh
[13.827s] -- Up-to-date symlink: /home/ubuntu/CS_ws/install/utilities/share/utilities/local_setup.zsh
[13.828s] -- Up-to-date symlink: /home/ubuntu/CS_ws/install/utilities/share/utilities/local_setup.dsv
[13.828s] -- Symlinking: /home/ubuntu/CS_ws/install/utilities/share/utilities/package.dsv
[13.951s] -- Up-to-date symlink: /home/ubuntu/CS_ws/install/utilities/share/ament_index/resource_index/packages/utilities
[13.951s] -- Up-to-date symlink: /home/ubuntu/CS_ws/install/utilities/share/utilities/cmake/rosidl_cmake-extras.cmake
[13.952s] -- Up-to-date symlink: /home/ubuntu/CS_ws/install/utilities/share/utilities/cmake/ament_cmake_export_include_directories-extras.cmake
[13.953s] -- Up-to-date symlink: /home/ubuntu/CS_ws/install/utilities/share/utilities/cmake/ament_cmake_export_libraries-extras.cmake
[13.953s] -- Up-to-date symlink: /home/ubuntu/CS_ws/install/utilities/share/utilities/cmake/ament_cmake_export_targets-extras.cmake
[13.954s] -- Up-to-date symlink: /home/ubuntu/CS_ws/install/utilities/share/utilities/cmake/rosidl_cmake_export_typesupport_targets-extras.cmake
[13.955s] -- Up-to-date symlink: /home/ubuntu/CS_ws/install/utilities/share/utilities/cmake/ament_cmake_export_dependencies-extras.cmake
[13.955s] -- Up-to-date symlink: /home/ubuntu/CS_ws/install/utilities/share/utilities/cmake/rosidl_cmake_export_typesupport_libraries-extras.cmake
[13.957s] -- Up-to-date symlink: /home/ubuntu/CS_ws/install/utilities/share/utilities/cmake/utilitiesConfig.cmake
[13.959s] -- Up-to-date symlink: /home/ubuntu/CS_ws/install/utilities/share/utilities/cmake/utilitiesConfig-version.cmake
[13.959s] -- Up-to-date symlink: /home/ubuntu/CS_ws/install/utilities/share/utilities/package.xml
[13.962s] -- Up-to-date: /home/ubuntu/CS_ws/install/utilities/lib/libutilities__rosidl_generator_c.so
[13.966s] -- Up-to-date: /home/ubuntu/CS_ws/install/utilities/lib/libutilities__rosidl_typesupport_fastrtps_c.so
[13.968s] -- Up-to-date: /home/ubuntu/CS_ws/install/utilities/lib/libutilities__rosidl_typesupport_introspection_c.so
[13.969s] -- Up-to-date: /home/ubuntu/CS_ws/install/utilities/lib/libutilities__rosidl_typesupport_c.so
[13.971s] -- Up-to-date: /home/ubuntu/CS_ws/install/utilities/lib/libutilities__rosidl_typesupport_fastrtps_cpp.so
[13.972s] -- Up-to-date: /home/ubuntu/CS_ws/install/utilities/lib/libutilities__rosidl_typesupport_introspection_cpp.so
[13.974s] -- Up-to-date: /home/ubuntu/CS_ws/install/utilities/lib/libutilities__rosidl_typesupport_cpp.so
[14.189s] Listing '/home/ubuntu/CS_ws/install/utilities/local/lib/python3.10/dist-packages/utilities'...
[14.189s] Listing '/home/ubuntu/CS_ws/install/utilities/local/lib/python3.10/dist-packages/utilities/srv'...
[14.215s] -- Up-to-date: /home/ubuntu/CS_ws/install/utilities/lib/libutilities__rosidl_generator_py.so
[14.217s] -- Up-to-date: /home/ubuntu/CS_ws/install/utilities/share/utilities/cmake/export_utilities__rosidl_generator_cExport.cmake
[14.217s] -- Up-to-date: /home/ubuntu/CS_ws/install/utilities/share/utilities/cmake/export_utilities__rosidl_generator_cExport-noconfig.cmake
[14.217s] -- Up-to-date: /home/ubuntu/CS_ws/install/utilities/share/utilities/cmake/export_utilities__rosidl_typesupport_fastrtps_cExport.cmake
[14.218s] -- Up-to-date: /home/ubuntu/CS_ws/install/utilities/share/utilities/cmake/export_utilities__rosidl_typesupport_fastrtps_cExport-noconfig.cmake
[14.218s] -- Up-to-date: /home/ubuntu/CS_ws/install/utilities/share/utilities/cmake/utilities__rosidl_typesupport_introspection_cExport.cmake
[14.218s] -- Up-to-date: /home/ubuntu/CS_ws/install/utilities/share/utilities/cmake/utilities__rosidl_typesupport_introspection_cExport-noconfig.cmake
[14.219s] -- Up-to-date: /home/ubuntu/CS_ws/install/utilities/share/utilities/cmake/utilities__rosidl_typesupport_cExport.cmake
[14.219s] -- Up-to-date: /home/ubuntu/CS_ws/install/utilities/share/utilities/cmake/utilities__rosidl_typesupport_cExport-noconfig.cmake
[14.219s] -- Up-to-date: /home/ubuntu/CS_ws/install/utilities/share/utilities/cmake/export_utilities__rosidl_generator_cppExport.cmake
[14.220s] -- Up-to-date: /home/ubuntu/CS_ws/install/utilities/share/utilities/cmake/export_utilities__rosidl_typesupport_fastrtps_cppExport.cmake
[14.221s] -- Up-to-date: /home/ubuntu/CS_ws/install/utilities/share/utilities/cmake/export_utilities__rosidl_typesupport_fastrtps_cppExport-noconfig.cmake
[14.221s] -- Up-to-date: /home/ubuntu/CS_ws/install/utilities/share/utilities/cmake/utilities__rosidl_typesupport_introspection_cppExport.cmake
[14.222s] -- Up-to-date: /home/ubuntu/CS_ws/install/utilities/share/utilities/cmake/utilities__rosidl_typesupport_introspection_cppExport-noconfig.cmake
[14.222s] -- Up-to-date: /home/ubuntu/CS_ws/install/utilities/share/utilities/cmake/utilities__rosidl_typesupport_cppExport.cmake
[14.222s] -- Up-to-date: /home/ubuntu/CS_ws/install/utilities/share/utilities/cmake/utilities__rosidl_typesupport_cppExport-noconfig.cmake
[14.223s] -- Up-to-date: /home/ubuntu/CS_ws/install/utilities/share/utilities/cmake/export_utilities__rosidl_generator_pyExport.cmake
[14.245s] -- Up-to-date: /home/ubuntu/CS_ws/install/utilities/share/utilities/cmake/export_utilities__rosidl_generator_pyExport-noconfig.cmake
[14.246s] Invoked command in '/home/ubuntu/CS_ws/build/utilities' returned '0': CMAKE_PREFIX_PATH=${CMAKE_PREFIX_PATH}:/home/ubuntu/CS_ws/install/task_manager:/home/ubuntu/CS_ws/install/navigation:/home/ubuntu/CS_ws/install/command_input:/opt/ros/humble /usr/bin/cmake --install /home/ubuntu/CS_ws/build/utilities
