[0.721s] Invoking command in '/home/ubuntu/CS_ws/build/turtlebot3_manipulation_hardware': CMAKE_PREFIX_PATH=${CMAKE_PREFIX_PATH}:/home/ubuntu/CS_ws/install/task_manager:/home/ubuntu/CS_ws/install/navigation:/home/ubuntu/CS_ws/install/command_input:/opt/ros/humble /usr/bin/cmake --build /home/ubuntu/CS_ws/build/turtlebot3_manipulation_hardware -- -j8 -l8
[6.394s] [100%] Built target turtlebot3_manipulation_hardware
[6.671s] Invoked command in '/home/ubuntu/CS_ws/build/turtlebot3_manipulation_hardware' returned '0': CMAKE_PREFIX_PATH=${CMAKE_PREFIX_PATH}:/home/ubuntu/CS_ws/install/task_manager:/home/ubuntu/CS_ws/install/navigation:/home/ubuntu/CS_ws/install/command_input:/opt/ros/humble /usr/bin/cmake --build /home/ubuntu/CS_ws/build/turtlebot3_manipulation_hardware -- -j8 -l8
[6.678s] Invoking command in '/home/ubuntu/CS_ws/build/turtlebot3_manipulation_hardware': CMAKE_PREFIX_PATH=${CMAKE_PREFIX_PATH}:/home/ubuntu/CS_ws/install/task_manager:/home/ubuntu/CS_ws/install/navigation:/home/ubuntu/CS_ws/install/command_input:/opt/ros/humble /usr/bin/cmake --install /home/ubuntu/CS_ws/build/turtlebot3_manipulation_hardware
[6.881s] -- Install configuration: ""
[6.882s] -- Execute custom install script
[6.883s] -- Up-to-date symlink: /home/ubuntu/CS_ws/install/turtlebot3_manipulation_hardware/share/turtlebot3_manipulation_hardware//turtlebot3_manipulation_hardware.xml
[6.884s] -- Up-to-date symlink: /home/ubuntu/CS_ws/install/turtlebot3_manipulation_hardware/include/turtlebot3_manipulation_hardware/dynamixel_sdk_wrapper.hpp
[6.885s] -- Up-to-date symlink: /home/ubuntu/CS_ws/install/turtlebot3_manipulation_hardware/include/turtlebot3_manipulation_hardware/opencr.hpp
[6.885s] -- Up-to-date symlink: /home/ubuntu/CS_ws/install/turtlebot3_manipulation_hardware/include/turtlebot3_manipulation_hardware/opencr_control_table.hpp
[6.886s] -- Up-to-date symlink: /home/ubuntu/CS_ws/install/turtlebot3_manipulation_hardware/include/turtlebot3_manipulation_hardware/opencr_definitions.hpp
[6.886s] -- Up-to-date symlink: /home/ubuntu/CS_ws/install/turtlebot3_manipulation_hardware/include/turtlebot3_manipulation_hardware/turtlebot3_manipulation_system.hpp
[6.887s] -- Up-to-date symlink: /home/ubuntu/CS_ws/install/turtlebot3_manipulation_hardware/include/turtlebot3_manipulation_hardware/visibility_control.h
[6.887s] -- Up-to-date symlink: /home/ubuntu/CS_ws/install/turtlebot3_manipulation_hardware/lib/libturtlebot3_manipulation_hardware.so
[6.887s] -- Up-to-date symlink: /home/ubuntu/CS_ws/install/turtlebot3_manipulation_hardware/share/turtlebot3_manipulation_hardware/environment/library_path.sh
[6.888s] -- Up-to-date symlink: /home/ubuntu/CS_ws/install/turtlebot3_manipulation_hardware/share/turtlebot3_manipulation_hardware/environment/library_path.dsv
[6.888s] -- Up-to-date symlink: /home/ubuntu/CS_ws/install/turtlebot3_manipulation_hardware/share/ament_index/resource_index/package_run_dependencies/turtlebot3_manipulation_hardware
[6.888s] -- Up-to-date symlink: /home/ubuntu/CS_ws/install/turtlebot3_manipulation_hardware/share/ament_index/resource_index/parent_prefix_path/turtlebot3_manipulation_hardware
[6.889s] -- Up-to-date symlink: /home/ubuntu/CS_ws/install/turtlebot3_manipulation_hardware/share/turtlebot3_manipulation_hardware/environment/ament_prefix_path.sh
[6.890s] -- Up-to-date symlink: /home/ubuntu/CS_ws/install/turtlebot3_manipulation_hardware/share/turtlebot3_manipulation_hardware/environment/ament_prefix_path.dsv
[6.890s] -- Up-to-date symlink: /home/ubuntu/CS_ws/install/turtlebot3_manipulation_hardware/share/turtlebot3_manipulation_hardware/environment/path.sh
[6.890s] -- Up-to-date symlink: /home/ubuntu/CS_ws/install/turtlebot3_manipulation_hardware/share/turtlebot3_manipulation_hardware/environment/path.dsv
[6.891s] -- Up-to-date symlink: /home/ubuntu/CS_ws/install/turtlebot3_manipulation_hardware/share/turtlebot3_manipulation_hardware/local_setup.bash
[6.892s] -- Up-to-date symlink: /home/ubuntu/CS_ws/install/turtlebot3_manipulation_hardware/share/turtlebot3_manipulation_hardware/local_setup.sh
[6.892s] -- Up-to-date symlink: /home/ubuntu/CS_ws/install/turtlebot3_manipulation_hardware/share/turtlebot3_manipulation_hardware/local_setup.zsh
[6.893s] -- Up-to-date symlink: /home/ubuntu/CS_ws/install/turtlebot3_manipulation_hardware/share/turtlebot3_manipulation_hardware/local_setup.dsv
[6.893s] -- Symlinking: /home/ubuntu/CS_ws/install/turtlebot3_manipulation_hardware/share/turtlebot3_manipulation_hardware/package.dsv
[6.894s] -- Up-to-date symlink: /home/ubuntu/CS_ws/install/turtlebot3_manipulation_hardware/share/ament_index/resource_index/packages/turtlebot3_manipulation_hardware
[6.894s] -- Up-to-date symlink: /home/ubuntu/CS_ws/install/turtlebot3_manipulation_hardware/share/ament_index/resource_index/hardware_interface__pluginlib__plugin/turtlebot3_manipulation_hardware
[6.896s] -- Up-to-date symlink: /home/ubuntu/CS_ws/install/turtlebot3_manipulation_hardware/share/turtlebot3_manipulation_hardware/cmake/ament_cmake_export_include_directories-extras.cmake
[6.906s] -- Up-to-date symlink: /home/ubuntu/CS_ws/install/turtlebot3_manipulation_hardware/share/turtlebot3_manipulation_hardware/cmake/ament_cmake_export_libraries-extras.cmake
[6.907s] -- Up-to-date symlink: /home/ubuntu/CS_ws/install/turtlebot3_manipulation_hardware/share/turtlebot3_manipulation_hardware/cmake/ament_cmake_export_dependencies-extras.cmake
[6.919s] -- Up-to-date symlink: /home/ubuntu/CS_ws/install/turtlebot3_manipulation_hardware/share/turtlebot3_manipulation_hardware/cmake/turtlebot3_manipulation_hardwareConfig.cmake
[6.919s] -- Up-to-date symlink: /home/ubuntu/CS_ws/install/turtlebot3_manipulation_hardware/share/turtlebot3_manipulation_hardware/cmake/turtlebot3_manipulation_hardwareConfig-version.cmake
[6.920s] -- Up-to-date symlink: /home/ubuntu/CS_ws/install/turtlebot3_manipulation_hardware/share/turtlebot3_manipulation_hardware/package.xml
[7.073s] Invoked command in '/home/ubuntu/CS_ws/build/turtlebot3_manipulation_hardware' returned '0': CMAKE_PREFIX_PATH=${CMAKE_PREFIX_PATH}:/home/ubuntu/CS_ws/install/task_manager:/home/ubuntu/CS_ws/install/navigation:/home/ubuntu/CS_ws/install/command_input:/opt/ros/humble /usr/bin/cmake --install /home/ubuntu/CS_ws/build/turtlebot3_manipulation_hardware
