[0.087s] Invoking command in '/home/ubuntu/CS_ws/build/turtlebot3_manipulation': CMAKE_PREFIX_PATH=/home/ubuntu/CS_ws/install/turtlebot3_manipulation_teleop:/home/ubuntu/CS_ws/install/turtlebot3_manipulation_moveit_config:/home/ubuntu/CS_ws/install/turtlebot3_manipulation_bringup:/home/ubuntu/CS_ws/install/turtlebot3_manipulation_navigation2:/home/ubuntu/CS_ws/install/turtlebot3_manipulation_hardware:/home/ubuntu/CS_ws/install/turtlebot3_manipulation_description:/home/ubuntu/CS_ws/install/turtlebot3_manipulation_cartographer:/home/ubuntu/CS_ws/install/turtlebot3_manipulation:/home/ubuntu/CS_ws/install/task_manager:/opt/ros/humble /usr/bin/cmake --build /home/ubuntu/CS_ws/build/turtlebot3_manipulation -- -j8 -l8
[0.245s] Invoked command in '/home/ubuntu/CS_ws/build/turtlebot3_manipulation' returned '0': CMAKE_PREFIX_PATH=/home/ubuntu/CS_ws/install/turtlebot3_manipulation_teleop:/home/ubuntu/CS_ws/install/turtlebot3_manipulation_moveit_config:/home/ubuntu/CS_ws/install/turtlebot3_manipulation_bringup:/home/ubuntu/CS_ws/install/turtlebot3_manipulation_navigation2:/home/ubuntu/CS_ws/install/turtlebot3_manipulation_hardware:/home/ubuntu/CS_ws/install/turtlebot3_manipulation_description:/home/ubuntu/CS_ws/install/turtlebot3_manipulation_cartographer:/home/ubuntu/CS_ws/install/turtlebot3_manipulation:/home/ubuntu/CS_ws/install/task_manager:/opt/ros/humble /usr/bin/cmake --build /home/ubuntu/CS_ws/build/turtlebot3_manipulation -- -j8 -l8
[0.267s] Invoking command in '/home/ubuntu/CS_ws/build/turtlebot3_manipulation': CMAKE_PREFIX_PATH=/home/ubuntu/CS_ws/install/turtlebot3_manipulation_teleop:/home/ubuntu/CS_ws/install/turtlebot3_manipulation_moveit_config:/home/ubuntu/CS_ws/install/turtlebot3_manipulation_bringup:/home/ubuntu/CS_ws/install/turtlebot3_manipulation_navigation2:/home/ubuntu/CS_ws/install/turtlebot3_manipulation_hardware:/home/ubuntu/CS_ws/install/turtlebot3_manipulation_description:/home/ubuntu/CS_ws/install/turtlebot3_manipulation_cartographer:/home/ubuntu/CS_ws/install/turtlebot3_manipulation:/home/ubuntu/CS_ws/install/task_manager:/opt/ros/humble /usr/bin/cmake --install /home/ubuntu/CS_ws/build/turtlebot3_manipulation
[0.288s] -- Install configuration: ""
[0.290s] -- Execute custom install script
[0.292s] -- Up-to-date symlink: /home/ubuntu/CS_ws/install/turtlebot3_manipulation/share/ament_index/resource_index/package_run_dependencies/turtlebot3_manipulation
[0.292s] -- Up-to-date symlink: /home/ubuntu/CS_ws/install/turtlebot3_manipulation/share/ament_index/resource_index/parent_prefix_path/turtlebot3_manipulation
[0.300s] -- Up-to-date symlink: /home/ubuntu/CS_ws/install/turtlebot3_manipulation/share/turtlebot3_manipulation/environment/ament_prefix_path.sh
[0.301s] -- Up-to-date symlink: /home/ubuntu/CS_ws/install/turtlebot3_manipulation/share/turtlebot3_manipulation/environment/ament_prefix_path.dsv
[0.305s] -- Up-to-date symlink: /home/ubuntu/CS_ws/install/turtlebot3_manipulation/share/turtlebot3_manipulation/environment/path.sh
[0.307s] -- Up-to-date symlink: /home/ubuntu/CS_ws/install/turtlebot3_manipulation/share/turtlebot3_manipulation/environment/path.dsv
[0.310s] -- Up-to-date symlink: /home/ubuntu/CS_ws/install/turtlebot3_manipulation/share/turtlebot3_manipulation/local_setup.bash
[0.310s] -- Up-to-date symlink: /home/ubuntu/CS_ws/install/turtlebot3_manipulation/share/turtlebot3_manipulation/local_setup.sh
[0.310s] -- Up-to-date symlink: /home/ubuntu/CS_ws/install/turtlebot3_manipulation/share/turtlebot3_manipulation/local_setup.zsh
[0.311s] -- Up-to-date symlink: /home/ubuntu/CS_ws/install/turtlebot3_manipulation/share/turtlebot3_manipulation/local_setup.dsv
[0.313s] -- Symlinking: /home/ubuntu/CS_ws/install/turtlebot3_manipulation/share/turtlebot3_manipulation/package.dsv
[0.340s] -- Up-to-date symlink: /home/ubuntu/CS_ws/install/turtlebot3_manipulation/share/ament_index/resource_index/packages/turtlebot3_manipulation
[0.341s] -- Up-to-date symlink: /home/ubuntu/CS_ws/install/turtlebot3_manipulation/share/turtlebot3_manipulation/cmake/turtlebot3_manipulationConfig.cmake
[0.342s] -- Up-to-date symlink: /home/ubuntu/CS_ws/install/turtlebot3_manipulation/share/turtlebot3_manipulation/cmake/turtlebot3_manipulationConfig-version.cmake
[0.343s] -- Up-to-date symlink: /home/ubuntu/CS_ws/install/turtlebot3_manipulation/share/turtlebot3_manipulation/package.xml
[0.351s] Invoked command in '/home/ubuntu/CS_ws/build/turtlebot3_manipulation' returned '0': CMAKE_PREFIX_PATH=/home/ubuntu/CS_ws/install/turtlebot3_manipulation_teleop:/home/ubuntu/CS_ws/install/turtlebot3_manipulation_moveit_config:/home/ubuntu/CS_ws/install/turtlebot3_manipulation_bringup:/home/ubuntu/CS_ws/install/turtlebot3_manipulation_navigation2:/home/ubuntu/CS_ws/install/turtlebot3_manipulation_hardware:/home/ubuntu/CS_ws/install/turtlebot3_manipulation_description:/home/ubuntu/CS_ws/install/turtlebot3_manipulation_cartographer:/home/ubuntu/CS_ws/install/turtlebot3_manipulation:/home/ubuntu/CS_ws/install/task_manager:/opt/ros/humble /usr/bin/cmake --install /home/ubuntu/CS_ws/build/turtlebot3_manipulation
