[1.033s] DEBUG:colcon:Command line arguments: ['/usr/bin/colcon', 'build', '--packages-select', 'navigation']
[1.036s] DEBUG:colcon:Parsed command line arguments: Namespace(log_base=None, log_level=None, verb_name='build', build_base='build', install_base='install', merge_install=False, symlink_install=False, test_result_base=None, continue_on_error=False, executor='parallel', parallel_workers=8, event_handlers=None, ignore_user_meta=False, metas=['./colcon.meta'], base_paths=['.'], packages_ignore=None, packages_ignore_regex=None, paths=None, packages_up_to=None, packages_up_to_regex=None, packages_above=None, packages_above_and_dependencies=None, packages_above_depth=None, packages_select_by_dep=None, packages_skip_by_dep=None, packages_skip_up_to=None, packages_select_build_failed=False, packages_skip_build_finished=False, packages_select_test_failures=False, packages_skip_test_passed=False, packages_select=['navigation'], packages_skip=None, packages_select_regex=None, packages_skip_regex=None, packages_start=None, packages_end=None, allow_overriding=[], cmake_args=None, cmake_target=None, cmake_target_skip_unavailable=False, cmake_clean_cache=False, cmake_clean_first=False, cmake_force_configure=False, ament_cmake_args=None, catkin_cmake_args=None, catkin_skip_building_tests=False, verb_parser=<colcon_defaults.argument_parser.defaults.DefaultArgumentsDecorator object at 0x7f513bcf9060>, verb_extension=<colcon_core.verb.build.BuildVerb object at 0x7f513bdf6500>, main=<bound method BuildVerb.main of <colcon_core.verb.build.BuildVerb object at 0x7f513bdf6500>>)
[2.687s] Level 1:colcon.colcon_core.package_discovery:discover_packages(colcon_meta) check parameters
[2.689s] Level 1:colcon.colcon_core.package_discovery:discover_packages(recursive) check parameters
[2.690s] Level 1:colcon.colcon_core.package_discovery:discover_packages(ignore) check parameters
[2.690s] Level 1:colcon.colcon_core.package_discovery:discover_packages(path) check parameters
[2.690s] Level 1:colcon.colcon_core.package_discovery:discover_packages(colcon_meta) discover
[2.691s] Level 1:colcon.colcon_core.package_discovery:discover_packages(recursive) discover
[2.692s] INFO:colcon.colcon_core.package_discovery:Crawling recursively for packages in '/home/ubuntu/CS_ws'
[2.692s] Level 1:colcon.colcon_core.package_identification:_identify(.) by extensions ['ignore', 'ignore_ament_install']
[2.693s] Level 1:colcon.colcon_core.package_identification:_identify(.) by extension 'ignore'
[2.694s] Level 1:colcon.colcon_core.package_identification:_identify(.) by extension 'ignore_ament_install'
[2.694s] Level 1:colcon.colcon_core.package_identification:_identify(.) by extensions ['colcon_pkg']
[2.695s] Level 1:colcon.colcon_core.package_identification:_identify(.) by extension 'colcon_pkg'
[2.695s] Level 1:colcon.colcon_core.package_identification:_identify(.) by extensions ['colcon_meta']
[2.696s] Level 1:colcon.colcon_core.package_identification:_identify(.) by extension 'colcon_meta'
[2.697s] Level 1:colcon.colcon_core.package_identification:_identify(.) by extensions ['ros']
[2.697s] Level 1:colcon.colcon_core.package_identification:_identify(.) by extension 'ros'
[2.781s] Level 1:colcon.colcon_core.package_identification:_identify(.) by extensions ['cmake', 'python']
[2.782s] Level 1:colcon.colcon_core.package_identification:_identify(.) by extension 'cmake'
[2.782s] Level 1:colcon.colcon_core.package_identification:_identify(.) by extension 'python'
[2.782s] Level 1:colcon.colcon_core.package_identification:_identify(.) by extensions ['python_setup_py']
[2.784s] Level 1:colcon.colcon_core.package_identification:_identify(.) by extension 'python_setup_py'
[2.785s] Level 1:colcon.colcon_core.package_identification:_identify(build) by extensions ['ignore', 'ignore_ament_install']
[2.786s] Level 1:colcon.colcon_core.package_identification:_identify(build) by extension 'ignore'
[2.786s] Level 1:colcon.colcon_core.package_identification:_identify(build) ignored
[2.787s] Level 1:colcon.colcon_core.package_identification:_identify(install) by extensions ['ignore', 'ignore_ament_install']
[2.789s] Level 1:colcon.colcon_core.package_identification:_identify(install) by extension 'ignore'
[2.789s] Level 1:colcon.colcon_core.package_identification:_identify(install) ignored
[2.790s] Level 1:colcon.colcon_core.package_identification:_identify(log) by extensions ['ignore', 'ignore_ament_install']
[2.791s] Level 1:colcon.colcon_core.package_identification:_identify(log) by extension 'ignore'
[2.791s] Level 1:colcon.colcon_core.package_identification:_identify(log) ignored
[2.791s] Level 1:colcon.colcon_core.package_identification:_identify(src) by extensions ['ignore', 'ignore_ament_install']
[2.792s] Level 1:colcon.colcon_core.package_identification:_identify(src) by extension 'ignore'
[2.792s] Level 1:colcon.colcon_core.package_identification:_identify(src) by extension 'ignore_ament_install'
[2.792s] Level 1:colcon.colcon_core.package_identification:_identify(src) by extensions ['colcon_pkg']
[2.792s] Level 1:colcon.colcon_core.package_identification:_identify(src) by extension 'colcon_pkg'
[2.793s] Level 1:colcon.colcon_core.package_identification:_identify(src) by extensions ['colcon_meta']
[2.793s] Level 1:colcon.colcon_core.package_identification:_identify(src) by extension 'colcon_meta'
[2.793s] Level 1:colcon.colcon_core.package_identification:_identify(src) by extensions ['ros']
[2.793s] Level 1:colcon.colcon_core.package_identification:_identify(src) by extension 'ros'
[2.793s] Level 1:colcon.colcon_core.package_identification:_identify(src) by extensions ['cmake', 'python']
[2.794s] Level 1:colcon.colcon_core.package_identification:_identify(src) by extension 'cmake'
[2.794s] Level 1:colcon.colcon_core.package_identification:_identify(src) by extension 'python'
[2.794s] Level 1:colcon.colcon_core.package_identification:_identify(src) by extensions ['python_setup_py']
[2.794s] Level 1:colcon.colcon_core.package_identification:_identify(src) by extension 'python_setup_py'
[2.795s] Level 1:colcon.colcon_core.package_identification:_identify(src/command_input) by extensions ['ignore', 'ignore_ament_install']
[2.796s] Level 1:colcon.colcon_core.package_identification:_identify(src/command_input) by extension 'ignore'
[2.796s] Level 1:colcon.colcon_core.package_identification:_identify(src/command_input) by extension 'ignore_ament_install'
[2.796s] Level 1:colcon.colcon_core.package_identification:_identify(src/command_input) by extensions ['colcon_pkg']
[2.796s] Level 1:colcon.colcon_core.package_identification:_identify(src/command_input) by extension 'colcon_pkg'
[2.796s] Level 1:colcon.colcon_core.package_identification:_identify(src/command_input) by extensions ['colcon_meta']
[2.797s] Level 1:colcon.colcon_core.package_identification:_identify(src/command_input) by extension 'colcon_meta'
[2.797s] Level 1:colcon.colcon_core.package_identification:_identify(src/command_input) by extensions ['ros']
[2.797s] Level 1:colcon.colcon_core.package_identification:_identify(src/command_input) by extension 'ros'
[2.815s] DEBUG:colcon.colcon_core.package_identification:Package 'src/command_input' with type 'ros.ament_python' and name 'command_input'
[2.818s] Level 1:colcon.colcon_core.package_identification:_identify(src/navigation) by extensions ['ignore', 'ignore_ament_install']
[2.819s] Level 1:colcon.colcon_core.package_identification:_identify(src/navigation) by extension 'ignore'
[2.820s] Level 1:colcon.colcon_core.package_identification:_identify(src/navigation) by extension 'ignore_ament_install'
[2.822s] Level 1:colcon.colcon_core.package_identification:_identify(src/navigation) by extensions ['colcon_pkg']
[2.823s] Level 1:colcon.colcon_core.package_identification:_identify(src/navigation) by extension 'colcon_pkg'
[2.824s] Level 1:colcon.colcon_core.package_identification:_identify(src/navigation) by extensions ['colcon_meta']
[2.825s] Level 1:colcon.colcon_core.package_identification:_identify(src/navigation) by extension 'colcon_meta'
[2.826s] Level 1:colcon.colcon_core.package_identification:_identify(src/navigation) by extensions ['ros']
[2.826s] Level 1:colcon.colcon_core.package_identification:_identify(src/navigation) by extension 'ros'
[2.842s] DEBUG:colcon.colcon_core.package_identification:Package 'src/navigation' with type 'ros.ament_python' and name 'navigation'
[2.846s] Level 1:colcon.colcon_core.package_identification:_identify(src/task_manager) by extensions ['ignore', 'ignore_ament_install']
[2.847s] Level 1:colcon.colcon_core.package_identification:_identify(src/task_manager) by extension 'ignore'
[2.847s] Level 1:colcon.colcon_core.package_identification:_identify(src/task_manager) by extension 'ignore_ament_install'
[2.847s] Level 1:colcon.colcon_core.package_identification:_identify(src/task_manager) by extensions ['colcon_pkg']
[2.848s] Level 1:colcon.colcon_core.package_identification:_identify(src/task_manager) by extension 'colcon_pkg'
[2.848s] Level 1:colcon.colcon_core.package_identification:_identify(src/task_manager) by extensions ['colcon_meta']
[2.848s] Level 1:colcon.colcon_core.package_identification:_identify(src/task_manager) by extension 'colcon_meta'
[2.848s] Level 1:colcon.colcon_core.package_identification:_identify(src/task_manager) by extensions ['ros']
[2.848s] Level 1:colcon.colcon_core.package_identification:_identify(src/task_manager) by extension 'ros'
[2.852s] DEBUG:colcon.colcon_core.package_identification:Package 'src/task_manager' with type 'ros.ament_python' and name 'task_manager'
[2.853s] Level 1:colcon.colcon_core.package_identification:_identify(src/testserver) by extensions ['ignore', 'ignore_ament_install']
[2.853s] Level 1:colcon.colcon_core.package_identification:_identify(src/testserver) by extension 'ignore'
[2.854s] Level 1:colcon.colcon_core.package_identification:_identify(src/testserver) by extension 'ignore_ament_install'
[2.854s] Level 1:colcon.colcon_core.package_identification:_identify(src/testserver) by extensions ['colcon_pkg']
[2.854s] Level 1:colcon.colcon_core.package_identification:_identify(src/testserver) by extension 'colcon_pkg'
[2.855s] Level 1:colcon.colcon_core.package_identification:_identify(src/testserver) by extensions ['colcon_meta']
[2.855s] Level 1:colcon.colcon_core.package_identification:_identify(src/testserver) by extension 'colcon_meta'
[2.855s] Level 1:colcon.colcon_core.package_identification:_identify(src/testserver) by extensions ['ros']
[2.855s] Level 1:colcon.colcon_core.package_identification:_identify(src/testserver) by extension 'ros'
[2.857s] DEBUG:colcon.colcon_core.package_identification:Package 'src/testserver' with type 'ros.ament_python' and name 'testserver'
[2.858s] Level 1:colcon.colcon_core.package_identification:_identify(src/turtlebot3_manipulation) by extensions ['ignore', 'ignore_ament_install']
[2.859s] Level 1:colcon.colcon_core.package_identification:_identify(src/turtlebot3_manipulation) by extension 'ignore'
[2.859s] Level 1:colcon.colcon_core.package_identification:_identify(src/turtlebot3_manipulation) by extension 'ignore_ament_install'
[2.859s] Level 1:colcon.colcon_core.package_identification:_identify(src/turtlebot3_manipulation) by extensions ['colcon_pkg']
[2.860s] Level 1:colcon.colcon_core.package_identification:_identify(src/turtlebot3_manipulation) by extension 'colcon_pkg'
[2.860s] Level 1:colcon.colcon_core.package_identification:_identify(src/turtlebot3_manipulation) by extensions ['colcon_meta']
[2.860s] Level 1:colcon.colcon_core.package_identification:_identify(src/turtlebot3_manipulation) by extension 'colcon_meta'
[2.860s] Level 1:colcon.colcon_core.package_identification:_identify(src/turtlebot3_manipulation) by extensions ['ros']
[2.861s] Level 1:colcon.colcon_core.package_identification:_identify(src/turtlebot3_manipulation) by extension 'ros'
[2.861s] Level 1:colcon.colcon_core.package_identification:_identify(src/turtlebot3_manipulation) by extensions ['cmake', 'python']
[2.861s] Level 1:colcon.colcon_core.package_identification:_identify(src/turtlebot3_manipulation) by extension 'cmake'
[2.862s] Level 1:colcon.colcon_core.package_identification:_identify(src/turtlebot3_manipulation) by extension 'python'
[2.862s] Level 1:colcon.colcon_core.package_identification:_identify(src/turtlebot3_manipulation) by extensions ['python_setup_py']
[2.862s] Level 1:colcon.colcon_core.package_identification:_identify(src/turtlebot3_manipulation) by extension 'python_setup_py'
[2.863s] Level 1:colcon.colcon_core.package_identification:_identify(src/turtlebot3_manipulation/turtlebot3_manipulation) by extensions ['ignore', 'ignore_ament_install']
[2.864s] Level 1:colcon.colcon_core.package_identification:_identify(src/turtlebot3_manipulation/turtlebot3_manipulation) by extension 'ignore'
[2.864s] Level 1:colcon.colcon_core.package_identification:_identify(src/turtlebot3_manipulation/turtlebot3_manipulation) by extension 'ignore_ament_install'
[2.864s] Level 1:colcon.colcon_core.package_identification:_identify(src/turtlebot3_manipulation/turtlebot3_manipulation) by extensions ['colcon_pkg']
[2.864s] Level 1:colcon.colcon_core.package_identification:_identify(src/turtlebot3_manipulation/turtlebot3_manipulation) by extension 'colcon_pkg'
[2.865s] Level 1:colcon.colcon_core.package_identification:_identify(src/turtlebot3_manipulation/turtlebot3_manipulation) by extensions ['colcon_meta']
[2.865s] Level 1:colcon.colcon_core.package_identification:_identify(src/turtlebot3_manipulation/turtlebot3_manipulation) by extension 'colcon_meta'
[2.865s] Level 1:colcon.colcon_core.package_identification:_identify(src/turtlebot3_manipulation/turtlebot3_manipulation) by extensions ['ros']
[2.865s] Level 1:colcon.colcon_core.package_identification:_identify(src/turtlebot3_manipulation/turtlebot3_manipulation) by extension 'ros'
[2.869s] DEBUG:colcon.colcon_core.package_identification:Package 'src/turtlebot3_manipulation/turtlebot3_manipulation' with type 'ros.ament_cmake' and name 'turtlebot3_manipulation'
[2.871s] Level 1:colcon.colcon_core.package_identification:_identify(src/turtlebot3_manipulation/turtlebot3_manipulation_bringup) by extensions ['ignore', 'ignore_ament_install']
[2.871s] Level 1:colcon.colcon_core.package_identification:_identify(src/turtlebot3_manipulation/turtlebot3_manipulation_bringup) by extension 'ignore'
[2.871s] Level 1:colcon.colcon_core.package_identification:_identify(src/turtlebot3_manipulation/turtlebot3_manipulation_bringup) by extension 'ignore_ament_install'
[2.872s] Level 1:colcon.colcon_core.package_identification:_identify(src/turtlebot3_manipulation/turtlebot3_manipulation_bringup) by extensions ['colcon_pkg']
[2.872s] Level 1:colcon.colcon_core.package_identification:_identify(src/turtlebot3_manipulation/turtlebot3_manipulation_bringup) by extension 'colcon_pkg'
[2.872s] Level 1:colcon.colcon_core.package_identification:_identify(src/turtlebot3_manipulation/turtlebot3_manipulation_bringup) by extensions ['colcon_meta']
[2.872s] Level 1:colcon.colcon_core.package_identification:_identify(src/turtlebot3_manipulation/turtlebot3_manipulation_bringup) by extension 'colcon_meta'
[2.872s] Level 1:colcon.colcon_core.package_identification:_identify(src/turtlebot3_manipulation/turtlebot3_manipulation_bringup) by extensions ['ros']
[2.872s] Level 1:colcon.colcon_core.package_identification:_identify(src/turtlebot3_manipulation/turtlebot3_manipulation_bringup) by extension 'ros'
[2.876s] DEBUG:colcon.colcon_core.package_identification:Package 'src/turtlebot3_manipulation/turtlebot3_manipulation_bringup' with type 'ros.ament_cmake' and name 'turtlebot3_manipulation_bringup'
[2.878s] Level 1:colcon.colcon_core.package_identification:_identify(src/turtlebot3_manipulation/turtlebot3_manipulation_cartographer) by extensions ['ignore', 'ignore_ament_install']
[2.878s] Level 1:colcon.colcon_core.package_identification:_identify(src/turtlebot3_manipulation/turtlebot3_manipulation_cartographer) by extension 'ignore'
[2.878s] Level 1:colcon.colcon_core.package_identification:_identify(src/turtlebot3_manipulation/turtlebot3_manipulation_cartographer) by extension 'ignore_ament_install'
[2.879s] Level 1:colcon.colcon_core.package_identification:_identify(src/turtlebot3_manipulation/turtlebot3_manipulation_cartographer) by extensions ['colcon_pkg']
[2.879s] Level 1:colcon.colcon_core.package_identification:_identify(src/turtlebot3_manipulation/turtlebot3_manipulation_cartographer) by extension 'colcon_pkg'
[2.879s] Level 1:colcon.colcon_core.package_identification:_identify(src/turtlebot3_manipulation/turtlebot3_manipulation_cartographer) by extensions ['colcon_meta']
[2.879s] Level 1:colcon.colcon_core.package_identification:_identify(src/turtlebot3_manipulation/turtlebot3_manipulation_cartographer) by extension 'colcon_meta'
[2.879s] Level 1:colcon.colcon_core.package_identification:_identify(src/turtlebot3_manipulation/turtlebot3_manipulation_cartographer) by extensions ['ros']
[2.879s] Level 1:colcon.colcon_core.package_identification:_identify(src/turtlebot3_manipulation/turtlebot3_manipulation_cartographer) by extension 'ros'
[2.883s] DEBUG:colcon.colcon_core.package_identification:Package 'src/turtlebot3_manipulation/turtlebot3_manipulation_cartographer' with type 'ros.ament_cmake' and name 'turtlebot3_manipulation_cartographer'
[2.885s] Level 1:colcon.colcon_core.package_identification:_identify(src/turtlebot3_manipulation/turtlebot3_manipulation_description) by extensions ['ignore', 'ignore_ament_install']
[2.886s] Level 1:colcon.colcon_core.package_identification:_identify(src/turtlebot3_manipulation/turtlebot3_manipulation_description) by extension 'ignore'
[2.886s] Level 1:colcon.colcon_core.package_identification:_identify(src/turtlebot3_manipulation/turtlebot3_manipulation_description) by extension 'ignore_ament_install'
[2.886s] Level 1:colcon.colcon_core.package_identification:_identify(src/turtlebot3_manipulation/turtlebot3_manipulation_description) by extensions ['colcon_pkg']
[2.886s] Level 1:colcon.colcon_core.package_identification:_identify(src/turtlebot3_manipulation/turtlebot3_manipulation_description) by extension 'colcon_pkg'
[2.886s] Level 1:colcon.colcon_core.package_identification:_identify(src/turtlebot3_manipulation/turtlebot3_manipulation_description) by extensions ['colcon_meta']
[2.887s] Level 1:colcon.colcon_core.package_identification:_identify(src/turtlebot3_manipulation/turtlebot3_manipulation_description) by extension 'colcon_meta'
[2.887s] Level 1:colcon.colcon_core.package_identification:_identify(src/turtlebot3_manipulation/turtlebot3_manipulation_description) by extensions ['ros']
[2.887s] Level 1:colcon.colcon_core.package_identification:_identify(src/turtlebot3_manipulation/turtlebot3_manipulation_description) by extension 'ros'
[2.891s] DEBUG:colcon.colcon_core.package_identification:Package 'src/turtlebot3_manipulation/turtlebot3_manipulation_description' with type 'ros.ament_cmake' and name 'turtlebot3_manipulation_description'
[2.892s] Level 1:colcon.colcon_core.package_identification:_identify(src/turtlebot3_manipulation/turtlebot3_manipulation_hardware) by extensions ['ignore', 'ignore_ament_install']
[2.893s] Level 1:colcon.colcon_core.package_identification:_identify(src/turtlebot3_manipulation/turtlebot3_manipulation_hardware) by extension 'ignore'
[2.893s] Level 1:colcon.colcon_core.package_identification:_identify(src/turtlebot3_manipulation/turtlebot3_manipulation_hardware) by extension 'ignore_ament_install'
[2.893s] Level 1:colcon.colcon_core.package_identification:_identify(src/turtlebot3_manipulation/turtlebot3_manipulation_hardware) by extensions ['colcon_pkg']
[2.894s] Level 1:colcon.colcon_core.package_identification:_identify(src/turtlebot3_manipulation/turtlebot3_manipulation_hardware) by extension 'colcon_pkg'
[2.894s] Level 1:colcon.colcon_core.package_identification:_identify(src/turtlebot3_manipulation/turtlebot3_manipulation_hardware) by extensions ['colcon_meta']
[2.894s] Level 1:colcon.colcon_core.package_identification:_identify(src/turtlebot3_manipulation/turtlebot3_manipulation_hardware) by extension 'colcon_meta'
[2.894s] Level 1:colcon.colcon_core.package_identification:_identify(src/turtlebot3_manipulation/turtlebot3_manipulation_hardware) by extensions ['ros']
[2.895s] Level 1:colcon.colcon_core.package_identification:_identify(src/turtlebot3_manipulation/turtlebot3_manipulation_hardware) by extension 'ros'
[2.900s] DEBUG:colcon.colcon_core.package_identification:Package 'src/turtlebot3_manipulation/turtlebot3_manipulation_hardware' with type 'ros.ament_cmake' and name 'turtlebot3_manipulation_hardware'
[2.902s] Level 1:colcon.colcon_core.package_identification:_identify(src/turtlebot3_manipulation/turtlebot3_manipulation_moveit_config) by extensions ['ignore', 'ignore_ament_install']
[2.902s] Level 1:colcon.colcon_core.package_identification:_identify(src/turtlebot3_manipulation/turtlebot3_manipulation_moveit_config) by extension 'ignore'
[2.902s] Level 1:colcon.colcon_core.package_identification:_identify(src/turtlebot3_manipulation/turtlebot3_manipulation_moveit_config) by extension 'ignore_ament_install'
[2.903s] Level 1:colcon.colcon_core.package_identification:_identify(src/turtlebot3_manipulation/turtlebot3_manipulation_moveit_config) by extensions ['colcon_pkg']
[2.903s] Level 1:colcon.colcon_core.package_identification:_identify(src/turtlebot3_manipulation/turtlebot3_manipulation_moveit_config) by extension 'colcon_pkg'
[2.903s] Level 1:colcon.colcon_core.package_identification:_identify(src/turtlebot3_manipulation/turtlebot3_manipulation_moveit_config) by extensions ['colcon_meta']
[2.903s] Level 1:colcon.colcon_core.package_identification:_identify(src/turtlebot3_manipulation/turtlebot3_manipulation_moveit_config) by extension 'colcon_meta'
[2.903s] Level 1:colcon.colcon_core.package_identification:_identify(src/turtlebot3_manipulation/turtlebot3_manipulation_moveit_config) by extensions ['ros']
[2.903s] Level 1:colcon.colcon_core.package_identification:_identify(src/turtlebot3_manipulation/turtlebot3_manipulation_moveit_config) by extension 'ros'
[2.909s] DEBUG:colcon.colcon_core.package_identification:Package 'src/turtlebot3_manipulation/turtlebot3_manipulation_moveit_config' with type 'ros.ament_cmake' and name 'turtlebot3_manipulation_moveit_config'
[2.910s] Level 1:colcon.colcon_core.package_identification:_identify(src/turtlebot3_manipulation/turtlebot3_manipulation_navigation2) by extensions ['ignore', 'ignore_ament_install']
[2.910s] Level 1:colcon.colcon_core.package_identification:_identify(src/turtlebot3_manipulation/turtlebot3_manipulation_navigation2) by extension 'ignore'
[2.911s] Level 1:colcon.colcon_core.package_identification:_identify(src/turtlebot3_manipulation/turtlebot3_manipulation_navigation2) by extension 'ignore_ament_install'
[2.911s] Level 1:colcon.colcon_core.package_identification:_identify(src/turtlebot3_manipulation/turtlebot3_manipulation_navigation2) by extensions ['colcon_pkg']
[2.912s] Level 1:colcon.colcon_core.package_identification:_identify(src/turtlebot3_manipulation/turtlebot3_manipulation_navigation2) by extension 'colcon_pkg'
[2.912s] Level 1:colcon.colcon_core.package_identification:_identify(src/turtlebot3_manipulation/turtlebot3_manipulation_navigation2) by extensions ['colcon_meta']
[2.912s] Level 1:colcon.colcon_core.package_identification:_identify(src/turtlebot3_manipulation/turtlebot3_manipulation_navigation2) by extension 'colcon_meta'
[2.913s] Level 1:colcon.colcon_core.package_identification:_identify(src/turtlebot3_manipulation/turtlebot3_manipulation_navigation2) by extensions ['ros']
[2.913s] Level 1:colcon.colcon_core.package_identification:_identify(src/turtlebot3_manipulation/turtlebot3_manipulation_navigation2) by extension 'ros'
[2.917s] DEBUG:colcon.colcon_core.package_identification:Package 'src/turtlebot3_manipulation/turtlebot3_manipulation_navigation2' with type 'ros.ament_cmake' and name 'turtlebot3_manipulation_navigation2'
[2.924s] Level 1:colcon.colcon_core.package_identification:_identify(src/turtlebot3_manipulation/turtlebot3_manipulation_teleop) by extensions ['ignore', 'ignore_ament_install']
[2.925s] Level 1:colcon.colcon_core.package_identification:_identify(src/turtlebot3_manipulation/turtlebot3_manipulation_teleop) by extension 'ignore'
[2.926s] Level 1:colcon.colcon_core.package_identification:_identify(src/turtlebot3_manipulation/turtlebot3_manipulation_teleop) by extension 'ignore_ament_install'
[2.926s] Level 1:colcon.colcon_core.package_identification:_identify(src/turtlebot3_manipulation/turtlebot3_manipulation_teleop) by extensions ['colcon_pkg']
[2.927s] Level 1:colcon.colcon_core.package_identification:_identify(src/turtlebot3_manipulation/turtlebot3_manipulation_teleop) by extension 'colcon_pkg'
[2.927s] Level 1:colcon.colcon_core.package_identification:_identify(src/turtlebot3_manipulation/turtlebot3_manipulation_teleop) by extensions ['colcon_meta']
[2.928s] Level 1:colcon.colcon_core.package_identification:_identify(src/turtlebot3_manipulation/turtlebot3_manipulation_teleop) by extension 'colcon_meta'
[2.929s] Level 1:colcon.colcon_core.package_identification:_identify(src/turtlebot3_manipulation/turtlebot3_manipulation_teleop) by extensions ['ros']
[2.929s] Level 1:colcon.colcon_core.package_identification:_identify(src/turtlebot3_manipulation/turtlebot3_manipulation_teleop) by extension 'ros'
[2.935s] DEBUG:colcon.colcon_core.package_identification:Package 'src/turtlebot3_manipulation/turtlebot3_manipulation_teleop' with type 'ros.ament_cmake' and name 'turtlebot3_manipulation_teleop'
[2.937s] Level 1:colcon.colcon_core.package_identification:_identify(src/utilities) by extensions ['ignore', 'ignore_ament_install']
[2.938s] Level 1:colcon.colcon_core.package_identification:_identify(src/utilities) by extension 'ignore'
[2.939s] Level 1:colcon.colcon_core.package_identification:_identify(src/utilities) by extension 'ignore_ament_install'
[2.940s] Level 1:colcon.colcon_core.package_identification:_identify(src/utilities) by extensions ['colcon_pkg']
[2.941s] Level 1:colcon.colcon_core.package_identification:_identify(src/utilities) by extension 'colcon_pkg'
[2.942s] Level 1:colcon.colcon_core.package_identification:_identify(src/utilities) by extensions ['colcon_meta']
[2.942s] Level 1:colcon.colcon_core.package_identification:_identify(src/utilities) by extension 'colcon_meta'
[2.943s] Level 1:colcon.colcon_core.package_identification:_identify(src/utilities) by extensions ['ros']
[2.944s] Level 1:colcon.colcon_core.package_identification:_identify(src/utilities) by extension 'ros'
[2.947s] DEBUG:colcon.colcon_core.package_identification:Package 'src/utilities' with type 'ros.ament_cmake' and name 'utilities'
[2.948s] Level 1:colcon.colcon_core.package_discovery:discover_packages(recursive) using defaults
[2.949s] Level 1:colcon.colcon_core.package_discovery:discover_packages(ignore) discover
[2.950s] Level 1:colcon.colcon_core.package_discovery:discover_packages(ignore) using defaults
[2.952s] Level 1:colcon.colcon_core.package_discovery:discover_packages(path) discover
[2.953s] Level 1:colcon.colcon_core.package_discovery:discover_packages(path) using defaults
[3.153s] INFO:colcon.colcon_core.package_selection:Skipping not selected package 'command_input' in 'src/command_input'
[3.153s] INFO:colcon.colcon_core.package_selection:Skipping not selected package 'task_manager' in 'src/task_manager'
[3.153s] INFO:colcon.colcon_core.package_selection:Skipping not selected package 'testserver' in 'src/testserver'
[3.154s] INFO:colcon.colcon_core.package_selection:Skipping not selected package 'turtlebot3_manipulation_cartographer' in 'src/turtlebot3_manipulation/turtlebot3_manipulation_cartographer'
[3.154s] INFO:colcon.colcon_core.package_selection:Skipping not selected package 'turtlebot3_manipulation_description' in 'src/turtlebot3_manipulation/turtlebot3_manipulation_description'
[3.155s] INFO:colcon.colcon_core.package_selection:Skipping not selected package 'turtlebot3_manipulation_hardware' in 'src/turtlebot3_manipulation/turtlebot3_manipulation_hardware'
[3.155s] INFO:colcon.colcon_core.package_selection:Skipping not selected package 'turtlebot3_manipulation_navigation2' in 'src/turtlebot3_manipulation/turtlebot3_manipulation_navigation2'
[3.156s] INFO:colcon.colcon_core.package_selection:Skipping not selected package 'utilities' in 'src/utilities'
[3.156s] INFO:colcon.colcon_core.package_selection:Skipping not selected package 'turtlebot3_manipulation_bringup' in 'src/turtlebot3_manipulation/turtlebot3_manipulation_bringup'
[3.157s] INFO:colcon.colcon_core.package_selection:Skipping not selected package 'turtlebot3_manipulation_moveit_config' in 'src/turtlebot3_manipulation/turtlebot3_manipulation_moveit_config'
[3.157s] INFO:colcon.colcon_core.package_selection:Skipping not selected package 'turtlebot3_manipulation_teleop' in 'src/turtlebot3_manipulation/turtlebot3_manipulation_teleop'
[3.158s] INFO:colcon.colcon_core.package_selection:Skipping not selected package 'turtlebot3_manipulation' in 'src/turtlebot3_manipulation/turtlebot3_manipulation'
[3.164s] Level 1:colcon.colcon_core.package_discovery:discover_packages(prefix_path) check parameters
[3.164s] Level 1:colcon.colcon_core.package_discovery:discover_packages(prefix_path) discover
[3.193s] DEBUG:colcon.colcon_installed_package_information.package_discovery:Found 13 installed packages in /home/ubuntu/CS_ws/install
[3.207s] DEBUG:colcon.colcon_installed_package_information.package_discovery:Found 446 installed packages in /opt/ros/humble
[3.254s] Level 1:colcon.colcon_core.package_discovery:discover_packages(prefix_path) using defaults
[3.743s] Level 5:colcon.colcon_core.verb:set package 'navigation' build argument 'cmake_args' from command line to 'None'
[3.743s] Level 5:colcon.colcon_core.verb:set package 'navigation' build argument 'cmake_target' from command line to 'None'
[3.743s] Level 5:colcon.colcon_core.verb:set package 'navigation' build argument 'cmake_target_skip_unavailable' from command line to 'False'
[3.743s] Level 5:colcon.colcon_core.verb:set package 'navigation' build argument 'cmake_clean_cache' from command line to 'False'
[3.743s] Level 5:colcon.colcon_core.verb:set package 'navigation' build argument 'cmake_clean_first' from command line to 'False'
[3.744s] Level 5:colcon.colcon_core.verb:set package 'navigation' build argument 'cmake_force_configure' from command line to 'False'
[3.744s] Level 5:colcon.colcon_core.verb:set package 'navigation' build argument 'ament_cmake_args' from command line to 'None'
[3.744s] Level 5:colcon.colcon_core.verb:set package 'navigation' build argument 'catkin_cmake_args' from command line to 'None'
[3.744s] Level 5:colcon.colcon_core.verb:set package 'navigation' build argument 'catkin_skip_building_tests' from command line to 'False'
[3.744s] DEBUG:colcon.colcon_core.verb:Building package 'navigation' with the following arguments: {'ament_cmake_args': None, 'build_base': '/home/ubuntu/CS_ws/build/navigation', 'catkin_cmake_args': None, 'catkin_skip_building_tests': False, 'cmake_args': None, 'cmake_clean_cache': False, 'cmake_clean_first': False, 'cmake_force_configure': False, 'cmake_target': None, 'cmake_target_skip_unavailable': False, 'install_base': '/home/ubuntu/CS_ws/install/navigation', 'merge_install': False, 'path': '/home/ubuntu/CS_ws/src/navigation', 'symlink_install': False, 'test_result_base': None}
[3.745s] INFO:colcon.colcon_core.executor:Executing jobs using 'parallel' executor
[3.751s] DEBUG:colcon.colcon_parallel_executor.executor.parallel:run_until_complete
[3.754s] INFO:colcon.colcon_ros.task.ament_python.build:Building ROS package in '/home/ubuntu/CS_ws/src/navigation' with build type 'ament_python'
[3.755s] Level 1:colcon.colcon_core.shell:create_environment_hook('navigation', 'ament_prefix_path')
[3.767s] INFO:colcon.colcon_core.plugin_system:Skipping extension 'colcon_core.shell.bat': Not used on non-Windows systems
[3.767s] INFO:colcon.colcon_core.shell:Creating environment hook '/home/ubuntu/CS_ws/install/navigation/share/navigation/hook/ament_prefix_path.ps1'
[3.772s] INFO:colcon.colcon_core.shell:Creating environment descriptor '/home/ubuntu/CS_ws/install/navigation/share/navigation/hook/ament_prefix_path.dsv'
[3.774s] INFO:colcon.colcon_core.shell:Creating environment hook '/home/ubuntu/CS_ws/install/navigation/share/navigation/hook/ament_prefix_path.sh'
[3.785s] INFO:colcon.colcon_core.shell:Skip shell extension 'powershell' for command environment: Not usable outside of PowerShell
[3.786s] DEBUG:colcon.colcon_core.shell:Skip shell extension 'dsv' for command environment
[5.493s] INFO:colcon.colcon_core.task.python.build:Building Python package in '/home/ubuntu/CS_ws/src/navigation'
[5.494s] INFO:colcon.colcon_core.shell:Skip shell extension 'powershell' for command environment: Not usable outside of PowerShell
[5.494s] DEBUG:colcon.colcon_core.shell:Skip shell extension 'dsv' for command environment
[8.107s] DEBUG:colcon.colcon_core.event_handler.log_command:Invoking command in '/home/ubuntu/CS_ws/src/navigation': PYTHONPATH=/home/ubuntu/CS_ws/build/navigation/prefix_override:/usr/lib/python3/dist-packages/colcon_core/task/python/colcon_distutils_commands:/home/ubuntu/CS_ws/install/navigation/lib/python3.10/site-packages:${PYTHONPATH} /usr/bin/python3 -W ignore:setup.py install is deprecated -W ignore:easy_install command is deprecated setup.py egg_info --egg-base ../../build/navigation build --build-base /home/ubuntu/CS_ws/build/navigation/build install --record /home/ubuntu/CS_ws/build/navigation/install.log --single-version-externally-managed install_data
[10.303s] DEBUG:colcon.colcon_core.event_handler.log_command:Invoked command in '/home/ubuntu/CS_ws/src/navigation' returned '0': PYTHONPATH=/home/ubuntu/CS_ws/build/navigation/prefix_override:/usr/lib/python3/dist-packages/colcon_core/task/python/colcon_distutils_commands:/home/ubuntu/CS_ws/install/navigation/lib/python3.10/site-packages:${PYTHONPATH} /usr/bin/python3 -W ignore:setup.py install is deprecated -W ignore:easy_install command is deprecated setup.py egg_info --egg-base ../../build/navigation build --build-base /home/ubuntu/CS_ws/build/navigation/build install --record /home/ubuntu/CS_ws/build/navigation/install.log --single-version-externally-managed install_data
[10.324s] Level 1:colcon.colcon_core.environment:checking '/home/ubuntu/CS_ws/install/navigation' for CMake module files
[10.335s] Level 1:colcon.colcon_core.environment:checking '/home/ubuntu/CS_ws/install/navigation' for CMake config files
[10.340s] Level 1:colcon.colcon_core.environment:checking '/home/ubuntu/CS_ws/install/navigation/lib'
[10.341s] Level 1:colcon.colcon_core.environment:checking '/home/ubuntu/CS_ws/install/navigation/bin'
[10.344s] Level 1:colcon.colcon_core.environment:checking '/home/ubuntu/CS_ws/install/navigation/lib/pkgconfig/navigation.pc'
[10.352s] Level 1:colcon.colcon_core.environment:checking '/home/ubuntu/CS_ws/install/navigation/lib/python3.10/site-packages'
[10.354s] Level 1:colcon.colcon_core.shell:create_environment_hook('navigation', 'pythonpath')
[10.359s] INFO:colcon.colcon_core.shell:Creating environment hook '/home/ubuntu/CS_ws/install/navigation/share/navigation/hook/pythonpath.ps1'
[10.369s] INFO:colcon.colcon_core.shell:Creating environment descriptor '/home/ubuntu/CS_ws/install/navigation/share/navigation/hook/pythonpath.dsv'
[10.373s] INFO:colcon.colcon_core.shell:Creating environment hook '/home/ubuntu/CS_ws/install/navigation/share/navigation/hook/pythonpath.sh'
[10.386s] Level 1:colcon.colcon_core.environment:checking '/home/ubuntu/CS_ws/install/navigation/bin'
[10.388s] Level 1:colcon.colcon_core.environment:create_environment_scripts_only(navigation)
[10.390s] INFO:colcon.colcon_core.shell:Creating package script '/home/ubuntu/CS_ws/install/navigation/share/navigation/package.ps1'
[10.437s] INFO:colcon.colcon_core.shell:Creating package descriptor '/home/ubuntu/CS_ws/install/navigation/share/navigation/package.dsv'
[10.444s] INFO:colcon.colcon_core.shell:Creating package script '/home/ubuntu/CS_ws/install/navigation/share/navigation/package.sh'
[10.449s] INFO:colcon.colcon_core.shell:Creating package script '/home/ubuntu/CS_ws/install/navigation/share/navigation/package.bash'
[10.456s] INFO:colcon.colcon_core.shell:Creating package script '/home/ubuntu/CS_ws/install/navigation/share/navigation/package.zsh'
[10.467s] Level 1:colcon.colcon_core.environment:create_file_with_runtime_dependencies(/home/ubuntu/CS_ws/install/navigation/share/colcon-core/packages/navigation)
[10.478s] DEBUG:colcon.colcon_parallel_executor.executor.parallel:closing loop
[10.479s] DEBUG:colcon.colcon_parallel_executor.executor.parallel:loop closed
[10.482s] DEBUG:colcon.colcon_parallel_executor.executor.parallel:run_until_complete finished with '0'
[10.483s] DEBUG:colcon.colcon_core.event_reactor:joining thread
[10.589s] INFO:colcon.colcon_core.plugin_system:Skipping extension 'colcon_notification.desktop_notification.terminal_notifier': Not used on non-Darwin systems
[10.591s] INFO:colcon.colcon_core.plugin_system:Skipping extension 'colcon_notification.desktop_notification.win32': Not used on non-Windows systems
[10.596s] INFO:colcon.colcon_notification.desktop_notification:Sending desktop notification using 'notify2'
[12.331s] DEBUG:colcon.colcon_core.event_reactor:joined thread
[12.332s] INFO:colcon.colcon_core.shell:Creating prefix script '/home/ubuntu/CS_ws/install/local_setup.ps1'
[12.336s] INFO:colcon.colcon_core.shell:Creating prefix util module '/home/ubuntu/CS_ws/install/_local_setup_util_ps1.py'
[12.346s] INFO:colcon.colcon_core.shell:Creating prefix chain script '/home/ubuntu/CS_ws/install/setup.ps1'
[12.355s] INFO:colcon.colcon_core.shell:Creating prefix script '/home/ubuntu/CS_ws/install/local_setup.sh'
[12.374s] INFO:colcon.colcon_core.shell:Creating prefix util module '/home/ubuntu/CS_ws/install/_local_setup_util_sh.py'
[12.391s] INFO:colcon.colcon_core.shell:Creating prefix chain script '/home/ubuntu/CS_ws/install/setup.sh'
[12.398s] INFO:colcon.colcon_core.shell:Creating prefix script '/home/ubuntu/CS_ws/install/local_setup.bash'
[12.405s] INFO:colcon.colcon_core.shell:Creating prefix chain script '/home/ubuntu/CS_ws/install/setup.bash'
[12.429s] INFO:colcon.colcon_core.shell:Creating prefix script '/home/ubuntu/CS_ws/install/local_setup.zsh'
[12.434s] INFO:colcon.colcon_core.shell:Creating prefix chain script '/home/ubuntu/CS_ws/install/setup.zsh'
