[0.148s] Invoking command in '/home/ubuntu/CS_ws/build/turtlebot3_manipulation_description': CMAKE_PREFIX_PATH=${CMAKE_PREFIX_PATH}:/home/ubuntu/CS_ws/install/task_manager:/home/ubuntu/CS_ws/install/navigation:/home/ubuntu/CS_ws/install/command_input:/opt/ros/humble /usr/bin/cmake --build /home/ubuntu/CS_ws/build/turtlebot3_manipulation_description -- -j8 -l8
[1.820s] Invoked command in '/home/ubuntu/CS_ws/build/turtlebot3_manipulation_description' returned '0': CMAKE_PREFIX_PATH=${CMAKE_PREFIX_PATH}:/home/ubuntu/CS_ws/install/task_manager:/home/ubuntu/CS_ws/install/navigation:/home/ubuntu/CS_ws/install/command_input:/opt/ros/humble /usr/bin/cmake --build /home/ubuntu/CS_ws/build/turtlebot3_manipulation_description -- -j8 -l8
[1.828s] Invoking command in '/home/ubuntu/CS_ws/build/turtlebot3_manipulation_description': CMAKE_PREFIX_PATH=${CMAKE_PREFIX_PATH}:/home/ubuntu/CS_ws/install/task_manager:/home/ubuntu/CS_ws/install/navigation:/home/ubuntu/CS_ws/install/command_input:/opt/ros/humble /usr/bin/cmake --install /home/ubuntu/CS_ws/build/turtlebot3_manipulation_description
[1.852s] -- Install configuration: ""
[1.852s] -- Execute custom install script
[1.852s] -- Up-to-date symlink: /home/ubuntu/CS_ws/install/turtlebot3_manipulation_description/share/turtlebot3_manipulation_description/launch/model.launch.py
[1.852s] -- Up-to-date symlink: /home/ubuntu/CS_ws/install/turtlebot3_manipulation_description/share/turtlebot3_manipulation_description/rviz/model.rviz
[1.853s] -- Up-to-date symlink: /home/ubuntu/CS_ws/install/turtlebot3_manipulation_description/share/turtlebot3_manipulation_description/urdf/open_manipulator_x.urdf.xacro
[1.853s] -- Up-to-date symlink: /home/ubuntu/CS_ws/install/turtlebot3_manipulation_description/share/turtlebot3_manipulation_description/urdf/turtlebot3_manipulation.urdf.xacro
[1.853s] -- Up-to-date symlink: /home/ubuntu/CS_ws/install/turtlebot3_manipulation_description/share/turtlebot3_manipulation_description/urdf/turtlebot3_waffle_pi.urdf.xacro
[1.853s] -- Up-to-date symlink: /home/ubuntu/CS_ws/install/turtlebot3_manipulation_description/share/turtlebot3_manipulation_description/gazebo/materials.xacro
[1.854s] -- Up-to-date symlink: /home/ubuntu/CS_ws/install/turtlebot3_manipulation_description/share/turtlebot3_manipulation_description/gazebo/open_manipulator_x.gazebo.xacro
[1.854s] -- Up-to-date symlink: /home/ubuntu/CS_ws/install/turtlebot3_manipulation_description/share/turtlebot3_manipulation_description/gazebo/turtlebot3_waffle_pi.gazebo.xacro
[1.855s] -- Up-to-date symlink: /home/ubuntu/CS_ws/install/turtlebot3_manipulation_description/share/turtlebot3_manipulation_description/meshes/open_manipulator_x/gripper_left_palm.stl
[1.855s] -- Up-to-date symlink: /home/ubuntu/CS_ws/install/turtlebot3_manipulation_description/share/turtlebot3_manipulation_description/meshes/open_manipulator_x/gripper_right_palm.stl
[1.855s] -- Up-to-date symlink: /home/ubuntu/CS_ws/install/turtlebot3_manipulation_description/share/turtlebot3_manipulation_description/meshes/open_manipulator_x/link1.stl
[1.856s] -- Up-to-date symlink: /home/ubuntu/CS_ws/install/turtlebot3_manipulation_description/share/turtlebot3_manipulation_description/meshes/open_manipulator_x/link2.stl
[1.856s] -- Up-to-date symlink: /home/ubuntu/CS_ws/install/turtlebot3_manipulation_description/share/turtlebot3_manipulation_description/meshes/open_manipulator_x/link3.stl
[1.856s] -- Up-to-date symlink: /home/ubuntu/CS_ws/install/turtlebot3_manipulation_description/share/turtlebot3_manipulation_description/meshes/open_manipulator_x/link4.stl
[1.856s] -- Up-to-date symlink: /home/ubuntu/CS_ws/install/turtlebot3_manipulation_description/share/turtlebot3_manipulation_description/meshes/open_manipulator_x/link5.stl
[1.856s] -- Up-to-date symlink: /home/ubuntu/CS_ws/install/turtlebot3_manipulation_description/share/turtlebot3_manipulation_description/meshes/turtlebot3_waffle_pi/base.stl
[1.856s] -- Up-to-date symlink: /home/ubuntu/CS_ws/install/turtlebot3_manipulation_description/share/turtlebot3_manipulation_description/meshes/turtlebot3_waffle_pi/ladar.stl
[1.857s] -- Up-to-date symlink: /home/ubuntu/CS_ws/install/turtlebot3_manipulation_description/share/turtlebot3_manipulation_description/meshes/turtlebot3_waffle_pi/left_tire.stl
[1.857s] -- Up-to-date symlink: /home/ubuntu/CS_ws/install/turtlebot3_manipulation_description/share/turtlebot3_manipulation_description/meshes/turtlebot3_waffle_pi/right_tire.stl
[1.857s] -- Up-to-date symlink: /home/ubuntu/CS_ws/install/turtlebot3_manipulation_description/share/turtlebot3_manipulation_description/ros2_control/turtlebot3_manipulation_system.ros2_control.xacro
[1.857s] -- Up-to-date symlink: /home/ubuntu/CS_ws/install/turtlebot3_manipulation_description/share/turtlebot3_manipulation_description/environment/turtlebot3_manipulation_description.dsv
[1.857s] -- Up-to-date symlink: /home/ubuntu/CS_ws/install/turtlebot3_manipulation_description/share/ament_index/resource_index/package_run_dependencies/turtlebot3_manipulation_description
[1.858s] -- Up-to-date symlink: /home/ubuntu/CS_ws/install/turtlebot3_manipulation_description/share/ament_index/resource_index/parent_prefix_path/turtlebot3_manipulation_description
[1.859s] -- Up-to-date symlink: /home/ubuntu/CS_ws/install/turtlebot3_manipulation_description/share/turtlebot3_manipulation_description/environment/ament_prefix_path.sh
[1.868s] -- Up-to-date symlink: /home/ubuntu/CS_ws/install/turtlebot3_manipulation_description/share/turtlebot3_manipulation_description/environment/ament_prefix_path.dsv
[1.871s] -- Up-to-date symlink: /home/ubuntu/CS_ws/install/turtlebot3_manipulation_description/share/turtlebot3_manipulation_description/environment/path.sh
[1.872s] -- Up-to-date symlink: /home/ubuntu/CS_ws/install/turtlebot3_manipulation_description/share/turtlebot3_manipulation_description/environment/path.dsv
[1.872s] -- Up-to-date symlink: /home/ubuntu/CS_ws/install/turtlebot3_manipulation_description/share/turtlebot3_manipulation_description/local_setup.bash
[1.873s] -- Up-to-date symlink: /home/ubuntu/CS_ws/install/turtlebot3_manipulation_description/share/turtlebot3_manipulation_description/local_setup.sh
[1.874s] -- Up-to-date symlink: /home/ubuntu/CS_ws/install/turtlebot3_manipulation_description/share/turtlebot3_manipulation_description/local_setup.zsh
[1.874s] -- Up-to-date symlink: /home/ubuntu/CS_ws/install/turtlebot3_manipulation_description/share/turtlebot3_manipulation_description/local_setup.dsv
[1.874s] -- Symlinking: /home/ubuntu/CS_ws/install/turtlebot3_manipulation_description/share/turtlebot3_manipulation_description/package.dsv
[1.911s] -- Up-to-date symlink: /home/ubuntu/CS_ws/install/turtlebot3_manipulation_description/share/ament_index/resource_index/packages/turtlebot3_manipulation_description
[1.911s] -- Up-to-date symlink: /home/ubuntu/CS_ws/install/turtlebot3_manipulation_description/share/turtlebot3_manipulation_description/cmake/turtlebot3_manipulation_descriptionConfig.cmake
[1.911s] -- Up-to-date symlink: /home/ubuntu/CS_ws/install/turtlebot3_manipulation_description/share/turtlebot3_manipulation_description/cmake/turtlebot3_manipulation_descriptionConfig-version.cmake
[1.912s] -- Up-to-date symlink: /home/ubuntu/CS_ws/install/turtlebot3_manipulation_description/share/turtlebot3_manipulation_description/package.xml
[2.146s] Invoked command in '/home/ubuntu/CS_ws/build/turtlebot3_manipulation_description' returned '0': CMAKE_PREFIX_PATH=${CMAKE_PREFIX_PATH}:/home/ubuntu/CS_ws/install/task_manager:/home/ubuntu/CS_ws/install/navigation:/home/ubuntu/CS_ws/install/command_input:/opt/ros/humble /usr/bin/cmake --install /home/ubuntu/CS_ws/build/turtlebot3_manipulation_description
