[0.195s] Invoking command in '/home/ubuntu/CS_ws/build/turtlebot3_manipulation_cartographer': CMAKE_PREFIX_PATH=${CMAKE_PREFIX_PATH}:/home/ubuntu/CS_ws/install/task_manager:/home/ubuntu/CS_ws/install/navigation:/home/ubuntu/CS_ws/install/command_input:/opt/ros/humble /usr/bin/cmake --build /home/ubuntu/CS_ws/build/turtlebot3_manipulation_cartographer -- -j8 -l8
[1.743s] Invoked command in '/home/ubuntu/CS_ws/build/turtlebot3_manipulation_cartographer' returned '0': CMAKE_PREFIX_PATH=${CMAKE_PREFIX_PATH}:/home/ubuntu/CS_ws/install/task_manager:/home/ubuntu/CS_ws/install/navigation:/home/ubuntu/CS_ws/install/command_input:/opt/ros/humble /usr/bin/cmake --build /home/ubuntu/CS_ws/build/turtlebot3_manipulation_cartographer -- -j8 -l8
[1.748s] Invoking command in '/home/ubuntu/CS_ws/build/turtlebot3_manipulation_cartographer': CMAKE_PREFIX_PATH=${CMAKE_PREFIX_PATH}:/home/ubuntu/CS_ws/install/task_manager:/home/ubuntu/CS_ws/install/navigation:/home/ubuntu/CS_ws/install/command_input:/opt/ros/humble /usr/bin/cmake --install /home/ubuntu/CS_ws/build/turtlebot3_manipulation_cartographer
[1.810s] -- Install configuration: ""
[1.811s] -- Execute custom install script
[1.811s] -- Up-to-date symlink: /home/ubuntu/CS_ws/install/turtlebot3_manipulation_cartographer/share/turtlebot3_manipulation_cartographer/config/turtlebot3_2d.lua
[1.811s] -- Up-to-date symlink: /home/ubuntu/CS_ws/install/turtlebot3_manipulation_cartographer/share/turtlebot3_manipulation_cartographer/launch/cartographer.launch.py
[1.811s] -- Up-to-date symlink: /home/ubuntu/CS_ws/install/turtlebot3_manipulation_cartographer/share/turtlebot3_manipulation_cartographer/rviz/cartographer.rviz
[1.812s] -- Up-to-date symlink: /home/ubuntu/CS_ws/install/turtlebot3_manipulation_cartographer/share/ament_index/resource_index/package_run_dependencies/turtlebot3_manipulation_cartographer
[1.812s] -- Up-to-date symlink: /home/ubuntu/CS_ws/install/turtlebot3_manipulation_cartographer/share/ament_index/resource_index/parent_prefix_path/turtlebot3_manipulation_cartographer
[1.812s] -- Up-to-date symlink: /home/ubuntu/CS_ws/install/turtlebot3_manipulation_cartographer/share/turtlebot3_manipulation_cartographer/environment/ament_prefix_path.sh
[1.813s] -- Up-to-date symlink: /home/ubuntu/CS_ws/install/turtlebot3_manipulation_cartographer/share/turtlebot3_manipulation_cartographer/environment/ament_prefix_path.dsv
[1.815s] -- Up-to-date symlink: /home/ubuntu/CS_ws/install/turtlebot3_manipulation_cartographer/share/turtlebot3_manipulation_cartographer/environment/path.sh
[1.816s] -- Up-to-date symlink: /home/ubuntu/CS_ws/install/turtlebot3_manipulation_cartographer/share/turtlebot3_manipulation_cartographer/environment/path.dsv
[1.816s] -- Up-to-date symlink: /home/ubuntu/CS_ws/install/turtlebot3_manipulation_cartographer/share/turtlebot3_manipulation_cartographer/local_setup.bash
[1.816s] -- Up-to-date symlink: /home/ubuntu/CS_ws/install/turtlebot3_manipulation_cartographer/share/turtlebot3_manipulation_cartographer/local_setup.sh
[1.817s] -- Up-to-date symlink: /home/ubuntu/CS_ws/install/turtlebot3_manipulation_cartographer/share/turtlebot3_manipulation_cartographer/local_setup.zsh
[1.817s] -- Up-to-date symlink: /home/ubuntu/CS_ws/install/turtlebot3_manipulation_cartographer/share/turtlebot3_manipulation_cartographer/local_setup.dsv
[1.817s] -- Symlinking: /home/ubuntu/CS_ws/install/turtlebot3_manipulation_cartographer/share/turtlebot3_manipulation_cartographer/package.dsv
[1.820s] -- Up-to-date symlink: /home/ubuntu/CS_ws/install/turtlebot3_manipulation_cartographer/share/ament_index/resource_index/packages/turtlebot3_manipulation_cartographer
[1.820s] -- Up-to-date symlink: /home/ubuntu/CS_ws/install/turtlebot3_manipulation_cartographer/share/turtlebot3_manipulation_cartographer/cmake/turtlebot3_manipulation_cartographerConfig.cmake
[1.821s] -- Up-to-date symlink: /home/ubuntu/CS_ws/install/turtlebot3_manipulation_cartographer/share/turtlebot3_manipulation_cartographer/cmake/turtlebot3_manipulation_cartographerConfig-version.cmake
[1.821s] -- Up-to-date symlink: /home/ubuntu/CS_ws/install/turtlebot3_manipulation_cartographer/share/turtlebot3_manipulation_cartographer/package.xml
[1.944s] Invoked command in '/home/ubuntu/CS_ws/build/turtlebot3_manipulation_cartographer' returned '0': CMAKE_PREFIX_PATH=${CMAKE_PREFIX_PATH}:/home/ubuntu/CS_ws/install/task_manager:/home/ubuntu/CS_ws/install/navigation:/home/ubuntu/CS_ws/install/command_input:/opt/ros/humble /usr/bin/cmake --install /home/ubuntu/CS_ws/build/turtlebot3_manipulation_cartographer
