[0.388s] Invoking command in '/home/ubuntu/CS_ws/build/turtlebot3_manipulation_moveit_config': CMAKE_PREFIX_PATH=/home/ubuntu/CS_ws/install/turtlebot3_manipulation_description:/home/ubuntu/CS_ws/install/utilities:/home/ubuntu/CS_ws/install/turtlebot3_manipulation:/home/ubuntu/CS_ws/install/turtlebot3_manipulation_teleop:/home/ubuntu/CS_ws/install/turtlebot3_manipulation_navigation2:/home/ubuntu/CS_ws/install/turtlebot3_manipulation_moveit_config:/home/ubuntu/CS_ws/install/turtlebot3_manipulation_hardware:/home/ubuntu/CS_ws/install/turtlebot3_manipulation_bringup:/home/ubuntu/CS_ws/install/turtlebot3_manipulation_cartographer:/home/ubuntu/CS_ws/install/task_manager:/home/ubuntu/CS_ws/install/navigation:/home/ubuntu/CS_ws/install/command_input:/opt/ros/humble /usr/bin/cmake --build /home/ubuntu/CS_ws/build/turtlebot3_manipulation_moveit_config -- -j8 -l8
[0.934s] Invoked command in '/home/ubuntu/CS_ws/build/turtlebot3_manipulation_moveit_config' returned '0': CMAKE_PREFIX_PATH=/home/ubuntu/CS_ws/install/turtlebot3_manipulation_description:/home/ubuntu/CS_ws/install/utilities:/home/ubuntu/CS_ws/install/turtlebot3_manipulation:/home/ubuntu/CS_ws/install/turtlebot3_manipulation_teleop:/home/ubuntu/CS_ws/install/turtlebot3_manipulation_navigation2:/home/ubuntu/CS_ws/install/turtlebot3_manipulation_moveit_config:/home/ubuntu/CS_ws/install/turtlebot3_manipulation_hardware:/home/ubuntu/CS_ws/install/turtlebot3_manipulation_bringup:/home/ubuntu/CS_ws/install/turtlebot3_manipulation_cartographer:/home/ubuntu/CS_ws/install/task_manager:/home/ubuntu/CS_ws/install/navigation:/home/ubuntu/CS_ws/install/command_input:/opt/ros/humble /usr/bin/cmake --build /home/ubuntu/CS_ws/build/turtlebot3_manipulation_moveit_config -- -j8 -l8
[0.935s] Invoking command in '/home/ubuntu/CS_ws/build/turtlebot3_manipulation_moveit_config': CMAKE_PREFIX_PATH=/home/ubuntu/CS_ws/install/turtlebot3_manipulation_description:/home/ubuntu/CS_ws/install/utilities:/home/ubuntu/CS_ws/install/turtlebot3_manipulation:/home/ubuntu/CS_ws/install/turtlebot3_manipulation_teleop:/home/ubuntu/CS_ws/install/turtlebot3_manipulation_navigation2:/home/ubuntu/CS_ws/install/turtlebot3_manipulation_moveit_config:/home/ubuntu/CS_ws/install/turtlebot3_manipulation_hardware:/home/ubuntu/CS_ws/install/turtlebot3_manipulation_bringup:/home/ubuntu/CS_ws/install/turtlebot3_manipulation_cartographer:/home/ubuntu/CS_ws/install/task_manager:/home/ubuntu/CS_ws/install/navigation:/home/ubuntu/CS_ws/install/command_input:/opt/ros/humble /usr/bin/cmake --install /home/ubuntu/CS_ws/build/turtlebot3_manipulation_moveit_config
[0.988s] -- Install configuration: ""
[0.995s] -- Execute custom install script
[1.006s] -- Up-to-date symlink: /home/ubuntu/CS_ws/install/turtlebot3_manipulation_moveit_config/share/ament_index/resource_index/package_run_dependencies/turtlebot3_manipulation_moveit_config
[1.012s] -- Up-to-date symlink: /home/ubuntu/CS_ws/install/turtlebot3_manipulation_moveit_config/share/ament_index/resource_index/parent_prefix_path/turtlebot3_manipulation_moveit_config
[1.023s] -- Up-to-date symlink: /home/ubuntu/CS_ws/install/turtlebot3_manipulation_moveit_config/share/turtlebot3_manipulation_moveit_config/environment/ament_prefix_path.sh
[1.029s] -- Up-to-date symlink: /home/ubuntu/CS_ws/install/turtlebot3_manipulation_moveit_config/share/turtlebot3_manipulation_moveit_config/environment/ament_prefix_path.dsv
[1.043s] -- Up-to-date symlink: /home/ubuntu/CS_ws/install/turtlebot3_manipulation_moveit_config/share/turtlebot3_manipulation_moveit_config/environment/path.sh
[1.049s] -- Up-to-date symlink: /home/ubuntu/CS_ws/install/turtlebot3_manipulation_moveit_config/share/turtlebot3_manipulation_moveit_config/environment/path.dsv
[1.084s] -- Up-to-date symlink: /home/ubuntu/CS_ws/install/turtlebot3_manipulation_moveit_config/share/turtlebot3_manipulation_moveit_config/local_setup.bash
[1.089s] -- Up-to-date symlink: /home/ubuntu/CS_ws/install/turtlebot3_manipulation_moveit_config/share/turtlebot3_manipulation_moveit_config/local_setup.sh
[1.099s] -- Up-to-date symlink: /home/ubuntu/CS_ws/install/turtlebot3_manipulation_moveit_config/share/turtlebot3_manipulation_moveit_config/local_setup.zsh
[1.104s] -- Up-to-date symlink: /home/ubuntu/CS_ws/install/turtlebot3_manipulation_moveit_config/share/turtlebot3_manipulation_moveit_config/local_setup.dsv
[1.109s] -- Symlinking: /home/ubuntu/CS_ws/install/turtlebot3_manipulation_moveit_config/share/turtlebot3_manipulation_moveit_config/package.dsv
[1.147s] -- Up-to-date symlink: /home/ubuntu/CS_ws/install/turtlebot3_manipulation_moveit_config/share/ament_index/resource_index/packages/turtlebot3_manipulation_moveit_config
[1.148s] -- Up-to-date symlink: /home/ubuntu/CS_ws/install/turtlebot3_manipulation_moveit_config/share/turtlebot3_manipulation_moveit_config/cmake/turtlebot3_manipulation_moveit_configConfig.cmake
[1.149s] -- Up-to-date symlink: /home/ubuntu/CS_ws/install/turtlebot3_manipulation_moveit_config/share/turtlebot3_manipulation_moveit_config/cmake/turtlebot3_manipulation_moveit_configConfig-version.cmake
[1.151s] -- Up-to-date symlink: /home/ubuntu/CS_ws/install/turtlebot3_manipulation_moveit_config/share/turtlebot3_manipulation_moveit_config/package.xml
[1.160s] -- Up-to-date symlink: /home/ubuntu/CS_ws/install/turtlebot3_manipulation_moveit_config/share/turtlebot3_manipulation_moveit_config/launch/move_group.launch.py
[1.160s] -- Up-to-date symlink: /home/ubuntu/CS_ws/install/turtlebot3_manipulation_moveit_config/share/turtlebot3_manipulation_moveit_config/launch/moveit_core.launch.py
[1.161s] -- Up-to-date symlink: /home/ubuntu/CS_ws/install/turtlebot3_manipulation_moveit_config/share/turtlebot3_manipulation_moveit_config/launch/moveit_fake.launch.py
[1.161s] -- Up-to-date symlink: /home/ubuntu/CS_ws/install/turtlebot3_manipulation_moveit_config/share/turtlebot3_manipulation_moveit_config/launch/moveit_gazebo.launch.py
[1.163s] -- Up-to-date symlink: /home/ubuntu/CS_ws/install/turtlebot3_manipulation_moveit_config/share/turtlebot3_manipulation_moveit_config/launch/moveit_rviz.launch.py
[1.163s] -- Up-to-date symlink: /home/ubuntu/CS_ws/install/turtlebot3_manipulation_moveit_config/share/turtlebot3_manipulation_moveit_config/launch/rsp.launch.py
[1.164s] -- Up-to-date symlink: /home/ubuntu/CS_ws/install/turtlebot3_manipulation_moveit_config/share/turtlebot3_manipulation_moveit_config/launch/servo.launch.py
[1.165s] -- Up-to-date symlink: /home/ubuntu/CS_ws/install/turtlebot3_manipulation_moveit_config/share/turtlebot3_manipulation_moveit_config/launch/setup_assistant.launch.py
[1.169s] -- Up-to-date symlink: /home/ubuntu/CS_ws/install/turtlebot3_manipulation_moveit_config/share/turtlebot3_manipulation_moveit_config/launch/spawn_controllers.launch.py
[1.169s] -- Up-to-date symlink: /home/ubuntu/CS_ws/install/turtlebot3_manipulation_moveit_config/share/turtlebot3_manipulation_moveit_config/launch/static_virtual_joint_tfs.launch.py
[1.170s] -- Up-to-date symlink: /home/ubuntu/CS_ws/install/turtlebot3_manipulation_moveit_config/share/turtlebot3_manipulation_moveit_config/launch/warehouse_db.launch.py
[1.173s] -- Up-to-date symlink: /home/ubuntu/CS_ws/install/turtlebot3_manipulation_moveit_config/share/turtlebot3_manipulation_moveit_config/config/initial_positions.yaml
[1.173s] -- Up-to-date symlink: /home/ubuntu/CS_ws/install/turtlebot3_manipulation_moveit_config/share/turtlebot3_manipulation_moveit_config/config/joint_limits.yaml
[1.174s] -- Up-to-date symlink: /home/ubuntu/CS_ws/install/turtlebot3_manipulation_moveit_config/share/turtlebot3_manipulation_moveit_config/config/kinematics.yaml
[1.175s] -- Up-to-date symlink: /home/ubuntu/CS_ws/install/turtlebot3_manipulation_moveit_config/share/turtlebot3_manipulation_moveit_config/config/moveit.rviz
[1.175s] -- Up-to-date symlink: /home/ubuntu/CS_ws/install/turtlebot3_manipulation_moveit_config/share/turtlebot3_manipulation_moveit_config/config/moveit_controllers.yaml
[1.179s] -- Up-to-date symlink: /home/ubuntu/CS_ws/install/turtlebot3_manipulation_moveit_config/share/turtlebot3_manipulation_moveit_config/config/moveit_servo.yaml
[1.181s] -- Up-to-date symlink: /home/ubuntu/CS_ws/install/turtlebot3_manipulation_moveit_config/share/turtlebot3_manipulation_moveit_config/config/moveit_teleop.rviz
[1.181s] -- Up-to-date symlink: /home/ubuntu/CS_ws/install/turtlebot3_manipulation_moveit_config/share/turtlebot3_manipulation_moveit_config/config/ompl_planning.yaml
[1.182s] -- Up-to-date symlink: /home/ubuntu/CS_ws/install/turtlebot3_manipulation_moveit_config/share/turtlebot3_manipulation_moveit_config/config/turtlebot3_manipulation.srdf
[1.199s] -- Up-to-date symlink: /home/ubuntu/CS_ws/install/turtlebot3_manipulation_moveit_config/share/turtlebot3_manipulation_moveit_config/.setup_assistant
[1.202s] Invoked command in '/home/ubuntu/CS_ws/build/turtlebot3_manipulation_moveit_config' returned '0': CMAKE_PREFIX_PATH=/home/ubuntu/CS_ws/install/turtlebot3_manipulation_description:/home/ubuntu/CS_ws/install/utilities:/home/ubuntu/CS_ws/install/turtlebot3_manipulation:/home/ubuntu/CS_ws/install/turtlebot3_manipulation_teleop:/home/ubuntu/CS_ws/install/turtlebot3_manipulation_navigation2:/home/ubuntu/CS_ws/install/turtlebot3_manipulation_moveit_config:/home/ubuntu/CS_ws/install/turtlebot3_manipulation_hardware:/home/ubuntu/CS_ws/install/turtlebot3_manipulation_bringup:/home/ubuntu/CS_ws/install/turtlebot3_manipulation_cartographer:/home/ubuntu/CS_ws/install/task_manager:/home/ubuntu/CS_ws/install/navigation:/home/ubuntu/CS_ws/install/command_input:/opt/ros/humble /usr/bin/cmake --install /home/ubuntu/CS_ws/build/turtlebot3_manipulation_moveit_config
