[1.473s] Invoking command in '/home/ubuntu/CS_ws/src/navigation': PYTHONPATH=/home/ubuntu/CS_ws/build/navigation/prefix_override:/usr/lib/python3/dist-packages/colcon_core/task/python/colcon_distutils_commands:/home/ubuntu/CS_ws/install/navigation/lib/python3.10/site-packages:${PYTHONPATH} /usr/bin/python3 -W ignore:setup.py install is deprecated -W ignore:easy_install command is deprecated setup.py egg_info --egg-base ../../build/navigation build --build-base /home/ubuntu/CS_ws/build/navigation/build install --record /home/ubuntu/CS_ws/build/navigation/install.log --single-version-externally-managed install_data
[1.981s] running egg_info
[1.982s] writing ../../build/navigation/navigation.egg-info/PKG-INFO
[1.982s] writing dependency_links to ../../build/navigation/navigation.egg-info/dependency_links.txt
[1.983s] writing entry points to ../../build/navigation/navigation.egg-info/entry_points.txt
[1.983s] writing requirements to ../../build/navigation/navigation.egg-info/requires.txt
[1.984s] writing top-level names to ../../build/navigation/navigation.egg-info/top_level.txt
[1.987s] reading manifest file '../../build/navigation/navigation.egg-info/SOURCES.txt'
[1.989s] writing manifest file '../../build/navigation/navigation.egg-info/SOURCES.txt'
[1.989s] running build
[1.990s] running build_py
[1.990s] copying navigation/navigation_node.py -> /home/ubuntu/CS_ws/build/navigation/build/lib/navigation
[1.991s] running install
[1.992s] running install_lib
[1.993s] copying /home/ubuntu/CS_ws/build/navigation/build/lib/navigation/navigation_node.py -> /home/ubuntu/CS_ws/install/navigation/lib/python3.10/site-packages/navigation
[1.996s] byte-compiling /home/ubuntu/CS_ws/install/navigation/lib/python3.10/site-packages/navigation/navigation_node.py to navigation_node.cpython-310.pyc
[1.998s] running install_data
[1.999s] running install_egg_info
[2.003s] removing '/home/ubuntu/CS_ws/install/navigation/lib/python3.10/site-packages/navigation-0.0.0-py3.10.egg-info' (and everything under it)
[2.005s] Copying ../../build/navigation/navigation.egg-info to /home/ubuntu/CS_ws/install/navigation/lib/python3.10/site-packages/navigation-0.0.0-py3.10.egg-info
[2.010s] running install_scripts
[2.045s] Installing navigation_node script to /home/ubuntu/CS_ws/install/navigation/lib/navigation
[2.046s] writing list of installed files to '/home/ubuntu/CS_ws/build/navigation/install.log'
[2.082s] Invoked command in '/home/ubuntu/CS_ws/src/navigation' returned '0': PYTHONPATH=/home/ubuntu/CS_ws/build/navigation/prefix_override:/usr/lib/python3/dist-packages/colcon_core/task/python/colcon_distutils_commands:/home/ubuntu/CS_ws/install/navigation/lib/python3.10/site-packages:${PYTHONPATH} /usr/bin/python3 -W ignore:setup.py install is deprecated -W ignore:easy_install command is deprecated setup.py egg_info --egg-base ../../build/navigation build --build-base /home/ubuntu/CS_ws/build/navigation/build install --record /home/ubuntu/CS_ws/build/navigation/install.log --single-version-externally-managed install_data
