[0.133s] Invoking command in '/home/ubuntu/CS_ws/build/turtlebot3_manipulation_navigation2': CMAKE_PREFIX_PATH=${CMAKE_PREFIX_PATH}:/home/ubuntu/CS_ws/install/task_manager:/home/ubuntu/CS_ws/install/navigation:/home/ubuntu/CS_ws/install/command_input:/opt/ros/humble /usr/bin/cmake --build /home/ubuntu/CS_ws/build/turtlebot3_manipulation_navigation2 -- -j8 -l8
[1.529s] Invoked command in '/home/ubuntu/CS_ws/build/turtlebot3_manipulation_navigation2' returned '0': CMAKE_PREFIX_PATH=${CMAKE_PREFIX_PATH}:/home/ubuntu/CS_ws/install/task_manager:/home/ubuntu/CS_ws/install/navigation:/home/ubuntu/CS_ws/install/command_input:/opt/ros/humble /usr/bin/cmake --build /home/ubuntu/CS_ws/build/turtlebot3_manipulation_navigation2 -- -j8 -l8
[1.537s] Invoking command in '/home/ubuntu/CS_ws/build/turtlebot3_manipulation_navigation2': CMAKE_PREFIX_PATH=${CMAKE_PREFIX_PATH}:/home/ubuntu/CS_ws/install/task_manager:/home/ubuntu/CS_ws/install/navigation:/home/ubuntu/CS_ws/install/command_input:/opt/ros/humble /usr/bin/cmake --install /home/ubuntu/CS_ws/build/turtlebot3_manipulation_navigation2
[1.583s] -- Install configuration: ""
[1.583s] -- Execute custom install script
[1.584s] -- Up-to-date symlink: /home/ubuntu/CS_ws/install/turtlebot3_manipulation_navigation2/share/turtlebot3_manipulation_navigation2/launch/navigation2.launch.py
[1.584s] -- Up-to-date symlink: /home/ubuntu/CS_ws/install/turtlebot3_manipulation_navigation2/share/turtlebot3_manipulation_navigation2/launch/navigation2_use_sim_time.launch.py
[1.585s] -- Up-to-date symlink: /home/ubuntu/CS_ws/install/turtlebot3_manipulation_navigation2/share/turtlebot3_manipulation_navigation2/map/turtlebot3_world.pgm
[1.586s] -- Up-to-date symlink: /home/ubuntu/CS_ws/install/turtlebot3_manipulation_navigation2/share/turtlebot3_manipulation_navigation2/map/turtlebot3_world.yaml
[1.586s] -- Up-to-date symlink: /home/ubuntu/CS_ws/install/turtlebot3_manipulation_navigation2/share/turtlebot3_manipulation_navigation2/param/turtlebot3.yaml
[1.587s] -- Up-to-date symlink: /home/ubuntu/CS_ws/install/turtlebot3_manipulation_navigation2/share/turtlebot3_manipulation_navigation2/param/turtlebot3_use_sim_time.yaml
[1.587s] -- Up-to-date symlink: /home/ubuntu/CS_ws/install/turtlebot3_manipulation_navigation2/share/turtlebot3_manipulation_navigation2/rviz/navigation2.rviz
[1.588s] -- Up-to-date symlink: /home/ubuntu/CS_ws/install/turtlebot3_manipulation_navigation2/share/ament_index/resource_index/package_run_dependencies/turtlebot3_manipulation_navigation2
[1.591s] -- Up-to-date symlink: /home/ubuntu/CS_ws/install/turtlebot3_manipulation_navigation2/share/ament_index/resource_index/parent_prefix_path/turtlebot3_manipulation_navigation2
[1.591s] -- Up-to-date symlink: /home/ubuntu/CS_ws/install/turtlebot3_manipulation_navigation2/share/turtlebot3_manipulation_navigation2/environment/ament_prefix_path.sh
[1.592s] -- Up-to-date symlink: /home/ubuntu/CS_ws/install/turtlebot3_manipulation_navigation2/share/turtlebot3_manipulation_navigation2/environment/ament_prefix_path.dsv
[1.592s] -- Up-to-date symlink: /home/ubuntu/CS_ws/install/turtlebot3_manipulation_navigation2/share/turtlebot3_manipulation_navigation2/environment/path.sh
[1.592s] -- Up-to-date symlink: /home/ubuntu/CS_ws/install/turtlebot3_manipulation_navigation2/share/turtlebot3_manipulation_navigation2/environment/path.dsv
[1.593s] -- Up-to-date symlink: /home/ubuntu/CS_ws/install/turtlebot3_manipulation_navigation2/share/turtlebot3_manipulation_navigation2/local_setup.bash
[1.593s] -- Up-to-date symlink: /home/ubuntu/CS_ws/install/turtlebot3_manipulation_navigation2/share/turtlebot3_manipulation_navigation2/local_setup.sh
[1.594s] -- Up-to-date symlink: /home/ubuntu/CS_ws/install/turtlebot3_manipulation_navigation2/share/turtlebot3_manipulation_navigation2/local_setup.zsh
[1.594s] -- Up-to-date symlink: /home/ubuntu/CS_ws/install/turtlebot3_manipulation_navigation2/share/turtlebot3_manipulation_navigation2/local_setup.dsv
[1.594s] -- Symlinking: /home/ubuntu/CS_ws/install/turtlebot3_manipulation_navigation2/share/turtlebot3_manipulation_navigation2/package.dsv
[1.607s] -- Up-to-date symlink: /home/ubuntu/CS_ws/install/turtlebot3_manipulation_navigation2/share/ament_index/resource_index/packages/turtlebot3_manipulation_navigation2
[1.607s] -- Up-to-date symlink: /home/ubuntu/CS_ws/install/turtlebot3_manipulation_navigation2/share/turtlebot3_manipulation_navigation2/cmake/turtlebot3_manipulation_navigation2Config.cmake
[1.608s] -- Up-to-date symlink: /home/ubuntu/CS_ws/install/turtlebot3_manipulation_navigation2/share/turtlebot3_manipulation_navigation2/cmake/turtlebot3_manipulation_navigation2Config-version.cmake
[1.608s] -- Up-to-date symlink: /home/ubuntu/CS_ws/install/turtlebot3_manipulation_navigation2/share/turtlebot3_manipulation_navigation2/package.xml
[1.701s] Invoked command in '/home/ubuntu/CS_ws/build/turtlebot3_manipulation_navigation2' returned '0': CMAKE_PREFIX_PATH=${CMAKE_PREFIX_PATH}:/home/ubuntu/CS_ws/install/task_manager:/home/ubuntu/CS_ws/install/navigation:/home/ubuntu/CS_ws/install/command_input:/opt/ros/humble /usr/bin/cmake --install /home/ubuntu/CS_ws/build/turtlebot3_manipulation_navigation2
