running develop
running egg_info
creating navigation.egg-info
writing navigation.egg-info/PKG-INFO
writing dependency_links to navigation.egg-info/dependency_links.txt
writing entry points to navigation.egg-info/entry_points.txt
writing requirements to navigation.egg-info/requires.txt
writing top-level names to navigation.egg-info/top_level.txt
writing manifest file 'navigation.egg-info/SOURCES.txt'
reading manifest file 'navigation.egg-info/SOURCES.txt'
writing manifest file 'navigation.egg-info/SOURCES.txt'
running build_ext
Creating /home/ubuntu/CS_ws/install/navigation/lib/python3.10/site-packages/navigation.egg-link (link to .)
Installing navigation_node script to /home/ubuntu/CS_ws/install/navigation/lib/navigation

Installed /home/ubuntu/CS_ws/build/navigation
running symlink_data
creating /home/ubuntu/CS_ws/install/navigation/share/ament_index
creating /home/ubuntu/CS_ws/install/navigation/share/ament_index/resource_index
creating /home/ubuntu/CS_ws/install/navigation/share/ament_index/resource_index/packages
symbolically linking /home/ubuntu/CS_ws/build/navigation/resource/navigation -> /home/ubuntu/CS_ws/install/navigation/share/ament_index/resource_index/packages
symbolically linking /home/ubuntu/CS_ws/build/navigation/package.xml -> /home/ubuntu/CS_ws/install/navigation/share/navigation
