[9.532s] Invoking command in '/home/ubuntu/CS_ws/build/utilities': CMAKE_PREFIX_PATH=${CMAKE_PREFIX_PATH}:/home/ubuntu/CS_ws/install/task_manager:/home/ubuntu/CS_ws/install/navigation:/home/ubuntu/CS_ws/install/command_input:/opt/ros/humble /usr/bin/cmake --build /home/ubuntu/CS_ws/build/utilities -- -j8 -l8
[10.673s] [  3%] Built target utilities__cpp
[11.083s] [  3%] Built target ament_cmake_python_symlink_utilities
[11.522s] [ 12%] Built target utilities__rosidl_typesupport_introspection_cpp
[14.341s] running egg_info
[14.344s] writing utilities.egg-info/PKG-INFO
[14.363s] writing dependency_links to utilities.egg-info/dependency_links.txt
[14.365s] writing top-level names to utilities.egg-info/top_level.txt
[14.397s] reading manifest file 'utilities.egg-info/SOURCES.txt'
[14.398s] writing manifest file 'utilities.egg-info/SOURCES.txt'
[14.726s] [ 12%] Built target ament_cmake_python_build_utilities_egg
[15.183s] [ 22%] Built target utilities__rosidl_typesupport_fastrtps_cpp
[15.412s] [ 32%] Built target utilities__rosidl_typesupport_cpp
[15.741s] [ 41%] Built target utilities__rosidl_generator_c
[16.244s] [ 51%] Built target utilities__rosidl_typesupport_fastrtps_c
[16.476s] [ 61%] Built target utilities__rosidl_typesupport_c
[16.831s] [ 70%] Built target utilities__rosidl_typesupport_introspection_c
[17.033s] [ 70%] Built target utilities
[17.416s] [ 74%] Built target utilities__py
[18.022s] [ 80%] Built target utilities__rosidl_generator_py
[18.431s] [ 87%] Built target utilities__rosidl_typesupport_fastrtps_c__pyext
[18.787s] [ 93%] Built target utilities__rosidl_typesupport_c__pyext
[19.244s] [100%] Built target utilities__rosidl_typesupport_introspection_c__pyext
[19.321s] Invoked command in '/home/ubuntu/CS_ws/build/utilities' returned '0': CMAKE_PREFIX_PATH=${CMAKE_PREFIX_PATH}:/home/ubuntu/CS_ws/install/task_manager:/home/ubuntu/CS_ws/install/navigation:/home/ubuntu/CS_ws/install/command_input:/opt/ros/humble /usr/bin/cmake --build /home/ubuntu/CS_ws/build/utilities -- -j8 -l8
[19.333s] Invoking command in '/home/ubuntu/CS_ws/build/utilities': CMAKE_PREFIX_PATH=${CMAKE_PREFIX_PATH}:/home/ubuntu/CS_ws/install/task_manager:/home/ubuntu/CS_ws/install/navigation:/home/ubuntu/CS_ws/install/command_input:/opt/ros/humble /usr/bin/cmake --install /home/ubuntu/CS_ws/build/utilities
[19.421s] -- Install configuration: ""
[19.435s] -- Execute custom install script
[19.452s] -- Up-to-date symlink: /home/ubuntu/CS_ws/install/utilities/share/ament_index/resource_index/rosidl_interfaces/utilities
[19.468s] -- Up-to-date symlink: /home/ubuntu/CS_ws/install/utilities/include/utilities/utilities/msg/rosidl_generator_c__visibility_control.h
[19.471s] -- Up-to-date symlink: /home/ubuntu/CS_ws/install/utilities/include/utilities/utilities/srv/detail/string_command__functions.h
[19.477s] -- Up-to-date symlink: /home/ubuntu/CS_ws/install/utilities/include/utilities/utilities/srv/detail/string_command__struct.h
[19.488s] -- Up-to-date symlink: /home/ubuntu/CS_ws/install/utilities/include/utilities/utilities/srv/detail/string_command__type_support.h
[19.494s] -- Up-to-date symlink: /home/ubuntu/CS_ws/install/utilities/include/utilities/utilities/srv/string_command.h
[19.500s] -- Up-to-date symlink: /home/ubuntu/CS_ws/install/utilities/share/utilities/environment/library_path.sh
[19.514s] -- Up-to-date symlink: /home/ubuntu/CS_ws/install/utilities/share/utilities/environment/library_path.dsv
[19.565s] -- Up-to-date symlink: /home/ubuntu/CS_ws/install/utilities/include/utilities/utilities/msg/rosidl_typesupport_fastrtps_c__visibility_control.h
[19.565s] -- Up-to-date symlink: /home/ubuntu/CS_ws/install/utilities/include/utilities/utilities/srv/detail/string_command__rosidl_typesupport_fastrtps_c.h
[19.568s] -- Up-to-date symlink: /home/ubuntu/CS_ws/install/utilities/include/utilities/utilities/msg/rosidl_typesupport_introspection_c__visibility_control.h
[19.572s] -- Up-to-date symlink: /home/ubuntu/CS_ws/install/utilities/include/utilities/utilities/srv/detail/string_command__rosidl_typesupport_introspection_c.h
[19.585s] -- Up-to-date symlink: /home/ubuntu/CS_ws/install/utilities/include/utilities/utilities/msg/rosidl_generator_cpp__visibility_control.hpp
[19.585s] -- Up-to-date symlink: /home/ubuntu/CS_ws/install/utilities/include/utilities/utilities/srv/detail/string_command__builder.hpp
[19.586s] -- Up-to-date symlink: /home/ubuntu/CS_ws/install/utilities/include/utilities/utilities/srv/detail/string_command__struct.hpp
[19.586s] -- Up-to-date symlink: /home/ubuntu/CS_ws/install/utilities/include/utilities/utilities/srv/detail/string_command__traits.hpp
[19.594s] -- Up-to-date symlink: /home/ubuntu/CS_ws/install/utilities/include/utilities/utilities/srv/detail/string_command__type_support.hpp
[19.598s] -- Up-to-date symlink: /home/ubuntu/CS_ws/install/utilities/include/utilities/utilities/srv/string_command.hpp
[19.600s] -- Up-to-date symlink: /home/ubuntu/CS_ws/install/utilities/include/utilities/utilities/msg/rosidl_typesupport_fastrtps_cpp__visibility_control.h
[19.601s] -- Up-to-date symlink: /home/ubuntu/CS_ws/install/utilities/include/utilities/utilities/srv/detail/string_command__rosidl_typesupport_fastrtps_cpp.hpp
[19.602s] -- Up-to-date symlink: /home/ubuntu/CS_ws/install/utilities/include/utilities/utilities/srv/detail/string_command__rosidl_typesupport_introspection_cpp.hpp
[19.603s] -- Up-to-date symlink: /home/ubuntu/CS_ws/install/utilities/share/utilities/environment/pythonpath.sh
[19.604s] -- Up-to-date symlink: /home/ubuntu/CS_ws/install/utilities/share/utilities/environment/pythonpath.dsv
[19.604s] -- Up-to-date symlink: /home/ubuntu/CS_ws/install/utilities/local/lib/python3.10/dist-packages/utilities-0.0.0-py3.10.egg-info/PKG-INFO
[19.617s] -- Up-to-date symlink: /home/ubuntu/CS_ws/install/utilities/local/lib/python3.10/dist-packages/utilities-0.0.0-py3.10.egg-info/SOURCES.txt
[19.618s] -- Up-to-date symlink: /home/ubuntu/CS_ws/install/utilities/local/lib/python3.10/dist-packages/utilities-0.0.0-py3.10.egg-info/dependency_links.txt
[19.619s] -- Up-to-date symlink: /home/ubuntu/CS_ws/install/utilities/local/lib/python3.10/dist-packages/utilities-0.0.0-py3.10.egg-info/top_level.txt
[19.650s] -- Up-to-date symlink: /home/ubuntu/CS_ws/install/utilities/local/lib/python3.10/dist-packages/utilities/__init__.py
[19.651s] -- Up-to-date symlink: /home/ubuntu/CS_ws/install/utilities/local/lib/python3.10/dist-packages/utilities/_utilities_s.ep.rosidl_typesupport_c.c
[19.651s] -- Up-to-date symlink: /home/ubuntu/CS_ws/install/utilities/local/lib/python3.10/dist-packages/utilities/_utilities_s.ep.rosidl_typesupport_fastrtps_c.c
[19.652s] -- Up-to-date symlink: /home/ubuntu/CS_ws/install/utilities/local/lib/python3.10/dist-packages/utilities/_utilities_s.ep.rosidl_typesupport_introspection_c.c
[19.653s] -- Up-to-date symlink: /home/ubuntu/CS_ws/install/utilities/local/lib/python3.10/dist-packages/utilities/libutilities__rosidl_generator_py.so
[19.654s] -- Up-to-date symlink: /home/ubuntu/CS_ws/install/utilities/local/lib/python3.10/dist-packages/utilities/srv/__init__.py
[19.655s] -- Up-to-date symlink: /home/ubuntu/CS_ws/install/utilities/local/lib/python3.10/dist-packages/utilities/srv/_string_command.py
[19.658s] -- Up-to-date symlink: /home/ubuntu/CS_ws/install/utilities/local/lib/python3.10/dist-packages/utilities/srv/_string_command_s.c
[19.662s] -- Up-to-date symlink: /home/ubuntu/CS_ws/install/utilities/local/lib/python3.10/dist-packages/utilities/utilities_s__rosidl_typesupport_c.cpython-310-x86_64-linux-gnu.so
[19.663s] -- Up-to-date symlink: /home/ubuntu/CS_ws/install/utilities/local/lib/python3.10/dist-packages/utilities/utilities_s__rosidl_typesupport_fastrtps_c.cpython-310-x86_64-linux-gnu.so
[19.664s] -- Up-to-date symlink: /home/ubuntu/CS_ws/install/utilities/local/lib/python3.10/dist-packages/utilities/utilities_s__rosidl_typesupport_introspection_c.cpython-310-x86_64-linux-gnu.so
[19.670s] -- Up-to-date symlink: /home/ubuntu/CS_ws/install/utilities/local/lib/python3.10/dist-packages/utilities/utilities_s__rosidl_typesupport_fastrtps_c.cpython-310-x86_64-linux-gnu.so
[19.670s] -- Up-to-date symlink: /home/ubuntu/CS_ws/install/utilities/local/lib/python3.10/dist-packages/utilities/utilities_s__rosidl_typesupport_introspection_c.cpython-310-x86_64-linux-gnu.so
[19.671s] -- Up-to-date symlink: /home/ubuntu/CS_ws/install/utilities/local/lib/python3.10/dist-packages/utilities/utilities_s__rosidl_typesupport_c.cpython-310-x86_64-linux-gnu.so
[19.676s] -- Up-to-date symlink: /home/ubuntu/CS_ws/install/utilities/share/utilities/srv/StringCommand.idl
[19.680s] -- Up-to-date symlink: /home/ubuntu/CS_ws/install/utilities/share/utilities/srv/StringCommand.srv
[19.684s] -- Up-to-date symlink: /home/ubuntu/CS_ws/install/utilities/share/utilities/srv/StringCommand_Request.msg
[19.684s] -- Up-to-date symlink: /home/ubuntu/CS_ws/install/utilities/share/utilities/srv/StringCommand_Response.msg
[19.684s] -- Up-to-date symlink: /home/ubuntu/CS_ws/install/utilities/share/ament_index/resource_index/package_run_dependencies/utilities
[19.685s] -- Up-to-date symlink: /home/ubuntu/CS_ws/install/utilities/share/ament_index/resource_index/parent_prefix_path/utilities
[19.696s] -- Up-to-date symlink: /home/ubuntu/CS_ws/install/utilities/share/utilities/environment/ament_prefix_path.sh
[19.699s] -- Up-to-date symlink: /home/ubuntu/CS_ws/install/utilities/share/utilities/environment/ament_prefix_path.dsv
[19.701s] -- Up-to-date symlink: /home/ubuntu/CS_ws/install/utilities/share/utilities/environment/path.sh
[19.755s] -- Up-to-date symlink: /home/ubuntu/CS_ws/install/utilities/share/utilities/environment/path.dsv
[19.755s] -- Up-to-date symlink: /home/ubuntu/CS_ws/install/utilities/share/utilities/local_setup.bash
[19.762s] -- Up-to-date symlink: /home/ubuntu/CS_ws/install/utilities/share/utilities/local_setup.sh
[19.764s] -- Up-to-date symlink: /home/ubuntu/CS_ws/install/utilities/share/utilities/local_setup.zsh
[19.764s] -- Up-to-date symlink: /home/ubuntu/CS_ws/install/utilities/share/utilities/local_setup.dsv
[19.764s] -- Symlinking: /home/ubuntu/CS_ws/install/utilities/share/utilities/package.dsv
[19.869s] -- Up-to-date symlink: /home/ubuntu/CS_ws/install/utilities/share/ament_index/resource_index/packages/utilities
[19.869s] -- Up-to-date symlink: /home/ubuntu/CS_ws/install/utilities/share/utilities/cmake/rosidl_cmake-extras.cmake
[19.872s] -- Up-to-date symlink: /home/ubuntu/CS_ws/install/utilities/share/utilities/cmake/ament_cmake_export_include_directories-extras.cmake
[19.875s] -- Up-to-date symlink: /home/ubuntu/CS_ws/install/utilities/share/utilities/cmake/ament_cmake_export_libraries-extras.cmake
[19.876s] -- Up-to-date symlink: /home/ubuntu/CS_ws/install/utilities/share/utilities/cmake/ament_cmake_export_targets-extras.cmake
[19.877s] -- Up-to-date symlink: /home/ubuntu/CS_ws/install/utilities/share/utilities/cmake/rosidl_cmake_export_typesupport_targets-extras.cmake
[19.877s] -- Up-to-date symlink: /home/ubuntu/CS_ws/install/utilities/share/utilities/cmake/ament_cmake_export_dependencies-extras.cmake
[19.878s] -- Up-to-date symlink: /home/ubuntu/CS_ws/install/utilities/share/utilities/cmake/rosidl_cmake_export_typesupport_libraries-extras.cmake
[19.879s] -- Up-to-date symlink: /home/ubuntu/CS_ws/install/utilities/share/utilities/cmake/utilitiesConfig.cmake
[19.882s] -- Up-to-date symlink: /home/ubuntu/CS_ws/install/utilities/share/utilities/cmake/utilitiesConfig-version.cmake
[19.882s] -- Up-to-date symlink: /home/ubuntu/CS_ws/install/utilities/share/utilities/package.xml
[19.899s] -- Up-to-date: /home/ubuntu/CS_ws/install/utilities/lib/libutilities__rosidl_generator_c.so
[19.911s] -- Up-to-date: /home/ubuntu/CS_ws/install/utilities/lib/libutilities__rosidl_typesupport_fastrtps_c.so
[19.916s] -- Up-to-date: /home/ubuntu/CS_ws/install/utilities/lib/libutilities__rosidl_typesupport_introspection_c.so
[19.917s] -- Up-to-date: /home/ubuntu/CS_ws/install/utilities/lib/libutilities__rosidl_typesupport_c.so
[19.917s] -- Up-to-date: /home/ubuntu/CS_ws/install/utilities/lib/libutilities__rosidl_typesupport_fastrtps_cpp.so
[19.936s] -- Up-to-date: /home/ubuntu/CS_ws/install/utilities/lib/libutilities__rosidl_typesupport_introspection_cpp.so
[19.938s] -- Up-to-date: /home/ubuntu/CS_ws/install/utilities/lib/libutilities__rosidl_typesupport_cpp.so
[20.259s] Listing '/home/ubuntu/CS_ws/install/utilities/local/lib/python3.10/dist-packages/utilities'...
[20.259s] Listing '/home/ubuntu/CS_ws/install/utilities/local/lib/python3.10/dist-packages/utilities/srv'...
[20.291s] -- Up-to-date: /home/ubuntu/CS_ws/install/utilities/lib/libutilities__rosidl_generator_py.so
[20.297s] -- Up-to-date: /home/ubuntu/CS_ws/install/utilities/share/utilities/cmake/export_utilities__rosidl_generator_cExport.cmake
[20.298s] -- Up-to-date: /home/ubuntu/CS_ws/install/utilities/share/utilities/cmake/export_utilities__rosidl_generator_cExport-noconfig.cmake
[20.299s] -- Up-to-date: /home/ubuntu/CS_ws/install/utilities/share/utilities/cmake/export_utilities__rosidl_typesupport_fastrtps_cExport.cmake
[20.299s] -- Up-to-date: /home/ubuntu/CS_ws/install/utilities/share/utilities/cmake/export_utilities__rosidl_typesupport_fastrtps_cExport-noconfig.cmake
[20.312s] -- Up-to-date: /home/ubuntu/CS_ws/install/utilities/share/utilities/cmake/utilities__rosidl_typesupport_introspection_cExport.cmake
[20.313s] -- Up-to-date: /home/ubuntu/CS_ws/install/utilities/share/utilities/cmake/utilities__rosidl_typesupport_introspection_cExport-noconfig.cmake
[20.317s] -- Up-to-date: /home/ubuntu/CS_ws/install/utilities/share/utilities/cmake/utilities__rosidl_typesupport_cExport.cmake
[20.318s] -- Up-to-date: /home/ubuntu/CS_ws/install/utilities/share/utilities/cmake/utilities__rosidl_typesupport_cExport-noconfig.cmake
[20.319s] -- Up-to-date: /home/ubuntu/CS_ws/install/utilities/share/utilities/cmake/export_utilities__rosidl_generator_cppExport.cmake
[20.320s] -- Up-to-date: /home/ubuntu/CS_ws/install/utilities/share/utilities/cmake/export_utilities__rosidl_typesupport_fastrtps_cppExport.cmake
[20.321s] -- Up-to-date: /home/ubuntu/CS_ws/install/utilities/share/utilities/cmake/export_utilities__rosidl_typesupport_fastrtps_cppExport-noconfig.cmake
[20.321s] -- Up-to-date: /home/ubuntu/CS_ws/install/utilities/share/utilities/cmake/utilities__rosidl_typesupport_introspection_cppExport.cmake
[20.321s] -- Up-to-date: /home/ubuntu/CS_ws/install/utilities/share/utilities/cmake/utilities__rosidl_typesupport_introspection_cppExport-noconfig.cmake
[20.349s] -- Up-to-date: /home/ubuntu/CS_ws/install/utilities/share/utilities/cmake/utilities__rosidl_typesupport_cppExport.cmake
[20.351s] -- Up-to-date: /home/ubuntu/CS_ws/install/utilities/share/utilities/cmake/utilities__rosidl_typesupport_cppExport-noconfig.cmake
[20.353s] -- Up-to-date: /home/ubuntu/CS_ws/install/utilities/share/utilities/cmake/export_utilities__rosidl_generator_pyExport.cmake
[20.353s] -- Up-to-date: /home/ubuntu/CS_ws/install/utilities/share/utilities/cmake/export_utilities__rosidl_generator_pyExport-noconfig.cmake
[20.372s] Invoked command in '/home/ubuntu/CS_ws/build/utilities' returned '0': CMAKE_PREFIX_PATH=${CMAKE_PREFIX_PATH}:/home/ubuntu/CS_ws/install/task_manager:/home/ubuntu/CS_ws/install/navigation:/home/ubuntu/CS_ws/install/command_input:/opt/ros/humble /usr/bin/cmake --install /home/ubuntu/CS_ws/build/utilities
