[3.330s] Invoking command in '/home/ubuntu/CS_ws/build/task_manager': PYTHONPATH=/home/ubuntu/CS_ws/build/task_manager/prefix_override:/usr/lib/python3/dist-packages/colcon_core/task/python/colcon_distutils_commands:/home/ubuntu/CS_ws/install/task_manager/lib/python3.10/site-packages:${PYTHONPATH} /usr/bin/python3 -W ignore:setup.py install is deprecated -W ignore:easy_install command is deprecated setup.py develop --editable --build-directory /home/ubuntu/CS_ws/build/task_manager/build --no-deps symlink_data --force
[3.846s] running develop
[4.178s] running egg_info
[4.179s] writing task_manager.egg-info/PKG-INFO
[4.179s] writing dependency_links to task_manager.egg-info/dependency_links.txt
[4.180s] writing entry points to task_manager.egg-info/entry_points.txt
[4.180s] writing requirements to task_manager.egg-info/requires.txt
[4.180s] writing top-level names to task_manager.egg-info/top_level.txt
[4.184s] reading manifest file 'task_manager.egg-info/SOURCES.txt'
[4.194s] writing manifest file 'task_manager.egg-info/SOURCES.txt'
[4.196s] running build_ext
[4.197s] Creating /home/ubuntu/CS_ws/install/task_manager/lib/python3.10/site-packages/task-manager.egg-link (link to .)
[4.198s] Installing task_manager script to /home/ubuntu/CS_ws/install/task_manager/lib/task_manager
[4.199s] 
[4.199s] Installed /home/ubuntu/CS_ws/build/task_manager
[4.199s] running symlink_data
[4.200s] symbolically linking /home/ubuntu/CS_ws/build/task_manager/resource/task_manager -> /home/ubuntu/CS_ws/install/task_manager/share/ament_index/resource_index/packages
[4.200s] symbolically linking /home/ubuntu/CS_ws/build/task_manager/package.xml -> /home/ubuntu/CS_ws/install/task_manager/share/task_manager
[4.200s] symbolically linking /home/ubuntu/CS_ws/build/task_manager/launch/simulation_launch.py -> /home/ubuntu/CS_ws/install/task_manager/share/task_manager/launch
[4.248s] Invoked command in '/home/ubuntu/CS_ws/build/task_manager' returned '0': PYTHONPATH=/home/ubuntu/CS_ws/build/task_manager/prefix_override:/usr/lib/python3/dist-packages/colcon_core/task/python/colcon_distutils_commands:/home/ubuntu/CS_ws/install/task_manager/lib/python3.10/site-packages:${PYTHONPATH} /usr/bin/python3 -W ignore:setup.py install is deprecated -W ignore:easy_install command is deprecated setup.py develop --editable --build-directory /home/ubuntu/CS_ws/build/task_manager/build --no-deps symlink_data --force
