[0.047s] Invoking command in '/home/ubuntu/CS_ws/build/turtlebot3_manipulation': CMAKE_PREFIX_PATH=/home/ubuntu/CS_ws/install/turtlebot3_manipulation_teleop:/home/ubuntu/CS_ws/install/turtlebot3_manipulation_moveit_config:/home/ubuntu/CS_ws/install/turtlebot3_manipulation_bringup:/home/ubuntu/CS_ws/install/turtlebot3_manipulation_navigation2:/home/ubuntu/CS_ws/install/turtlebot3_manipulation_hardware:/home/ubuntu/CS_ws/install/turtlebot3_manipulation_description:/home/ubuntu/CS_ws/install/turtlebot3_manipulation_cartographer:/home/ubuntu/CS_ws/install/turtlebot3_manipulation:/home/ubuntu/CS_ws/install/task_manager:/opt/ros/humble /usr/bin/cmake --build /home/ubuntu/CS_ws/build/turtlebot3_manipulation -- -j8 -l8
[0.142s] Invoked command in '/home/ubuntu/CS_ws/build/turtlebot3_manipulation' returned '0': CMAKE_PREFIX_PATH=/home/ubuntu/CS_ws/install/turtlebot3_manipulation_teleop:/home/ubuntu/CS_ws/install/turtlebot3_manipulation_moveit_config:/home/ubuntu/CS_ws/install/turtlebot3_manipulation_bringup:/home/ubuntu/CS_ws/install/turtlebot3_manipulation_navigation2:/home/ubuntu/CS_ws/install/turtlebot3_manipulation_hardware:/home/ubuntu/CS_ws/install/turtlebot3_manipulation_description:/home/ubuntu/CS_ws/install/turtlebot3_manipulation_cartographer:/home/ubuntu/CS_ws/install/turtlebot3_manipulation:/home/ubuntu/CS_ws/install/task_manager:/opt/ros/humble /usr/bin/cmake --build /home/ubuntu/CS_ws/build/turtlebot3_manipulation -- -j8 -l8
[0.147s] Invoking command in '/home/ubuntu/CS_ws/build/turtlebot3_manipulation': CMAKE_PREFIX_PATH=/home/ubuntu/CS_ws/install/turtlebot3_manipulation_teleop:/home/ubuntu/CS_ws/install/turtlebot3_manipulation_moveit_config:/home/ubuntu/CS_ws/install/turtlebot3_manipulation_bringup:/home/ubuntu/CS_ws/install/turtlebot3_manipulation_navigation2:/home/ubuntu/CS_ws/install/turtlebot3_manipulation_hardware:/home/ubuntu/CS_ws/install/turtlebot3_manipulation_description:/home/ubuntu/CS_ws/install/turtlebot3_manipulation_cartographer:/home/ubuntu/CS_ws/install/turtlebot3_manipulation:/home/ubuntu/CS_ws/install/task_manager:/opt/ros/humble /usr/bin/cmake --install /home/ubuntu/CS_ws/build/turtlebot3_manipulation
[0.170s] -- Install configuration: ""
[0.172s] -- Execute custom install script
[0.173s] -- Up-to-date symlink: /home/ubuntu/CS_ws/install/turtlebot3_manipulation/share/ament_index/resource_index/package_run_dependencies/turtlebot3_manipulation
[0.174s] -- Up-to-date symlink: /home/ubuntu/CS_ws/install/turtlebot3_manipulation/share/ament_index/resource_index/parent_prefix_path/turtlebot3_manipulation
[0.176s] -- Up-to-date symlink: /home/ubuntu/CS_ws/install/turtlebot3_manipulation/share/turtlebot3_manipulation/environment/ament_prefix_path.sh
[0.177s] -- Up-to-date symlink: /home/ubuntu/CS_ws/install/turtlebot3_manipulation/share/turtlebot3_manipulation/environment/ament_prefix_path.dsv
[0.177s] -- Up-to-date symlink: /home/ubuntu/CS_ws/install/turtlebot3_manipulation/share/turtlebot3_manipulation/environment/path.sh
[0.178s] -- Up-to-date symlink: /home/ubuntu/CS_ws/install/turtlebot3_manipulation/share/turtlebot3_manipulation/environment/path.dsv
[0.179s] -- Up-to-date symlink: /home/ubuntu/CS_ws/install/turtlebot3_manipulation/share/turtlebot3_manipulation/local_setup.bash
[0.179s] -- Up-to-date symlink: /home/ubuntu/CS_ws/install/turtlebot3_manipulation/share/turtlebot3_manipulation/local_setup.sh
[0.180s] -- Up-to-date symlink: /home/ubuntu/CS_ws/install/turtlebot3_manipulation/share/turtlebot3_manipulation/local_setup.zsh
[0.181s] -- Up-to-date symlink: /home/ubuntu/CS_ws/install/turtlebot3_manipulation/share/turtlebot3_manipulation/local_setup.dsv
[0.181s] -- Symlinking: /home/ubuntu/CS_ws/install/turtlebot3_manipulation/share/turtlebot3_manipulation/package.dsv
[0.202s] -- Up-to-date symlink: /home/ubuntu/CS_ws/install/turtlebot3_manipulation/share/ament_index/resource_index/packages/turtlebot3_manipulation
[0.202s] -- Up-to-date symlink: /home/ubuntu/CS_ws/install/turtlebot3_manipulation/share/turtlebot3_manipulation/cmake/turtlebot3_manipulationConfig.cmake
[0.203s] -- Up-to-date symlink: /home/ubuntu/CS_ws/install/turtlebot3_manipulation/share/turtlebot3_manipulation/cmake/turtlebot3_manipulationConfig-version.cmake
[0.204s] -- Up-to-date symlink: /home/ubuntu/CS_ws/install/turtlebot3_manipulation/share/turtlebot3_manipulation/package.xml
[0.209s] Invoked command in '/home/ubuntu/CS_ws/build/turtlebot3_manipulation' returned '0': CMAKE_PREFIX_PATH=/home/ubuntu/CS_ws/install/turtlebot3_manipulation_teleop:/home/ubuntu/CS_ws/install/turtlebot3_manipulation_moveit_config:/home/ubuntu/CS_ws/install/turtlebot3_manipulation_bringup:/home/ubuntu/CS_ws/install/turtlebot3_manipulation_navigation2:/home/ubuntu/CS_ws/install/turtlebot3_manipulation_hardware:/home/ubuntu/CS_ws/install/turtlebot3_manipulation_description:/home/ubuntu/CS_ws/install/turtlebot3_manipulation_cartographer:/home/ubuntu/CS_ws/install/turtlebot3_manipulation:/home/ubuntu/CS_ws/install/task_manager:/opt/ros/humble /usr/bin/cmake --install /home/ubuntu/CS_ws/build/turtlebot3_manipulation
