[4.828s] Invoking command in '/home/ubuntu/CS_ws/src/task_manager': PYTHONPATH=/home/ubuntu/CS_ws/build/task_manager/prefix_override:/usr/lib/python3/dist-packages/colcon_core/task/python/colcon_distutils_commands:/home/ubuntu/CS_ws/install/task_manager/lib/python3.10/site-packages:${PYTHONPATH} /usr/bin/python3 -W ignore:setup.py install is deprecated -W ignore:easy_install command is deprecated setup.py egg_info --egg-base ../../build/task_manager build --build-base /home/ubuntu/CS_ws/build/task_manager/build install --record /home/ubuntu/CS_ws/build/task_manager/install.log --single-version-externally-managed install_data
[6.231s] running egg_info
[6.234s] writing ../../build/task_manager/task_manager.egg-info/PKG-INFO
[6.234s] writing dependency_links to ../../build/task_manager/task_manager.egg-info/dependency_links.txt
[6.242s] writing entry points to ../../build/task_manager/task_manager.egg-info/entry_points.txt
[6.242s] writing requirements to ../../build/task_manager/task_manager.egg-info/requires.txt
[6.243s] writing top-level names to ../../build/task_manager/task_manager.egg-info/top_level.txt
[6.248s] reading manifest file '../../build/task_manager/task_manager.egg-info/SOURCES.txt'
[6.253s] writing manifest file '../../build/task_manager/task_manager.egg-info/SOURCES.txt'
[6.255s] running build
[6.255s] running build_py
[6.257s] copying task_manager/task_manager.py -> /home/ubuntu/CS_ws/build/task_manager/build/lib/task_manager
[6.258s] running install
[6.260s] running install_lib
[6.263s] copying /home/ubuntu/CS_ws/build/task_manager/build/lib/task_manager/task_manager.py -> /home/ubuntu/CS_ws/install/task_manager/lib/python3.10/site-packages/task_manager
[6.265s] byte-compiling /home/ubuntu/CS_ws/install/task_manager/lib/python3.10/site-packages/task_manager/task_manager.py to task_manager.cpython-310.pyc
[6.271s] running install_data
[6.271s] running install_egg_info
[6.276s] removing '/home/ubuntu/CS_ws/install/task_manager/lib/python3.10/site-packages/task_manager-0.0.0-py3.10.egg-info' (and everything under it)
[6.278s] Copying ../../build/task_manager/task_manager.egg-info to /home/ubuntu/CS_ws/install/task_manager/lib/python3.10/site-packages/task_manager-0.0.0-py3.10.egg-info
[6.287s] running install_scripts
[6.371s] Installing task_manager script to /home/ubuntu/CS_ws/install/task_manager/lib/task_manager
[6.373s] writing list of installed files to '/home/ubuntu/CS_ws/build/task_manager/install.log'
[6.481s] Invoked command in '/home/ubuntu/CS_ws/src/task_manager' returned '0': PYTHONPATH=/home/ubuntu/CS_ws/build/task_manager/prefix_override:/usr/lib/python3/dist-packages/colcon_core/task/python/colcon_distutils_commands:/home/ubuntu/CS_ws/install/task_manager/lib/python3.10/site-packages:${PYTHONPATH} /usr/bin/python3 -W ignore:setup.py install is deprecated -W ignore:easy_install command is deprecated setup.py egg_info --egg-base ../../build/task_manager build --build-base /home/ubuntu/CS_ws/build/task_manager/build install --record /home/ubuntu/CS_ws/build/task_manager/install.log --single-version-externally-managed install_data
