[0.124s] Invoking command in '/home/ubuntu/CS_ws/build/turtlebot3_manipulation_description': CMAKE_PREFIX_PATH=/opt/ros/humble /usr/bin/cmake --build /home/ubuntu/CS_ws/build/turtlebot3_manipulation_description -- -j8 -l8
[0.490s] Invoked command in '/home/ubuntu/CS_ws/build/turtlebot3_manipulation_description' returned '0': CMAKE_PREFIX_PATH=/opt/ros/humble /usr/bin/cmake --build /home/ubuntu/CS_ws/build/turtlebot3_manipulation_description -- -j8 -l8
[0.522s] Invoking command in '/home/ubuntu/CS_ws/build/turtlebot3_manipulation_description': CMAKE_PREFIX_PATH=/opt/ros/humble /usr/bin/cmake --install /home/ubuntu/CS_ws/build/turtlebot3_manipulation_description
[0.555s] -- Install configuration: ""
[0.556s] -- Execute custom install script
[0.568s] -- Symlinking: /home/ubuntu/CS_ws/install/turtlebot3_manipulation_description/share/turtlebot3_manipulation_description/launch/model.launch.py
[0.601s] -- Symlinking: /home/ubuntu/CS_ws/install/turtlebot3_manipulation_description/share/turtlebot3_manipulation_description/rviz/model.rviz
[0.637s] -- Symlinking: /home/ubuntu/CS_ws/install/turtlebot3_manipulation_description/share/turtlebot3_manipulation_description/urdf/open_manipulator_x.urdf.xacro
[0.666s] -- Symlinking: /home/ubuntu/CS_ws/install/turtlebot3_manipulation_description/share/turtlebot3_manipulation_description/urdf/turtlebot3_manipulation.urdf.xacro
[0.699s] -- Symlinking: /home/ubuntu/CS_ws/install/turtlebot3_manipulation_description/share/turtlebot3_manipulation_description/urdf/turtlebot3_waffle_pi.urdf.xacro
[0.729s] -- Symlinking: /home/ubuntu/CS_ws/install/turtlebot3_manipulation_description/share/turtlebot3_manipulation_description/gazebo/materials.xacro
[0.750s] -- Symlinking: /home/ubuntu/CS_ws/install/turtlebot3_manipulation_description/share/turtlebot3_manipulation_description/gazebo/open_manipulator_x.gazebo.xacro
[0.777s] -- Symlinking: /home/ubuntu/CS_ws/install/turtlebot3_manipulation_description/share/turtlebot3_manipulation_description/gazebo/turtlebot3_waffle_pi.gazebo.xacro
[0.812s] -- Symlinking: /home/ubuntu/CS_ws/install/turtlebot3_manipulation_description/share/turtlebot3_manipulation_description/meshes/open_manipulator_x/gripper_left_palm.stl
[0.841s] -- Symlinking: /home/ubuntu/CS_ws/install/turtlebot3_manipulation_description/share/turtlebot3_manipulation_description/meshes/open_manipulator_x/gripper_right_palm.stl
[0.870s] -- Symlinking: /home/ubuntu/CS_ws/install/turtlebot3_manipulation_description/share/turtlebot3_manipulation_description/meshes/open_manipulator_x/link1.stl
[0.904s] -- Symlinking: /home/ubuntu/CS_ws/install/turtlebot3_manipulation_description/share/turtlebot3_manipulation_description/meshes/open_manipulator_x/link2.stl
[0.938s] -- Symlinking: /home/ubuntu/CS_ws/install/turtlebot3_manipulation_description/share/turtlebot3_manipulation_description/meshes/open_manipulator_x/link3.stl
[0.970s] -- Symlinking: /home/ubuntu/CS_ws/install/turtlebot3_manipulation_description/share/turtlebot3_manipulation_description/meshes/open_manipulator_x/link4.stl
[1.007s] -- Symlinking: /home/ubuntu/CS_ws/install/turtlebot3_manipulation_description/share/turtlebot3_manipulation_description/meshes/open_manipulator_x/link5.stl
[1.034s] -- Symlinking: /home/ubuntu/CS_ws/install/turtlebot3_manipulation_description/share/turtlebot3_manipulation_description/meshes/turtlebot3_waffle_pi/base.stl
[1.059s] -- Symlinking: /home/ubuntu/CS_ws/install/turtlebot3_manipulation_description/share/turtlebot3_manipulation_description/meshes/turtlebot3_waffle_pi/ladar.stl
[1.082s] -- Symlinking: /home/ubuntu/CS_ws/install/turtlebot3_manipulation_description/share/turtlebot3_manipulation_description/meshes/turtlebot3_waffle_pi/left_tire.stl
[1.141s] -- Symlinking: /home/ubuntu/CS_ws/install/turtlebot3_manipulation_description/share/turtlebot3_manipulation_description/meshes/turtlebot3_waffle_pi/right_tire.stl
[1.166s] -- Symlinking: /home/ubuntu/CS_ws/install/turtlebot3_manipulation_description/share/turtlebot3_manipulation_description/ros2_control/turtlebot3_manipulation_system.ros2_control.xacro
[1.189s] -- Symlinking: /home/ubuntu/CS_ws/install/turtlebot3_manipulation_description/share/turtlebot3_manipulation_description/environment/turtlebot3_manipulation_description.dsv
[1.241s] -- Symlinking: /home/ubuntu/CS_ws/install/turtlebot3_manipulation_description/share/ament_index/resource_index/package_run_dependencies/turtlebot3_manipulation_description
[1.279s] -- Symlinking: /home/ubuntu/CS_ws/install/turtlebot3_manipulation_description/share/ament_index/resource_index/parent_prefix_path/turtlebot3_manipulation_description
[1.316s] -- Symlinking: /home/ubuntu/CS_ws/install/turtlebot3_manipulation_description/share/turtlebot3_manipulation_description/environment/ament_prefix_path.sh
[1.357s] -- Symlinking: /home/ubuntu/CS_ws/install/turtlebot3_manipulation_description/share/turtlebot3_manipulation_description/environment/ament_prefix_path.dsv
[1.386s] -- Symlinking: /home/ubuntu/CS_ws/install/turtlebot3_manipulation_description/share/turtlebot3_manipulation_description/environment/path.sh
[1.414s] -- Symlinking: /home/ubuntu/CS_ws/install/turtlebot3_manipulation_description/share/turtlebot3_manipulation_description/environment/path.dsv
[1.450s] -- Symlinking: /home/ubuntu/CS_ws/install/turtlebot3_manipulation_description/share/turtlebot3_manipulation_description/local_setup.bash
[1.477s] -- Symlinking: /home/ubuntu/CS_ws/install/turtlebot3_manipulation_description/share/turtlebot3_manipulation_description/local_setup.sh
[1.501s] -- Symlinking: /home/ubuntu/CS_ws/install/turtlebot3_manipulation_description/share/turtlebot3_manipulation_description/local_setup.zsh
[1.543s] -- Symlinking: /home/ubuntu/CS_ws/install/turtlebot3_manipulation_description/share/turtlebot3_manipulation_description/local_setup.dsv
[1.583s] -- Symlinking: /home/ubuntu/CS_ws/install/turtlebot3_manipulation_description/share/turtlebot3_manipulation_description/package.dsv
[1.623s] -- Symlinking: /home/ubuntu/CS_ws/install/turtlebot3_manipulation_description/share/ament_index/resource_index/packages/turtlebot3_manipulation_description
[1.662s] -- Symlinking: /home/ubuntu/CS_ws/install/turtlebot3_manipulation_description/share/turtlebot3_manipulation_description/cmake/turtlebot3_manipulation_descriptionConfig.cmake
[1.700s] -- Symlinking: /home/ubuntu/CS_ws/install/turtlebot3_manipulation_description/share/turtlebot3_manipulation_description/cmake/turtlebot3_manipulation_descriptionConfig-version.cmake
[1.739s] -- Symlinking: /home/ubuntu/CS_ws/install/turtlebot3_manipulation_description/share/turtlebot3_manipulation_description/package.xml
[1.774s] Invoked command in '/home/ubuntu/CS_ws/build/turtlebot3_manipulation_description' returned '0': CMAKE_PREFIX_PATH=/opt/ros/humble /usr/bin/cmake --install /home/ubuntu/CS_ws/build/turtlebot3_manipulation_description
