running develop
Removing /home/ubuntu/CS_ws/install/task_manager/lib/python3.10/site-packages/task-manager.egg-link (link to .)
running egg_info
writing ../../build/task_manager/task_manager.egg-info/PKG-INFO
writing dependency_links to ../../build/task_manager/task_manager.egg-info/dependency_links.txt
writing entry points to ../../build/task_manager/task_manager.egg-info/entry_points.txt
writing requirements to ../../build/task_manager/task_manager.egg-info/requires.txt
writing top-level names to ../../build/task_manager/task_manager.egg-info/top_level.txt
reading manifest file '../../build/task_manager/task_manager.egg-info/SOURCES.txt'
writing manifest file '../../build/task_manager/task_manager.egg-info/SOURCES.txt'
running build
running build_py
copying task_manager/task_manager.py -> /home/ubuntu/CS_ws/build/task_manager/build/lib/task_manager
running install
running install_lib
creating /home/ubuntu/CS_ws/install/task_manager/lib/python3.10/site-packages/task_manager
copying /home/ubuntu/CS_ws/build/task_manager/build/lib/task_manager/__init__.py -> /home/ubuntu/CS_ws/install/task_manager/lib/python3.10/site-packages/task_manager
copying /home/ubuntu/CS_ws/build/task_manager/build/lib/task_manager/task_manager.py -> /home/ubuntu/CS_ws/install/task_manager/lib/python3.10/site-packages/task_manager
byte-compiling /home/ubuntu/CS_ws/install/task_manager/lib/python3.10/site-packages/task_manager/__init__.py to __init__.cpython-310.pyc
byte-compiling /home/ubuntu/CS_ws/install/task_manager/lib/python3.10/site-packages/task_manager/task_manager.py to task_manager.cpython-310.pyc
running install_data
copying resource/task_manager -> /home/ubuntu/CS_ws/install/task_manager/share/ament_index/resource_index/packages
copying package.xml -> /home/ubuntu/CS_ws/install/task_manager/share/task_manager
copying launch/simulation_launch.py -> /home/ubuntu/CS_ws/install/task_manager/share/task_manager/launch
running install_egg_info
Copying ../../build/task_manager/task_manager.egg-info to /home/ubuntu/CS_ws/install/task_manager/lib/python3.10/site-packages/task_manager-0.0.0-py3.10.egg-info
running install_scripts
Installing task_manager script to /home/ubuntu/CS_ws/install/task_manager/lib/task_manager
writing list of installed files to '/home/ubuntu/CS_ws/build/task_manager/install.log'
