[0.678s] DEBUG:colcon:Command line arguments: ['/usr/bin/colcon', 'build', '--packages-select', 'task_manager']
[0.679s] DEBUG:colcon:Parsed command line arguments: Namespace(log_base=None, log_level=None, verb_name='build', build_base='build', install_base='install', merge_install=False, symlink_install=False, test_result_base=None, continue_on_error=False, executor='parallel', parallel_workers=8, event_handlers=None, ignore_user_meta=False, metas=['./colcon.meta'], base_paths=['.'], packages_ignore=None, packages_ignore_regex=None, paths=None, packages_up_to=None, packages_up_to_regex=None, packages_above=None, packages_above_and_dependencies=None, packages_above_depth=None, packages_select_by_dep=None, packages_skip_by_dep=None, packages_skip_up_to=None, packages_select_build_failed=False, packages_skip_build_finished=False, packages_select_test_failures=False, packages_skip_test_passed=False, packages_select=['task_manager'], packages_skip=None, packages_select_regex=None, packages_skip_regex=None, packages_start=None, packages_end=None, allow_overriding=[], cmake_args=None, cmake_target=None, cmake_target_skip_unavailable=False, cmake_clean_cache=False, cmake_clean_first=False, cmake_force_configure=False, ament_cmake_args=None, catkin_cmake_args=None, catkin_skip_building_tests=False, verb_parser=<colcon_defaults.argument_parser.defaults.DefaultArgumentsDecorator object at 0x7f9245054fd0>, verb_extension=<colcon_core.verb.build.BuildVerb object at 0x7f9245156470>, main=<bound method BuildVerb.main of <colcon_core.verb.build.BuildVerb object at 0x7f9245156470>>)
[1.804s] Level 1:colcon.colcon_core.package_discovery:discover_packages(colcon_meta) check parameters
[1.807s] Level 1:colcon.colcon_core.package_discovery:discover_packages(recursive) check parameters
[1.809s] Level 1:colcon.colcon_core.package_discovery:discover_packages(ignore) check parameters
[1.810s] Level 1:colcon.colcon_core.package_discovery:discover_packages(path) check parameters
[1.810s] Level 1:colcon.colcon_core.package_discovery:discover_packages(colcon_meta) discover
[1.811s] Level 1:colcon.colcon_core.package_discovery:discover_packages(recursive) discover
[1.812s] INFO:colcon.colcon_core.package_discovery:Crawling recursively for packages in '/home/ubuntu/CS_ws'
[1.813s] Level 1:colcon.colcon_core.package_identification:_identify(.) by extensions ['ignore', 'ignore_ament_install']
[1.814s] Level 1:colcon.colcon_core.package_identification:_identify(.) by extension 'ignore'
[1.815s] Level 1:colcon.colcon_core.package_identification:_identify(.) by extension 'ignore_ament_install'
[1.816s] Level 1:colcon.colcon_core.package_identification:_identify(.) by extensions ['colcon_pkg']
[1.816s] Level 1:colcon.colcon_core.package_identification:_identify(.) by extension 'colcon_pkg'
[1.817s] Level 1:colcon.colcon_core.package_identification:_identify(.) by extensions ['colcon_meta']
[1.818s] Level 1:colcon.colcon_core.package_identification:_identify(.) by extension 'colcon_meta'
[1.818s] Level 1:colcon.colcon_core.package_identification:_identify(.) by extensions ['ros']
[1.819s] Level 1:colcon.colcon_core.package_identification:_identify(.) by extension 'ros'
[1.871s] Level 1:colcon.colcon_core.package_identification:_identify(.) by extensions ['cmake', 'python']
[1.872s] Level 1:colcon.colcon_core.package_identification:_identify(.) by extension 'cmake'
[1.872s] Level 1:colcon.colcon_core.package_identification:_identify(.) by extension 'python'
[1.873s] Level 1:colcon.colcon_core.package_identification:_identify(.) by extensions ['python_setup_py']
[1.874s] Level 1:colcon.colcon_core.package_identification:_identify(.) by extension 'python_setup_py'
[1.875s] Level 1:colcon.colcon_core.package_identification:_identify(build) by extensions ['ignore', 'ignore_ament_install']
[1.875s] Level 1:colcon.colcon_core.package_identification:_identify(build) by extension 'ignore'
[1.876s] Level 1:colcon.colcon_core.package_identification:_identify(build) ignored
[1.877s] Level 1:colcon.colcon_core.package_identification:_identify(install) by extensions ['ignore', 'ignore_ament_install']
[1.878s] Level 1:colcon.colcon_core.package_identification:_identify(install) by extension 'ignore'
[1.878s] Level 1:colcon.colcon_core.package_identification:_identify(install) ignored
[1.879s] Level 1:colcon.colcon_core.package_identification:_identify(log) by extensions ['ignore', 'ignore_ament_install']
[1.880s] Level 1:colcon.colcon_core.package_identification:_identify(log) by extension 'ignore'
[1.881s] Level 1:colcon.colcon_core.package_identification:_identify(log) ignored
[1.881s] Level 1:colcon.colcon_core.package_identification:_identify(src) by extensions ['ignore', 'ignore_ament_install']
[1.882s] Level 1:colcon.colcon_core.package_identification:_identify(src) by extension 'ignore'
[1.882s] Level 1:colcon.colcon_core.package_identification:_identify(src) by extension 'ignore_ament_install'
[1.882s] Level 1:colcon.colcon_core.package_identification:_identify(src) by extensions ['colcon_pkg']
[1.882s] Level 1:colcon.colcon_core.package_identification:_identify(src) by extension 'colcon_pkg'
[1.883s] Level 1:colcon.colcon_core.package_identification:_identify(src) by extensions ['colcon_meta']
[1.883s] Level 1:colcon.colcon_core.package_identification:_identify(src) by extension 'colcon_meta'
[1.883s] Level 1:colcon.colcon_core.package_identification:_identify(src) by extensions ['ros']
[1.883s] Level 1:colcon.colcon_core.package_identification:_identify(src) by extension 'ros'
[1.884s] Level 1:colcon.colcon_core.package_identification:_identify(src) by extensions ['cmake', 'python']
[1.884s] Level 1:colcon.colcon_core.package_identification:_identify(src) by extension 'cmake'
[1.885s] Level 1:colcon.colcon_core.package_identification:_identify(src) by extension 'python'
[1.885s] Level 1:colcon.colcon_core.package_identification:_identify(src) by extensions ['python_setup_py']
[1.885s] Level 1:colcon.colcon_core.package_identification:_identify(src) by extension 'python_setup_py'
[1.886s] Level 1:colcon.colcon_core.package_identification:_identify(src/command_input) by extensions ['ignore', 'ignore_ament_install']
[1.886s] Level 1:colcon.colcon_core.package_identification:_identify(src/command_input) by extension 'ignore'
[1.886s] Level 1:colcon.colcon_core.package_identification:_identify(src/command_input) by extension 'ignore_ament_install'
[1.887s] Level 1:colcon.colcon_core.package_identification:_identify(src/command_input) by extensions ['colcon_pkg']
[1.887s] Level 1:colcon.colcon_core.package_identification:_identify(src/command_input) by extension 'colcon_pkg'
[1.887s] Level 1:colcon.colcon_core.package_identification:_identify(src/command_input) by extensions ['colcon_meta']
[1.887s] Level 1:colcon.colcon_core.package_identification:_identify(src/command_input) by extension 'colcon_meta'
[1.887s] Level 1:colcon.colcon_core.package_identification:_identify(src/command_input) by extensions ['ros']
[1.888s] Level 1:colcon.colcon_core.package_identification:_identify(src/command_input) by extension 'ros'
[1.899s] DEBUG:colcon.colcon_core.package_identification:Package 'src/command_input' with type 'ros.ament_python' and name 'command_input'
[1.899s] Level 1:colcon.colcon_core.package_identification:_identify(src/navigation) by extensions ['ignore', 'ignore_ament_install']
[1.900s] Level 1:colcon.colcon_core.package_identification:_identify(src/navigation) by extension 'ignore'
[1.900s] Level 1:colcon.colcon_core.package_identification:_identify(src/navigation) by extension 'ignore_ament_install'
[1.900s] Level 1:colcon.colcon_core.package_identification:_identify(src/navigation) by extensions ['colcon_pkg']
[1.900s] Level 1:colcon.colcon_core.package_identification:_identify(src/navigation) by extension 'colcon_pkg'
[1.901s] Level 1:colcon.colcon_core.package_identification:_identify(src/navigation) by extensions ['colcon_meta']
[1.901s] Level 1:colcon.colcon_core.package_identification:_identify(src/navigation) by extension 'colcon_meta'
[1.901s] Level 1:colcon.colcon_core.package_identification:_identify(src/navigation) by extensions ['ros']
[1.901s] Level 1:colcon.colcon_core.package_identification:_identify(src/navigation) by extension 'ros'
[1.904s] DEBUG:colcon.colcon_core.package_identification:Package 'src/navigation' with type 'ros.ament_python' and name 'navigation'
[1.905s] Level 1:colcon.colcon_core.package_identification:_identify(src/task_manager) by extensions ['ignore', 'ignore_ament_install']
[1.906s] Level 1:colcon.colcon_core.package_identification:_identify(src/task_manager) by extension 'ignore'
[1.906s] Level 1:colcon.colcon_core.package_identification:_identify(src/task_manager) by extension 'ignore_ament_install'
[1.907s] Level 1:colcon.colcon_core.package_identification:_identify(src/task_manager) by extensions ['colcon_pkg']
[1.907s] Level 1:colcon.colcon_core.package_identification:_identify(src/task_manager) by extension 'colcon_pkg'
[1.908s] Level 1:colcon.colcon_core.package_identification:_identify(src/task_manager) by extensions ['colcon_meta']
[1.909s] Level 1:colcon.colcon_core.package_identification:_identify(src/task_manager) by extension 'colcon_meta'
[1.909s] Level 1:colcon.colcon_core.package_identification:_identify(src/task_manager) by extensions ['ros']
[1.909s] Level 1:colcon.colcon_core.package_identification:_identify(src/task_manager) by extension 'ros'
[1.914s] DEBUG:colcon.colcon_core.package_identification:Package 'src/task_manager' with type 'ros.ament_python' and name 'task_manager'
[1.914s] Level 1:colcon.colcon_core.package_identification:_identify(src/turtlebot3_manipulation) by extensions ['ignore', 'ignore_ament_install']
[1.915s] Level 1:colcon.colcon_core.package_identification:_identify(src/turtlebot3_manipulation) by extension 'ignore'
[1.915s] Level 1:colcon.colcon_core.package_identification:_identify(src/turtlebot3_manipulation) by extension 'ignore_ament_install'
[1.915s] Level 1:colcon.colcon_core.package_identification:_identify(src/turtlebot3_manipulation) by extensions ['colcon_pkg']
[1.915s] Level 1:colcon.colcon_core.package_identification:_identify(src/turtlebot3_manipulation) by extension 'colcon_pkg'
[1.916s] Level 1:colcon.colcon_core.package_identification:_identify(src/turtlebot3_manipulation) by extensions ['colcon_meta']
[1.916s] Level 1:colcon.colcon_core.package_identification:_identify(src/turtlebot3_manipulation) by extension 'colcon_meta'
[1.916s] Level 1:colcon.colcon_core.package_identification:_identify(src/turtlebot3_manipulation) by extensions ['ros']
[1.916s] Level 1:colcon.colcon_core.package_identification:_identify(src/turtlebot3_manipulation) by extension 'ros'
[1.916s] Level 1:colcon.colcon_core.package_identification:_identify(src/turtlebot3_manipulation) by extensions ['cmake', 'python']
[1.916s] Level 1:colcon.colcon_core.package_identification:_identify(src/turtlebot3_manipulation) by extension 'cmake'
[1.917s] Level 1:colcon.colcon_core.package_identification:_identify(src/turtlebot3_manipulation) by extension 'python'
[1.917s] Level 1:colcon.colcon_core.package_identification:_identify(src/turtlebot3_manipulation) by extensions ['python_setup_py']
[1.917s] Level 1:colcon.colcon_core.package_identification:_identify(src/turtlebot3_manipulation) by extension 'python_setup_py'
[1.917s] Level 1:colcon.colcon_core.package_identification:_identify(src/turtlebot3_manipulation/turtlebot3_manipulation) by extensions ['ignore', 'ignore_ament_install']
[1.918s] Level 1:colcon.colcon_core.package_identification:_identify(src/turtlebot3_manipulation/turtlebot3_manipulation) by extension 'ignore'
[1.918s] Level 1:colcon.colcon_core.package_identification:_identify(src/turtlebot3_manipulation/turtlebot3_manipulation) by extension 'ignore_ament_install'
[1.918s] Level 1:colcon.colcon_core.package_identification:_identify(src/turtlebot3_manipulation/turtlebot3_manipulation) by extensions ['colcon_pkg']
[1.918s] Level 1:colcon.colcon_core.package_identification:_identify(src/turtlebot3_manipulation/turtlebot3_manipulation) by extension 'colcon_pkg'
[1.919s] Level 1:colcon.colcon_core.package_identification:_identify(src/turtlebot3_manipulation/turtlebot3_manipulation) by extensions ['colcon_meta']
[1.919s] Level 1:colcon.colcon_core.package_identification:_identify(src/turtlebot3_manipulation/turtlebot3_manipulation) by extension 'colcon_meta'
[1.919s] Level 1:colcon.colcon_core.package_identification:_identify(src/turtlebot3_manipulation/turtlebot3_manipulation) by extensions ['ros']
[1.919s] Level 1:colcon.colcon_core.package_identification:_identify(src/turtlebot3_manipulation/turtlebot3_manipulation) by extension 'ros'
[1.922s] DEBUG:colcon.colcon_core.package_identification:Package 'src/turtlebot3_manipulation/turtlebot3_manipulation' with type 'ros.ament_cmake' and name 'turtlebot3_manipulation'
[1.923s] Level 1:colcon.colcon_core.package_identification:_identify(src/turtlebot3_manipulation/turtlebot3_manipulation_bringup) by extensions ['ignore', 'ignore_ament_install']
[1.926s] Level 1:colcon.colcon_core.package_identification:_identify(src/turtlebot3_manipulation/turtlebot3_manipulation_bringup) by extension 'ignore'
[1.927s] Level 1:colcon.colcon_core.package_identification:_identify(src/turtlebot3_manipulation/turtlebot3_manipulation_bringup) by extension 'ignore_ament_install'
[1.927s] Level 1:colcon.colcon_core.package_identification:_identify(src/turtlebot3_manipulation/turtlebot3_manipulation_bringup) by extensions ['colcon_pkg']
[1.927s] Level 1:colcon.colcon_core.package_identification:_identify(src/turtlebot3_manipulation/turtlebot3_manipulation_bringup) by extension 'colcon_pkg'
[1.928s] Level 1:colcon.colcon_core.package_identification:_identify(src/turtlebot3_manipulation/turtlebot3_manipulation_bringup) by extensions ['colcon_meta']
[1.928s] Level 1:colcon.colcon_core.package_identification:_identify(src/turtlebot3_manipulation/turtlebot3_manipulation_bringup) by extension 'colcon_meta'
[1.928s] Level 1:colcon.colcon_core.package_identification:_identify(src/turtlebot3_manipulation/turtlebot3_manipulation_bringup) by extensions ['ros']
[1.928s] Level 1:colcon.colcon_core.package_identification:_identify(src/turtlebot3_manipulation/turtlebot3_manipulation_bringup) by extension 'ros'
[1.965s] DEBUG:colcon.colcon_core.package_identification:Package 'src/turtlebot3_manipulation/turtlebot3_manipulation_bringup' with type 'ros.ament_cmake' and name 'turtlebot3_manipulation_bringup'
[1.966s] Level 1:colcon.colcon_core.package_identification:_identify(src/turtlebot3_manipulation/turtlebot3_manipulation_cartographer) by extensions ['ignore', 'ignore_ament_install']
[1.967s] Level 1:colcon.colcon_core.package_identification:_identify(src/turtlebot3_manipulation/turtlebot3_manipulation_cartographer) by extension 'ignore'
[1.967s] Level 1:colcon.colcon_core.package_identification:_identify(src/turtlebot3_manipulation/turtlebot3_manipulation_cartographer) by extension 'ignore_ament_install'
[1.968s] Level 1:colcon.colcon_core.package_identification:_identify(src/turtlebot3_manipulation/turtlebot3_manipulation_cartographer) by extensions ['colcon_pkg']
[1.968s] Level 1:colcon.colcon_core.package_identification:_identify(src/turtlebot3_manipulation/turtlebot3_manipulation_cartographer) by extension 'colcon_pkg'
[1.968s] Level 1:colcon.colcon_core.package_identification:_identify(src/turtlebot3_manipulation/turtlebot3_manipulation_cartographer) by extensions ['colcon_meta']
[1.969s] Level 1:colcon.colcon_core.package_identification:_identify(src/turtlebot3_manipulation/turtlebot3_manipulation_cartographer) by extension 'colcon_meta'
[1.969s] Level 1:colcon.colcon_core.package_identification:_identify(src/turtlebot3_manipulation/turtlebot3_manipulation_cartographer) by extensions ['ros']
[1.969s] Level 1:colcon.colcon_core.package_identification:_identify(src/turtlebot3_manipulation/turtlebot3_manipulation_cartographer) by extension 'ros'
[1.993s] DEBUG:colcon.colcon_core.package_identification:Package 'src/turtlebot3_manipulation/turtlebot3_manipulation_cartographer' with type 'ros.ament_cmake' and name 'turtlebot3_manipulation_cartographer'
[1.994s] Level 1:colcon.colcon_core.package_identification:_identify(src/turtlebot3_manipulation/turtlebot3_manipulation_description) by extensions ['ignore', 'ignore_ament_install']
[1.996s] Level 1:colcon.colcon_core.package_identification:_identify(src/turtlebot3_manipulation/turtlebot3_manipulation_description) by extension 'ignore'
[1.998s] Level 1:colcon.colcon_core.package_identification:_identify(src/turtlebot3_manipulation/turtlebot3_manipulation_description) by extension 'ignore_ament_install'
[1.998s] Level 1:colcon.colcon_core.package_identification:_identify(src/turtlebot3_manipulation/turtlebot3_manipulation_description) by extensions ['colcon_pkg']
[1.998s] Level 1:colcon.colcon_core.package_identification:_identify(src/turtlebot3_manipulation/turtlebot3_manipulation_description) by extension 'colcon_pkg'
[1.999s] Level 1:colcon.colcon_core.package_identification:_identify(src/turtlebot3_manipulation/turtlebot3_manipulation_description) by extensions ['colcon_meta']
[1.999s] Level 1:colcon.colcon_core.package_identification:_identify(src/turtlebot3_manipulation/turtlebot3_manipulation_description) by extension 'colcon_meta'
[1.999s] Level 1:colcon.colcon_core.package_identification:_identify(src/turtlebot3_manipulation/turtlebot3_manipulation_description) by extensions ['ros']
[1.999s] Level 1:colcon.colcon_core.package_identification:_identify(src/turtlebot3_manipulation/turtlebot3_manipulation_description) by extension 'ros'
[2.012s] DEBUG:colcon.colcon_core.package_identification:Package 'src/turtlebot3_manipulation/turtlebot3_manipulation_description' with type 'ros.ament_cmake' and name 'turtlebot3_manipulation_description'
[2.013s] Level 1:colcon.colcon_core.package_identification:_identify(src/turtlebot3_manipulation/turtlebot3_manipulation_hardware) by extensions ['ignore', 'ignore_ament_install']
[2.014s] Level 1:colcon.colcon_core.package_identification:_identify(src/turtlebot3_manipulation/turtlebot3_manipulation_hardware) by extension 'ignore'
[2.014s] Level 1:colcon.colcon_core.package_identification:_identify(src/turtlebot3_manipulation/turtlebot3_manipulation_hardware) by extension 'ignore_ament_install'
[2.015s] Level 1:colcon.colcon_core.package_identification:_identify(src/turtlebot3_manipulation/turtlebot3_manipulation_hardware) by extensions ['colcon_pkg']
[2.016s] Level 1:colcon.colcon_core.package_identification:_identify(src/turtlebot3_manipulation/turtlebot3_manipulation_hardware) by extension 'colcon_pkg'
[2.016s] Level 1:colcon.colcon_core.package_identification:_identify(src/turtlebot3_manipulation/turtlebot3_manipulation_hardware) by extensions ['colcon_meta']
[2.017s] Level 1:colcon.colcon_core.package_identification:_identify(src/turtlebot3_manipulation/turtlebot3_manipulation_hardware) by extension 'colcon_meta'
[2.017s] Level 1:colcon.colcon_core.package_identification:_identify(src/turtlebot3_manipulation/turtlebot3_manipulation_hardware) by extensions ['ros']
[2.017s] Level 1:colcon.colcon_core.package_identification:_identify(src/turtlebot3_manipulation/turtlebot3_manipulation_hardware) by extension 'ros'
[2.023s] DEBUG:colcon.colcon_core.package_identification:Package 'src/turtlebot3_manipulation/turtlebot3_manipulation_hardware' with type 'ros.ament_cmake' and name 'turtlebot3_manipulation_hardware'
[2.024s] Level 1:colcon.colcon_core.package_identification:_identify(src/turtlebot3_manipulation/turtlebot3_manipulation_moveit_config) by extensions ['ignore', 'ignore_ament_install']
[2.026s] Level 1:colcon.colcon_core.package_identification:_identify(src/turtlebot3_manipulation/turtlebot3_manipulation_moveit_config) by extension 'ignore'
[2.028s] Level 1:colcon.colcon_core.package_identification:_identify(src/turtlebot3_manipulation/turtlebot3_manipulation_moveit_config) by extension 'ignore_ament_install'
[2.028s] Level 1:colcon.colcon_core.package_identification:_identify(src/turtlebot3_manipulation/turtlebot3_manipulation_moveit_config) by extensions ['colcon_pkg']
[2.028s] Level 1:colcon.colcon_core.package_identification:_identify(src/turtlebot3_manipulation/turtlebot3_manipulation_moveit_config) by extension 'colcon_pkg'
[2.029s] Level 1:colcon.colcon_core.package_identification:_identify(src/turtlebot3_manipulation/turtlebot3_manipulation_moveit_config) by extensions ['colcon_meta']
[2.029s] Level 1:colcon.colcon_core.package_identification:_identify(src/turtlebot3_manipulation/turtlebot3_manipulation_moveit_config) by extension 'colcon_meta'
[2.029s] Level 1:colcon.colcon_core.package_identification:_identify(src/turtlebot3_manipulation/turtlebot3_manipulation_moveit_config) by extensions ['ros']
[2.029s] Level 1:colcon.colcon_core.package_identification:_identify(src/turtlebot3_manipulation/turtlebot3_manipulation_moveit_config) by extension 'ros'
[2.034s] DEBUG:colcon.colcon_core.package_identification:Package 'src/turtlebot3_manipulation/turtlebot3_manipulation_moveit_config' with type 'ros.ament_cmake' and name 'turtlebot3_manipulation_moveit_config'
[2.035s] Level 1:colcon.colcon_core.package_identification:_identify(src/turtlebot3_manipulation/turtlebot3_manipulation_navigation2) by extensions ['ignore', 'ignore_ament_install']
[2.036s] Level 1:colcon.colcon_core.package_identification:_identify(src/turtlebot3_manipulation/turtlebot3_manipulation_navigation2) by extension 'ignore'
[2.036s] Level 1:colcon.colcon_core.package_identification:_identify(src/turtlebot3_manipulation/turtlebot3_manipulation_navigation2) by extension 'ignore_ament_install'
[2.036s] Level 1:colcon.colcon_core.package_identification:_identify(src/turtlebot3_manipulation/turtlebot3_manipulation_navigation2) by extensions ['colcon_pkg']
[2.037s] Level 1:colcon.colcon_core.package_identification:_identify(src/turtlebot3_manipulation/turtlebot3_manipulation_navigation2) by extension 'colcon_pkg'
[2.037s] Level 1:colcon.colcon_core.package_identification:_identify(src/turtlebot3_manipulation/turtlebot3_manipulation_navigation2) by extensions ['colcon_meta']
[2.037s] Level 1:colcon.colcon_core.package_identification:_identify(src/turtlebot3_manipulation/turtlebot3_manipulation_navigation2) by extension 'colcon_meta'
[2.038s] Level 1:colcon.colcon_core.package_identification:_identify(src/turtlebot3_manipulation/turtlebot3_manipulation_navigation2) by extensions ['ros']
[2.038s] Level 1:colcon.colcon_core.package_identification:_identify(src/turtlebot3_manipulation/turtlebot3_manipulation_navigation2) by extension 'ros'
[2.045s] DEBUG:colcon.colcon_core.package_identification:Package 'src/turtlebot3_manipulation/turtlebot3_manipulation_navigation2' with type 'ros.ament_cmake' and name 'turtlebot3_manipulation_navigation2'
[2.046s] Level 1:colcon.colcon_core.package_identification:_identify(src/turtlebot3_manipulation/turtlebot3_manipulation_teleop) by extensions ['ignore', 'ignore_ament_install']
[2.047s] Level 1:colcon.colcon_core.package_identification:_identify(src/turtlebot3_manipulation/turtlebot3_manipulation_teleop) by extension 'ignore'
[2.047s] Level 1:colcon.colcon_core.package_identification:_identify(src/turtlebot3_manipulation/turtlebot3_manipulation_teleop) by extension 'ignore_ament_install'
[2.047s] Level 1:colcon.colcon_core.package_identification:_identify(src/turtlebot3_manipulation/turtlebot3_manipulation_teleop) by extensions ['colcon_pkg']
[2.048s] Level 1:colcon.colcon_core.package_identification:_identify(src/turtlebot3_manipulation/turtlebot3_manipulation_teleop) by extension 'colcon_pkg'
[2.048s] Level 1:colcon.colcon_core.package_identification:_identify(src/turtlebot3_manipulation/turtlebot3_manipulation_teleop) by extensions ['colcon_meta']
[2.049s] Level 1:colcon.colcon_core.package_identification:_identify(src/turtlebot3_manipulation/turtlebot3_manipulation_teleop) by extension 'colcon_meta'
[2.049s] Level 1:colcon.colcon_core.package_identification:_identify(src/turtlebot3_manipulation/turtlebot3_manipulation_teleop) by extensions ['ros']
[2.049s] Level 1:colcon.colcon_core.package_identification:_identify(src/turtlebot3_manipulation/turtlebot3_manipulation_teleop) by extension 'ros'
[2.058s] DEBUG:colcon.colcon_core.package_identification:Package 'src/turtlebot3_manipulation/turtlebot3_manipulation_teleop' with type 'ros.ament_cmake' and name 'turtlebot3_manipulation_teleop'
[2.059s] Level 1:colcon.colcon_core.package_identification:_identify(src/utilities) by extensions ['ignore', 'ignore_ament_install']
[2.060s] Level 1:colcon.colcon_core.package_identification:_identify(src/utilities) by extension 'ignore'
[2.060s] Level 1:colcon.colcon_core.package_identification:_identify(src/utilities) by extension 'ignore_ament_install'
[2.060s] Level 1:colcon.colcon_core.package_identification:_identify(src/utilities) by extensions ['colcon_pkg']
[2.061s] Level 1:colcon.colcon_core.package_identification:_identify(src/utilities) by extension 'colcon_pkg'
[2.061s] Level 1:colcon.colcon_core.package_identification:_identify(src/utilities) by extensions ['colcon_meta']
[2.061s] Level 1:colcon.colcon_core.package_identification:_identify(src/utilities) by extension 'colcon_meta'
[2.061s] Level 1:colcon.colcon_core.package_identification:_identify(src/utilities) by extensions ['ros']
[2.061s] Level 1:colcon.colcon_core.package_identification:_identify(src/utilities) by extension 'ros'
[2.064s] DEBUG:colcon.colcon_core.package_identification:Package 'src/utilities' with type 'ros.ament_cmake' and name 'utilities'
[2.065s] Level 1:colcon.colcon_core.package_discovery:discover_packages(recursive) using defaults
[2.065s] Level 1:colcon.colcon_core.package_discovery:discover_packages(ignore) discover
[2.065s] Level 1:colcon.colcon_core.package_discovery:discover_packages(ignore) using defaults
[2.065s] Level 1:colcon.colcon_core.package_discovery:discover_packages(path) discover
[2.065s] Level 1:colcon.colcon_core.package_discovery:discover_packages(path) using defaults
[2.226s] INFO:colcon.colcon_core.package_selection:Skipping not selected package 'command_input' in 'src/command_input'
[2.228s] INFO:colcon.colcon_core.package_selection:Skipping not selected package 'navigation' in 'src/navigation'
[2.229s] INFO:colcon.colcon_core.package_selection:Skipping not selected package 'turtlebot3_manipulation_cartographer' in 'src/turtlebot3_manipulation/turtlebot3_manipulation_cartographer'
[2.229s] INFO:colcon.colcon_core.package_selection:Skipping not selected package 'turtlebot3_manipulation_description' in 'src/turtlebot3_manipulation/turtlebot3_manipulation_description'
[2.229s] INFO:colcon.colcon_core.package_selection:Skipping not selected package 'turtlebot3_manipulation_hardware' in 'src/turtlebot3_manipulation/turtlebot3_manipulation_hardware'
[2.229s] INFO:colcon.colcon_core.package_selection:Skipping not selected package 'turtlebot3_manipulation_navigation2' in 'src/turtlebot3_manipulation/turtlebot3_manipulation_navigation2'
[2.230s] INFO:colcon.colcon_core.package_selection:Skipping not selected package 'utilities' in 'src/utilities'
[2.230s] INFO:colcon.colcon_core.package_selection:Skipping not selected package 'turtlebot3_manipulation_bringup' in 'src/turtlebot3_manipulation/turtlebot3_manipulation_bringup'
[2.230s] INFO:colcon.colcon_core.package_selection:Skipping not selected package 'turtlebot3_manipulation_moveit_config' in 'src/turtlebot3_manipulation/turtlebot3_manipulation_moveit_config'
[2.230s] INFO:colcon.colcon_core.package_selection:Skipping not selected package 'turtlebot3_manipulation_teleop' in 'src/turtlebot3_manipulation/turtlebot3_manipulation_teleop'
[2.231s] INFO:colcon.colcon_core.package_selection:Skipping not selected package 'turtlebot3_manipulation' in 'src/turtlebot3_manipulation/turtlebot3_manipulation'
[2.232s] Level 1:colcon.colcon_core.package_discovery:discover_packages(prefix_path) check parameters
[2.233s] Level 1:colcon.colcon_core.package_discovery:discover_packages(prefix_path) discover
[2.242s] DEBUG:colcon.colcon_installed_package_information.package_discovery:Found 12 installed packages in /home/ubuntu/CS_ws/install
[2.253s] DEBUG:colcon.colcon_installed_package_information.package_discovery:Found 446 installed packages in /opt/ros/humble
[2.265s] Level 1:colcon.colcon_core.package_discovery:discover_packages(prefix_path) using defaults
[2.724s] Level 5:colcon.colcon_core.verb:set package 'task_manager' build argument 'cmake_args' from command line to 'None'
[2.724s] Level 5:colcon.colcon_core.verb:set package 'task_manager' build argument 'cmake_target' from command line to 'None'
[2.725s] Level 5:colcon.colcon_core.verb:set package 'task_manager' build argument 'cmake_target_skip_unavailable' from command line to 'False'
[2.726s] Level 5:colcon.colcon_core.verb:set package 'task_manager' build argument 'cmake_clean_cache' from command line to 'False'
[2.726s] Level 5:colcon.colcon_core.verb:set package 'task_manager' build argument 'cmake_clean_first' from command line to 'False'
[2.726s] Level 5:colcon.colcon_core.verb:set package 'task_manager' build argument 'cmake_force_configure' from command line to 'False'
[2.726s] Level 5:colcon.colcon_core.verb:set package 'task_manager' build argument 'ament_cmake_args' from command line to 'None'
[2.726s] Level 5:colcon.colcon_core.verb:set package 'task_manager' build argument 'catkin_cmake_args' from command line to 'None'
[2.726s] Level 5:colcon.colcon_core.verb:set package 'task_manager' build argument 'catkin_skip_building_tests' from command line to 'False'
[2.727s] DEBUG:colcon.colcon_core.verb:Building package 'task_manager' with the following arguments: {'ament_cmake_args': None, 'build_base': '/home/ubuntu/CS_ws/build/task_manager', 'catkin_cmake_args': None, 'catkin_skip_building_tests': False, 'cmake_args': None, 'cmake_clean_cache': False, 'cmake_clean_first': False, 'cmake_force_configure': False, 'cmake_target': None, 'cmake_target_skip_unavailable': False, 'install_base': '/home/ubuntu/CS_ws/install/task_manager', 'merge_install': False, 'path': '/home/ubuntu/CS_ws/src/task_manager', 'symlink_install': False, 'test_result_base': None}
[2.727s] INFO:colcon.colcon_core.executor:Executing jobs using 'parallel' executor
[2.734s] DEBUG:colcon.colcon_parallel_executor.executor.parallel:run_until_complete
[2.736s] INFO:colcon.colcon_ros.task.ament_python.build:Building ROS package in '/home/ubuntu/CS_ws/src/task_manager' with build type 'ament_python'
[2.737s] Level 1:colcon.colcon_core.shell:create_environment_hook('task_manager', 'ament_prefix_path')
[2.772s] INFO:colcon.colcon_core.plugin_system:Skipping extension 'colcon_core.shell.bat': Not used on non-Windows systems
[2.772s] INFO:colcon.colcon_core.shell:Creating environment hook '/home/ubuntu/CS_ws/install/task_manager/share/task_manager/hook/ament_prefix_path.ps1'
[2.775s] INFO:colcon.colcon_core.shell:Creating environment descriptor '/home/ubuntu/CS_ws/install/task_manager/share/task_manager/hook/ament_prefix_path.dsv'
[2.776s] INFO:colcon.colcon_core.shell:Creating environment hook '/home/ubuntu/CS_ws/install/task_manager/share/task_manager/hook/ament_prefix_path.sh'
[2.782s] INFO:colcon.colcon_core.shell:Skip shell extension 'powershell' for command environment: Not usable outside of PowerShell
[2.782s] DEBUG:colcon.colcon_core.shell:Skip shell extension 'dsv' for command environment
[4.815s] INFO:colcon.colcon_core.task.python.build:Building Python package in '/home/ubuntu/CS_ws/src/task_manager'
[4.816s] INFO:colcon.colcon_core.shell:Skip shell extension 'powershell' for command environment: Not usable outside of PowerShell
[4.816s] DEBUG:colcon.colcon_core.shell:Skip shell extension 'dsv' for command environment
[7.609s] DEBUG:colcon.colcon_core.event_handler.log_command:Invoking command in '/home/ubuntu/CS_ws/src/task_manager': PYTHONPATH=/home/ubuntu/CS_ws/build/task_manager/prefix_override:/usr/lib/python3/dist-packages/colcon_core/task/python/colcon_distutils_commands:/home/ubuntu/CS_ws/install/task_manager/lib/python3.10/site-packages:${PYTHONPATH} /usr/bin/python3 -W ignore:setup.py install is deprecated -W ignore:easy_install command is deprecated setup.py egg_info --egg-base ../../build/task_manager build --build-base /home/ubuntu/CS_ws/build/task_manager/build install --record /home/ubuntu/CS_ws/build/task_manager/install.log --single-version-externally-managed install_data
[9.262s] DEBUG:colcon.colcon_core.event_handler.log_command:Invoked command in '/home/ubuntu/CS_ws/src/task_manager' returned '0': PYTHONPATH=/home/ubuntu/CS_ws/build/task_manager/prefix_override:/usr/lib/python3/dist-packages/colcon_core/task/python/colcon_distutils_commands:/home/ubuntu/CS_ws/install/task_manager/lib/python3.10/site-packages:${PYTHONPATH} /usr/bin/python3 -W ignore:setup.py install is deprecated -W ignore:easy_install command is deprecated setup.py egg_info --egg-base ../../build/task_manager build --build-base /home/ubuntu/CS_ws/build/task_manager/build install --record /home/ubuntu/CS_ws/build/task_manager/install.log --single-version-externally-managed install_data
[9.266s] Level 1:colcon.colcon_core.environment:checking '/home/ubuntu/CS_ws/install/task_manager' for CMake module files
[9.285s] Level 1:colcon.colcon_core.environment:checking '/home/ubuntu/CS_ws/install/task_manager' for CMake config files
[9.288s] Level 1:colcon.colcon_core.environment:checking '/home/ubuntu/CS_ws/install/task_manager/lib'
[9.288s] Level 1:colcon.colcon_core.environment:checking '/home/ubuntu/CS_ws/install/task_manager/bin'
[9.289s] Level 1:colcon.colcon_core.environment:checking '/home/ubuntu/CS_ws/install/task_manager/lib/pkgconfig/task_manager.pc'
[9.290s] Level 1:colcon.colcon_core.environment:checking '/home/ubuntu/CS_ws/install/task_manager/lib/python3.10/site-packages'
[9.290s] Level 1:colcon.colcon_core.shell:create_environment_hook('task_manager', 'pythonpath')
[9.291s] INFO:colcon.colcon_core.shell:Creating environment hook '/home/ubuntu/CS_ws/install/task_manager/share/task_manager/hook/pythonpath.ps1'
[9.302s] INFO:colcon.colcon_core.shell:Creating environment descriptor '/home/ubuntu/CS_ws/install/task_manager/share/task_manager/hook/pythonpath.dsv'
[9.305s] INFO:colcon.colcon_core.shell:Creating environment hook '/home/ubuntu/CS_ws/install/task_manager/share/task_manager/hook/pythonpath.sh'
[9.308s] Level 1:colcon.colcon_core.environment:checking '/home/ubuntu/CS_ws/install/task_manager/bin'
[9.308s] Level 1:colcon.colcon_core.environment:create_environment_scripts_only(task_manager)
[9.309s] INFO:colcon.colcon_core.shell:Creating package script '/home/ubuntu/CS_ws/install/task_manager/share/task_manager/package.ps1'
[9.314s] INFO:colcon.colcon_core.shell:Creating package descriptor '/home/ubuntu/CS_ws/install/task_manager/share/task_manager/package.dsv'
[9.332s] INFO:colcon.colcon_core.shell:Creating package script '/home/ubuntu/CS_ws/install/task_manager/share/task_manager/package.sh'
[9.338s] INFO:colcon.colcon_core.shell:Creating package script '/home/ubuntu/CS_ws/install/task_manager/share/task_manager/package.bash'
[9.343s] INFO:colcon.colcon_core.shell:Creating package script '/home/ubuntu/CS_ws/install/task_manager/share/task_manager/package.zsh'
[9.347s] Level 1:colcon.colcon_core.environment:create_file_with_runtime_dependencies(/home/ubuntu/CS_ws/install/task_manager/share/colcon-core/packages/task_manager)
[9.351s] DEBUG:colcon.colcon_parallel_executor.executor.parallel:closing loop
[9.352s] DEBUG:colcon.colcon_parallel_executor.executor.parallel:loop closed
[9.353s] DEBUG:colcon.colcon_parallel_executor.executor.parallel:run_until_complete finished with '0'
[9.354s] DEBUG:colcon.colcon_core.event_reactor:joining thread
[9.377s] INFO:colcon.colcon_core.plugin_system:Skipping extension 'colcon_notification.desktop_notification.terminal_notifier': Not used on non-Darwin systems
[9.378s] INFO:colcon.colcon_core.plugin_system:Skipping extension 'colcon_notification.desktop_notification.win32': Not used on non-Windows systems
[9.379s] INFO:colcon.colcon_notification.desktop_notification:Sending desktop notification using 'notify2'
[10.356s] DEBUG:colcon.colcon_core.event_reactor:joined thread
[10.357s] INFO:colcon.colcon_core.shell:Creating prefix script '/home/ubuntu/CS_ws/install/local_setup.ps1'
[10.363s] INFO:colcon.colcon_core.shell:Creating prefix util module '/home/ubuntu/CS_ws/install/_local_setup_util_ps1.py'
[10.375s] INFO:colcon.colcon_core.shell:Creating prefix chain script '/home/ubuntu/CS_ws/install/setup.ps1'
[10.390s] INFO:colcon.colcon_core.shell:Creating prefix script '/home/ubuntu/CS_ws/install/local_setup.sh'
[10.395s] INFO:colcon.colcon_core.shell:Creating prefix util module '/home/ubuntu/CS_ws/install/_local_setup_util_sh.py'
[10.398s] INFO:colcon.colcon_core.shell:Creating prefix chain script '/home/ubuntu/CS_ws/install/setup.sh'
[10.409s] INFO:colcon.colcon_core.shell:Creating prefix script '/home/ubuntu/CS_ws/install/local_setup.bash'
[10.413s] INFO:colcon.colcon_core.shell:Creating prefix chain script '/home/ubuntu/CS_ws/install/setup.bash'
[10.423s] INFO:colcon.colcon_core.shell:Creating prefix script '/home/ubuntu/CS_ws/install/local_setup.zsh'
[10.434s] INFO:colcon.colcon_core.shell:Creating prefix chain script '/home/ubuntu/CS_ws/install/setup.zsh'
