[12.320s] Invoking command in '/home/ubuntu/CS_ws/build/task_manager': PYTHONPATH=/home/ubuntu/CS_ws/build/task_manager/prefix_override:/usr/lib/python3/dist-packages/colcon_core/task/python/colcon_distutils_commands:/home/ubuntu/CS_ws/install/task_manager/lib/python3.10/site-packages:${PYTHONPATH} /usr/bin/python3 -W ignore:setup.py install is deprecated -W ignore:easy_install command is deprecated setup.py develop --editable --build-directory /home/ubuntu/CS_ws/build/task_manager/build --no-deps symlink_data --force
[14.982s] running develop
[16.368s] running egg_info
[16.391s] writing task_manager.egg-info/PKG-INFO
[16.576s] writing dependency_links to task_manager.egg-info/dependency_links.txt
[16.577s] writing entry points to task_manager.egg-info/entry_points.txt
[16.583s] writing requirements to task_manager.egg-info/requires.txt
[16.584s] writing top-level names to task_manager.egg-info/top_level.txt
[16.613s] reading manifest file 'task_manager.egg-info/SOURCES.txt'
[16.628s] writing manifest file 'task_manager.egg-info/SOURCES.txt'
[16.661s] running build_ext
[16.661s] Creating /home/ubuntu/CS_ws/install/task_manager/lib/python3.10/site-packages/task-manager.egg-link (link to .)
[16.665s] Installing task_manager script to /home/ubuntu/CS_ws/install/task_manager/lib/task_manager
[16.682s] 
[16.682s] Installed /home/ubuntu/CS_ws/build/task_manager
[16.683s] running symlink_data
[16.685s] symbolically linking /home/ubuntu/CS_ws/build/task_manager/resource/task_manager -> /home/ubuntu/CS_ws/install/task_manager/share/ament_index/resource_index/packages
[16.687s] symbolically linking /home/ubuntu/CS_ws/build/task_manager/package.xml -> /home/ubuntu/CS_ws/install/task_manager/share/task_manager
[16.697s] symbolically linking /home/ubuntu/CS_ws/build/task_manager/launch/simulation_launch.py -> /home/ubuntu/CS_ws/install/task_manager/share/task_manager/launch
[16.900s] Invoked command in '/home/ubuntu/CS_ws/build/task_manager' returned '0': PYTHONPATH=/home/ubuntu/CS_ws/build/task_manager/prefix_override:/usr/lib/python3/dist-packages/colcon_core/task/python/colcon_distutils_commands:/home/ubuntu/CS_ws/install/task_manager/lib/python3.10/site-packages:${PYTHONPATH} /usr/bin/python3 -W ignore:setup.py install is deprecated -W ignore:easy_install command is deprecated setup.py develop --editable --build-directory /home/ubuntu/CS_ws/build/task_manager/build --no-deps symlink_data --force
