[0.153s] Invoking command in '/home/ubuntu/CS_ws/build/turtlebot3_manipulation_teleop': CMAKE_PREFIX_PATH=/home/ubuntu/CS_ws/install/turtlebot3_manipulation_moveit_config:/home/ubuntu/CS_ws/install/turtlebot3_manipulation_bringup:/home/ubuntu/CS_ws/install/turtlebot3_manipulation_description:/home/ubuntu/CS_ws/install/utilities:/home/ubuntu/CS_ws/install/turtlebot3_manipulation:/home/ubuntu/CS_ws/install/turtlebot3_manipulation_teleop:/home/ubuntu/CS_ws/install/turtlebot3_manipulation_navigation2:/home/ubuntu/CS_ws/install/turtlebot3_manipulation_hardware:/home/ubuntu/CS_ws/install/turtlebot3_manipulation_cartographer:/home/ubuntu/CS_ws/install/task_manager:/home/ubuntu/CS_ws/install/navigation:/home/ubuntu/CS_ws/install/command_input:/opt/ros/humble /usr/bin/cmake --build /home/ubuntu/CS_ws/build/turtlebot3_manipulation_teleop -- -j8 -l8
[0.924s] [100%] Built target turtlebot3_manipulation_teleop
[0.990s] Invoked command in '/home/ubuntu/CS_ws/build/turtlebot3_manipulation_teleop' returned '0': CMAKE_PREFIX_PATH=/home/ubuntu/CS_ws/install/turtlebot3_manipulation_moveit_config:/home/ubuntu/CS_ws/install/turtlebot3_manipulation_bringup:/home/ubuntu/CS_ws/install/turtlebot3_manipulation_description:/home/ubuntu/CS_ws/install/utilities:/home/ubuntu/CS_ws/install/turtlebot3_manipulation:/home/ubuntu/CS_ws/install/turtlebot3_manipulation_teleop:/home/ubuntu/CS_ws/install/turtlebot3_manipulation_navigation2:/home/ubuntu/CS_ws/install/turtlebot3_manipulation_hardware:/home/ubuntu/CS_ws/install/turtlebot3_manipulation_cartographer:/home/ubuntu/CS_ws/install/task_manager:/home/ubuntu/CS_ws/install/navigation:/home/ubuntu/CS_ws/install/command_input:/opt/ros/humble /usr/bin/cmake --build /home/ubuntu/CS_ws/build/turtlebot3_manipulation_teleop -- -j8 -l8
[1.029s] Invoking command in '/home/ubuntu/CS_ws/build/turtlebot3_manipulation_teleop': CMAKE_PREFIX_PATH=/home/ubuntu/CS_ws/install/turtlebot3_manipulation_moveit_config:/home/ubuntu/CS_ws/install/turtlebot3_manipulation_bringup:/home/ubuntu/CS_ws/install/turtlebot3_manipulation_description:/home/ubuntu/CS_ws/install/utilities:/home/ubuntu/CS_ws/install/turtlebot3_manipulation:/home/ubuntu/CS_ws/install/turtlebot3_manipulation_teleop:/home/ubuntu/CS_ws/install/turtlebot3_manipulation_navigation2:/home/ubuntu/CS_ws/install/turtlebot3_manipulation_hardware:/home/ubuntu/CS_ws/install/turtlebot3_manipulation_cartographer:/home/ubuntu/CS_ws/install/task_manager:/home/ubuntu/CS_ws/install/navigation:/home/ubuntu/CS_ws/install/command_input:/opt/ros/humble /usr/bin/cmake --install /home/ubuntu/CS_ws/build/turtlebot3_manipulation_teleop
[1.073s] -- Install configuration: ""
[1.114s] -- Execute custom install script
[1.115s] -- Up-to-date symlink: /home/ubuntu/CS_ws/install/turtlebot3_manipulation_teleop/lib/turtlebot3_manipulation_teleop/turtlebot3_manipulation_teleop
[1.116s] -- Up-to-date symlink: /home/ubuntu/CS_ws/install/turtlebot3_manipulation_teleop/share/ament_index/resource_index/package_run_dependencies/turtlebot3_manipulation_teleop
[1.119s] -- Up-to-date symlink: /home/ubuntu/CS_ws/install/turtlebot3_manipulation_teleop/share/ament_index/resource_index/parent_prefix_path/turtlebot3_manipulation_teleop
[1.122s] -- Up-to-date symlink: /home/ubuntu/CS_ws/install/turtlebot3_manipulation_teleop/share/turtlebot3_manipulation_teleop/environment/ament_prefix_path.sh
[1.125s] -- Up-to-date symlink: /home/ubuntu/CS_ws/install/turtlebot3_manipulation_teleop/share/turtlebot3_manipulation_teleop/environment/ament_prefix_path.dsv
[1.130s] -- Up-to-date symlink: /home/ubuntu/CS_ws/install/turtlebot3_manipulation_teleop/share/turtlebot3_manipulation_teleop/environment/path.sh
[1.131s] -- Up-to-date symlink: /home/ubuntu/CS_ws/install/turtlebot3_manipulation_teleop/share/turtlebot3_manipulation_teleop/environment/path.dsv
[1.139s] -- Up-to-date symlink: /home/ubuntu/CS_ws/install/turtlebot3_manipulation_teleop/share/turtlebot3_manipulation_teleop/local_setup.bash
[1.140s] -- Up-to-date symlink: /home/ubuntu/CS_ws/install/turtlebot3_manipulation_teleop/share/turtlebot3_manipulation_teleop/local_setup.sh
[1.140s] -- Up-to-date symlink: /home/ubuntu/CS_ws/install/turtlebot3_manipulation_teleop/share/turtlebot3_manipulation_teleop/local_setup.zsh
[1.140s] -- Up-to-date symlink: /home/ubuntu/CS_ws/install/turtlebot3_manipulation_teleop/share/turtlebot3_manipulation_teleop/local_setup.dsv
[1.144s] -- Symlinking: /home/ubuntu/CS_ws/install/turtlebot3_manipulation_teleop/share/turtlebot3_manipulation_teleop/package.dsv
[1.327s] -- Up-to-date symlink: /home/ubuntu/CS_ws/install/turtlebot3_manipulation_teleop/share/ament_index/resource_index/packages/turtlebot3_manipulation_teleop
[1.327s] -- Up-to-date symlink: /home/ubuntu/CS_ws/install/turtlebot3_manipulation_teleop/share/turtlebot3_manipulation_teleop/cmake/turtlebot3_manipulation_teleopConfig.cmake
[1.329s] -- Up-to-date symlink: /home/ubuntu/CS_ws/install/turtlebot3_manipulation_teleop/share/turtlebot3_manipulation_teleop/cmake/turtlebot3_manipulation_teleopConfig-version.cmake
[1.330s] -- Up-to-date symlink: /home/ubuntu/CS_ws/install/turtlebot3_manipulation_teleop/share/turtlebot3_manipulation_teleop/package.xml
[1.334s] Invoked command in '/home/ubuntu/CS_ws/build/turtlebot3_manipulation_teleop' returned '0': CMAKE_PREFIX_PATH=/home/ubuntu/CS_ws/install/turtlebot3_manipulation_moveit_config:/home/ubuntu/CS_ws/install/turtlebot3_manipulation_bringup:/home/ubuntu/CS_ws/install/turtlebot3_manipulation_description:/home/ubuntu/CS_ws/install/utilities:/home/ubuntu/CS_ws/install/turtlebot3_manipulation:/home/ubuntu/CS_ws/install/turtlebot3_manipulation_teleop:/home/ubuntu/CS_ws/install/turtlebot3_manipulation_navigation2:/home/ubuntu/CS_ws/install/turtlebot3_manipulation_hardware:/home/ubuntu/CS_ws/install/turtlebot3_manipulation_cartographer:/home/ubuntu/CS_ws/install/task_manager:/home/ubuntu/CS_ws/install/navigation:/home/ubuntu/CS_ws/install/command_input:/opt/ros/humble /usr/bin/cmake --install /home/ubuntu/CS_ws/build/turtlebot3_manipulation_teleop
