[0.212s] Invoking command in '/home/ubuntu/CS_ws/build/turtlebot3_manipulation_bringup': CMAKE_PREFIX_PATH=/home/ubuntu/CS_ws/install/turtlebot3_manipulation_description:/home/ubuntu/CS_ws/install/utilities:/home/ubuntu/CS_ws/install/turtlebot3_manipulation:/home/ubuntu/CS_ws/install/turtlebot3_manipulation_teleop:/home/ubuntu/CS_ws/install/turtlebot3_manipulation_navigation2:/home/ubuntu/CS_ws/install/turtlebot3_manipulation_moveit_config:/home/ubuntu/CS_ws/install/turtlebot3_manipulation_hardware:/home/ubuntu/CS_ws/install/turtlebot3_manipulation_bringup:/home/ubuntu/CS_ws/install/turtlebot3_manipulation_cartographer:/home/ubuntu/CS_ws/install/task_manager:/home/ubuntu/CS_ws/install/navigation:/home/ubuntu/CS_ws/install/command_input:/opt/ros/humble /usr/bin/cmake --build /home/ubuntu/CS_ws/build/turtlebot3_manipulation_bringup -- -j8 -l8
[0.364s] Invoked command in '/home/ubuntu/CS_ws/build/turtlebot3_manipulation_bringup' returned '0': CMAKE_PREFIX_PATH=/home/ubuntu/CS_ws/install/turtlebot3_manipulation_description:/home/ubuntu/CS_ws/install/utilities:/home/ubuntu/CS_ws/install/turtlebot3_manipulation:/home/ubuntu/CS_ws/install/turtlebot3_manipulation_teleop:/home/ubuntu/CS_ws/install/turtlebot3_manipulation_navigation2:/home/ubuntu/CS_ws/install/turtlebot3_manipulation_moveit_config:/home/ubuntu/CS_ws/install/turtlebot3_manipulation_hardware:/home/ubuntu/CS_ws/install/turtlebot3_manipulation_bringup:/home/ubuntu/CS_ws/install/turtlebot3_manipulation_cartographer:/home/ubuntu/CS_ws/install/task_manager:/home/ubuntu/CS_ws/install/navigation:/home/ubuntu/CS_ws/install/command_input:/opt/ros/humble /usr/bin/cmake --build /home/ubuntu/CS_ws/build/turtlebot3_manipulation_bringup -- -j8 -l8
[0.369s] Invoking command in '/home/ubuntu/CS_ws/build/turtlebot3_manipulation_bringup': CMAKE_PREFIX_PATH=/home/ubuntu/CS_ws/install/turtlebot3_manipulation_description:/home/ubuntu/CS_ws/install/utilities:/home/ubuntu/CS_ws/install/turtlebot3_manipulation:/home/ubuntu/CS_ws/install/turtlebot3_manipulation_teleop:/home/ubuntu/CS_ws/install/turtlebot3_manipulation_navigation2:/home/ubuntu/CS_ws/install/turtlebot3_manipulation_moveit_config:/home/ubuntu/CS_ws/install/turtlebot3_manipulation_hardware:/home/ubuntu/CS_ws/install/turtlebot3_manipulation_bringup:/home/ubuntu/CS_ws/install/turtlebot3_manipulation_cartographer:/home/ubuntu/CS_ws/install/task_manager:/home/ubuntu/CS_ws/install/navigation:/home/ubuntu/CS_ws/install/command_input:/opt/ros/humble /usr/bin/cmake --install /home/ubuntu/CS_ws/build/turtlebot3_manipulation_bringup
[0.394s] -- Install configuration: ""
[0.431s] -- Execute custom install script
[0.434s] -- Up-to-date symlink: /home/ubuntu/CS_ws/install/turtlebot3_manipulation_bringup/share/turtlebot3_manipulation_bringup/launch/base.launch.py
[0.434s] -- Up-to-date symlink: /home/ubuntu/CS_ws/install/turtlebot3_manipulation_bringup/share/turtlebot3_manipulation_bringup/launch/fake.launch.py
[0.434s] -- Up-to-date symlink: /home/ubuntu/CS_ws/install/turtlebot3_manipulation_bringup/share/turtlebot3_manipulation_bringup/launch/gazebo.launch.py
[0.434s] -- Up-to-date symlink: /home/ubuntu/CS_ws/install/turtlebot3_manipulation_bringup/share/turtlebot3_manipulation_bringup/launch/hardware.launch.py
[0.487s] -- Up-to-date symlink: /home/ubuntu/CS_ws/install/turtlebot3_manipulation_bringup/share/turtlebot3_manipulation_bringup/config/gazebo_controller_manager.yaml
[0.487s] -- Up-to-date symlink: /home/ubuntu/CS_ws/install/turtlebot3_manipulation_bringup/share/turtlebot3_manipulation_bringup/config/hardware_controller_manager.yaml
[0.488s] -- Up-to-date symlink: /home/ubuntu/CS_ws/install/turtlebot3_manipulation_bringup/share/turtlebot3_manipulation_bringup/rviz/turtlebot3_manipulation.rviz
[0.488s] -- Up-to-date symlink: /home/ubuntu/CS_ws/install/turtlebot3_manipulation_bringup/share/turtlebot3_manipulation_bringup/worlds/empty_world.model
[0.488s] -- Up-to-date symlink: /home/ubuntu/CS_ws/install/turtlebot3_manipulation_bringup/share/turtlebot3_manipulation_bringup/worlds/turtlebot3_world.model
[0.488s] -- Up-to-date symlink: /home/ubuntu/CS_ws/install/turtlebot3_manipulation_bringup/share/turtlebot3_manipulation_bringup/worlds/turtlebot3_world/meshes/hexagon.dae
[0.489s] -- Up-to-date symlink: /home/ubuntu/CS_ws/install/turtlebot3_manipulation_bringup/share/turtlebot3_manipulation_bringup/worlds/turtlebot3_world/meshes/wall.dae
[0.489s] -- Up-to-date symlink: /home/ubuntu/CS_ws/install/turtlebot3_manipulation_bringup/share/turtlebot3_manipulation_bringup/worlds/turtlebot3_world/model-1_4.sdf
[0.489s] -- Up-to-date symlink: /home/ubuntu/CS_ws/install/turtlebot3_manipulation_bringup/share/turtlebot3_manipulation_bringup/worlds/turtlebot3_world/model.config
[0.489s] -- Up-to-date symlink: /home/ubuntu/CS_ws/install/turtlebot3_manipulation_bringup/share/turtlebot3_manipulation_bringup/worlds/turtlebot3_world/model.sdf
[0.490s] -- Up-to-date symlink: /home/ubuntu/CS_ws/install/turtlebot3_manipulation_bringup/share/turtlebot3_manipulation_bringup/environment/turtlebot3_manipulation_bringup.dsv
[0.490s] -- Up-to-date symlink: /home/ubuntu/CS_ws/install/turtlebot3_manipulation_bringup/share/ament_index/resource_index/package_run_dependencies/turtlebot3_manipulation_bringup
[0.491s] -- Up-to-date symlink: /home/ubuntu/CS_ws/install/turtlebot3_manipulation_bringup/share/ament_index/resource_index/parent_prefix_path/turtlebot3_manipulation_bringup
[0.495s] -- Up-to-date symlink: /home/ubuntu/CS_ws/install/turtlebot3_manipulation_bringup/share/turtlebot3_manipulation_bringup/environment/ament_prefix_path.sh
[0.495s] -- Up-to-date symlink: /home/ubuntu/CS_ws/install/turtlebot3_manipulation_bringup/share/turtlebot3_manipulation_bringup/environment/ament_prefix_path.dsv
[0.495s] -- Up-to-date symlink: /home/ubuntu/CS_ws/install/turtlebot3_manipulation_bringup/share/turtlebot3_manipulation_bringup/environment/path.sh
[0.496s] -- Up-to-date symlink: /home/ubuntu/CS_ws/install/turtlebot3_manipulation_bringup/share/turtlebot3_manipulation_bringup/environment/path.dsv
[0.496s] -- Up-to-date symlink: /home/ubuntu/CS_ws/install/turtlebot3_manipulation_bringup/share/turtlebot3_manipulation_bringup/local_setup.bash
[0.496s] -- Up-to-date symlink: /home/ubuntu/CS_ws/install/turtlebot3_manipulation_bringup/share/turtlebot3_manipulation_bringup/local_setup.sh
[0.497s] -- Up-to-date symlink: /home/ubuntu/CS_ws/install/turtlebot3_manipulation_bringup/share/turtlebot3_manipulation_bringup/local_setup.zsh
[0.497s] -- Up-to-date symlink: /home/ubuntu/CS_ws/install/turtlebot3_manipulation_bringup/share/turtlebot3_manipulation_bringup/local_setup.dsv
[0.497s] -- Symlinking: /home/ubuntu/CS_ws/install/turtlebot3_manipulation_bringup/share/turtlebot3_manipulation_bringup/package.dsv
[0.498s] -- Up-to-date symlink: /home/ubuntu/CS_ws/install/turtlebot3_manipulation_bringup/share/ament_index/resource_index/packages/turtlebot3_manipulation_bringup
[0.498s] -- Up-to-date symlink: /home/ubuntu/CS_ws/install/turtlebot3_manipulation_bringup/share/turtlebot3_manipulation_bringup/cmake/turtlebot3_manipulation_bringupConfig.cmake
[0.498s] -- Up-to-date symlink: /home/ubuntu/CS_ws/install/turtlebot3_manipulation_bringup/share/turtlebot3_manipulation_bringup/cmake/turtlebot3_manipulation_bringupConfig-version.cmake
[0.502s] -- Up-to-date symlink: /home/ubuntu/CS_ws/install/turtlebot3_manipulation_bringup/share/turtlebot3_manipulation_bringup/package.xml
[0.519s] Invoked command in '/home/ubuntu/CS_ws/build/turtlebot3_manipulation_bringup' returned '0': CMAKE_PREFIX_PATH=/home/ubuntu/CS_ws/install/turtlebot3_manipulation_description:/home/ubuntu/CS_ws/install/utilities:/home/ubuntu/CS_ws/install/turtlebot3_manipulation:/home/ubuntu/CS_ws/install/turtlebot3_manipulation_teleop:/home/ubuntu/CS_ws/install/turtlebot3_manipulation_navigation2:/home/ubuntu/CS_ws/install/turtlebot3_manipulation_moveit_config:/home/ubuntu/CS_ws/install/turtlebot3_manipulation_hardware:/home/ubuntu/CS_ws/install/turtlebot3_manipulation_bringup:/home/ubuntu/CS_ws/install/turtlebot3_manipulation_cartographer:/home/ubuntu/CS_ws/install/task_manager:/home/ubuntu/CS_ws/install/navigation:/home/ubuntu/CS_ws/install/command_input:/opt/ros/humble /usr/bin/cmake --install /home/ubuntu/CS_ws/build/turtlebot3_manipulation_bringup
