[0.152s] Invoking command in '/home/ubuntu/CS_ws/build/turtlebot3_manipulation_description': CMAKE_PREFIX_PATH=${CMAKE_PREFIX_PATH}:/home/ubuntu/CS_ws/install/task_manager:/home/ubuntu/CS_ws/install/navigation:/home/ubuntu/CS_ws/install/command_input:/opt/ros/humble /usr/bin/cmake --build /home/ubuntu/CS_ws/build/turtlebot3_manipulation_description -- -j8 -l8
[2.160s] Invoked command in '/home/ubuntu/CS_ws/build/turtlebot3_manipulation_description' returned '0': CMAKE_PREFIX_PATH=${CMAKE_PREFIX_PATH}:/home/ubuntu/CS_ws/install/task_manager:/home/ubuntu/CS_ws/install/navigation:/home/ubuntu/CS_ws/install/command_input:/opt/ros/humble /usr/bin/cmake --build /home/ubuntu/CS_ws/build/turtlebot3_manipulation_description -- -j8 -l8
[2.168s] Invoking command in '/home/ubuntu/CS_ws/build/turtlebot3_manipulation_description': CMAKE_PREFIX_PATH=${CMAKE_PREFIX_PATH}:/home/ubuntu/CS_ws/install/task_manager:/home/ubuntu/CS_ws/install/navigation:/home/ubuntu/CS_ws/install/command_input:/opt/ros/humble /usr/bin/cmake --install /home/ubuntu/CS_ws/build/turtlebot3_manipulation_description
[2.188s] -- Install configuration: ""
[2.188s] -- Execute custom install script
[2.191s] -- Up-to-date symlink: /home/ubuntu/CS_ws/install/turtlebot3_manipulation_description/share/turtlebot3_manipulation_description/launch/model.launch.py
[2.192s] -- Up-to-date symlink: /home/ubuntu/CS_ws/install/turtlebot3_manipulation_description/share/turtlebot3_manipulation_description/rviz/model.rviz
[2.192s] -- Up-to-date symlink: /home/ubuntu/CS_ws/install/turtlebot3_manipulation_description/share/turtlebot3_manipulation_description/urdf/open_manipulator_x.urdf.xacro
[2.193s] -- Up-to-date symlink: /home/ubuntu/CS_ws/install/turtlebot3_manipulation_description/share/turtlebot3_manipulation_description/urdf/turtlebot3_manipulation.urdf.xacro
[2.194s] -- Up-to-date symlink: /home/ubuntu/CS_ws/install/turtlebot3_manipulation_description/share/turtlebot3_manipulation_description/urdf/turtlebot3_waffle_pi.urdf.xacro
[2.196s] -- Up-to-date symlink: /home/ubuntu/CS_ws/install/turtlebot3_manipulation_description/share/turtlebot3_manipulation_description/gazebo/materials.xacro
[2.196s] -- Up-to-date symlink: /home/ubuntu/CS_ws/install/turtlebot3_manipulation_description/share/turtlebot3_manipulation_description/gazebo/open_manipulator_x.gazebo.xacro
[2.196s] -- Up-to-date symlink: /home/ubuntu/CS_ws/install/turtlebot3_manipulation_description/share/turtlebot3_manipulation_description/gazebo/turtlebot3_waffle_pi.gazebo.xacro
[2.202s] -- Up-to-date symlink: /home/ubuntu/CS_ws/install/turtlebot3_manipulation_description/share/turtlebot3_manipulation_description/meshes/open_manipulator_x/gripper_left_palm.stl
[2.202s] -- Up-to-date symlink: /home/ubuntu/CS_ws/install/turtlebot3_manipulation_description/share/turtlebot3_manipulation_description/meshes/open_manipulator_x/gripper_right_palm.stl
[2.202s] -- Up-to-date symlink: /home/ubuntu/CS_ws/install/turtlebot3_manipulation_description/share/turtlebot3_manipulation_description/meshes/open_manipulator_x/link1.stl
[2.203s] -- Up-to-date symlink: /home/ubuntu/CS_ws/install/turtlebot3_manipulation_description/share/turtlebot3_manipulation_description/meshes/open_manipulator_x/link2.stl
[2.203s] -- Up-to-date symlink: /home/ubuntu/CS_ws/install/turtlebot3_manipulation_description/share/turtlebot3_manipulation_description/meshes/open_manipulator_x/link3.stl
[2.203s] -- Up-to-date symlink: /home/ubuntu/CS_ws/install/turtlebot3_manipulation_description/share/turtlebot3_manipulation_description/meshes/open_manipulator_x/link4.stl
[2.205s] -- Up-to-date symlink: /home/ubuntu/CS_ws/install/turtlebot3_manipulation_description/share/turtlebot3_manipulation_description/meshes/open_manipulator_x/link5.stl
[2.207s] -- Up-to-date symlink: /home/ubuntu/CS_ws/install/turtlebot3_manipulation_description/share/turtlebot3_manipulation_description/meshes/turtlebot3_waffle_pi/base.stl
[2.207s] -- Up-to-date symlink: /home/ubuntu/CS_ws/install/turtlebot3_manipulation_description/share/turtlebot3_manipulation_description/meshes/turtlebot3_waffle_pi/ladar.stl
[2.209s] -- Up-to-date symlink: /home/ubuntu/CS_ws/install/turtlebot3_manipulation_description/share/turtlebot3_manipulation_description/meshes/turtlebot3_waffle_pi/left_tire.stl
[2.212s] -- Up-to-date symlink: /home/ubuntu/CS_ws/install/turtlebot3_manipulation_description/share/turtlebot3_manipulation_description/meshes/turtlebot3_waffle_pi/right_tire.stl
[2.212s] -- Up-to-date symlink: /home/ubuntu/CS_ws/install/turtlebot3_manipulation_description/share/turtlebot3_manipulation_description/ros2_control/turtlebot3_manipulation_system.ros2_control.xacro
[2.213s] -- Up-to-date symlink: /home/ubuntu/CS_ws/install/turtlebot3_manipulation_description/share/turtlebot3_manipulation_description/environment/turtlebot3_manipulation_description.dsv
[2.214s] -- Up-to-date symlink: /home/ubuntu/CS_ws/install/turtlebot3_manipulation_description/share/ament_index/resource_index/package_run_dependencies/turtlebot3_manipulation_description
[2.214s] -- Up-to-date symlink: /home/ubuntu/CS_ws/install/turtlebot3_manipulation_description/share/ament_index/resource_index/parent_prefix_path/turtlebot3_manipulation_description
[2.220s] -- Up-to-date symlink: /home/ubuntu/CS_ws/install/turtlebot3_manipulation_description/share/turtlebot3_manipulation_description/environment/ament_prefix_path.sh
[2.220s] -- Up-to-date symlink: /home/ubuntu/CS_ws/install/turtlebot3_manipulation_description/share/turtlebot3_manipulation_description/environment/ament_prefix_path.dsv
[2.221s] -- Up-to-date symlink: /home/ubuntu/CS_ws/install/turtlebot3_manipulation_description/share/turtlebot3_manipulation_description/environment/path.sh
[2.221s] -- Up-to-date symlink: /home/ubuntu/CS_ws/install/turtlebot3_manipulation_description/share/turtlebot3_manipulation_description/environment/path.dsv
[2.233s] -- Up-to-date symlink: /home/ubuntu/CS_ws/install/turtlebot3_manipulation_description/share/turtlebot3_manipulation_description/local_setup.bash
[2.234s] -- Up-to-date symlink: /home/ubuntu/CS_ws/install/turtlebot3_manipulation_description/share/turtlebot3_manipulation_description/local_setup.sh
[2.235s] -- Up-to-date symlink: /home/ubuntu/CS_ws/install/turtlebot3_manipulation_description/share/turtlebot3_manipulation_description/local_setup.zsh
[2.239s] -- Up-to-date symlink: /home/ubuntu/CS_ws/install/turtlebot3_manipulation_description/share/turtlebot3_manipulation_description/local_setup.dsv
[2.239s] -- Symlinking: /home/ubuntu/CS_ws/install/turtlebot3_manipulation_description/share/turtlebot3_manipulation_description/package.dsv
[2.291s] -- Up-to-date symlink: /home/ubuntu/CS_ws/install/turtlebot3_manipulation_description/share/ament_index/resource_index/packages/turtlebot3_manipulation_description
[2.291s] -- Up-to-date symlink: /home/ubuntu/CS_ws/install/turtlebot3_manipulation_description/share/turtlebot3_manipulation_description/cmake/turtlebot3_manipulation_descriptionConfig.cmake
[2.291s] -- Up-to-date symlink: /home/ubuntu/CS_ws/install/turtlebot3_manipulation_description/share/turtlebot3_manipulation_description/cmake/turtlebot3_manipulation_descriptionConfig-version.cmake
[2.293s] -- Up-to-date symlink: /home/ubuntu/CS_ws/install/turtlebot3_manipulation_description/share/turtlebot3_manipulation_description/package.xml
[2.417s] Invoked command in '/home/ubuntu/CS_ws/build/turtlebot3_manipulation_description' returned '0': CMAKE_PREFIX_PATH=${CMAKE_PREFIX_PATH}:/home/ubuntu/CS_ws/install/task_manager:/home/ubuntu/CS_ws/install/navigation:/home/ubuntu/CS_ws/install/command_input:/opt/ros/humble /usr/bin/cmake --install /home/ubuntu/CS_ws/build/turtlebot3_manipulation_description
