[0.059s] Invoking command in '/home/ubuntu/CS_ws/build/turtlebot3_manipulation': AMENT_PREFIX_PATH=/home/ubuntu/CS_ws/install/turtlebot3_manipulation_teleop:/home/ubuntu/CS_ws/install/turtlebot3_manipulation_moveit_config:/home/ubuntu/CS_ws/install/turtlebot3_manipulation_bringup:/home/ubuntu/CS_ws/install/turtlebot3_manipulation_navigation2:/home/ubuntu/CS_ws/install/turtlebot3_manipulation_hardware:/home/ubuntu/CS_ws/install/turtlebot3_manipulation_description:/home/ubuntu/CS_ws/install/turtlebot3_manipulation_cartographer:${AMENT_PREFIX_PATH} CMAKE_PREFIX_PATH=/home/ubuntu/CS_ws/install/turtlebot3_manipulation_teleop:/home/ubuntu/CS_ws/install/turtlebot3_manipulation_moveit_config:/home/ubuntu/CS_ws/install/turtlebot3_manipulation_bringup:/home/ubuntu/CS_ws/install/turtlebot3_manipulation_navigation2:/home/ubuntu/CS_ws/install/turtlebot3_manipulation_hardware:/home/ubuntu/CS_ws/install/turtlebot3_manipulation_description:/home/ubuntu/CS_ws/install/turtlebot3_manipulation_cartographer:/opt/ros/humble LD_LIBRARY_PATH=/home/ubuntu/CS_ws/install/turtlebot3_manipulation_hardware/lib:${LD_LIBRARY_PATH} /usr/bin/cmake /home/ubuntu/CS_ws/src/turtlebot3_manipulation/turtlebot3_manipulation -DAMENT_CMAKE_SYMLINK_INSTALL=1 -DCMAKE_INSTALL_PREFIX=/home/ubuntu/CS_ws/install/turtlebot3_manipulation
[0.275s] -- The C compiler identification is GNU 11.4.0
[0.496s] -- The CXX compiler identification is GNU 11.4.0
[0.526s] -- Detecting C compiler ABI info
[0.769s] -- Detecting C compiler ABI info - done
[0.808s] -- Check for working C compiler: /usr/bin/cc - skipped
[0.808s] -- Detecting C compile features
[0.809s] -- Detecting C compile features - done
[0.822s] -- Detecting CXX compiler ABI info
[1.012s] -- Detecting CXX compiler ABI info - done
[1.045s] -- Check for working CXX compiler: /usr/bin/c++ - skipped
[1.046s] -- Detecting CXX compile features
[1.048s] -- Detecting CXX compile features - done
[1.065s] -- Found ament_cmake: 1.3.11 (/opt/ros/humble/share/ament_cmake/cmake)
[1.459s] -- Found Python3: /usr/bin/python3 (found version "3.10.12") found components: Interpreter 
[1.640s] -- Override CMake install command with custom implementation using symlinks instead of copying resources
[1.973s] -- Configuring done
[1.990s] -- Generating done
[1.996s] -- Build files have been written to: /home/ubuntu/CS_ws/build/turtlebot3_manipulation
[2.005s] Invoked command in '/home/ubuntu/CS_ws/build/turtlebot3_manipulation' returned '0': AMENT_PREFIX_PATH=/home/ubuntu/CS_ws/install/turtlebot3_manipulation_teleop:/home/ubuntu/CS_ws/install/turtlebot3_manipulation_moveit_config:/home/ubuntu/CS_ws/install/turtlebot3_manipulation_bringup:/home/ubuntu/CS_ws/install/turtlebot3_manipulation_navigation2:/home/ubuntu/CS_ws/install/turtlebot3_manipulation_hardware:/home/ubuntu/CS_ws/install/turtlebot3_manipulation_description:/home/ubuntu/CS_ws/install/turtlebot3_manipulation_cartographer:${AMENT_PREFIX_PATH} CMAKE_PREFIX_PATH=/home/ubuntu/CS_ws/install/turtlebot3_manipulation_teleop:/home/ubuntu/CS_ws/install/turtlebot3_manipulation_moveit_config:/home/ubuntu/CS_ws/install/turtlebot3_manipulation_bringup:/home/ubuntu/CS_ws/install/turtlebot3_manipulation_navigation2:/home/ubuntu/CS_ws/install/turtlebot3_manipulation_hardware:/home/ubuntu/CS_ws/install/turtlebot3_manipulation_description:/home/ubuntu/CS_ws/install/turtlebot3_manipulation_cartographer:/opt/ros/humble LD_LIBRARY_PATH=/home/ubuntu/CS_ws/install/turtlebot3_manipulation_hardware/lib:${LD_LIBRARY_PATH} /usr/bin/cmake /home/ubuntu/CS_ws/src/turtlebot3_manipulation/turtlebot3_manipulation -DAMENT_CMAKE_SYMLINK_INSTALL=1 -DCMAKE_INSTALL_PREFIX=/home/ubuntu/CS_ws/install/turtlebot3_manipulation
[2.009s] Invoking command in '/home/ubuntu/CS_ws/build/turtlebot3_manipulation': AMENT_PREFIX_PATH=/home/ubuntu/CS_ws/install/turtlebot3_manipulation_teleop:/home/ubuntu/CS_ws/install/turtlebot3_manipulation_moveit_config:/home/ubuntu/CS_ws/install/turtlebot3_manipulation_bringup:/home/ubuntu/CS_ws/install/turtlebot3_manipulation_navigation2:/home/ubuntu/CS_ws/install/turtlebot3_manipulation_hardware:/home/ubuntu/CS_ws/install/turtlebot3_manipulation_description:/home/ubuntu/CS_ws/install/turtlebot3_manipulation_cartographer:${AMENT_PREFIX_PATH} CMAKE_PREFIX_PATH=/home/ubuntu/CS_ws/install/turtlebot3_manipulation_teleop:/home/ubuntu/CS_ws/install/turtlebot3_manipulation_moveit_config:/home/ubuntu/CS_ws/install/turtlebot3_manipulation_bringup:/home/ubuntu/CS_ws/install/turtlebot3_manipulation_navigation2:/home/ubuntu/CS_ws/install/turtlebot3_manipulation_hardware:/home/ubuntu/CS_ws/install/turtlebot3_manipulation_description:/home/ubuntu/CS_ws/install/turtlebot3_manipulation_cartographer:/opt/ros/humble LD_LIBRARY_PATH=/home/ubuntu/CS_ws/install/turtlebot3_manipulation_hardware/lib:${LD_LIBRARY_PATH} /usr/bin/cmake --build /home/ubuntu/CS_ws/build/turtlebot3_manipulation -- -j8 -l8
[2.089s] Invoked command in '/home/ubuntu/CS_ws/build/turtlebot3_manipulation' returned '0': AMENT_PREFIX_PATH=/home/ubuntu/CS_ws/install/turtlebot3_manipulation_teleop:/home/ubuntu/CS_ws/install/turtlebot3_manipulation_moveit_config:/home/ubuntu/CS_ws/install/turtlebot3_manipulation_bringup:/home/ubuntu/CS_ws/install/turtlebot3_manipulation_navigation2:/home/ubuntu/CS_ws/install/turtlebot3_manipulation_hardware:/home/ubuntu/CS_ws/install/turtlebot3_manipulation_description:/home/ubuntu/CS_ws/install/turtlebot3_manipulation_cartographer:${AMENT_PREFIX_PATH} CMAKE_PREFIX_PATH=/home/ubuntu/CS_ws/install/turtlebot3_manipulation_teleop:/home/ubuntu/CS_ws/install/turtlebot3_manipulation_moveit_config:/home/ubuntu/CS_ws/install/turtlebot3_manipulation_bringup:/home/ubuntu/CS_ws/install/turtlebot3_manipulation_navigation2:/home/ubuntu/CS_ws/install/turtlebot3_manipulation_hardware:/home/ubuntu/CS_ws/install/turtlebot3_manipulation_description:/home/ubuntu/CS_ws/install/turtlebot3_manipulation_cartographer:/opt/ros/humble LD_LIBRARY_PATH=/home/ubuntu/CS_ws/install/turtlebot3_manipulation_hardware/lib:${LD_LIBRARY_PATH} /usr/bin/cmake --build /home/ubuntu/CS_ws/build/turtlebot3_manipulation -- -j8 -l8
[2.094s] Invoking command in '/home/ubuntu/CS_ws/build/turtlebot3_manipulation': AMENT_PREFIX_PATH=/home/ubuntu/CS_ws/install/turtlebot3_manipulation_teleop:/home/ubuntu/CS_ws/install/turtlebot3_manipulation_moveit_config:/home/ubuntu/CS_ws/install/turtlebot3_manipulation_bringup:/home/ubuntu/CS_ws/install/turtlebot3_manipulation_navigation2:/home/ubuntu/CS_ws/install/turtlebot3_manipulation_hardware:/home/ubuntu/CS_ws/install/turtlebot3_manipulation_description:/home/ubuntu/CS_ws/install/turtlebot3_manipulation_cartographer:${AMENT_PREFIX_PATH} CMAKE_PREFIX_PATH=/home/ubuntu/CS_ws/install/turtlebot3_manipulation_teleop:/home/ubuntu/CS_ws/install/turtlebot3_manipulation_moveit_config:/home/ubuntu/CS_ws/install/turtlebot3_manipulation_bringup:/home/ubuntu/CS_ws/install/turtlebot3_manipulation_navigation2:/home/ubuntu/CS_ws/install/turtlebot3_manipulation_hardware:/home/ubuntu/CS_ws/install/turtlebot3_manipulation_description:/home/ubuntu/CS_ws/install/turtlebot3_manipulation_cartographer:/opt/ros/humble LD_LIBRARY_PATH=/home/ubuntu/CS_ws/install/turtlebot3_manipulation_hardware/lib:${LD_LIBRARY_PATH} /usr/bin/cmake --install /home/ubuntu/CS_ws/build/turtlebot3_manipulation
[2.110s] -- Install configuration: ""
[2.111s] -- Execute custom install script
[2.117s] -- Symlinking: /home/ubuntu/CS_ws/install/turtlebot3_manipulation/share/ament_index/resource_index/package_run_dependencies/turtlebot3_manipulation
[2.138s] -- Symlinking: /home/ubuntu/CS_ws/install/turtlebot3_manipulation/share/ament_index/resource_index/parent_prefix_path/turtlebot3_manipulation
[2.161s] -- Symlinking: /home/ubuntu/CS_ws/install/turtlebot3_manipulation/share/turtlebot3_manipulation/environment/ament_prefix_path.sh
[2.183s] -- Symlinking: /home/ubuntu/CS_ws/install/turtlebot3_manipulation/share/turtlebot3_manipulation/environment/ament_prefix_path.dsv
[2.203s] -- Symlinking: /home/ubuntu/CS_ws/install/turtlebot3_manipulation/share/turtlebot3_manipulation/environment/path.sh
[2.222s] -- Symlinking: /home/ubuntu/CS_ws/install/turtlebot3_manipulation/share/turtlebot3_manipulation/environment/path.dsv
[2.243s] -- Symlinking: /home/ubuntu/CS_ws/install/turtlebot3_manipulation/share/turtlebot3_manipulation/local_setup.bash
[2.263s] -- Symlinking: /home/ubuntu/CS_ws/install/turtlebot3_manipulation/share/turtlebot3_manipulation/local_setup.sh
[2.286s] -- Symlinking: /home/ubuntu/CS_ws/install/turtlebot3_manipulation/share/turtlebot3_manipulation/local_setup.zsh
[2.306s] -- Symlinking: /home/ubuntu/CS_ws/install/turtlebot3_manipulation/share/turtlebot3_manipulation/local_setup.dsv
[2.326s] -- Symlinking: /home/ubuntu/CS_ws/install/turtlebot3_manipulation/share/turtlebot3_manipulation/package.dsv
[2.349s] -- Symlinking: /home/ubuntu/CS_ws/install/turtlebot3_manipulation/share/ament_index/resource_index/packages/turtlebot3_manipulation
[2.370s] -- Symlinking: /home/ubuntu/CS_ws/install/turtlebot3_manipulation/share/turtlebot3_manipulation/cmake/turtlebot3_manipulationConfig.cmake
[2.393s] -- Symlinking: /home/ubuntu/CS_ws/install/turtlebot3_manipulation/share/turtlebot3_manipulation/cmake/turtlebot3_manipulationConfig-version.cmake
[2.414s] -- Symlinking: /home/ubuntu/CS_ws/install/turtlebot3_manipulation/share/turtlebot3_manipulation/package.xml
[2.441s] Invoked command in '/home/ubuntu/CS_ws/build/turtlebot3_manipulation' returned '0': AMENT_PREFIX_PATH=/home/ubuntu/CS_ws/install/turtlebot3_manipulation_teleop:/home/ubuntu/CS_ws/install/turtlebot3_manipulation_moveit_config:/home/ubuntu/CS_ws/install/turtlebot3_manipulation_bringup:/home/ubuntu/CS_ws/install/turtlebot3_manipulation_navigation2:/home/ubuntu/CS_ws/install/turtlebot3_manipulation_hardware:/home/ubuntu/CS_ws/install/turtlebot3_manipulation_description:/home/ubuntu/CS_ws/install/turtlebot3_manipulation_cartographer:${AMENT_PREFIX_PATH} CMAKE_PREFIX_PATH=/home/ubuntu/CS_ws/install/turtlebot3_manipulation_teleop:/home/ubuntu/CS_ws/install/turtlebot3_manipulation_moveit_config:/home/ubuntu/CS_ws/install/turtlebot3_manipulation_bringup:/home/ubuntu/CS_ws/install/turtlebot3_manipulation_navigation2:/home/ubuntu/CS_ws/install/turtlebot3_manipulation_hardware:/home/ubuntu/CS_ws/install/turtlebot3_manipulation_description:/home/ubuntu/CS_ws/install/turtlebot3_manipulation_cartographer:/opt/ros/humble LD_LIBRARY_PATH=/home/ubuntu/CS_ws/install/turtlebot3_manipulation_hardware/lib:${LD_LIBRARY_PATH} /usr/bin/cmake --install /home/ubuntu/CS_ws/build/turtlebot3_manipulation
