[0.070s] Invoking command in '/home/ubuntu/CS_ws/build/turtlebot3_manipulation': CMAKE_PREFIX_PATH=/home/ubuntu/CS_ws/install/turtlebot3_manipulation_teleop:/home/ubuntu/CS_ws/install/turtlebot3_manipulation_moveit_config:/home/ubuntu/CS_ws/install/turtlebot3_manipulation_bringup:/home/ubuntu/CS_ws/install/turtlebot3_manipulation_navigation2:/home/ubuntu/CS_ws/install/turtlebot3_manipulation_hardware:/home/ubuntu/CS_ws/install/turtlebot3_manipulation_description:/home/ubuntu/CS_ws/install/turtlebot3_manipulation_cartographer:/home/ubuntu/CS_ws/install/turtlebot3_manipulation:/home/ubuntu/CS_ws/install/task_manager:/opt/ros/humble /usr/bin/cmake --build /home/ubuntu/CS_ws/build/turtlebot3_manipulation -- -j8 -l8
[0.193s] Invoked command in '/home/ubuntu/CS_ws/build/turtlebot3_manipulation' returned '0': CMAKE_PREFIX_PATH=/home/ubuntu/CS_ws/install/turtlebot3_manipulation_teleop:/home/ubuntu/CS_ws/install/turtlebot3_manipulation_moveit_config:/home/ubuntu/CS_ws/install/turtlebot3_manipulation_bringup:/home/ubuntu/CS_ws/install/turtlebot3_manipulation_navigation2:/home/ubuntu/CS_ws/install/turtlebot3_manipulation_hardware:/home/ubuntu/CS_ws/install/turtlebot3_manipulation_description:/home/ubuntu/CS_ws/install/turtlebot3_manipulation_cartographer:/home/ubuntu/CS_ws/install/turtlebot3_manipulation:/home/ubuntu/CS_ws/install/task_manager:/opt/ros/humble /usr/bin/cmake --build /home/ubuntu/CS_ws/build/turtlebot3_manipulation -- -j8 -l8
[0.206s] Invoking command in '/home/ubuntu/CS_ws/build/turtlebot3_manipulation': CMAKE_PREFIX_PATH=/home/ubuntu/CS_ws/install/turtlebot3_manipulation_teleop:/home/ubuntu/CS_ws/install/turtlebot3_manipulation_moveit_config:/home/ubuntu/CS_ws/install/turtlebot3_manipulation_bringup:/home/ubuntu/CS_ws/install/turtlebot3_manipulation_navigation2:/home/ubuntu/CS_ws/install/turtlebot3_manipulation_hardware:/home/ubuntu/CS_ws/install/turtlebot3_manipulation_description:/home/ubuntu/CS_ws/install/turtlebot3_manipulation_cartographer:/home/ubuntu/CS_ws/install/turtlebot3_manipulation:/home/ubuntu/CS_ws/install/task_manager:/opt/ros/humble /usr/bin/cmake --install /home/ubuntu/CS_ws/build/turtlebot3_manipulation
[0.228s] -- Install configuration: ""
[0.231s] -- Execute custom install script
[0.231s] -- Up-to-date symlink: /home/ubuntu/CS_ws/install/turtlebot3_manipulation/share/ament_index/resource_index/package_run_dependencies/turtlebot3_manipulation
[0.233s] -- Up-to-date symlink: /home/ubuntu/CS_ws/install/turtlebot3_manipulation/share/ament_index/resource_index/parent_prefix_path/turtlebot3_manipulation
[0.235s] -- Up-to-date symlink: /home/ubuntu/CS_ws/install/turtlebot3_manipulation/share/turtlebot3_manipulation/environment/ament_prefix_path.sh
[0.236s] -- Up-to-date symlink: /home/ubuntu/CS_ws/install/turtlebot3_manipulation/share/turtlebot3_manipulation/environment/ament_prefix_path.dsv
[0.237s] -- Up-to-date symlink: /home/ubuntu/CS_ws/install/turtlebot3_manipulation/share/turtlebot3_manipulation/environment/path.sh
[0.239s] -- Up-to-date symlink: /home/ubuntu/CS_ws/install/turtlebot3_manipulation/share/turtlebot3_manipulation/environment/path.dsv
[0.240s] -- Up-to-date symlink: /home/ubuntu/CS_ws/install/turtlebot3_manipulation/share/turtlebot3_manipulation/local_setup.bash
[0.243s] -- Up-to-date symlink: /home/ubuntu/CS_ws/install/turtlebot3_manipulation/share/turtlebot3_manipulation/local_setup.sh
[0.245s] -- Up-to-date symlink: /home/ubuntu/CS_ws/install/turtlebot3_manipulation/share/turtlebot3_manipulation/local_setup.zsh
[0.246s] -- Up-to-date symlink: /home/ubuntu/CS_ws/install/turtlebot3_manipulation/share/turtlebot3_manipulation/local_setup.dsv
[0.247s] -- Symlinking: /home/ubuntu/CS_ws/install/turtlebot3_manipulation/share/turtlebot3_manipulation/package.dsv
[0.285s] -- Up-to-date symlink: /home/ubuntu/CS_ws/install/turtlebot3_manipulation/share/ament_index/resource_index/packages/turtlebot3_manipulation
[0.287s] -- Up-to-date symlink: /home/ubuntu/CS_ws/install/turtlebot3_manipulation/share/turtlebot3_manipulation/cmake/turtlebot3_manipulationConfig.cmake
[0.288s] -- Up-to-date symlink: /home/ubuntu/CS_ws/install/turtlebot3_manipulation/share/turtlebot3_manipulation/cmake/turtlebot3_manipulationConfig-version.cmake
[0.289s] -- Up-to-date symlink: /home/ubuntu/CS_ws/install/turtlebot3_manipulation/share/turtlebot3_manipulation/package.xml
[0.298s] Invoked command in '/home/ubuntu/CS_ws/build/turtlebot3_manipulation' returned '0': CMAKE_PREFIX_PATH=/home/ubuntu/CS_ws/install/turtlebot3_manipulation_teleop:/home/ubuntu/CS_ws/install/turtlebot3_manipulation_moveit_config:/home/ubuntu/CS_ws/install/turtlebot3_manipulation_bringup:/home/ubuntu/CS_ws/install/turtlebot3_manipulation_navigation2:/home/ubuntu/CS_ws/install/turtlebot3_manipulation_hardware:/home/ubuntu/CS_ws/install/turtlebot3_manipulation_description:/home/ubuntu/CS_ws/install/turtlebot3_manipulation_cartographer:/home/ubuntu/CS_ws/install/turtlebot3_manipulation:/home/ubuntu/CS_ws/install/task_manager:/opt/ros/humble /usr/bin/cmake --install /home/ubuntu/CS_ws/build/turtlebot3_manipulation
