[0.167s] Invoking command in '/home/ubuntu/CS_ws/build/turtlebot3_manipulation_navigation2': CMAKE_PREFIX_PATH=${CMAKE_PREFIX_PATH}:/home/ubuntu/CS_ws/install/task_manager:/opt/ros/humble /usr/bin/cmake --build /home/ubuntu/CS_ws/build/turtlebot3_manipulation_navigation2 -- -j8 -l8
[1.035s] Invoked command in '/home/ubuntu/CS_ws/build/turtlebot3_manipulation_navigation2' returned '0': CMAKE_PREFIX_PATH=${CMAKE_PREFIX_PATH}:/home/ubuntu/CS_ws/install/task_manager:/opt/ros/humble /usr/bin/cmake --build /home/ubuntu/CS_ws/build/turtlebot3_manipulation_navigation2 -- -j8 -l8
[1.039s] Invoking command in '/home/ubuntu/CS_ws/build/turtlebot3_manipulation_navigation2': CMAKE_PREFIX_PATH=${CMAKE_PREFIX_PATH}:/home/ubuntu/CS_ws/install/task_manager:/opt/ros/humble /usr/bin/cmake --install /home/ubuntu/CS_ws/build/turtlebot3_manipulation_navigation2
[1.075s] -- Install configuration: ""
[1.089s] -- Execute custom install script
[1.097s] -- Up-to-date symlink: /home/ubuntu/CS_ws/install/turtlebot3_manipulation_navigation2/share/turtlebot3_manipulation_navigation2/launch/navigation2.launch.py
[1.097s] -- Up-to-date symlink: /home/ubuntu/CS_ws/install/turtlebot3_manipulation_navigation2/share/turtlebot3_manipulation_navigation2/launch/navigation2_use_sim_time.launch.py
[1.098s] -- Up-to-date symlink: /home/ubuntu/CS_ws/install/turtlebot3_manipulation_navigation2/share/turtlebot3_manipulation_navigation2/map/turtlebot3_world.pgm
[1.101s] -- Up-to-date symlink: /home/ubuntu/CS_ws/install/turtlebot3_manipulation_navigation2/share/turtlebot3_manipulation_navigation2/map/turtlebot3_world.yaml
[1.103s] -- Up-to-date symlink: /home/ubuntu/CS_ws/install/turtlebot3_manipulation_navigation2/share/turtlebot3_manipulation_navigation2/param/turtlebot3.yaml
[1.104s] -- Up-to-date symlink: /home/ubuntu/CS_ws/install/turtlebot3_manipulation_navigation2/share/turtlebot3_manipulation_navigation2/param/turtlebot3_use_sim_time.yaml
[1.105s] -- Up-to-date symlink: /home/ubuntu/CS_ws/install/turtlebot3_manipulation_navigation2/share/turtlebot3_manipulation_navigation2/rviz/navigation2.rviz
[1.105s] -- Up-to-date symlink: /home/ubuntu/CS_ws/install/turtlebot3_manipulation_navigation2/share/ament_index/resource_index/package_run_dependencies/turtlebot3_manipulation_navigation2
[1.106s] -- Up-to-date symlink: /home/ubuntu/CS_ws/install/turtlebot3_manipulation_navigation2/share/ament_index/resource_index/parent_prefix_path/turtlebot3_manipulation_navigation2
[1.107s] -- Up-to-date symlink: /home/ubuntu/CS_ws/install/turtlebot3_manipulation_navigation2/share/turtlebot3_manipulation_navigation2/environment/ament_prefix_path.sh
[1.108s] -- Up-to-date symlink: /home/ubuntu/CS_ws/install/turtlebot3_manipulation_navigation2/share/turtlebot3_manipulation_navigation2/environment/ament_prefix_path.dsv
[1.121s] -- Up-to-date symlink: /home/ubuntu/CS_ws/install/turtlebot3_manipulation_navigation2/share/turtlebot3_manipulation_navigation2/environment/path.sh
[1.122s] -- Up-to-date symlink: /home/ubuntu/CS_ws/install/turtlebot3_manipulation_navigation2/share/turtlebot3_manipulation_navigation2/environment/path.dsv
[1.122s] -- Up-to-date symlink: /home/ubuntu/CS_ws/install/turtlebot3_manipulation_navigation2/share/turtlebot3_manipulation_navigation2/local_setup.bash
[1.123s] -- Up-to-date symlink: /home/ubuntu/CS_ws/install/turtlebot3_manipulation_navigation2/share/turtlebot3_manipulation_navigation2/local_setup.sh
[1.123s] -- Up-to-date symlink: /home/ubuntu/CS_ws/install/turtlebot3_manipulation_navigation2/share/turtlebot3_manipulation_navigation2/local_setup.zsh
[1.124s] -- Up-to-date symlink: /home/ubuntu/CS_ws/install/turtlebot3_manipulation_navigation2/share/turtlebot3_manipulation_navigation2/local_setup.dsv
[1.124s] -- Symlinking: /home/ubuntu/CS_ws/install/turtlebot3_manipulation_navigation2/share/turtlebot3_manipulation_navigation2/package.dsv
[1.134s] -- Up-to-date symlink: /home/ubuntu/CS_ws/install/turtlebot3_manipulation_navigation2/share/ament_index/resource_index/packages/turtlebot3_manipulation_navigation2
[1.136s] -- Up-to-date symlink: /home/ubuntu/CS_ws/install/turtlebot3_manipulation_navigation2/share/turtlebot3_manipulation_navigation2/cmake/turtlebot3_manipulation_navigation2Config.cmake
[1.137s] -- Up-to-date symlink: /home/ubuntu/CS_ws/install/turtlebot3_manipulation_navigation2/share/turtlebot3_manipulation_navigation2/cmake/turtlebot3_manipulation_navigation2Config-version.cmake
[1.141s] -- Up-to-date symlink: /home/ubuntu/CS_ws/install/turtlebot3_manipulation_navigation2/share/turtlebot3_manipulation_navigation2/package.xml
[1.261s] Invoked command in '/home/ubuntu/CS_ws/build/turtlebot3_manipulation_navigation2' returned '0': CMAKE_PREFIX_PATH=${CMAKE_PREFIX_PATH}:/home/ubuntu/CS_ws/install/task_manager:/opt/ros/humble /usr/bin/cmake --install /home/ubuntu/CS_ws/build/turtlebot3_manipulation_navigation2
