[0.938s] Invoking command in '/home/ubuntu/CS_ws/build/turtlebot3_manipulation_hardware': CMAKE_PREFIX_PATH=${CMAKE_PREFIX_PATH}:/home/ubuntu/CS_ws/install/task_manager:/home/ubuntu/CS_ws/install/navigation:/home/ubuntu/CS_ws/install/command_input:/opt/ros/humble /usr/bin/cmake --build /home/ubuntu/CS_ws/build/turtlebot3_manipulation_hardware -- -j8 -l8
[6.943s] [100%] Built target turtlebot3_manipulation_hardware
[7.095s] Invoked command in '/home/ubuntu/CS_ws/build/turtlebot3_manipulation_hardware' returned '0': CMAKE_PREFIX_PATH=${CMAKE_PREFIX_PATH}:/home/ubuntu/CS_ws/install/task_manager:/home/ubuntu/CS_ws/install/navigation:/home/ubuntu/CS_ws/install/command_input:/opt/ros/humble /usr/bin/cmake --build /home/ubuntu/CS_ws/build/turtlebot3_manipulation_hardware -- -j8 -l8
[7.097s] Invoking command in '/home/ubuntu/CS_ws/build/turtlebot3_manipulation_hardware': CMAKE_PREFIX_PATH=${CMAKE_PREFIX_PATH}:/home/ubuntu/CS_ws/install/task_manager:/home/ubuntu/CS_ws/install/navigation:/home/ubuntu/CS_ws/install/command_input:/opt/ros/humble /usr/bin/cmake --install /home/ubuntu/CS_ws/build/turtlebot3_manipulation_hardware
[7.359s] -- Install configuration: ""
[7.361s] -- Execute custom install script
[7.361s] -- Up-to-date symlink: /home/ubuntu/CS_ws/install/turtlebot3_manipulation_hardware/share/turtlebot3_manipulation_hardware//turtlebot3_manipulation_hardware.xml
[7.362s] -- Up-to-date symlink: /home/ubuntu/CS_ws/install/turtlebot3_manipulation_hardware/include/turtlebot3_manipulation_hardware/dynamixel_sdk_wrapper.hpp
[7.362s] -- Up-to-date symlink: /home/ubuntu/CS_ws/install/turtlebot3_manipulation_hardware/include/turtlebot3_manipulation_hardware/opencr.hpp
[7.369s] -- Up-to-date symlink: /home/ubuntu/CS_ws/install/turtlebot3_manipulation_hardware/include/turtlebot3_manipulation_hardware/opencr_control_table.hpp
[7.369s] -- Up-to-date symlink: /home/ubuntu/CS_ws/install/turtlebot3_manipulation_hardware/include/turtlebot3_manipulation_hardware/opencr_definitions.hpp
[7.371s] -- Up-to-date symlink: /home/ubuntu/CS_ws/install/turtlebot3_manipulation_hardware/include/turtlebot3_manipulation_hardware/turtlebot3_manipulation_system.hpp
[7.371s] -- Up-to-date symlink: /home/ubuntu/CS_ws/install/turtlebot3_manipulation_hardware/include/turtlebot3_manipulation_hardware/visibility_control.h
[7.372s] -- Up-to-date symlink: /home/ubuntu/CS_ws/install/turtlebot3_manipulation_hardware/lib/libturtlebot3_manipulation_hardware.so
[7.374s] -- Up-to-date symlink: /home/ubuntu/CS_ws/install/turtlebot3_manipulation_hardware/share/turtlebot3_manipulation_hardware/environment/library_path.sh
[7.374s] -- Up-to-date symlink: /home/ubuntu/CS_ws/install/turtlebot3_manipulation_hardware/share/turtlebot3_manipulation_hardware/environment/library_path.dsv
[7.375s] -- Up-to-date symlink: /home/ubuntu/CS_ws/install/turtlebot3_manipulation_hardware/share/ament_index/resource_index/package_run_dependencies/turtlebot3_manipulation_hardware
[7.375s] -- Up-to-date symlink: /home/ubuntu/CS_ws/install/turtlebot3_manipulation_hardware/share/ament_index/resource_index/parent_prefix_path/turtlebot3_manipulation_hardware
[7.375s] -- Up-to-date symlink: /home/ubuntu/CS_ws/install/turtlebot3_manipulation_hardware/share/turtlebot3_manipulation_hardware/environment/ament_prefix_path.sh
[7.376s] -- Up-to-date symlink: /home/ubuntu/CS_ws/install/turtlebot3_manipulation_hardware/share/turtlebot3_manipulation_hardware/environment/ament_prefix_path.dsv
[7.376s] -- Up-to-date symlink: /home/ubuntu/CS_ws/install/turtlebot3_manipulation_hardware/share/turtlebot3_manipulation_hardware/environment/path.sh
[7.378s] -- Up-to-date symlink: /home/ubuntu/CS_ws/install/turtlebot3_manipulation_hardware/share/turtlebot3_manipulation_hardware/environment/path.dsv
[7.384s] -- Up-to-date symlink: /home/ubuntu/CS_ws/install/turtlebot3_manipulation_hardware/share/turtlebot3_manipulation_hardware/local_setup.bash
[7.385s] -- Up-to-date symlink: /home/ubuntu/CS_ws/install/turtlebot3_manipulation_hardware/share/turtlebot3_manipulation_hardware/local_setup.sh
[7.385s] -- Up-to-date symlink: /home/ubuntu/CS_ws/install/turtlebot3_manipulation_hardware/share/turtlebot3_manipulation_hardware/local_setup.zsh
[7.385s] -- Up-to-date symlink: /home/ubuntu/CS_ws/install/turtlebot3_manipulation_hardware/share/turtlebot3_manipulation_hardware/local_setup.dsv
[7.386s] -- Symlinking: /home/ubuntu/CS_ws/install/turtlebot3_manipulation_hardware/share/turtlebot3_manipulation_hardware/package.dsv
[7.386s] -- Up-to-date symlink: /home/ubuntu/CS_ws/install/turtlebot3_manipulation_hardware/share/ament_index/resource_index/packages/turtlebot3_manipulation_hardware
[7.386s] -- Up-to-date symlink: /home/ubuntu/CS_ws/install/turtlebot3_manipulation_hardware/share/ament_index/resource_index/hardware_interface__pluginlib__plugin/turtlebot3_manipulation_hardware
[7.386s] -- Up-to-date symlink: /home/ubuntu/CS_ws/install/turtlebot3_manipulation_hardware/share/turtlebot3_manipulation_hardware/cmake/ament_cmake_export_include_directories-extras.cmake
[7.387s] -- Up-to-date symlink: /home/ubuntu/CS_ws/install/turtlebot3_manipulation_hardware/share/turtlebot3_manipulation_hardware/cmake/ament_cmake_export_libraries-extras.cmake
[7.387s] -- Up-to-date symlink: /home/ubuntu/CS_ws/install/turtlebot3_manipulation_hardware/share/turtlebot3_manipulation_hardware/cmake/ament_cmake_export_dependencies-extras.cmake
[7.387s] -- Up-to-date symlink: /home/ubuntu/CS_ws/install/turtlebot3_manipulation_hardware/share/turtlebot3_manipulation_hardware/cmake/turtlebot3_manipulation_hardwareConfig.cmake
[7.387s] -- Up-to-date symlink: /home/ubuntu/CS_ws/install/turtlebot3_manipulation_hardware/share/turtlebot3_manipulation_hardware/cmake/turtlebot3_manipulation_hardwareConfig-version.cmake
[7.388s] -- Up-to-date symlink: /home/ubuntu/CS_ws/install/turtlebot3_manipulation_hardware/share/turtlebot3_manipulation_hardware/package.xml
[7.669s] Invoked command in '/home/ubuntu/CS_ws/build/turtlebot3_manipulation_hardware' returned '0': CMAKE_PREFIX_PATH=${CMAKE_PREFIX_PATH}:/home/ubuntu/CS_ws/install/task_manager:/home/ubuntu/CS_ws/install/navigation:/home/ubuntu/CS_ws/install/command_input:/opt/ros/humble /usr/bin/cmake --install /home/ubuntu/CS_ws/build/turtlebot3_manipulation_hardware
