[4.489s] Invoking command in '/home/ubuntu/CS_ws/build/task_manager': PYTHONPATH=/home/ubuntu/CS_ws/build/task_manager/prefix_override:/usr/lib/python3/dist-packages/colcon_core/task/python/colcon_distutils_commands:/home/ubuntu/CS_ws/install/task_manager/lib/python3.10/site-packages:${PYTHONPATH} /usr/bin/python3 -W ignore:setup.py install is deprecated -W ignore:easy_install command is deprecated setup.py develop --uninstall --editable --build-directory /home/ubuntu/CS_ws/build/task_manager/build
[6.131s] running develop
[7.289s] Removing /home/ubuntu/CS_ws/install/task_manager/lib/python3.10/site-packages/task-manager.egg-link (link to .)
[7.458s] Invoked command in '/home/ubuntu/CS_ws/build/task_manager' returned '0': PYTHONPATH=/home/ubuntu/CS_ws/build/task_manager/prefix_override:/usr/lib/python3/dist-packages/colcon_core/task/python/colcon_distutils_commands:/home/ubuntu/CS_ws/install/task_manager/lib/python3.10/site-packages:${PYTHONPATH} /usr/bin/python3 -W ignore:setup.py install is deprecated -W ignore:easy_install command is deprecated setup.py develop --uninstall --editable --build-directory /home/ubuntu/CS_ws/build/task_manager/build
[7.459s] Invoking command in '/home/ubuntu/CS_ws/src/task_manager': PYTHONPATH=/home/ubuntu/CS_ws/build/task_manager/prefix_override:/usr/lib/python3/dist-packages/colcon_core/task/python/colcon_distutils_commands:/home/ubuntu/CS_ws/install/task_manager/lib/python3.10/site-packages:${PYTHONPATH} /usr/bin/python3 -W ignore:setup.py install is deprecated -W ignore:easy_install command is deprecated setup.py egg_info --egg-base ../../build/task_manager build --build-base /home/ubuntu/CS_ws/build/task_manager/build install --record /home/ubuntu/CS_ws/build/task_manager/install.log --single-version-externally-managed install_data --force
[9.108s] running egg_info
[9.117s] writing ../../build/task_manager/task_manager.egg-info/PKG-INFO
[9.119s] writing dependency_links to ../../build/task_manager/task_manager.egg-info/dependency_links.txt
[9.123s] writing entry points to ../../build/task_manager/task_manager.egg-info/entry_points.txt
[9.124s] writing requirements to ../../build/task_manager/task_manager.egg-info/requires.txt
[9.127s] writing top-level names to ../../build/task_manager/task_manager.egg-info/top_level.txt
[9.141s] reading manifest file '../../build/task_manager/task_manager.egg-info/SOURCES.txt'
[9.141s] writing manifest file '../../build/task_manager/task_manager.egg-info/SOURCES.txt'
[9.142s] running build
[9.142s] running build_py
[9.147s] creating /home/ubuntu/CS_ws/build/task_manager/build
[9.148s] creating /home/ubuntu/CS_ws/build/task_manager/build/lib
[9.148s] creating /home/ubuntu/CS_ws/build/task_manager/build/lib/task_manager
[9.148s] copying task_manager/__init__.py -> /home/ubuntu/CS_ws/build/task_manager/build/lib/task_manager
[9.152s] copying task_manager/task_manager.py -> /home/ubuntu/CS_ws/build/task_manager/build/lib/task_manager
[9.152s] running install
[9.153s] running install_lib
[9.161s] creating /home/ubuntu/CS_ws/install/task_manager/lib/python3.10/site-packages/task_manager
[9.161s] copying /home/ubuntu/CS_ws/build/task_manager/build/lib/task_manager/__init__.py -> /home/ubuntu/CS_ws/install/task_manager/lib/python3.10/site-packages/task_manager
[9.161s] copying /home/ubuntu/CS_ws/build/task_manager/build/lib/task_manager/task_manager.py -> /home/ubuntu/CS_ws/install/task_manager/lib/python3.10/site-packages/task_manager
[9.161s] byte-compiling /home/ubuntu/CS_ws/install/task_manager/lib/python3.10/site-packages/task_manager/__init__.py to __init__.cpython-310.pyc
[9.164s] byte-compiling /home/ubuntu/CS_ws/install/task_manager/lib/python3.10/site-packages/task_manager/task_manager.py to task_manager.cpython-310.pyc
[9.171s] running install_data
[9.172s] copying resource/task_manager -> /home/ubuntu/CS_ws/install/task_manager/share/ament_index/resource_index/packages
[9.177s] copying package.xml -> /home/ubuntu/CS_ws/install/task_manager/share/task_manager
[9.191s] copying launch/simulation_launch.py -> /home/ubuntu/CS_ws/install/task_manager/share/task_manager/launch
[9.195s] running install_egg_info
[9.195s] Copying ../../build/task_manager/task_manager.egg-info to /home/ubuntu/CS_ws/install/task_manager/lib/python3.10/site-packages/task_manager-0.0.0-py3.10.egg-info
[9.202s] running install_scripts
[9.332s] Installing task_manager script to /home/ubuntu/CS_ws/install/task_manager/lib/task_manager
[9.334s] writing list of installed files to '/home/ubuntu/CS_ws/build/task_manager/install.log'
[9.480s] Invoked command in '/home/ubuntu/CS_ws/src/task_manager' returned '0': PYTHONPATH=/home/ubuntu/CS_ws/build/task_manager/prefix_override:/usr/lib/python3/dist-packages/colcon_core/task/python/colcon_distutils_commands:/home/ubuntu/CS_ws/install/task_manager/lib/python3.10/site-packages:${PYTHONPATH} /usr/bin/python3 -W ignore:setup.py install is deprecated -W ignore:easy_install command is deprecated setup.py egg_info --egg-base ../../build/task_manager build --build-base /home/ubuntu/CS_ws/build/task_manager/build install --record /home/ubuntu/CS_ws/build/task_manager/install.log --single-version-externally-managed install_data --force
