[0.194s] Invoking command in '/home/ubuntu/CS_ws/build/turtlebot3_manipulation_teleop': CMAKE_PREFIX_PATH=/home/ubuntu/CS_ws/install/turtlebot3_manipulation_moveit_config:/home/ubuntu/CS_ws/install/turtlebot3_manipulation_bringup:/home/ubuntu/CS_ws/install/turtlebot3_manipulation_description:/home/ubuntu/CS_ws/install/utilities:/home/ubuntu/CS_ws/install/turtlebot3_manipulation:/home/ubuntu/CS_ws/install/turtlebot3_manipulation_teleop:/home/ubuntu/CS_ws/install/turtlebot3_manipulation_navigation2:/home/ubuntu/CS_ws/install/turtlebot3_manipulation_hardware:/home/ubuntu/CS_ws/install/turtlebot3_manipulation_cartographer:/home/ubuntu/CS_ws/install/task_manager:/home/ubuntu/CS_ws/install/navigation:/home/ubuntu/CS_ws/install/command_input:/opt/ros/humble /usr/bin/cmake --build /home/ubuntu/CS_ws/build/turtlebot3_manipulation_teleop -- -j8 -l8
[1.287s] [100%] Built target turtlebot3_manipulation_teleop
[1.426s] Invoked command in '/home/ubuntu/CS_ws/build/turtlebot3_manipulation_teleop' returned '0': CMAKE_PREFIX_PATH=/home/ubuntu/CS_ws/install/turtlebot3_manipulation_moveit_config:/home/ubuntu/CS_ws/install/turtlebot3_manipulation_bringup:/home/ubuntu/CS_ws/install/turtlebot3_manipulation_description:/home/ubuntu/CS_ws/install/utilities:/home/ubuntu/CS_ws/install/turtlebot3_manipulation:/home/ubuntu/CS_ws/install/turtlebot3_manipulation_teleop:/home/ubuntu/CS_ws/install/turtlebot3_manipulation_navigation2:/home/ubuntu/CS_ws/install/turtlebot3_manipulation_hardware:/home/ubuntu/CS_ws/install/turtlebot3_manipulation_cartographer:/home/ubuntu/CS_ws/install/task_manager:/home/ubuntu/CS_ws/install/navigation:/home/ubuntu/CS_ws/install/command_input:/opt/ros/humble /usr/bin/cmake --build /home/ubuntu/CS_ws/build/turtlebot3_manipulation_teleop -- -j8 -l8
[1.472s] Invoking command in '/home/ubuntu/CS_ws/build/turtlebot3_manipulation_teleop': CMAKE_PREFIX_PATH=/home/ubuntu/CS_ws/install/turtlebot3_manipulation_moveit_config:/home/ubuntu/CS_ws/install/turtlebot3_manipulation_bringup:/home/ubuntu/CS_ws/install/turtlebot3_manipulation_description:/home/ubuntu/CS_ws/install/utilities:/home/ubuntu/CS_ws/install/turtlebot3_manipulation:/home/ubuntu/CS_ws/install/turtlebot3_manipulation_teleop:/home/ubuntu/CS_ws/install/turtlebot3_manipulation_navigation2:/home/ubuntu/CS_ws/install/turtlebot3_manipulation_hardware:/home/ubuntu/CS_ws/install/turtlebot3_manipulation_cartographer:/home/ubuntu/CS_ws/install/task_manager:/home/ubuntu/CS_ws/install/navigation:/home/ubuntu/CS_ws/install/command_input:/opt/ros/humble /usr/bin/cmake --install /home/ubuntu/CS_ws/build/turtlebot3_manipulation_teleop
[1.573s] -- Install configuration: ""
[1.574s] -- Execute custom install script
[1.576s] -- Up-to-date symlink: /home/ubuntu/CS_ws/install/turtlebot3_manipulation_teleop/lib/turtlebot3_manipulation_teleop/turtlebot3_manipulation_teleop
[1.588s] -- Up-to-date symlink: /home/ubuntu/CS_ws/install/turtlebot3_manipulation_teleop/share/ament_index/resource_index/package_run_dependencies/turtlebot3_manipulation_teleop
[1.590s] -- Up-to-date symlink: /home/ubuntu/CS_ws/install/turtlebot3_manipulation_teleop/share/ament_index/resource_index/parent_prefix_path/turtlebot3_manipulation_teleop
[1.592s] -- Up-to-date symlink: /home/ubuntu/CS_ws/install/turtlebot3_manipulation_teleop/share/turtlebot3_manipulation_teleop/environment/ament_prefix_path.sh
[1.593s] -- Up-to-date symlink: /home/ubuntu/CS_ws/install/turtlebot3_manipulation_teleop/share/turtlebot3_manipulation_teleop/environment/ament_prefix_path.dsv
[1.595s] -- Up-to-date symlink: /home/ubuntu/CS_ws/install/turtlebot3_manipulation_teleop/share/turtlebot3_manipulation_teleop/environment/path.sh
[1.596s] -- Up-to-date symlink: /home/ubuntu/CS_ws/install/turtlebot3_manipulation_teleop/share/turtlebot3_manipulation_teleop/environment/path.dsv
[1.597s] -- Up-to-date symlink: /home/ubuntu/CS_ws/install/turtlebot3_manipulation_teleop/share/turtlebot3_manipulation_teleop/local_setup.bash
[1.599s] -- Up-to-date symlink: /home/ubuntu/CS_ws/install/turtlebot3_manipulation_teleop/share/turtlebot3_manipulation_teleop/local_setup.sh
[1.600s] -- Up-to-date symlink: /home/ubuntu/CS_ws/install/turtlebot3_manipulation_teleop/share/turtlebot3_manipulation_teleop/local_setup.zsh
[1.607s] -- Up-to-date symlink: /home/ubuntu/CS_ws/install/turtlebot3_manipulation_teleop/share/turtlebot3_manipulation_teleop/local_setup.dsv
[1.620s] -- Symlinking: /home/ubuntu/CS_ws/install/turtlebot3_manipulation_teleop/share/turtlebot3_manipulation_teleop/package.dsv
[1.710s] -- Up-to-date symlink: /home/ubuntu/CS_ws/install/turtlebot3_manipulation_teleop/share/ament_index/resource_index/packages/turtlebot3_manipulation_teleop
[1.711s] -- Up-to-date symlink: /home/ubuntu/CS_ws/install/turtlebot3_manipulation_teleop/share/turtlebot3_manipulation_teleop/cmake/turtlebot3_manipulation_teleopConfig.cmake
[1.713s] -- Up-to-date symlink: /home/ubuntu/CS_ws/install/turtlebot3_manipulation_teleop/share/turtlebot3_manipulation_teleop/cmake/turtlebot3_manipulation_teleopConfig-version.cmake
[1.714s] -- Up-to-date symlink: /home/ubuntu/CS_ws/install/turtlebot3_manipulation_teleop/share/turtlebot3_manipulation_teleop/package.xml
[1.732s] Invoked command in '/home/ubuntu/CS_ws/build/turtlebot3_manipulation_teleop' returned '0': CMAKE_PREFIX_PATH=/home/ubuntu/CS_ws/install/turtlebot3_manipulation_moveit_config:/home/ubuntu/CS_ws/install/turtlebot3_manipulation_bringup:/home/ubuntu/CS_ws/install/turtlebot3_manipulation_description:/home/ubuntu/CS_ws/install/utilities:/home/ubuntu/CS_ws/install/turtlebot3_manipulation:/home/ubuntu/CS_ws/install/turtlebot3_manipulation_teleop:/home/ubuntu/CS_ws/install/turtlebot3_manipulation_navigation2:/home/ubuntu/CS_ws/install/turtlebot3_manipulation_hardware:/home/ubuntu/CS_ws/install/turtlebot3_manipulation_cartographer:/home/ubuntu/CS_ws/install/task_manager:/home/ubuntu/CS_ws/install/navigation:/home/ubuntu/CS_ws/install/command_input:/opt/ros/humble /usr/bin/cmake --install /home/ubuntu/CS_ws/build/turtlebot3_manipulation_teleop
