[0.107s] Invoking command in '/home/ubuntu/CS_ws/build/turtlebot3_manipulation_hardware': CMAKE_PREFIX_PATH=/opt/ros/humble /usr/bin/cmake /home/ubuntu/CS_ws/src/turtlebot3_manipulation/turtlebot3_manipulation_hardware -DAMENT_CMAKE_SYMLINK_INSTALL=1 -DCMAKE_INSTALL_PREFIX=/home/ubuntu/CS_ws/install/turtlebot3_manipulation_hardware
[0.349s] -- Found ament_cmake: 1.3.11 (/opt/ros/humble/share/ament_cmake/cmake)
[0.918s] -- Override CMake install command with custom implementation using symlinks instead of copying resources
[1.116s] -- Found dynamixel_sdk: 3.7.60 (/opt/ros/humble/share/dynamixel_sdk/cmake)
[1.145s] -- Found hardware_interface: 2.46.0 (/opt/ros/humble/share/hardware_interface/cmake)
[1.659s] -- Found rosidl_generator_c: 3.1.6 (/opt/ros/humble/share/rosidl_generator_c/cmake)
[1.707s] -- Found rosidl_adapter: 3.1.6 (/opt/ros/humble/share/rosidl_adapter/cmake)
[1.776s] -- Found rosidl_generator_cpp: 3.1.6 (/opt/ros/humble/share/rosidl_generator_cpp/cmake)
[1.890s] -- Using all available rosidl_typesupport_c: rosidl_typesupport_fastrtps_c;rosidl_typesupport_introspection_c
[2.080s] -- Using all available rosidl_typesupport_cpp: rosidl_typesupport_fastrtps_cpp;rosidl_typesupport_introspection_cpp
[3.952s] -- Found rmw_implementation_cmake: 6.1.2 (/opt/ros/humble/share/rmw_implementation_cmake/cmake)
[3.975s] -- Found rmw_fastrtps_cpp: 6.2.7 (/opt/ros/humble/share/rmw_fastrtps_cpp/cmake)
[4.190s] -- Found TinyXML2 via Config file: TinyXML2_DIR-NOTFOUND
[4.404s] -- Found OpenSSL: /usr/lib/x86_64-linux-gnu/libcrypto.so (found version "3.0.2")  
[4.425s] -- Found TinyXML2 via Config file: TinyXML2_DIR-NOTFOUND
[4.507s] -- Found FastRTPS: /opt/ros/humble/include  
[4.524s] -- Found TinyXML2 via Config file: TinyXML2_DIR-NOTFOUND
[4.574s] -- Found TinyXML2 via Config file: TinyXML2_DIR-NOTFOUND
[4.613s] -- Using RMW implementation 'rmw_fastrtps_cpp' as default
[4.703s] -- Looking for pthread.h
[5.078s] -- Looking for pthread.h - found
[5.080s] -- Performing Test CMAKE_HAVE_LIBC_PTHREAD
[5.340s] -- Performing Test CMAKE_HAVE_LIBC_PTHREAD - Success
[5.344s] -- Found Threads: TRUE  
[6.019s] -- Configuring done
[6.254s] -- Generating done
[6.282s] -- Build files have been written to: /home/ubuntu/CS_ws/build/turtlebot3_manipulation_hardware
[6.311s] Invoked command in '/home/ubuntu/CS_ws/build/turtlebot3_manipulation_hardware' returned '0': CMAKE_PREFIX_PATH=/opt/ros/humble /usr/bin/cmake /home/ubuntu/CS_ws/src/turtlebot3_manipulation/turtlebot3_manipulation_hardware -DAMENT_CMAKE_SYMLINK_INSTALL=1 -DCMAKE_INSTALL_PREFIX=/home/ubuntu/CS_ws/install/turtlebot3_manipulation_hardware
[6.317s] Invoking command in '/home/ubuntu/CS_ws/build/turtlebot3_manipulation_hardware': CMAKE_PREFIX_PATH=/opt/ros/humble /usr/bin/cmake --build /home/ubuntu/CS_ws/build/turtlebot3_manipulation_hardware -- -j8 -l8
[6.473s] [ 50%] [32mBuilding CXX object CMakeFiles/turtlebot3_manipulation_hardware.dir/src/dynamixel_sdk_wrapper.cpp.o[0m
[6.473s] [ 50%] [32mBuilding CXX object CMakeFiles/turtlebot3_manipulation_hardware.dir/src/opencr.cpp.o[0m
[6.475s] [ 75%] [32mBuilding CXX object CMakeFiles/turtlebot3_manipulation_hardware.dir/src/turtlebot3_manipulation_system.cpp.o[0m
[19.738s] [100%] [32m[1mLinking CXX shared library libturtlebot3_manipulation_hardware.so[0m
[20.425s] [100%] Built target turtlebot3_manipulation_hardware
[20.458s] Invoked command in '/home/ubuntu/CS_ws/build/turtlebot3_manipulation_hardware' returned '0': CMAKE_PREFIX_PATH=/opt/ros/humble /usr/bin/cmake --build /home/ubuntu/CS_ws/build/turtlebot3_manipulation_hardware -- -j8 -l8
[20.464s] Invoking command in '/home/ubuntu/CS_ws/build/turtlebot3_manipulation_hardware': CMAKE_PREFIX_PATH=/opt/ros/humble /usr/bin/cmake --install /home/ubuntu/CS_ws/build/turtlebot3_manipulation_hardware
[20.485s] -- Install configuration: ""
[20.486s] -- Execute custom install script
[20.488s] -- Symlinking: /home/ubuntu/CS_ws/install/turtlebot3_manipulation_hardware/share/turtlebot3_manipulation_hardware//turtlebot3_manipulation_hardware.xml
[20.514s] -- Symlinking: /home/ubuntu/CS_ws/install/turtlebot3_manipulation_hardware/include/turtlebot3_manipulation_hardware/dynamixel_sdk_wrapper.hpp
[20.539s] -- Symlinking: /home/ubuntu/CS_ws/install/turtlebot3_manipulation_hardware/include/turtlebot3_manipulation_hardware/opencr.hpp
[20.563s] -- Symlinking: /home/ubuntu/CS_ws/install/turtlebot3_manipulation_hardware/include/turtlebot3_manipulation_hardware/opencr_control_table.hpp
[20.588s] -- Symlinking: /home/ubuntu/CS_ws/install/turtlebot3_manipulation_hardware/include/turtlebot3_manipulation_hardware/opencr_definitions.hpp
[20.611s] -- Symlinking: /home/ubuntu/CS_ws/install/turtlebot3_manipulation_hardware/include/turtlebot3_manipulation_hardware/turtlebot3_manipulation_system.hpp
[20.634s] -- Symlinking: /home/ubuntu/CS_ws/install/turtlebot3_manipulation_hardware/include/turtlebot3_manipulation_hardware/visibility_control.h
[20.654s] -- Symlinking: /home/ubuntu/CS_ws/install/turtlebot3_manipulation_hardware/lib/libturtlebot3_manipulation_hardware.so
[20.676s] -- Symlinking: /home/ubuntu/CS_ws/install/turtlebot3_manipulation_hardware/share/turtlebot3_manipulation_hardware/environment/library_path.sh
[20.700s] -- Symlinking: /home/ubuntu/CS_ws/install/turtlebot3_manipulation_hardware/share/turtlebot3_manipulation_hardware/environment/library_path.dsv
[20.728s] -- Symlinking: /home/ubuntu/CS_ws/install/turtlebot3_manipulation_hardware/share/ament_index/resource_index/package_run_dependencies/turtlebot3_manipulation_hardware
[20.753s] -- Symlinking: /home/ubuntu/CS_ws/install/turtlebot3_manipulation_hardware/share/ament_index/resource_index/parent_prefix_path/turtlebot3_manipulation_hardware
[20.775s] -- Symlinking: /home/ubuntu/CS_ws/install/turtlebot3_manipulation_hardware/share/turtlebot3_manipulation_hardware/environment/ament_prefix_path.sh
[20.800s] -- Symlinking: /home/ubuntu/CS_ws/install/turtlebot3_manipulation_hardware/share/turtlebot3_manipulation_hardware/environment/ament_prefix_path.dsv
[20.827s] -- Symlinking: /home/ubuntu/CS_ws/install/turtlebot3_manipulation_hardware/share/turtlebot3_manipulation_hardware/environment/path.sh
[20.863s] -- Symlinking: /home/ubuntu/CS_ws/install/turtlebot3_manipulation_hardware/share/turtlebot3_manipulation_hardware/environment/path.dsv
[20.902s] -- Symlinking: /home/ubuntu/CS_ws/install/turtlebot3_manipulation_hardware/share/turtlebot3_manipulation_hardware/local_setup.bash
[20.925s] -- Symlinking: /home/ubuntu/CS_ws/install/turtlebot3_manipulation_hardware/share/turtlebot3_manipulation_hardware/local_setup.sh
[20.952s] -- Symlinking: /home/ubuntu/CS_ws/install/turtlebot3_manipulation_hardware/share/turtlebot3_manipulation_hardware/local_setup.zsh
[20.981s] -- Symlinking: /home/ubuntu/CS_ws/install/turtlebot3_manipulation_hardware/share/turtlebot3_manipulation_hardware/local_setup.dsv
[21.007s] -- Symlinking: /home/ubuntu/CS_ws/install/turtlebot3_manipulation_hardware/share/turtlebot3_manipulation_hardware/package.dsv
[21.044s] -- Symlinking: /home/ubuntu/CS_ws/install/turtlebot3_manipulation_hardware/share/ament_index/resource_index/packages/turtlebot3_manipulation_hardware
[21.087s] -- Symlinking: /home/ubuntu/CS_ws/install/turtlebot3_manipulation_hardware/share/ament_index/resource_index/hardware_interface__pluginlib__plugin/turtlebot3_manipulation_hardware
[21.121s] -- Symlinking: /home/ubuntu/CS_ws/install/turtlebot3_manipulation_hardware/share/turtlebot3_manipulation_hardware/cmake/ament_cmake_export_include_directories-extras.cmake
[21.157s] -- Symlinking: /home/ubuntu/CS_ws/install/turtlebot3_manipulation_hardware/share/turtlebot3_manipulation_hardware/cmake/ament_cmake_export_libraries-extras.cmake
[21.197s] -- Symlinking: /home/ubuntu/CS_ws/install/turtlebot3_manipulation_hardware/share/turtlebot3_manipulation_hardware/cmake/ament_cmake_export_dependencies-extras.cmake
[21.232s] -- Symlinking: /home/ubuntu/CS_ws/install/turtlebot3_manipulation_hardware/share/turtlebot3_manipulation_hardware/cmake/turtlebot3_manipulation_hardwareConfig.cmake
[21.260s] -- Symlinking: /home/ubuntu/CS_ws/install/turtlebot3_manipulation_hardware/share/turtlebot3_manipulation_hardware/cmake/turtlebot3_manipulation_hardwareConfig-version.cmake
[21.290s] -- Symlinking: /home/ubuntu/CS_ws/install/turtlebot3_manipulation_hardware/share/turtlebot3_manipulation_hardware/package.xml
[21.331s] Invoked command in '/home/ubuntu/CS_ws/build/turtlebot3_manipulation_hardware' returned '0': CMAKE_PREFIX_PATH=/opt/ros/humble /usr/bin/cmake --install /home/ubuntu/CS_ws/build/turtlebot3_manipulation_hardware
