[3.940s] Invoking command in '/home/ubuntu/CS_ws/src/navigation': PYTHONPATH=/home/ubuntu/CS_ws/build/navigation/prefix_override:/usr/lib/python3/dist-packages/colcon_core/task/python/colcon_distutils_commands:/home/ubuntu/CS_ws/install/navigation/lib/python3.10/site-packages:${PYTHONPATH} /usr/bin/python3 -W ignore:setup.py install is deprecated -W ignore:easy_install command is deprecated setup.py egg_info --egg-base ../../build/navigation build --build-base /home/ubuntu/CS_ws/build/navigation/build install --record /home/ubuntu/CS_ws/build/navigation/install.log --single-version-externally-managed install_data
[5.384s] running egg_info
[5.388s] writing ../../build/navigation/navigation.egg-info/PKG-INFO
[5.393s] writing dependency_links to ../../build/navigation/navigation.egg-info/dependency_links.txt
[5.413s] writing entry points to ../../build/navigation/navigation.egg-info/entry_points.txt
[5.415s] writing requirements to ../../build/navigation/navigation.egg-info/requires.txt
[5.416s] writing top-level names to ../../build/navigation/navigation.egg-info/top_level.txt
[5.423s] reading manifest file '../../build/navigation/navigation.egg-info/SOURCES.txt'
[5.426s] writing manifest file '../../build/navigation/navigation.egg-info/SOURCES.txt'
[5.438s] running build
[5.438s] running build_py
[5.440s] copying navigation/navigation_node.py -> /home/ubuntu/CS_ws/build/navigation/build/lib/navigation
[5.440s] running install
[5.441s] running install_lib
[5.445s] copying /home/ubuntu/CS_ws/build/navigation/build/lib/navigation/navigation_node.py -> /home/ubuntu/CS_ws/install/navigation/lib/python3.10/site-packages/navigation
[5.447s] byte-compiling /home/ubuntu/CS_ws/install/navigation/lib/python3.10/site-packages/navigation/navigation_node.py to navigation_node.cpython-310.pyc
[5.451s] running install_data
[5.451s] running install_egg_info
[5.463s] removing '/home/ubuntu/CS_ws/install/navigation/lib/python3.10/site-packages/navigation-0.0.0-py3.10.egg-info' (and everything under it)
[5.464s] Copying ../../build/navigation/navigation.egg-info to /home/ubuntu/CS_ws/install/navigation/lib/python3.10/site-packages/navigation-0.0.0-py3.10.egg-info
[5.494s] running install_scripts
[5.620s] Installing navigation_node script to /home/ubuntu/CS_ws/install/navigation/lib/navigation
[5.626s] writing list of installed files to '/home/ubuntu/CS_ws/build/navigation/install.log'
[5.736s] Invoked command in '/home/ubuntu/CS_ws/src/navigation' returned '0': PYTHONPATH=/home/ubuntu/CS_ws/build/navigation/prefix_override:/usr/lib/python3/dist-packages/colcon_core/task/python/colcon_distutils_commands:/home/ubuntu/CS_ws/install/navigation/lib/python3.10/site-packages:${PYTHONPATH} /usr/bin/python3 -W ignore:setup.py install is deprecated -W ignore:easy_install command is deprecated setup.py egg_info --egg-base ../../build/navigation build --build-base /home/ubuntu/CS_ws/build/navigation/build install --record /home/ubuntu/CS_ws/build/navigation/install.log --single-version-externally-managed install_data
