[6.118s] Invoking command in '/home/ubuntu/CS_ws/build/navigation': PYTHONPATH=/home/ubuntu/CS_ws/build/navigation/prefix_override:/usr/lib/python3/dist-packages/colcon_core/task/python/colcon_distutils_commands:/home/ubuntu/CS_ws/install/navigation/lib/python3.10/site-packages:${PYTHONPATH} /usr/bin/python3 -W ignore:setup.py install is deprecated -W ignore:easy_install command is deprecated setup.py develop --uninstall --editable --build-directory /home/ubuntu/CS_ws/build/navigation/build
[7.847s] running develop
[9.545s] Removing /home/ubuntu/CS_ws/install/navigation/lib/python3.10/site-packages/navigation.egg-link (link to .)
[9.755s] Invoked command in '/home/ubuntu/CS_ws/build/navigation' returned '0': PYTHONPATH=/home/ubuntu/CS_ws/build/navigation/prefix_override:/usr/lib/python3/dist-packages/colcon_core/task/python/colcon_distutils_commands:/home/ubuntu/CS_ws/install/navigation/lib/python3.10/site-packages:${PYTHONPATH} /usr/bin/python3 -W ignore:setup.py install is deprecated -W ignore:easy_install command is deprecated setup.py develop --uninstall --editable --build-directory /home/ubuntu/CS_ws/build/navigation/build
[9.757s] Invoking command in '/home/ubuntu/CS_ws/src/navigation': PYTHONPATH=/home/ubuntu/CS_ws/build/navigation/prefix_override:/usr/lib/python3/dist-packages/colcon_core/task/python/colcon_distutils_commands:/home/ubuntu/CS_ws/install/navigation/lib/python3.10/site-packages:${PYTHONPATH} /usr/bin/python3 -W ignore:setup.py install is deprecated -W ignore:easy_install command is deprecated setup.py egg_info --egg-base ../../build/navigation build --build-base /home/ubuntu/CS_ws/build/navigation/build install --record /home/ubuntu/CS_ws/build/navigation/install.log --single-version-externally-managed install_data --force
[12.018s] running egg_info
[12.039s] writing ../../build/navigation/navigation.egg-info/PKG-INFO
[12.052s] writing dependency_links to ../../build/navigation/navigation.egg-info/dependency_links.txt
[12.053s] writing entry points to ../../build/navigation/navigation.egg-info/entry_points.txt
[12.053s] writing requirements to ../../build/navigation/navigation.egg-info/requires.txt
[12.053s] writing top-level names to ../../build/navigation/navigation.egg-info/top_level.txt
[12.073s] reading manifest file '../../build/navigation/navigation.egg-info/SOURCES.txt'
[12.119s] writing manifest file '../../build/navigation/navigation.egg-info/SOURCES.txt'
[12.127s] running build
[12.130s] running build_py
[12.132s] creating /home/ubuntu/CS_ws/build/navigation/build
[12.133s] creating /home/ubuntu/CS_ws/build/navigation/build/lib
[12.159s] creating /home/ubuntu/CS_ws/build/navigation/build/lib/navigation
[12.160s] copying navigation/__init__.py -> /home/ubuntu/CS_ws/build/navigation/build/lib/navigation
[12.183s] copying navigation/navigation_node.py -> /home/ubuntu/CS_ws/build/navigation/build/lib/navigation
[12.183s] running install
[12.184s] running install_lib
[12.206s] creating /home/ubuntu/CS_ws/install/navigation/lib/python3.10/site-packages/navigation
[12.211s] copying /home/ubuntu/CS_ws/build/navigation/build/lib/navigation/__init__.py -> /home/ubuntu/CS_ws/install/navigation/lib/python3.10/site-packages/navigation
[12.269s] copying /home/ubuntu/CS_ws/build/navigation/build/lib/navigation/navigation_node.py -> /home/ubuntu/CS_ws/install/navigation/lib/python3.10/site-packages/navigation
[12.270s] byte-compiling /home/ubuntu/CS_ws/install/navigation/lib/python3.10/site-packages/navigation/__init__.py to __init__.cpython-310.pyc
[12.271s] byte-compiling /home/ubuntu/CS_ws/install/navigation/lib/python3.10/site-packages/navigation/navigation_node.py to navigation_node.cpython-310.pyc
[12.271s] running install_data
[12.272s] copying resource/navigation -> /home/ubuntu/CS_ws/install/navigation/share/ament_index/resource_index/packages
[12.272s] copying package.xml -> /home/ubuntu/CS_ws/install/navigation/share/navigation
[12.282s] running install_egg_info
[12.318s] Copying ../../build/navigation/navigation.egg-info to /home/ubuntu/CS_ws/install/navigation/lib/python3.10/site-packages/navigation-0.0.0-py3.10.egg-info
[12.360s] running install_scripts
[12.635s] Installing navigation_node script to /home/ubuntu/CS_ws/install/navigation/lib/navigation
[12.664s] writing list of installed files to '/home/ubuntu/CS_ws/build/navigation/install.log'
[12.925s] Invoked command in '/home/ubuntu/CS_ws/src/navigation' returned '0': PYTHONPATH=/home/ubuntu/CS_ws/build/navigation/prefix_override:/usr/lib/python3/dist-packages/colcon_core/task/python/colcon_distutils_commands:/home/ubuntu/CS_ws/install/navigation/lib/python3.10/site-packages:${PYTHONPATH} /usr/bin/python3 -W ignore:setup.py install is deprecated -W ignore:easy_install command is deprecated setup.py egg_info --egg-base ../../build/navigation build --build-base /home/ubuntu/CS_ws/build/navigation/build install --record /home/ubuntu/CS_ws/build/navigation/install.log --single-version-externally-managed install_data --force
