[3.752s] Invoking command in '/home/ubuntu/CS_ws/src/navigation': PYTHONPATH=/home/ubuntu/CS_ws/build/navigation/prefix_override:/usr/lib/python3/dist-packages/colcon_core/task/python/colcon_distutils_commands:/home/ubuntu/CS_ws/install/navigation/lib/python3.10/site-packages:${PYTHONPATH} /usr/bin/python3 -W ignore:setup.py install is deprecated -W ignore:easy_install command is deprecated setup.py egg_info --egg-base ../../build/navigation build --build-base /home/ubuntu/CS_ws/build/navigation/build install --record /home/ubuntu/CS_ws/build/navigation/install.log --single-version-externally-managed install_data
[5.183s] running egg_info
[5.185s] writing ../../build/navigation/navigation.egg-info/PKG-INFO
[5.187s] writing dependency_links to ../../build/navigation/navigation.egg-info/dependency_links.txt
[5.190s] writing entry points to ../../build/navigation/navigation.egg-info/entry_points.txt
[5.191s] writing requirements to ../../build/navigation/navigation.egg-info/requires.txt
[5.191s] writing top-level names to ../../build/navigation/navigation.egg-info/top_level.txt
[5.203s] reading manifest file '../../build/navigation/navigation.egg-info/SOURCES.txt'
[5.208s] writing manifest file '../../build/navigation/navigation.egg-info/SOURCES.txt'
[5.214s] running build
[5.215s] running build_py
[5.222s] copying navigation/navigation_node.py -> /home/ubuntu/CS_ws/build/navigation/build/lib/navigation
[5.223s] running install
[5.227s] running install_lib
[5.232s] copying /home/ubuntu/CS_ws/build/navigation/build/lib/navigation/navigation_node.py -> /home/ubuntu/CS_ws/install/navigation/lib/python3.10/site-packages/navigation
[5.235s] byte-compiling /home/ubuntu/CS_ws/install/navigation/lib/python3.10/site-packages/navigation/navigation_node.py to navigation_node.cpython-310.pyc
[5.241s] running install_data
[5.241s] running install_egg_info
[5.253s] removing '/home/ubuntu/CS_ws/install/navigation/lib/python3.10/site-packages/navigation-0.0.0-py3.10.egg-info' (and everything under it)
[5.255s] Copying ../../build/navigation/navigation.egg-info to /home/ubuntu/CS_ws/install/navigation/lib/python3.10/site-packages/navigation-0.0.0-py3.10.egg-info
[5.265s] running install_scripts
[5.491s] Installing navigation_node script to /home/ubuntu/CS_ws/install/navigation/lib/navigation
[5.496s] writing list of installed files to '/home/ubuntu/CS_ws/build/navigation/install.log'
[5.624s] Invoked command in '/home/ubuntu/CS_ws/src/navigation' returned '0': PYTHONPATH=/home/ubuntu/CS_ws/build/navigation/prefix_override:/usr/lib/python3/dist-packages/colcon_core/task/python/colcon_distutils_commands:/home/ubuntu/CS_ws/install/navigation/lib/python3.10/site-packages:${PYTHONPATH} /usr/bin/python3 -W ignore:setup.py install is deprecated -W ignore:easy_install command is deprecated setup.py egg_info --egg-base ../../build/navigation build --build-base /home/ubuntu/CS_ws/build/navigation/build install --record /home/ubuntu/CS_ws/build/navigation/install.log --single-version-externally-managed install_data
