[1.534s] Invoking command in '/home/ubuntu/CS_ws/build/utilities': CMAKE_PREFIX_PATH=${CMAKE_PREFIX_PATH}:/home/ubuntu/CS_ws/install/testserver:/home/ubuntu/CS_ws/install/task_manager:/home/ubuntu/CS_ws/install/navigation:/home/ubuntu/CS_ws/install/command_input:/opt/ros/humble /usr/bin/cmake --build /home/ubuntu/CS_ws/build/utilities -- -j8 -l8
[1.636s] [  3%] Built target utilities__cpp
[1.639s] [  3%] Built target ament_cmake_python_symlink_utilities
[1.639s] [ 12%] Built target utilities__rosidl_generator_c
[1.711s] [ 22%] Built target utilities__rosidl_typesupport_cpp
[1.732s] [ 41%] Built target utilities__rosidl_typesupport_fastrtps_cpp
[1.733s] [ 41%] Built target utilities__rosidl_typesupport_introspection_cpp
[1.743s] [ 51%] Built target utilities__rosidl_typesupport_fastrtps_c
[1.753s] [ 61%] Built target utilities__rosidl_typesupport_c
[1.767s] [ 70%] Built target utilities__rosidl_typesupport_introspection_c
[1.823s] [ 70%] Built target utilities
[1.924s] [ 74%] Built target utilities__py
[1.997s] [ 80%] Built target utilities__rosidl_generator_py
[2.095s] [ 87%] Built target utilities__rosidl_typesupport_introspection_c__pyext
[2.113s] [ 93%] Built target utilities__rosidl_typesupport_fastrtps_c__pyext
[2.123s] [100%] Built target utilities__rosidl_typesupport_c__pyext
[2.591s] running egg_info
[2.594s] writing utilities.egg-info/PKG-INFO
[2.596s] writing dependency_links to utilities.egg-info/dependency_links.txt
[2.596s] writing top-level names to utilities.egg-info/top_level.txt
[2.600s] reading manifest file 'utilities.egg-info/SOURCES.txt'
[2.601s] writing manifest file 'utilities.egg-info/SOURCES.txt'
[2.685s] [100%] Built target ament_cmake_python_build_utilities_egg
[2.718s] Invoked command in '/home/ubuntu/CS_ws/build/utilities' returned '0': CMAKE_PREFIX_PATH=${CMAKE_PREFIX_PATH}:/home/ubuntu/CS_ws/install/testserver:/home/ubuntu/CS_ws/install/task_manager:/home/ubuntu/CS_ws/install/navigation:/home/ubuntu/CS_ws/install/command_input:/opt/ros/humble /usr/bin/cmake --build /home/ubuntu/CS_ws/build/utilities -- -j8 -l8
[2.720s] Invoking command in '/home/ubuntu/CS_ws/build/utilities': CMAKE_PREFIX_PATH=${CMAKE_PREFIX_PATH}:/home/ubuntu/CS_ws/install/testserver:/home/ubuntu/CS_ws/install/task_manager:/home/ubuntu/CS_ws/install/navigation:/home/ubuntu/CS_ws/install/command_input:/opt/ros/humble /usr/bin/cmake --install /home/ubuntu/CS_ws/build/utilities
[2.728s] -- Install configuration: ""
[2.730s] -- Execute custom install script
[2.730s] -- Up-to-date symlink: /home/ubuntu/CS_ws/install/utilities/share/ament_index/resource_index/rosidl_interfaces/utilities
[2.731s] -- Up-to-date symlink: /home/ubuntu/CS_ws/install/utilities/include/utilities/utilities/msg/rosidl_generator_c__visibility_control.h
[2.731s] -- Up-to-date symlink: /home/ubuntu/CS_ws/install/utilities/include/utilities/utilities/srv/detail/string_command__functions.h
[2.732s] -- Up-to-date symlink: /home/ubuntu/CS_ws/install/utilities/include/utilities/utilities/srv/detail/string_command__struct.h
[2.732s] -- Up-to-date symlink: /home/ubuntu/CS_ws/install/utilities/include/utilities/utilities/srv/detail/string_command__type_support.h
[2.733s] -- Up-to-date symlink: /home/ubuntu/CS_ws/install/utilities/include/utilities/utilities/srv/string_command.h
[2.733s] -- Up-to-date symlink: /home/ubuntu/CS_ws/install/utilities/share/utilities/environment/library_path.sh
[2.733s] -- Up-to-date symlink: /home/ubuntu/CS_ws/install/utilities/share/utilities/environment/library_path.dsv
[2.734s] -- Up-to-date symlink: /home/ubuntu/CS_ws/install/utilities/include/utilities/utilities/msg/rosidl_typesupport_fastrtps_c__visibility_control.h
[2.735s] -- Up-to-date symlink: /home/ubuntu/CS_ws/install/utilities/include/utilities/utilities/srv/detail/string_command__rosidl_typesupport_fastrtps_c.h
[2.735s] -- Up-to-date symlink: /home/ubuntu/CS_ws/install/utilities/include/utilities/utilities/msg/rosidl_typesupport_introspection_c__visibility_control.h
[2.736s] -- Up-to-date symlink: /home/ubuntu/CS_ws/install/utilities/include/utilities/utilities/srv/detail/string_command__rosidl_typesupport_introspection_c.h
[2.736s] -- Up-to-date symlink: /home/ubuntu/CS_ws/install/utilities/include/utilities/utilities/msg/rosidl_generator_cpp__visibility_control.hpp
[2.737s] -- Up-to-date symlink: /home/ubuntu/CS_ws/install/utilities/include/utilities/utilities/srv/detail/string_command__builder.hpp
[2.737s] -- Up-to-date symlink: /home/ubuntu/CS_ws/install/utilities/include/utilities/utilities/srv/detail/string_command__struct.hpp
[2.737s] -- Up-to-date symlink: /home/ubuntu/CS_ws/install/utilities/include/utilities/utilities/srv/detail/string_command__traits.hpp
[2.742s] -- Up-to-date symlink: /home/ubuntu/CS_ws/install/utilities/include/utilities/utilities/srv/detail/string_command__type_support.hpp
[2.743s] -- Up-to-date symlink: /home/ubuntu/CS_ws/install/utilities/include/utilities/utilities/srv/string_command.hpp
[2.744s] -- Up-to-date symlink: /home/ubuntu/CS_ws/install/utilities/include/utilities/utilities/msg/rosidl_typesupport_fastrtps_cpp__visibility_control.h
[2.745s] -- Up-to-date symlink: /home/ubuntu/CS_ws/install/utilities/include/utilities/utilities/srv/detail/string_command__rosidl_typesupport_fastrtps_cpp.hpp
[2.746s] -- Up-to-date symlink: /home/ubuntu/CS_ws/install/utilities/include/utilities/utilities/srv/detail/string_command__rosidl_typesupport_introspection_cpp.hpp
[2.746s] -- Up-to-date symlink: /home/ubuntu/CS_ws/install/utilities/share/utilities/environment/pythonpath.sh
[2.747s] -- Up-to-date symlink: /home/ubuntu/CS_ws/install/utilities/share/utilities/environment/pythonpath.dsv
[2.750s] -- Up-to-date symlink: /home/ubuntu/CS_ws/install/utilities/local/lib/python3.10/dist-packages/utilities-0.0.0-py3.10.egg-info/PKG-INFO
[2.753s] -- Up-to-date symlink: /home/ubuntu/CS_ws/install/utilities/local/lib/python3.10/dist-packages/utilities-0.0.0-py3.10.egg-info/SOURCES.txt
[2.753s] -- Up-to-date symlink: /home/ubuntu/CS_ws/install/utilities/local/lib/python3.10/dist-packages/utilities-0.0.0-py3.10.egg-info/dependency_links.txt
[2.753s] -- Up-to-date symlink: /home/ubuntu/CS_ws/install/utilities/local/lib/python3.10/dist-packages/utilities-0.0.0-py3.10.egg-info/top_level.txt
[2.754s] -- Up-to-date symlink: /home/ubuntu/CS_ws/install/utilities/local/lib/python3.10/dist-packages/utilities/__init__.py
[2.754s] -- Up-to-date symlink: /home/ubuntu/CS_ws/install/utilities/local/lib/python3.10/dist-packages/utilities/_utilities_s.ep.rosidl_typesupport_c.c
[2.755s] -- Up-to-date symlink: /home/ubuntu/CS_ws/install/utilities/local/lib/python3.10/dist-packages/utilities/_utilities_s.ep.rosidl_typesupport_fastrtps_c.c
[2.755s] -- Up-to-date symlink: /home/ubuntu/CS_ws/install/utilities/local/lib/python3.10/dist-packages/utilities/_utilities_s.ep.rosidl_typesupport_introspection_c.c
[2.755s] -- Up-to-date symlink: /home/ubuntu/CS_ws/install/utilities/local/lib/python3.10/dist-packages/utilities/libutilities__rosidl_generator_py.so
[2.755s] -- Up-to-date symlink: /home/ubuntu/CS_ws/install/utilities/local/lib/python3.10/dist-packages/utilities/srv/__init__.py
[2.755s] -- Up-to-date symlink: /home/ubuntu/CS_ws/install/utilities/local/lib/python3.10/dist-packages/utilities/srv/_string_command.py
[2.756s] -- Up-to-date symlink: /home/ubuntu/CS_ws/install/utilities/local/lib/python3.10/dist-packages/utilities/srv/_string_command_s.c
[2.761s] -- Up-to-date symlink: /home/ubuntu/CS_ws/install/utilities/local/lib/python3.10/dist-packages/utilities/utilities_s__rosidl_typesupport_c.cpython-310-x86_64-linux-gnu.so
[2.764s] -- Up-to-date symlink: /home/ubuntu/CS_ws/install/utilities/local/lib/python3.10/dist-packages/utilities/utilities_s__rosidl_typesupport_fastrtps_c.cpython-310-x86_64-linux-gnu.so
[2.764s] -- Up-to-date symlink: /home/ubuntu/CS_ws/install/utilities/local/lib/python3.10/dist-packages/utilities/utilities_s__rosidl_typesupport_introspection_c.cpython-310-x86_64-linux-gnu.so
[2.765s] -- Up-to-date symlink: /home/ubuntu/CS_ws/install/utilities/local/lib/python3.10/dist-packages/utilities/utilities_s__rosidl_typesupport_fastrtps_c.cpython-310-x86_64-linux-gnu.so
[2.765s] -- Up-to-date symlink: /home/ubuntu/CS_ws/install/utilities/local/lib/python3.10/dist-packages/utilities/utilities_s__rosidl_typesupport_introspection_c.cpython-310-x86_64-linux-gnu.so
[2.765s] -- Up-to-date symlink: /home/ubuntu/CS_ws/install/utilities/local/lib/python3.10/dist-packages/utilities/utilities_s__rosidl_typesupport_c.cpython-310-x86_64-linux-gnu.so
[2.765s] -- Up-to-date symlink: /home/ubuntu/CS_ws/install/utilities/share/utilities/srv/StringCommand.idl
[2.766s] -- Up-to-date symlink: /home/ubuntu/CS_ws/install/utilities/share/utilities/srv/StringCommand.srv
[2.766s] -- Up-to-date symlink: /home/ubuntu/CS_ws/install/utilities/share/utilities/srv/StringCommand_Request.msg
[2.766s] -- Up-to-date symlink: /home/ubuntu/CS_ws/install/utilities/share/utilities/srv/StringCommand_Response.msg
[2.768s] -- Up-to-date symlink: /home/ubuntu/CS_ws/install/utilities/share/ament_index/resource_index/package_run_dependencies/utilities
[2.768s] -- Up-to-date symlink: /home/ubuntu/CS_ws/install/utilities/share/ament_index/resource_index/parent_prefix_path/utilities
[2.768s] -- Up-to-date symlink: /home/ubuntu/CS_ws/install/utilities/share/utilities/environment/ament_prefix_path.sh
[2.769s] -- Up-to-date symlink: /home/ubuntu/CS_ws/install/utilities/share/utilities/environment/ament_prefix_path.dsv
[2.769s] -- Up-to-date symlink: /home/ubuntu/CS_ws/install/utilities/share/utilities/environment/path.sh
[2.769s] -- Up-to-date symlink: /home/ubuntu/CS_ws/install/utilities/share/utilities/environment/path.dsv
[2.769s] -- Up-to-date symlink: /home/ubuntu/CS_ws/install/utilities/share/utilities/local_setup.bash
[2.771s] -- Up-to-date symlink: /home/ubuntu/CS_ws/install/utilities/share/utilities/local_setup.sh
[2.771s] -- Up-to-date symlink: /home/ubuntu/CS_ws/install/utilities/share/utilities/local_setup.zsh
[2.771s] -- Up-to-date symlink: /home/ubuntu/CS_ws/install/utilities/share/utilities/local_setup.dsv
[2.772s] -- Symlinking: /home/ubuntu/CS_ws/install/utilities/share/utilities/package.dsv
[2.804s] -- Up-to-date symlink: /home/ubuntu/CS_ws/install/utilities/share/ament_index/resource_index/packages/utilities
[2.804s] -- Up-to-date symlink: /home/ubuntu/CS_ws/install/utilities/share/utilities/cmake/rosidl_cmake-extras.cmake
[2.805s] -- Up-to-date symlink: /home/ubuntu/CS_ws/install/utilities/share/utilities/cmake/ament_cmake_export_include_directories-extras.cmake
[2.805s] -- Up-to-date symlink: /home/ubuntu/CS_ws/install/utilities/share/utilities/cmake/ament_cmake_export_libraries-extras.cmake
[2.805s] -- Up-to-date symlink: /home/ubuntu/CS_ws/install/utilities/share/utilities/cmake/ament_cmake_export_targets-extras.cmake
[2.805s] -- Up-to-date symlink: /home/ubuntu/CS_ws/install/utilities/share/utilities/cmake/rosidl_cmake_export_typesupport_targets-extras.cmake
[2.806s] -- Up-to-date symlink: /home/ubuntu/CS_ws/install/utilities/share/utilities/cmake/ament_cmake_export_dependencies-extras.cmake
[2.806s] -- Up-to-date symlink: /home/ubuntu/CS_ws/install/utilities/share/utilities/cmake/rosidl_cmake_export_typesupport_libraries-extras.cmake
[2.807s] -- Up-to-date symlink: /home/ubuntu/CS_ws/install/utilities/share/utilities/cmake/utilitiesConfig.cmake
[2.808s] -- Up-to-date symlink: /home/ubuntu/CS_ws/install/utilities/share/utilities/cmake/utilitiesConfig-version.cmake
[2.808s] -- Up-to-date symlink: /home/ubuntu/CS_ws/install/utilities/share/utilities/package.xml
[2.809s] -- Up-to-date: /home/ubuntu/CS_ws/install/utilities/lib/libutilities__rosidl_generator_c.so
[2.811s] -- Up-to-date: /home/ubuntu/CS_ws/install/utilities/lib/libutilities__rosidl_typesupport_fastrtps_c.so
[2.813s] -- Up-to-date: /home/ubuntu/CS_ws/install/utilities/lib/libutilities__rosidl_typesupport_introspection_c.so
[2.814s] -- Up-to-date: /home/ubuntu/CS_ws/install/utilities/lib/libutilities__rosidl_typesupport_c.so
[2.815s] -- Up-to-date: /home/ubuntu/CS_ws/install/utilities/lib/libutilities__rosidl_typesupport_fastrtps_cpp.so
[2.818s] -- Up-to-date: /home/ubuntu/CS_ws/install/utilities/lib/libutilities__rosidl_typesupport_introspection_cpp.so
[2.818s] -- Up-to-date: /home/ubuntu/CS_ws/install/utilities/lib/libutilities__rosidl_typesupport_cpp.so
[2.902s] Listing '/home/ubuntu/CS_ws/install/utilities/local/lib/python3.10/dist-packages/utilities'...
[2.902s] Listing '/home/ubuntu/CS_ws/install/utilities/local/lib/python3.10/dist-packages/utilities/srv'...
[2.913s] -- Up-to-date: /home/ubuntu/CS_ws/install/utilities/lib/libutilities__rosidl_generator_py.so
[2.914s] -- Up-to-date: /home/ubuntu/CS_ws/install/utilities/share/utilities/cmake/export_utilities__rosidl_generator_cExport.cmake
[2.914s] -- Up-to-date: /home/ubuntu/CS_ws/install/utilities/share/utilities/cmake/export_utilities__rosidl_generator_cExport-noconfig.cmake
[2.915s] -- Up-to-date: /home/ubuntu/CS_ws/install/utilities/share/utilities/cmake/export_utilities__rosidl_typesupport_fastrtps_cExport.cmake
[2.915s] -- Up-to-date: /home/ubuntu/CS_ws/install/utilities/share/utilities/cmake/export_utilities__rosidl_typesupport_fastrtps_cExport-noconfig.cmake
[2.916s] -- Up-to-date: /home/ubuntu/CS_ws/install/utilities/share/utilities/cmake/utilities__rosidl_typesupport_introspection_cExport.cmake
[2.916s] -- Up-to-date: /home/ubuntu/CS_ws/install/utilities/share/utilities/cmake/utilities__rosidl_typesupport_introspection_cExport-noconfig.cmake
[2.917s] -- Up-to-date: /home/ubuntu/CS_ws/install/utilities/share/utilities/cmake/utilities__rosidl_typesupport_cExport.cmake
[2.917s] -- Up-to-date: /home/ubuntu/CS_ws/install/utilities/share/utilities/cmake/utilities__rosidl_typesupport_cExport-noconfig.cmake
[2.917s] -- Up-to-date: /home/ubuntu/CS_ws/install/utilities/share/utilities/cmake/export_utilities__rosidl_generator_cppExport.cmake
[2.918s] -- Up-to-date: /home/ubuntu/CS_ws/install/utilities/share/utilities/cmake/export_utilities__rosidl_typesupport_fastrtps_cppExport.cmake
[2.918s] -- Up-to-date: /home/ubuntu/CS_ws/install/utilities/share/utilities/cmake/export_utilities__rosidl_typesupport_fastrtps_cppExport-noconfig.cmake
[2.919s] -- Up-to-date: /home/ubuntu/CS_ws/install/utilities/share/utilities/cmake/utilities__rosidl_typesupport_introspection_cppExport.cmake
[2.919s] -- Up-to-date: /home/ubuntu/CS_ws/install/utilities/share/utilities/cmake/utilities__rosidl_typesupport_introspection_cppExport-noconfig.cmake
[2.919s] -- Up-to-date: /home/ubuntu/CS_ws/install/utilities/share/utilities/cmake/utilities__rosidl_typesupport_cppExport.cmake
[2.919s] -- Up-to-date: /home/ubuntu/CS_ws/install/utilities/share/utilities/cmake/utilities__rosidl_typesupport_cppExport-noconfig.cmake
[2.919s] -- Up-to-date: /home/ubuntu/CS_ws/install/utilities/share/utilities/cmake/export_utilities__rosidl_generator_pyExport.cmake
[2.919s] -- Up-to-date: /home/ubuntu/CS_ws/install/utilities/share/utilities/cmake/export_utilities__rosidl_generator_pyExport-noconfig.cmake
[2.923s] Invoked command in '/home/ubuntu/CS_ws/build/utilities' returned '0': CMAKE_PREFIX_PATH=${CMAKE_PREFIX_PATH}:/home/ubuntu/CS_ws/install/testserver:/home/ubuntu/CS_ws/install/task_manager:/home/ubuntu/CS_ws/install/navigation:/home/ubuntu/CS_ws/install/command_input:/opt/ros/humble /usr/bin/cmake --install /home/ubuntu/CS_ws/build/utilities
