[0.513s] Invoking command in '/home/ubuntu/CS_ws/build/turtlebot3_manipulation_moveit_config': CMAKE_PREFIX_PATH=/home/ubuntu/CS_ws/install/turtlebot3_manipulation_description:/home/ubuntu/CS_ws/install/utilities:/home/ubuntu/CS_ws/install/turtlebot3_manipulation:/home/ubuntu/CS_ws/install/turtlebot3_manipulation_teleop:/home/ubuntu/CS_ws/install/turtlebot3_manipulation_navigation2:/home/ubuntu/CS_ws/install/turtlebot3_manipulation_moveit_config:/home/ubuntu/CS_ws/install/turtlebot3_manipulation_hardware:/home/ubuntu/CS_ws/install/turtlebot3_manipulation_bringup:/home/ubuntu/CS_ws/install/turtlebot3_manipulation_cartographer:/home/ubuntu/CS_ws/install/task_manager:/home/ubuntu/CS_ws/install/navigation:/home/ubuntu/CS_ws/install/command_input:/opt/ros/humble /usr/bin/cmake --build /home/ubuntu/CS_ws/build/turtlebot3_manipulation_moveit_config -- -j8 -l8
[1.411s] Invoked command in '/home/ubuntu/CS_ws/build/turtlebot3_manipulation_moveit_config' returned '0': CMAKE_PREFIX_PATH=/home/ubuntu/CS_ws/install/turtlebot3_manipulation_description:/home/ubuntu/CS_ws/install/utilities:/home/ubuntu/CS_ws/install/turtlebot3_manipulation:/home/ubuntu/CS_ws/install/turtlebot3_manipulation_teleop:/home/ubuntu/CS_ws/install/turtlebot3_manipulation_navigation2:/home/ubuntu/CS_ws/install/turtlebot3_manipulation_moveit_config:/home/ubuntu/CS_ws/install/turtlebot3_manipulation_hardware:/home/ubuntu/CS_ws/install/turtlebot3_manipulation_bringup:/home/ubuntu/CS_ws/install/turtlebot3_manipulation_cartographer:/home/ubuntu/CS_ws/install/task_manager:/home/ubuntu/CS_ws/install/navigation:/home/ubuntu/CS_ws/install/command_input:/opt/ros/humble /usr/bin/cmake --build /home/ubuntu/CS_ws/build/turtlebot3_manipulation_moveit_config -- -j8 -l8
[1.412s] Invoking command in '/home/ubuntu/CS_ws/build/turtlebot3_manipulation_moveit_config': CMAKE_PREFIX_PATH=/home/ubuntu/CS_ws/install/turtlebot3_manipulation_description:/home/ubuntu/CS_ws/install/utilities:/home/ubuntu/CS_ws/install/turtlebot3_manipulation:/home/ubuntu/CS_ws/install/turtlebot3_manipulation_teleop:/home/ubuntu/CS_ws/install/turtlebot3_manipulation_navigation2:/home/ubuntu/CS_ws/install/turtlebot3_manipulation_moveit_config:/home/ubuntu/CS_ws/install/turtlebot3_manipulation_hardware:/home/ubuntu/CS_ws/install/turtlebot3_manipulation_bringup:/home/ubuntu/CS_ws/install/turtlebot3_manipulation_cartographer:/home/ubuntu/CS_ws/install/task_manager:/home/ubuntu/CS_ws/install/navigation:/home/ubuntu/CS_ws/install/command_input:/opt/ros/humble /usr/bin/cmake --install /home/ubuntu/CS_ws/build/turtlebot3_manipulation_moveit_config
[1.474s] -- Install configuration: ""
[1.485s] -- Execute custom install script
[1.502s] -- Up-to-date symlink: /home/ubuntu/CS_ws/install/turtlebot3_manipulation_moveit_config/share/ament_index/resource_index/package_run_dependencies/turtlebot3_manipulation_moveit_config
[1.505s] -- Up-to-date symlink: /home/ubuntu/CS_ws/install/turtlebot3_manipulation_moveit_config/share/ament_index/resource_index/parent_prefix_path/turtlebot3_manipulation_moveit_config
[1.514s] -- Up-to-date symlink: /home/ubuntu/CS_ws/install/turtlebot3_manipulation_moveit_config/share/turtlebot3_manipulation_moveit_config/environment/ament_prefix_path.sh
[1.516s] -- Up-to-date symlink: /home/ubuntu/CS_ws/install/turtlebot3_manipulation_moveit_config/share/turtlebot3_manipulation_moveit_config/environment/ament_prefix_path.dsv
[1.527s] -- Up-to-date symlink: /home/ubuntu/CS_ws/install/turtlebot3_manipulation_moveit_config/share/turtlebot3_manipulation_moveit_config/environment/path.sh
[1.529s] -- Up-to-date symlink: /home/ubuntu/CS_ws/install/turtlebot3_manipulation_moveit_config/share/turtlebot3_manipulation_moveit_config/environment/path.dsv
[1.533s] -- Up-to-date symlink: /home/ubuntu/CS_ws/install/turtlebot3_manipulation_moveit_config/share/turtlebot3_manipulation_moveit_config/local_setup.bash
[1.534s] -- Up-to-date symlink: /home/ubuntu/CS_ws/install/turtlebot3_manipulation_moveit_config/share/turtlebot3_manipulation_moveit_config/local_setup.sh
[1.535s] -- Up-to-date symlink: /home/ubuntu/CS_ws/install/turtlebot3_manipulation_moveit_config/share/turtlebot3_manipulation_moveit_config/local_setup.zsh
[1.537s] -- Up-to-date symlink: /home/ubuntu/CS_ws/install/turtlebot3_manipulation_moveit_config/share/turtlebot3_manipulation_moveit_config/local_setup.dsv
[1.539s] -- Symlinking: /home/ubuntu/CS_ws/install/turtlebot3_manipulation_moveit_config/share/turtlebot3_manipulation_moveit_config/package.dsv
[1.763s] -- Up-to-date symlink: /home/ubuntu/CS_ws/install/turtlebot3_manipulation_moveit_config/share/ament_index/resource_index/packages/turtlebot3_manipulation_moveit_config
[1.763s] -- Up-to-date symlink: /home/ubuntu/CS_ws/install/turtlebot3_manipulation_moveit_config/share/turtlebot3_manipulation_moveit_config/cmake/turtlebot3_manipulation_moveit_configConfig.cmake
[1.786s] -- Up-to-date symlink: /home/ubuntu/CS_ws/install/turtlebot3_manipulation_moveit_config/share/turtlebot3_manipulation_moveit_config/cmake/turtlebot3_manipulation_moveit_configConfig-version.cmake
[1.799s] -- Up-to-date symlink: /home/ubuntu/CS_ws/install/turtlebot3_manipulation_moveit_config/share/turtlebot3_manipulation_moveit_config/package.xml
[1.852s] -- Up-to-date symlink: /home/ubuntu/CS_ws/install/turtlebot3_manipulation_moveit_config/share/turtlebot3_manipulation_moveit_config/launch/move_group.launch.py
[1.853s] -- Up-to-date symlink: /home/ubuntu/CS_ws/install/turtlebot3_manipulation_moveit_config/share/turtlebot3_manipulation_moveit_config/launch/moveit_core.launch.py
[1.853s] -- Up-to-date symlink: /home/ubuntu/CS_ws/install/turtlebot3_manipulation_moveit_config/share/turtlebot3_manipulation_moveit_config/launch/moveit_fake.launch.py
[1.881s] -- Up-to-date symlink: /home/ubuntu/CS_ws/install/turtlebot3_manipulation_moveit_config/share/turtlebot3_manipulation_moveit_config/launch/moveit_gazebo.launch.py
[1.887s] -- Up-to-date symlink: /home/ubuntu/CS_ws/install/turtlebot3_manipulation_moveit_config/share/turtlebot3_manipulation_moveit_config/launch/moveit_rviz.launch.py
[1.888s] -- Up-to-date symlink: /home/ubuntu/CS_ws/install/turtlebot3_manipulation_moveit_config/share/turtlebot3_manipulation_moveit_config/launch/rsp.launch.py
[1.888s] -- Up-to-date symlink: /home/ubuntu/CS_ws/install/turtlebot3_manipulation_moveit_config/share/turtlebot3_manipulation_moveit_config/launch/servo.launch.py
[1.889s] -- Up-to-date symlink: /home/ubuntu/CS_ws/install/turtlebot3_manipulation_moveit_config/share/turtlebot3_manipulation_moveit_config/launch/setup_assistant.launch.py
[1.904s] -- Up-to-date symlink: /home/ubuntu/CS_ws/install/turtlebot3_manipulation_moveit_config/share/turtlebot3_manipulation_moveit_config/launch/spawn_controllers.launch.py
[1.905s] -- Up-to-date symlink: /home/ubuntu/CS_ws/install/turtlebot3_manipulation_moveit_config/share/turtlebot3_manipulation_moveit_config/launch/static_virtual_joint_tfs.launch.py
[1.906s] -- Up-to-date symlink: /home/ubuntu/CS_ws/install/turtlebot3_manipulation_moveit_config/share/turtlebot3_manipulation_moveit_config/launch/warehouse_db.launch.py
[1.906s] -- Up-to-date symlink: /home/ubuntu/CS_ws/install/turtlebot3_manipulation_moveit_config/share/turtlebot3_manipulation_moveit_config/config/initial_positions.yaml
[1.906s] -- Up-to-date symlink: /home/ubuntu/CS_ws/install/turtlebot3_manipulation_moveit_config/share/turtlebot3_manipulation_moveit_config/config/joint_limits.yaml
[1.907s] -- Up-to-date symlink: /home/ubuntu/CS_ws/install/turtlebot3_manipulation_moveit_config/share/turtlebot3_manipulation_moveit_config/config/kinematics.yaml
[1.907s] -- Up-to-date symlink: /home/ubuntu/CS_ws/install/turtlebot3_manipulation_moveit_config/share/turtlebot3_manipulation_moveit_config/config/moveit.rviz
[1.920s] -- Up-to-date symlink: /home/ubuntu/CS_ws/install/turtlebot3_manipulation_moveit_config/share/turtlebot3_manipulation_moveit_config/config/moveit_controllers.yaml
[1.921s] -- Up-to-date symlink: /home/ubuntu/CS_ws/install/turtlebot3_manipulation_moveit_config/share/turtlebot3_manipulation_moveit_config/config/moveit_servo.yaml
[1.922s] -- Up-to-date symlink: /home/ubuntu/CS_ws/install/turtlebot3_manipulation_moveit_config/share/turtlebot3_manipulation_moveit_config/config/moveit_teleop.rviz
[1.924s] -- Up-to-date symlink: /home/ubuntu/CS_ws/install/turtlebot3_manipulation_moveit_config/share/turtlebot3_manipulation_moveit_config/config/ompl_planning.yaml
[1.924s] -- Up-to-date symlink: /home/ubuntu/CS_ws/install/turtlebot3_manipulation_moveit_config/share/turtlebot3_manipulation_moveit_config/config/turtlebot3_manipulation.srdf
[1.925s] -- Up-to-date symlink: /home/ubuntu/CS_ws/install/turtlebot3_manipulation_moveit_config/share/turtlebot3_manipulation_moveit_config/.setup_assistant
[1.977s] Invoked command in '/home/ubuntu/CS_ws/build/turtlebot3_manipulation_moveit_config' returned '0': CMAKE_PREFIX_PATH=/home/ubuntu/CS_ws/install/turtlebot3_manipulation_description:/home/ubuntu/CS_ws/install/utilities:/home/ubuntu/CS_ws/install/turtlebot3_manipulation:/home/ubuntu/CS_ws/install/turtlebot3_manipulation_teleop:/home/ubuntu/CS_ws/install/turtlebot3_manipulation_navigation2:/home/ubuntu/CS_ws/install/turtlebot3_manipulation_moveit_config:/home/ubuntu/CS_ws/install/turtlebot3_manipulation_hardware:/home/ubuntu/CS_ws/install/turtlebot3_manipulation_bringup:/home/ubuntu/CS_ws/install/turtlebot3_manipulation_cartographer:/home/ubuntu/CS_ws/install/task_manager:/home/ubuntu/CS_ws/install/navigation:/home/ubuntu/CS_ws/install/command_input:/opt/ros/humble /usr/bin/cmake --install /home/ubuntu/CS_ws/build/turtlebot3_manipulation_moveit_config
