[0.539s] Invoking command in '/home/ubuntu/CS_ws/build/turtlebot3_manipulation_description': CMAKE_PREFIX_PATH=${CMAKE_PREFIX_PATH}:/home/ubuntu/CS_ws/install/task_manager:/home/ubuntu/CS_ws/install/navigation:/home/ubuntu/CS_ws/install/command_input:/opt/ros/humble /usr/bin/cmake --build /home/ubuntu/CS_ws/build/turtlebot3_manipulation_description -- -j8 -l8
[7.439s] Invoked command in '/home/ubuntu/CS_ws/build/turtlebot3_manipulation_description' returned '0': CMAKE_PREFIX_PATH=${CMAKE_PREFIX_PATH}:/home/ubuntu/CS_ws/install/task_manager:/home/ubuntu/CS_ws/install/navigation:/home/ubuntu/CS_ws/install/command_input:/opt/ros/humble /usr/bin/cmake --build /home/ubuntu/CS_ws/build/turtlebot3_manipulation_description -- -j8 -l8
[7.456s] Invoking command in '/home/ubuntu/CS_ws/build/turtlebot3_manipulation_description': CMAKE_PREFIX_PATH=${CMAKE_PREFIX_PATH}:/home/ubuntu/CS_ws/install/task_manager:/home/ubuntu/CS_ws/install/navigation:/home/ubuntu/CS_ws/install/command_input:/opt/ros/humble /usr/bin/cmake --install /home/ubuntu/CS_ws/build/turtlebot3_manipulation_description
[7.558s] -- Install configuration: ""
[7.558s] -- Execute custom install script
[7.559s] -- Up-to-date symlink: /home/ubuntu/CS_ws/install/turtlebot3_manipulation_description/share/turtlebot3_manipulation_description/launch/model.launch.py
[7.559s] -- Up-to-date symlink: /home/ubuntu/CS_ws/install/turtlebot3_manipulation_description/share/turtlebot3_manipulation_description/rviz/model.rviz
[7.559s] -- Up-to-date symlink: /home/ubuntu/CS_ws/install/turtlebot3_manipulation_description/share/turtlebot3_manipulation_description/urdf/open_manipulator_x.urdf.xacro
[7.560s] -- Up-to-date symlink: /home/ubuntu/CS_ws/install/turtlebot3_manipulation_description/share/turtlebot3_manipulation_description/urdf/turtlebot3_manipulation.urdf.xacro
[7.560s] -- Up-to-date symlink: /home/ubuntu/CS_ws/install/turtlebot3_manipulation_description/share/turtlebot3_manipulation_description/urdf/turtlebot3_waffle_pi.urdf.xacro
[7.560s] -- Up-to-date symlink: /home/ubuntu/CS_ws/install/turtlebot3_manipulation_description/share/turtlebot3_manipulation_description/gazebo/materials.xacro
[7.560s] -- Up-to-date symlink: /home/ubuntu/CS_ws/install/turtlebot3_manipulation_description/share/turtlebot3_manipulation_description/gazebo/open_manipulator_x.gazebo.xacro
[7.561s] -- Up-to-date symlink: /home/ubuntu/CS_ws/install/turtlebot3_manipulation_description/share/turtlebot3_manipulation_description/gazebo/turtlebot3_waffle_pi.gazebo.xacro
[7.561s] -- Up-to-date symlink: /home/ubuntu/CS_ws/install/turtlebot3_manipulation_description/share/turtlebot3_manipulation_description/meshes/open_manipulator_x/gripper_left_palm.stl
[7.561s] -- Up-to-date symlink: /home/ubuntu/CS_ws/install/turtlebot3_manipulation_description/share/turtlebot3_manipulation_description/meshes/open_manipulator_x/gripper_right_palm.stl
[7.561s] -- Up-to-date symlink: /home/ubuntu/CS_ws/install/turtlebot3_manipulation_description/share/turtlebot3_manipulation_description/meshes/open_manipulator_x/link1.stl
[7.562s] -- Up-to-date symlink: /home/ubuntu/CS_ws/install/turtlebot3_manipulation_description/share/turtlebot3_manipulation_description/meshes/open_manipulator_x/link2.stl
[7.562s] -- Up-to-date symlink: /home/ubuntu/CS_ws/install/turtlebot3_manipulation_description/share/turtlebot3_manipulation_description/meshes/open_manipulator_x/link3.stl
[7.562s] -- Up-to-date symlink: /home/ubuntu/CS_ws/install/turtlebot3_manipulation_description/share/turtlebot3_manipulation_description/meshes/open_manipulator_x/link4.stl
[7.562s] -- Up-to-date symlink: /home/ubuntu/CS_ws/install/turtlebot3_manipulation_description/share/turtlebot3_manipulation_description/meshes/open_manipulator_x/link5.stl
[7.563s] -- Up-to-date symlink: /home/ubuntu/CS_ws/install/turtlebot3_manipulation_description/share/turtlebot3_manipulation_description/meshes/turtlebot3_waffle_pi/base.stl
[7.563s] -- Up-to-date symlink: /home/ubuntu/CS_ws/install/turtlebot3_manipulation_description/share/turtlebot3_manipulation_description/meshes/turtlebot3_waffle_pi/ladar.stl
[7.571s] -- Up-to-date symlink: /home/ubuntu/CS_ws/install/turtlebot3_manipulation_description/share/turtlebot3_manipulation_description/meshes/turtlebot3_waffle_pi/left_tire.stl
[7.571s] -- Up-to-date symlink: /home/ubuntu/CS_ws/install/turtlebot3_manipulation_description/share/turtlebot3_manipulation_description/meshes/turtlebot3_waffle_pi/right_tire.stl
[7.572s] -- Up-to-date symlink: /home/ubuntu/CS_ws/install/turtlebot3_manipulation_description/share/turtlebot3_manipulation_description/ros2_control/turtlebot3_manipulation_system.ros2_control.xacro
[7.578s] -- Up-to-date symlink: /home/ubuntu/CS_ws/install/turtlebot3_manipulation_description/share/turtlebot3_manipulation_description/environment/turtlebot3_manipulation_description.dsv
[7.588s] -- Up-to-date symlink: /home/ubuntu/CS_ws/install/turtlebot3_manipulation_description/share/ament_index/resource_index/package_run_dependencies/turtlebot3_manipulation_description
[7.589s] -- Up-to-date symlink: /home/ubuntu/CS_ws/install/turtlebot3_manipulation_description/share/ament_index/resource_index/parent_prefix_path/turtlebot3_manipulation_description
[7.589s] -- Up-to-date symlink: /home/ubuntu/CS_ws/install/turtlebot3_manipulation_description/share/turtlebot3_manipulation_description/environment/ament_prefix_path.sh
[7.605s] -- Up-to-date symlink: /home/ubuntu/CS_ws/install/turtlebot3_manipulation_description/share/turtlebot3_manipulation_description/environment/ament_prefix_path.dsv
[7.643s] -- Up-to-date symlink: /home/ubuntu/CS_ws/install/turtlebot3_manipulation_description/share/turtlebot3_manipulation_description/environment/path.sh
[7.663s] -- Up-to-date symlink: /home/ubuntu/CS_ws/install/turtlebot3_manipulation_description/share/turtlebot3_manipulation_description/environment/path.dsv
[7.663s] -- Up-to-date symlink: /home/ubuntu/CS_ws/install/turtlebot3_manipulation_description/share/turtlebot3_manipulation_description/local_setup.bash
[7.664s] -- Up-to-date symlink: /home/ubuntu/CS_ws/install/turtlebot3_manipulation_description/share/turtlebot3_manipulation_description/local_setup.sh
[7.664s] -- Up-to-date symlink: /home/ubuntu/CS_ws/install/turtlebot3_manipulation_description/share/turtlebot3_manipulation_description/local_setup.zsh
[7.664s] -- Up-to-date symlink: /home/ubuntu/CS_ws/install/turtlebot3_manipulation_description/share/turtlebot3_manipulation_description/local_setup.dsv
[7.665s] -- Symlinking: /home/ubuntu/CS_ws/install/turtlebot3_manipulation_description/share/turtlebot3_manipulation_description/package.dsv
[7.679s] -- Up-to-date symlink: /home/ubuntu/CS_ws/install/turtlebot3_manipulation_description/share/ament_index/resource_index/packages/turtlebot3_manipulation_description
[7.680s] -- Up-to-date symlink: /home/ubuntu/CS_ws/install/turtlebot3_manipulation_description/share/turtlebot3_manipulation_description/cmake/turtlebot3_manipulation_descriptionConfig.cmake
[7.680s] -- Up-to-date symlink: /home/ubuntu/CS_ws/install/turtlebot3_manipulation_description/share/turtlebot3_manipulation_description/cmake/turtlebot3_manipulation_descriptionConfig-version.cmake
[7.681s] -- Up-to-date symlink: /home/ubuntu/CS_ws/install/turtlebot3_manipulation_description/share/turtlebot3_manipulation_description/package.xml
[8.057s] Invoked command in '/home/ubuntu/CS_ws/build/turtlebot3_manipulation_description' returned '0': CMAKE_PREFIX_PATH=${CMAKE_PREFIX_PATH}:/home/ubuntu/CS_ws/install/task_manager:/home/ubuntu/CS_ws/install/navigation:/home/ubuntu/CS_ws/install/command_input:/opt/ros/humble /usr/bin/cmake --install /home/ubuntu/CS_ws/build/turtlebot3_manipulation_description
