[0.119s] Invoking command in '/home/ubuntu/CS_ws/build/turtlebot3_manipulation_navigation2': CMAKE_PREFIX_PATH=${CMAKE_PREFIX_PATH}:/home/ubuntu/CS_ws/install/task_manager:/opt/ros/humble /usr/bin/cmake --build /home/ubuntu/CS_ws/build/turtlebot3_manipulation_navigation2 -- -j8 -l8
[1.068s] Invoked command in '/home/ubuntu/CS_ws/build/turtlebot3_manipulation_navigation2' returned '0': CMAKE_PREFIX_PATH=${CMAKE_PREFIX_PATH}:/home/ubuntu/CS_ws/install/task_manager:/opt/ros/humble /usr/bin/cmake --build /home/ubuntu/CS_ws/build/turtlebot3_manipulation_navigation2 -- -j8 -l8
[1.076s] Invoking command in '/home/ubuntu/CS_ws/build/turtlebot3_manipulation_navigation2': CMAKE_PREFIX_PATH=${CMAKE_PREFIX_PATH}:/home/ubuntu/CS_ws/install/task_manager:/opt/ros/humble /usr/bin/cmake --install /home/ubuntu/CS_ws/build/turtlebot3_manipulation_navigation2
[1.137s] -- Install configuration: ""
[1.152s] -- Execute custom install script
[1.154s] -- Up-to-date symlink: /home/ubuntu/CS_ws/install/turtlebot3_manipulation_navigation2/share/turtlebot3_manipulation_navigation2/launch/navigation2.launch.py
[1.162s] -- Up-to-date symlink: /home/ubuntu/CS_ws/install/turtlebot3_manipulation_navigation2/share/turtlebot3_manipulation_navigation2/launch/navigation2_use_sim_time.launch.py
[1.163s] -- Up-to-date symlink: /home/ubuntu/CS_ws/install/turtlebot3_manipulation_navigation2/share/turtlebot3_manipulation_navigation2/map/turtlebot3_world.pgm
[1.164s] -- Up-to-date symlink: /home/ubuntu/CS_ws/install/turtlebot3_manipulation_navigation2/share/turtlebot3_manipulation_navigation2/map/turtlebot3_world.yaml
[1.164s] -- Up-to-date symlink: /home/ubuntu/CS_ws/install/turtlebot3_manipulation_navigation2/share/turtlebot3_manipulation_navigation2/param/turtlebot3.yaml
[1.165s] -- Up-to-date symlink: /home/ubuntu/CS_ws/install/turtlebot3_manipulation_navigation2/share/turtlebot3_manipulation_navigation2/param/turtlebot3_use_sim_time.yaml
[1.170s] -- Up-to-date symlink: /home/ubuntu/CS_ws/install/turtlebot3_manipulation_navigation2/share/turtlebot3_manipulation_navigation2/rviz/navigation2.rviz
[1.171s] -- Up-to-date symlink: /home/ubuntu/CS_ws/install/turtlebot3_manipulation_navigation2/share/ament_index/resource_index/package_run_dependencies/turtlebot3_manipulation_navigation2
[1.171s] -- Up-to-date symlink: /home/ubuntu/CS_ws/install/turtlebot3_manipulation_navigation2/share/ament_index/resource_index/parent_prefix_path/turtlebot3_manipulation_navigation2
[1.172s] -- Up-to-date symlink: /home/ubuntu/CS_ws/install/turtlebot3_manipulation_navigation2/share/turtlebot3_manipulation_navigation2/environment/ament_prefix_path.sh
[1.172s] -- Up-to-date symlink: /home/ubuntu/CS_ws/install/turtlebot3_manipulation_navigation2/share/turtlebot3_manipulation_navigation2/environment/ament_prefix_path.dsv
[1.173s] -- Up-to-date symlink: /home/ubuntu/CS_ws/install/turtlebot3_manipulation_navigation2/share/turtlebot3_manipulation_navigation2/environment/path.sh
[1.173s] -- Up-to-date symlink: /home/ubuntu/CS_ws/install/turtlebot3_manipulation_navigation2/share/turtlebot3_manipulation_navigation2/environment/path.dsv
[1.174s] -- Up-to-date symlink: /home/ubuntu/CS_ws/install/turtlebot3_manipulation_navigation2/share/turtlebot3_manipulation_navigation2/local_setup.bash
[1.175s] -- Up-to-date symlink: /home/ubuntu/CS_ws/install/turtlebot3_manipulation_navigation2/share/turtlebot3_manipulation_navigation2/local_setup.sh
[1.176s] -- Up-to-date symlink: /home/ubuntu/CS_ws/install/turtlebot3_manipulation_navigation2/share/turtlebot3_manipulation_navigation2/local_setup.zsh
[1.177s] -- Up-to-date symlink: /home/ubuntu/CS_ws/install/turtlebot3_manipulation_navigation2/share/turtlebot3_manipulation_navigation2/local_setup.dsv
[1.178s] -- Symlinking: /home/ubuntu/CS_ws/install/turtlebot3_manipulation_navigation2/share/turtlebot3_manipulation_navigation2/package.dsv
[1.188s] -- Up-to-date symlink: /home/ubuntu/CS_ws/install/turtlebot3_manipulation_navigation2/share/ament_index/resource_index/packages/turtlebot3_manipulation_navigation2
[1.190s] -- Up-to-date symlink: /home/ubuntu/CS_ws/install/turtlebot3_manipulation_navigation2/share/turtlebot3_manipulation_navigation2/cmake/turtlebot3_manipulation_navigation2Config.cmake
[1.191s] -- Up-to-date symlink: /home/ubuntu/CS_ws/install/turtlebot3_manipulation_navigation2/share/turtlebot3_manipulation_navigation2/cmake/turtlebot3_manipulation_navigation2Config-version.cmake
[1.191s] -- Up-to-date symlink: /home/ubuntu/CS_ws/install/turtlebot3_manipulation_navigation2/share/turtlebot3_manipulation_navigation2/package.xml
[1.329s] Invoked command in '/home/ubuntu/CS_ws/build/turtlebot3_manipulation_navigation2' returned '0': CMAKE_PREFIX_PATH=${CMAKE_PREFIX_PATH}:/home/ubuntu/CS_ws/install/task_manager:/opt/ros/humble /usr/bin/cmake --install /home/ubuntu/CS_ws/build/turtlebot3_manipulation_navigation2
