[0.173s] Invoking command in '/home/ubuntu/CS_ws/build/turtlebot3_manipulation_teleop': CMAKE_PREFIX_PATH=/home/ubuntu/CS_ws/install/turtlebot3_manipulation_moveit_config:/home/ubuntu/CS_ws/install/turtlebot3_manipulation_bringup:/home/ubuntu/CS_ws/install/turtlebot3_manipulation_description:/home/ubuntu/CS_ws/install/utilities:/home/ubuntu/CS_ws/install/turtlebot3_manipulation:/home/ubuntu/CS_ws/install/turtlebot3_manipulation_teleop:/home/ubuntu/CS_ws/install/turtlebot3_manipulation_navigation2:/home/ubuntu/CS_ws/install/turtlebot3_manipulation_hardware:/home/ubuntu/CS_ws/install/turtlebot3_manipulation_cartographer:/home/ubuntu/CS_ws/install/task_manager:/home/ubuntu/CS_ws/install/navigation:/home/ubuntu/CS_ws/install/command_input:/opt/ros/humble /usr/bin/cmake --build /home/ubuntu/CS_ws/build/turtlebot3_manipulation_teleop -- -j8 -l8
[1.669s] [100%] Built target turtlebot3_manipulation_teleop
[2.085s] Invoked command in '/home/ubuntu/CS_ws/build/turtlebot3_manipulation_teleop' returned '0': CMAKE_PREFIX_PATH=/home/ubuntu/CS_ws/install/turtlebot3_manipulation_moveit_config:/home/ubuntu/CS_ws/install/turtlebot3_manipulation_bringup:/home/ubuntu/CS_ws/install/turtlebot3_manipulation_description:/home/ubuntu/CS_ws/install/utilities:/home/ubuntu/CS_ws/install/turtlebot3_manipulation:/home/ubuntu/CS_ws/install/turtlebot3_manipulation_teleop:/home/ubuntu/CS_ws/install/turtlebot3_manipulation_navigation2:/home/ubuntu/CS_ws/install/turtlebot3_manipulation_hardware:/home/ubuntu/CS_ws/install/turtlebot3_manipulation_cartographer:/home/ubuntu/CS_ws/install/task_manager:/home/ubuntu/CS_ws/install/navigation:/home/ubuntu/CS_ws/install/command_input:/opt/ros/humble /usr/bin/cmake --build /home/ubuntu/CS_ws/build/turtlebot3_manipulation_teleop -- -j8 -l8
[2.124s] Invoking command in '/home/ubuntu/CS_ws/build/turtlebot3_manipulation_teleop': CMAKE_PREFIX_PATH=/home/ubuntu/CS_ws/install/turtlebot3_manipulation_moveit_config:/home/ubuntu/CS_ws/install/turtlebot3_manipulation_bringup:/home/ubuntu/CS_ws/install/turtlebot3_manipulation_description:/home/ubuntu/CS_ws/install/utilities:/home/ubuntu/CS_ws/install/turtlebot3_manipulation:/home/ubuntu/CS_ws/install/turtlebot3_manipulation_teleop:/home/ubuntu/CS_ws/install/turtlebot3_manipulation_navigation2:/home/ubuntu/CS_ws/install/turtlebot3_manipulation_hardware:/home/ubuntu/CS_ws/install/turtlebot3_manipulation_cartographer:/home/ubuntu/CS_ws/install/task_manager:/home/ubuntu/CS_ws/install/navigation:/home/ubuntu/CS_ws/install/command_input:/opt/ros/humble /usr/bin/cmake --install /home/ubuntu/CS_ws/build/turtlebot3_manipulation_teleop
[2.229s] -- Install configuration: ""
[2.233s] -- Execute custom install script
[2.235s] -- Up-to-date symlink: /home/ubuntu/CS_ws/install/turtlebot3_manipulation_teleop/lib/turtlebot3_manipulation_teleop/turtlebot3_manipulation_teleop
[2.249s] -- Up-to-date symlink: /home/ubuntu/CS_ws/install/turtlebot3_manipulation_teleop/share/ament_index/resource_index/package_run_dependencies/turtlebot3_manipulation_teleop
[2.251s] -- Up-to-date symlink: /home/ubuntu/CS_ws/install/turtlebot3_manipulation_teleop/share/ament_index/resource_index/parent_prefix_path/turtlebot3_manipulation_teleop
[2.252s] -- Up-to-date symlink: /home/ubuntu/CS_ws/install/turtlebot3_manipulation_teleop/share/turtlebot3_manipulation_teleop/environment/ament_prefix_path.sh
[2.252s] -- Up-to-date symlink: /home/ubuntu/CS_ws/install/turtlebot3_manipulation_teleop/share/turtlebot3_manipulation_teleop/environment/ament_prefix_path.dsv
[2.252s] -- Up-to-date symlink: /home/ubuntu/CS_ws/install/turtlebot3_manipulation_teleop/share/turtlebot3_manipulation_teleop/environment/path.sh
[2.256s] -- Up-to-date symlink: /home/ubuntu/CS_ws/install/turtlebot3_manipulation_teleop/share/turtlebot3_manipulation_teleop/environment/path.dsv
[2.265s] -- Up-to-date symlink: /home/ubuntu/CS_ws/install/turtlebot3_manipulation_teleop/share/turtlebot3_manipulation_teleop/local_setup.bash
[2.274s] -- Up-to-date symlink: /home/ubuntu/CS_ws/install/turtlebot3_manipulation_teleop/share/turtlebot3_manipulation_teleop/local_setup.sh
[2.275s] -- Up-to-date symlink: /home/ubuntu/CS_ws/install/turtlebot3_manipulation_teleop/share/turtlebot3_manipulation_teleop/local_setup.zsh
[2.275s] -- Up-to-date symlink: /home/ubuntu/CS_ws/install/turtlebot3_manipulation_teleop/share/turtlebot3_manipulation_teleop/local_setup.dsv
[2.275s] -- Symlinking: /home/ubuntu/CS_ws/install/turtlebot3_manipulation_teleop/share/turtlebot3_manipulation_teleop/package.dsv
[2.373s] -- Up-to-date symlink: /home/ubuntu/CS_ws/install/turtlebot3_manipulation_teleop/share/ament_index/resource_index/packages/turtlebot3_manipulation_teleop
[2.373s] -- Up-to-date symlink: /home/ubuntu/CS_ws/install/turtlebot3_manipulation_teleop/share/turtlebot3_manipulation_teleop/cmake/turtlebot3_manipulation_teleopConfig.cmake
[2.374s] -- Up-to-date symlink: /home/ubuntu/CS_ws/install/turtlebot3_manipulation_teleop/share/turtlebot3_manipulation_teleop/cmake/turtlebot3_manipulation_teleopConfig-version.cmake
[2.374s] -- Up-to-date symlink: /home/ubuntu/CS_ws/install/turtlebot3_manipulation_teleop/share/turtlebot3_manipulation_teleop/package.xml
[2.400s] Invoked command in '/home/ubuntu/CS_ws/build/turtlebot3_manipulation_teleop' returned '0': CMAKE_PREFIX_PATH=/home/ubuntu/CS_ws/install/turtlebot3_manipulation_moveit_config:/home/ubuntu/CS_ws/install/turtlebot3_manipulation_bringup:/home/ubuntu/CS_ws/install/turtlebot3_manipulation_description:/home/ubuntu/CS_ws/install/utilities:/home/ubuntu/CS_ws/install/turtlebot3_manipulation:/home/ubuntu/CS_ws/install/turtlebot3_manipulation_teleop:/home/ubuntu/CS_ws/install/turtlebot3_manipulation_navigation2:/home/ubuntu/CS_ws/install/turtlebot3_manipulation_hardware:/home/ubuntu/CS_ws/install/turtlebot3_manipulation_cartographer:/home/ubuntu/CS_ws/install/task_manager:/home/ubuntu/CS_ws/install/navigation:/home/ubuntu/CS_ws/install/command_input:/opt/ros/humble /usr/bin/cmake --install /home/ubuntu/CS_ws/build/turtlebot3_manipulation_teleop
