[0.135s] Invoking command in '/home/ubuntu/CS_ws/build/turtlebot3_manipulation_cartographer': CMAKE_PREFIX_PATH=${CMAKE_PREFIX_PATH}:/home/ubuntu/CS_ws/install/task_manager:/home/ubuntu/CS_ws/install/navigation:/home/ubuntu/CS_ws/install/command_input:/opt/ros/humble /usr/bin/cmake --build /home/ubuntu/CS_ws/build/turtlebot3_manipulation_cartographer -- -j8 -l8
[1.546s] Invoked command in '/home/ubuntu/CS_ws/build/turtlebot3_manipulation_cartographer' returned '0': CMAKE_PREFIX_PATH=${CMAKE_PREFIX_PATH}:/home/ubuntu/CS_ws/install/task_manager:/home/ubuntu/CS_ws/install/navigation:/home/ubuntu/CS_ws/install/command_input:/opt/ros/humble /usr/bin/cmake --build /home/ubuntu/CS_ws/build/turtlebot3_manipulation_cartographer -- -j8 -l8
[1.551s] Invoking command in '/home/ubuntu/CS_ws/build/turtlebot3_manipulation_cartographer': CMAKE_PREFIX_PATH=${CMAKE_PREFIX_PATH}:/home/ubuntu/CS_ws/install/task_manager:/home/ubuntu/CS_ws/install/navigation:/home/ubuntu/CS_ws/install/command_input:/opt/ros/humble /usr/bin/cmake --install /home/ubuntu/CS_ws/build/turtlebot3_manipulation_cartographer
[1.584s] -- Install configuration: ""
[1.584s] -- Execute custom install script
[1.587s] -- Up-to-date symlink: /home/ubuntu/CS_ws/install/turtlebot3_manipulation_cartographer/share/turtlebot3_manipulation_cartographer/config/turtlebot3_2d.lua
[1.588s] -- Up-to-date symlink: /home/ubuntu/CS_ws/install/turtlebot3_manipulation_cartographer/share/turtlebot3_manipulation_cartographer/launch/cartographer.launch.py
[1.588s] -- Up-to-date symlink: /home/ubuntu/CS_ws/install/turtlebot3_manipulation_cartographer/share/turtlebot3_manipulation_cartographer/rviz/cartographer.rviz
[1.589s] -- Up-to-date symlink: /home/ubuntu/CS_ws/install/turtlebot3_manipulation_cartographer/share/ament_index/resource_index/package_run_dependencies/turtlebot3_manipulation_cartographer
[1.589s] -- Up-to-date symlink: /home/ubuntu/CS_ws/install/turtlebot3_manipulation_cartographer/share/ament_index/resource_index/parent_prefix_path/turtlebot3_manipulation_cartographer
[1.589s] -- Up-to-date symlink: /home/ubuntu/CS_ws/install/turtlebot3_manipulation_cartographer/share/turtlebot3_manipulation_cartographer/environment/ament_prefix_path.sh
[1.590s] -- Up-to-date symlink: /home/ubuntu/CS_ws/install/turtlebot3_manipulation_cartographer/share/turtlebot3_manipulation_cartographer/environment/ament_prefix_path.dsv
[1.591s] -- Up-to-date symlink: /home/ubuntu/CS_ws/install/turtlebot3_manipulation_cartographer/share/turtlebot3_manipulation_cartographer/environment/path.sh
[1.591s] -- Up-to-date symlink: /home/ubuntu/CS_ws/install/turtlebot3_manipulation_cartographer/share/turtlebot3_manipulation_cartographer/environment/path.dsv
[1.591s] -- Up-to-date symlink: /home/ubuntu/CS_ws/install/turtlebot3_manipulation_cartographer/share/turtlebot3_manipulation_cartographer/local_setup.bash
[1.592s] -- Up-to-date symlink: /home/ubuntu/CS_ws/install/turtlebot3_manipulation_cartographer/share/turtlebot3_manipulation_cartographer/local_setup.sh
[1.592s] -- Up-to-date symlink: /home/ubuntu/CS_ws/install/turtlebot3_manipulation_cartographer/share/turtlebot3_manipulation_cartographer/local_setup.zsh
[1.594s] -- Up-to-date symlink: /home/ubuntu/CS_ws/install/turtlebot3_manipulation_cartographer/share/turtlebot3_manipulation_cartographer/local_setup.dsv
[1.595s] -- Symlinking: /home/ubuntu/CS_ws/install/turtlebot3_manipulation_cartographer/share/turtlebot3_manipulation_cartographer/package.dsv
[1.627s] -- Up-to-date symlink: /home/ubuntu/CS_ws/install/turtlebot3_manipulation_cartographer/share/ament_index/resource_index/packages/turtlebot3_manipulation_cartographer
[1.627s] -- Up-to-date symlink: /home/ubuntu/CS_ws/install/turtlebot3_manipulation_cartographer/share/turtlebot3_manipulation_cartographer/cmake/turtlebot3_manipulation_cartographerConfig.cmake
[1.627s] -- Up-to-date symlink: /home/ubuntu/CS_ws/install/turtlebot3_manipulation_cartographer/share/turtlebot3_manipulation_cartographer/cmake/turtlebot3_manipulation_cartographerConfig-version.cmake
[1.628s] -- Up-to-date symlink: /home/ubuntu/CS_ws/install/turtlebot3_manipulation_cartographer/share/turtlebot3_manipulation_cartographer/package.xml
[1.646s] Invoked command in '/home/ubuntu/CS_ws/build/turtlebot3_manipulation_cartographer' returned '0': CMAKE_PREFIX_PATH=${CMAKE_PREFIX_PATH}:/home/ubuntu/CS_ws/install/task_manager:/home/ubuntu/CS_ws/install/navigation:/home/ubuntu/CS_ws/install/command_input:/opt/ros/humble /usr/bin/cmake --install /home/ubuntu/CS_ws/build/turtlebot3_manipulation_cartographer
