[1.138s] Invoking command in '/home/ubuntu/CS_ws/build/utilities': CMAKE_PREFIX_PATH=${CMAKE_PREFIX_PATH}:/home/ubuntu/CS_ws/install/task_manager:/opt/ros/humble /usr/bin/cmake /home/ubuntu/CS_ws/src/utilities -DAMENT_CMAKE_SYMLINK_INSTALL=1 -DCMAKE_INSTALL_PREFIX=/home/ubuntu/CS_ws/install/utilities
[1.641s] -- The C compiler identification is GNU 11.4.0
[2.069s] -- The CXX compiler identification is GNU 11.4.0
[2.123s] -- Detecting C compiler ABI info
[2.439s] -- Detecting C compiler ABI info - done
[2.491s] -- Check for working C compiler: /usr/bin/cc - skipped
[2.492s] -- Detecting C compile features
[2.495s] -- Detecting C compile features - done
[2.510s] -- Detecting CXX compiler ABI info
[2.886s] -- Detecting CXX compiler ABI info - done
[2.921s] -- Check for working CXX compiler: /usr/bin/c++ - skipped
[2.923s] -- Detecting CXX compile features
[2.925s] -- Detecting CXX compile features - done
[3.079s] -- Found ament_cmake: 1.3.11 (/opt/ros/humble/share/ament_cmake/cmake)
[3.604s] -- Found Python3: /usr/bin/python3 (found version "3.10.12") found components: Interpreter 
[3.796s] -- Override CMake install command with custom implementation using symlinks instead of copying resources
[4.015s] -- Found rosidl_default_generators: 1.2.0 (/opt/ros/humble/share/rosidl_default_generators/cmake)
[4.051s] -- Using all available rosidl_typesupport_c: rosidl_typesupport_fastrtps_c;rosidl_typesupport_introspection_c
[4.105s] -- Found rosidl_adapter: 3.1.6 (/opt/ros/humble/share/rosidl_adapter/cmake)
[4.395s] -- Using all available rosidl_typesupport_cpp: rosidl_typesupport_fastrtps_cpp;rosidl_typesupport_introspection_cpp
[5.308s] -- Found ament_cmake_ros: 0.10.0 (/opt/ros/humble/share/ament_cmake_ros/cmake)
[5.822s] -- Using all available rosidl_typesupport_c: rosidl_typesupport_fastrtps_c;rosidl_typesupport_introspection_c
[6.400s] -- Using all available rosidl_typesupport_cpp: rosidl_typesupport_fastrtps_cpp;rosidl_typesupport_introspection_cpp
[6.471s] -- Found PythonInterp: /usr/bin/python3 (found suitable version "3.10.12", minimum required is "3.6") 
[6.487s] -- Found python_cmake_module: 0.10.0 (/opt/ros/humble/share/python_cmake_module/cmake)
[6.596s] -- Found PythonLibs: /usr/lib/x86_64-linux-gnu/libpython3.10.so (found suitable version "3.10.12", minimum required is "3.5") 
[6.596s] -- Using PYTHON_EXECUTABLE: /usr/bin/python3
[6.597s] -- Using PYTHON_INCLUDE_DIRS: /usr/include/python3.10
[6.597s] -- Using PYTHON_LIBRARIES: /usr/lib/x86_64-linux-gnu/libpython3.10.so
[6.642s] -- Found PythonExtra: .so  
[6.779s] -- Found ament_lint_auto: 0.12.11 (/opt/ros/humble/share/ament_lint_auto/cmake)
[6.918s] -- Added test 'lint_cmake' to check CMake code style
[6.925s] -- Added test 'xmllint' to check XML markup files
[6.948s] -- Configuring done
[7.118s] -- Generating done
[7.154s] -- Build files have been written to: /home/ubuntu/CS_ws/build/utilities
[7.166s] Invoked command in '/home/ubuntu/CS_ws/build/utilities' returned '0': CMAKE_PREFIX_PATH=${CMAKE_PREFIX_PATH}:/home/ubuntu/CS_ws/install/task_manager:/opt/ros/humble /usr/bin/cmake /home/ubuntu/CS_ws/src/utilities -DAMENT_CMAKE_SYMLINK_INSTALL=1 -DCMAKE_INSTALL_PREFIX=/home/ubuntu/CS_ws/install/utilities
[7.172s] Invoking command in '/home/ubuntu/CS_ws/build/utilities': CMAKE_PREFIX_PATH=${CMAKE_PREFIX_PATH}:/home/ubuntu/CS_ws/install/task_manager:/opt/ros/humble /usr/bin/cmake --build /home/ubuntu/CS_ws/build/utilities -- -j8 -l8
[7.257s] [  3%] [34m[1mGenerating C code for ROS interfaces[0m
[7.282s] [  6%] [34m[1mGenerating C++ code for ROS interfaces[0m
[7.304s] [  6%] Built target ament_cmake_python_symlink_utilities
[8.242s] running egg_info
[8.244s] creating utilities.egg-info
[8.246s] writing utilities.egg-info/PKG-INFO
[8.247s] writing dependency_links to utilities.egg-info/dependency_links.txt
[8.248s] writing top-level names to utilities.egg-info/top_level.txt
[8.248s] writing manifest file 'utilities.egg-info/SOURCES.txt'
[8.255s] reading manifest file 'utilities.egg-info/SOURCES.txt'
[8.256s] writing manifest file 'utilities.egg-info/SOURCES.txt'
[8.309s] [  6%] Built target ament_cmake_python_build_utilities_egg
[8.405s] [  6%] Built target utilities__cpp
[8.433s] [  9%] [34m[1mGenerating C++ type support dispatch for ROS interfaces[0m
[8.434s] [ 12%] [34m[1mGenerating C++ type support for eProsima Fast-RTPS[0m
[8.435s] [ 16%] [34m[1mGenerating C++ introspection for ROS interfaces[0m
[8.440s] [ 19%] [32mBuilding C object CMakeFiles/utilities__rosidl_generator_c.dir/rosidl_generator_c/utilities/srv/detail/string_command__functions.c.o[0m
[8.679s] [ 22%] [32m[1mLinking C shared library libutilities__rosidl_generator_c.so[0m
[8.784s] [ 22%] Built target utilities__rosidl_generator_c
[8.816s] [ 25%] [34m[1mGenerating C type support for eProsima Fast-RTPS[0m
[8.817s] [ 29%] [34m[1mGenerating C introspection for ROS interfaces[0m
[8.818s] [ 32%] [34m[1mGenerating C type support dispatch for ROS interfaces[0m
[9.506s] [ 35%] [32mBuilding CXX object CMakeFiles/utilities__rosidl_typesupport_cpp.dir/rosidl_typesupport_cpp/utilities/srv/string_command__type_support.cpp.o[0m
[9.600s] [ 38%] [32mBuilding CXX object CMakeFiles/utilities__rosidl_typesupport_introspection_cpp.dir/rosidl_typesupport_introspection_cpp/utilities/srv/detail/string_command__type_support.cpp.o[0m
[9.738s] [ 41%] [32mBuilding CXX object CMakeFiles/utilities__rosidl_typesupport_fastrtps_cpp.dir/rosidl_typesupport_fastrtps_cpp/utilities/srv/detail/dds_fastrtps/string_command__type_support.cpp.o[0m
[9.931s] [ 45%] [32mBuilding CXX object CMakeFiles/utilities__rosidl_typesupport_c.dir/rosidl_typesupport_c/utilities/srv/string_command__type_support.cpp.o[0m
[10.046s] [ 48%] [32m[1mLinking CXX shared library libutilities__rosidl_typesupport_c.so[0m
[10.097s] [ 51%] [32mBuilding C object CMakeFiles/utilities__rosidl_typesupport_introspection_c.dir/rosidl_typesupport_introspection_c/utilities/srv/detail/string_command__type_support.c.o[0m
[10.180s] [ 54%] [32mBuilding CXX object CMakeFiles/utilities__rosidl_typesupport_fastrtps_c.dir/rosidl_typesupport_fastrtps_c/utilities/srv/detail/string_command__type_support_c.cpp.o[0m
[10.223s] [ 54%] Built target utilities__rosidl_typesupport_c
[10.254s] [ 58%] [32m[1mLinking C shared library libutilities__rosidl_typesupport_introspection_c.so[0m
[10.352s] [ 58%] Built target utilities__rosidl_typesupport_introspection_c
[10.646s] [ 61%] [32m[1mLinking CXX shared library libutilities__rosidl_typesupport_cpp.so[0m
[10.762s] [ 61%] Built target utilities__rosidl_typesupport_cpp
[11.020s] [ 64%] [32m[1mLinking CXX shared library libutilities__rosidl_typesupport_introspection_cpp.so[0m
[11.191s] [ 64%] Built target utilities__rosidl_typesupport_introspection_cpp
[11.246s] [ 67%] [32m[1mLinking CXX shared library libutilities__rosidl_typesupport_fastrtps_cpp.so[0m
[11.279s] [ 70%] [32m[1mLinking CXX shared library libutilities__rosidl_typesupport_fastrtps_c.so[0m
[11.427s] [ 70%] Built target utilities__rosidl_typesupport_fastrtps_cpp
[11.461s] [ 70%] Built target utilities__rosidl_typesupport_fastrtps_c
[11.513s] [ 70%] Built target utilities
[11.557s] [ 74%] [34m[1mGenerating Python code for ROS interfaces[0m
[12.769s] [ 74%] Built target utilities__py
[12.812s] [ 77%] [32mBuilding C object CMakeFiles/utilities__rosidl_generator_py.dir/rosidl_generator_py/utilities/srv/_string_command_s.c.o[0m
[13.228s] [ 80%] [32m[1mLinking C shared library rosidl_generator_py/utilities/libutilities__rosidl_generator_py.so[0m
[13.320s] [ 80%] Built target utilities__rosidl_generator_py
[13.378s] [ 83%] [32mBuilding C object CMakeFiles/utilities__rosidl_typesupport_c__pyext.dir/rosidl_generator_py/utilities/_utilities_s.ep.rosidl_typesupport_c.c.o[0m
[13.381s] [ 90%] [32mBuilding C object CMakeFiles/utilities__rosidl_typesupport_fastrtps_c__pyext.dir/rosidl_generator_py/utilities/_utilities_s.ep.rosidl_typesupport_fastrtps_c.c.o[0m
[13.381s] [ 90%] [32mBuilding C object CMakeFiles/utilities__rosidl_typesupport_introspection_c__pyext.dir/rosidl_generator_py/utilities/_utilities_s.ep.rosidl_typesupport_introspection_c.c.o[0m
[13.695s] [ 93%] [32m[1mLinking C shared library rosidl_generator_py/utilities/utilities_s__rosidl_typesupport_introspection_c.cpython-310-x86_64-linux-gnu.so[0m
[13.696s] [ 96%] [32m[1mLinking C shared library rosidl_generator_py/utilities/utilities_s__rosidl_typesupport_c.cpython-310-x86_64-linux-gnu.so[0m
[13.714s] [100%] [32m[1mLinking C shared library rosidl_generator_py/utilities/utilities_s__rosidl_typesupport_fastrtps_c.cpython-310-x86_64-linux-gnu.so[0m
[13.804s] [100%] Built target utilities__rosidl_typesupport_introspection_c__pyext
[13.805s] [100%] Built target utilities__rosidl_typesupport_c__pyext
[13.843s] [100%] Built target utilities__rosidl_typesupport_fastrtps_c__pyext
[13.874s] Invoked command in '/home/ubuntu/CS_ws/build/utilities' returned '0': CMAKE_PREFIX_PATH=${CMAKE_PREFIX_PATH}:/home/ubuntu/CS_ws/install/task_manager:/opt/ros/humble /usr/bin/cmake --build /home/ubuntu/CS_ws/build/utilities -- -j8 -l8
[13.879s] Invoking command in '/home/ubuntu/CS_ws/build/utilities': CMAKE_PREFIX_PATH=${CMAKE_PREFIX_PATH}:/home/ubuntu/CS_ws/install/task_manager:/opt/ros/humble /usr/bin/cmake --install /home/ubuntu/CS_ws/build/utilities
[13.896s] -- Install configuration: ""
[13.897s] -- Execute custom install script
[13.900s] -- Symlinking: /home/ubuntu/CS_ws/install/utilities/share/ament_index/resource_index/rosidl_interfaces/utilities
[13.921s] -- Symlinking: /home/ubuntu/CS_ws/install/utilities/include/utilities/utilities/msg/rosidl_generator_c__visibility_control.h
[13.941s] -- Symlinking: /home/ubuntu/CS_ws/install/utilities/include/utilities/utilities/srv/detail/string_command__functions.h
[13.959s] -- Symlinking: /home/ubuntu/CS_ws/install/utilities/include/utilities/utilities/srv/detail/string_command__struct.h
[13.976s] -- Symlinking: /home/ubuntu/CS_ws/install/utilities/include/utilities/utilities/srv/detail/string_command__type_support.h
[13.993s] -- Symlinking: /home/ubuntu/CS_ws/install/utilities/include/utilities/utilities/srv/string_command.h
[14.010s] -- Symlinking: /home/ubuntu/CS_ws/install/utilities/share/utilities/environment/library_path.sh
[14.030s] -- Symlinking: /home/ubuntu/CS_ws/install/utilities/share/utilities/environment/library_path.dsv
[14.052s] -- Symlinking: /home/ubuntu/CS_ws/install/utilities/include/utilities/utilities/msg/rosidl_typesupport_fastrtps_c__visibility_control.h
[14.074s] -- Symlinking: /home/ubuntu/CS_ws/install/utilities/include/utilities/utilities/srv/detail/string_command__rosidl_typesupport_fastrtps_c.h
[14.094s] -- Symlinking: /home/ubuntu/CS_ws/install/utilities/include/utilities/utilities/msg/rosidl_typesupport_introspection_c__visibility_control.h
[14.111s] -- Symlinking: /home/ubuntu/CS_ws/install/utilities/include/utilities/utilities/srv/detail/string_command__rosidl_typesupport_introspection_c.h
[14.131s] -- Symlinking: /home/ubuntu/CS_ws/install/utilities/include/utilities/utilities/msg/rosidl_generator_cpp__visibility_control.hpp
[14.148s] -- Symlinking: /home/ubuntu/CS_ws/install/utilities/include/utilities/utilities/srv/detail/string_command__builder.hpp
[14.164s] -- Symlinking: /home/ubuntu/CS_ws/install/utilities/include/utilities/utilities/srv/detail/string_command__struct.hpp
[14.183s] -- Symlinking: /home/ubuntu/CS_ws/install/utilities/include/utilities/utilities/srv/detail/string_command__traits.hpp
[14.201s] -- Symlinking: /home/ubuntu/CS_ws/install/utilities/include/utilities/utilities/srv/detail/string_command__type_support.hpp
[14.218s] -- Symlinking: /home/ubuntu/CS_ws/install/utilities/include/utilities/utilities/srv/string_command.hpp
[14.237s] -- Symlinking: /home/ubuntu/CS_ws/install/utilities/include/utilities/utilities/msg/rosidl_typesupport_fastrtps_cpp__visibility_control.h
[14.253s] -- Symlinking: /home/ubuntu/CS_ws/install/utilities/include/utilities/utilities/srv/detail/string_command__rosidl_typesupport_fastrtps_cpp.hpp
[14.275s] -- Symlinking: /home/ubuntu/CS_ws/install/utilities/include/utilities/utilities/srv/detail/string_command__rosidl_typesupport_introspection_cpp.hpp
[14.300s] -- Symlinking: /home/ubuntu/CS_ws/install/utilities/share/utilities/environment/pythonpath.sh
[14.318s] -- Symlinking: /home/ubuntu/CS_ws/install/utilities/share/utilities/environment/pythonpath.dsv
[14.339s] -- Symlinking: /home/ubuntu/CS_ws/install/utilities/local/lib/python3.10/dist-packages/utilities-0.0.0-py3.10.egg-info/PKG-INFO
[14.358s] -- Symlinking: /home/ubuntu/CS_ws/install/utilities/local/lib/python3.10/dist-packages/utilities-0.0.0-py3.10.egg-info/SOURCES.txt
[14.376s] -- Symlinking: /home/ubuntu/CS_ws/install/utilities/local/lib/python3.10/dist-packages/utilities-0.0.0-py3.10.egg-info/dependency_links.txt
[14.394s] -- Symlinking: /home/ubuntu/CS_ws/install/utilities/local/lib/python3.10/dist-packages/utilities-0.0.0-py3.10.egg-info/top_level.txt
[14.412s] -- Symlinking: /home/ubuntu/CS_ws/install/utilities/local/lib/python3.10/dist-packages/utilities/__init__.py
[14.432s] -- Symlinking: /home/ubuntu/CS_ws/install/utilities/local/lib/python3.10/dist-packages/utilities/_utilities_s.ep.rosidl_typesupport_c.c
[14.450s] -- Symlinking: /home/ubuntu/CS_ws/install/utilities/local/lib/python3.10/dist-packages/utilities/_utilities_s.ep.rosidl_typesupport_fastrtps_c.c
[14.466s] -- Symlinking: /home/ubuntu/CS_ws/install/utilities/local/lib/python3.10/dist-packages/utilities/_utilities_s.ep.rosidl_typesupport_introspection_c.c
[14.483s] -- Symlinking: /home/ubuntu/CS_ws/install/utilities/local/lib/python3.10/dist-packages/utilities/libutilities__rosidl_generator_py.so
[14.507s] -- Symlinking: /home/ubuntu/CS_ws/install/utilities/local/lib/python3.10/dist-packages/utilities/srv/__init__.py
[14.524s] -- Symlinking: /home/ubuntu/CS_ws/install/utilities/local/lib/python3.10/dist-packages/utilities/srv/_string_command.py
[14.541s] -- Symlinking: /home/ubuntu/CS_ws/install/utilities/local/lib/python3.10/dist-packages/utilities/srv/_string_command_s.c
[14.560s] -- Symlinking: /home/ubuntu/CS_ws/install/utilities/local/lib/python3.10/dist-packages/utilities/utilities_s__rosidl_typesupport_c.cpython-310-x86_64-linux-gnu.so
[14.578s] -- Symlinking: /home/ubuntu/CS_ws/install/utilities/local/lib/python3.10/dist-packages/utilities/utilities_s__rosidl_typesupport_fastrtps_c.cpython-310-x86_64-linux-gnu.so
[14.594s] -- Symlinking: /home/ubuntu/CS_ws/install/utilities/local/lib/python3.10/dist-packages/utilities/utilities_s__rosidl_typesupport_introspection_c.cpython-310-x86_64-linux-gnu.so
[14.609s] -- Up-to-date symlink: /home/ubuntu/CS_ws/install/utilities/local/lib/python3.10/dist-packages/utilities/utilities_s__rosidl_typesupport_fastrtps_c.cpython-310-x86_64-linux-gnu.so
[14.610s] -- Up-to-date symlink: /home/ubuntu/CS_ws/install/utilities/local/lib/python3.10/dist-packages/utilities/utilities_s__rosidl_typesupport_introspection_c.cpython-310-x86_64-linux-gnu.so
[14.611s] -- Up-to-date symlink: /home/ubuntu/CS_ws/install/utilities/local/lib/python3.10/dist-packages/utilities/utilities_s__rosidl_typesupport_c.cpython-310-x86_64-linux-gnu.so
[14.612s] -- Symlinking: /home/ubuntu/CS_ws/install/utilities/share/utilities/srv/StringCommand.idl
[14.631s] -- Symlinking: /home/ubuntu/CS_ws/install/utilities/share/utilities/srv/StringCommand.srv
[14.649s] -- Symlinking: /home/ubuntu/CS_ws/install/utilities/share/utilities/srv/StringCommand_Request.msg
[14.669s] -- Symlinking: /home/ubuntu/CS_ws/install/utilities/share/utilities/srv/StringCommand_Response.msg
[14.688s] -- Symlinking: /home/ubuntu/CS_ws/install/utilities/share/ament_index/resource_index/package_run_dependencies/utilities
[14.707s] -- Symlinking: /home/ubuntu/CS_ws/install/utilities/share/ament_index/resource_index/parent_prefix_path/utilities
[14.728s] -- Symlinking: /home/ubuntu/CS_ws/install/utilities/share/utilities/environment/ament_prefix_path.sh
[14.745s] -- Symlinking: /home/ubuntu/CS_ws/install/utilities/share/utilities/environment/ament_prefix_path.dsv
[14.761s] -- Symlinking: /home/ubuntu/CS_ws/install/utilities/share/utilities/environment/path.sh
[14.780s] -- Symlinking: /home/ubuntu/CS_ws/install/utilities/share/utilities/environment/path.dsv
[14.797s] -- Symlinking: /home/ubuntu/CS_ws/install/utilities/share/utilities/local_setup.bash
[14.813s] -- Symlinking: /home/ubuntu/CS_ws/install/utilities/share/utilities/local_setup.sh
[14.833s] -- Symlinking: /home/ubuntu/CS_ws/install/utilities/share/utilities/local_setup.zsh
[14.849s] -- Symlinking: /home/ubuntu/CS_ws/install/utilities/share/utilities/local_setup.dsv
[14.867s] -- Symlinking: /home/ubuntu/CS_ws/install/utilities/share/utilities/package.dsv
[14.884s] -- Symlinking: /home/ubuntu/CS_ws/install/utilities/share/ament_index/resource_index/packages/utilities
[14.903s] -- Symlinking: /home/ubuntu/CS_ws/install/utilities/share/utilities/cmake/rosidl_cmake-extras.cmake
[14.927s] -- Symlinking: /home/ubuntu/CS_ws/install/utilities/share/utilities/cmake/ament_cmake_export_include_directories-extras.cmake
[14.945s] -- Symlinking: /home/ubuntu/CS_ws/install/utilities/share/utilities/cmake/ament_cmake_export_libraries-extras.cmake
[14.962s] -- Symlinking: /home/ubuntu/CS_ws/install/utilities/share/utilities/cmake/ament_cmake_export_targets-extras.cmake
[14.979s] -- Symlinking: /home/ubuntu/CS_ws/install/utilities/share/utilities/cmake/rosidl_cmake_export_typesupport_targets-extras.cmake
[14.997s] -- Symlinking: /home/ubuntu/CS_ws/install/utilities/share/utilities/cmake/ament_cmake_export_dependencies-extras.cmake
[15.016s] -- Symlinking: /home/ubuntu/CS_ws/install/utilities/share/utilities/cmake/rosidl_cmake_export_typesupport_libraries-extras.cmake
[15.035s] -- Symlinking: /home/ubuntu/CS_ws/install/utilities/share/utilities/cmake/utilitiesConfig.cmake
[15.055s] -- Symlinking: /home/ubuntu/CS_ws/install/utilities/share/utilities/cmake/utilitiesConfig-version.cmake
[15.076s] -- Symlinking: /home/ubuntu/CS_ws/install/utilities/share/utilities/package.xml
[15.095s] -- Installing: /home/ubuntu/CS_ws/install/utilities/lib/libutilities__rosidl_generator_c.so
[15.096s] -- Set runtime path of "/home/ubuntu/CS_ws/install/utilities/lib/libutilities__rosidl_generator_c.so" to ""
[15.096s] -- Installing: /home/ubuntu/CS_ws/install/utilities/lib/libutilities__rosidl_typesupport_fastrtps_c.so
[15.097s] -- Set runtime path of "/home/ubuntu/CS_ws/install/utilities/lib/libutilities__rosidl_typesupport_fastrtps_c.so" to ""
[15.098s] -- Installing: /home/ubuntu/CS_ws/install/utilities/lib/libutilities__rosidl_typesupport_introspection_c.so
[15.099s] -- Set runtime path of "/home/ubuntu/CS_ws/install/utilities/lib/libutilities__rosidl_typesupport_introspection_c.so" to ""
[15.099s] -- Installing: /home/ubuntu/CS_ws/install/utilities/lib/libutilities__rosidl_typesupport_c.so
[15.100s] -- Set runtime path of "/home/ubuntu/CS_ws/install/utilities/lib/libutilities__rosidl_typesupport_c.so" to ""
[15.102s] -- Installing: /home/ubuntu/CS_ws/install/utilities/lib/libutilities__rosidl_typesupport_fastrtps_cpp.so
[15.103s] -- Set runtime path of "/home/ubuntu/CS_ws/install/utilities/lib/libutilities__rosidl_typesupport_fastrtps_cpp.so" to ""
[15.104s] -- Installing: /home/ubuntu/CS_ws/install/utilities/lib/libutilities__rosidl_typesupport_introspection_cpp.so
[15.106s] -- Set runtime path of "/home/ubuntu/CS_ws/install/utilities/lib/libutilities__rosidl_typesupport_introspection_cpp.so" to ""
[15.107s] -- Installing: /home/ubuntu/CS_ws/install/utilities/lib/libutilities__rosidl_typesupport_cpp.so
[15.108s] -- Set runtime path of "/home/ubuntu/CS_ws/install/utilities/lib/libutilities__rosidl_typesupport_cpp.so" to ""
[15.207s] Listing '/home/ubuntu/CS_ws/install/utilities/local/lib/python3.10/dist-packages/utilities'...
[15.207s] Compiling '/home/ubuntu/CS_ws/install/utilities/local/lib/python3.10/dist-packages/utilities/__init__.py'...
[15.208s] Listing '/home/ubuntu/CS_ws/install/utilities/local/lib/python3.10/dist-packages/utilities/srv'...
[15.208s] Compiling '/home/ubuntu/CS_ws/install/utilities/local/lib/python3.10/dist-packages/utilities/srv/__init__.py'...
[15.208s] Compiling '/home/ubuntu/CS_ws/install/utilities/local/lib/python3.10/dist-packages/utilities/srv/_string_command.py'...
[15.216s] -- Installing: /home/ubuntu/CS_ws/install/utilities/lib/libutilities__rosidl_generator_py.so
[15.217s] -- Set runtime path of "/home/ubuntu/CS_ws/install/utilities/lib/libutilities__rosidl_generator_py.so" to ""
[15.218s] -- Installing: /home/ubuntu/CS_ws/install/utilities/share/utilities/cmake/export_utilities__rosidl_generator_cExport.cmake
[15.218s] -- Installing: /home/ubuntu/CS_ws/install/utilities/share/utilities/cmake/export_utilities__rosidl_generator_cExport-noconfig.cmake
[15.219s] -- Installing: /home/ubuntu/CS_ws/install/utilities/share/utilities/cmake/export_utilities__rosidl_typesupport_fastrtps_cExport.cmake
[15.220s] -- Installing: /home/ubuntu/CS_ws/install/utilities/share/utilities/cmake/export_utilities__rosidl_typesupport_fastrtps_cExport-noconfig.cmake
[15.222s] -- Installing: /home/ubuntu/CS_ws/install/utilities/share/utilities/cmake/utilities__rosidl_typesupport_introspection_cExport.cmake
[15.223s] -- Installing: /home/ubuntu/CS_ws/install/utilities/share/utilities/cmake/utilities__rosidl_typesupport_introspection_cExport-noconfig.cmake
[15.225s] -- Installing: /home/ubuntu/CS_ws/install/utilities/share/utilities/cmake/utilities__rosidl_typesupport_cExport.cmake
[15.226s] -- Installing: /home/ubuntu/CS_ws/install/utilities/share/utilities/cmake/utilities__rosidl_typesupport_cExport-noconfig.cmake
[15.227s] -- Installing: /home/ubuntu/CS_ws/install/utilities/share/utilities/cmake/export_utilities__rosidl_generator_cppExport.cmake
[15.228s] -- Installing: /home/ubuntu/CS_ws/install/utilities/share/utilities/cmake/export_utilities__rosidl_typesupport_fastrtps_cppExport.cmake
[15.228s] -- Installing: /home/ubuntu/CS_ws/install/utilities/share/utilities/cmake/export_utilities__rosidl_typesupport_fastrtps_cppExport-noconfig.cmake
[15.229s] -- Installing: /home/ubuntu/CS_ws/install/utilities/share/utilities/cmake/utilities__rosidl_typesupport_introspection_cppExport.cmake
[15.230s] -- Installing: /home/ubuntu/CS_ws/install/utilities/share/utilities/cmake/utilities__rosidl_typesupport_introspection_cppExport-noconfig.cmake
[15.230s] -- Installing: /home/ubuntu/CS_ws/install/utilities/share/utilities/cmake/utilities__rosidl_typesupport_cppExport.cmake
[15.231s] -- Installing: /home/ubuntu/CS_ws/install/utilities/share/utilities/cmake/utilities__rosidl_typesupport_cppExport-noconfig.cmake
[15.233s] -- Installing: /home/ubuntu/CS_ws/install/utilities/share/utilities/cmake/export_utilities__rosidl_generator_pyExport.cmake
[15.234s] -- Installing: /home/ubuntu/CS_ws/install/utilities/share/utilities/cmake/export_utilities__rosidl_generator_pyExport-noconfig.cmake
[15.241s] Invoked command in '/home/ubuntu/CS_ws/build/utilities' returned '0': CMAKE_PREFIX_PATH=${CMAKE_PREFIX_PATH}:/home/ubuntu/CS_ws/install/task_manager:/opt/ros/humble /usr/bin/cmake --install /home/ubuntu/CS_ws/build/utilities
