[8.028s] Invoking command in '/home/ubuntu/CS_ws/build/utilities': CMAKE_PREFIX_PATH=${CMAKE_PREFIX_PATH}:/home/ubuntu/CS_ws/install/task_manager:/home/ubuntu/CS_ws/install/navigation:/home/ubuntu/CS_ws/install/command_input:/opt/ros/humble /usr/bin/cmake --build /home/ubuntu/CS_ws/build/utilities -- -j8 -l8
[8.543s] [  3%] Built target utilities__cpp
[8.732s] [  3%] Built target ament_cmake_python_symlink_utilities
[9.057s] [ 12%] Built target utilities__rosidl_typesupport_introspection_cpp
[12.597s] running egg_info
[12.602s] writing utilities.egg-info/PKG-INFO
[12.614s] writing dependency_links to utilities.egg-info/dependency_links.txt
[12.626s] writing top-level names to utilities.egg-info/top_level.txt
[12.639s] reading manifest file 'utilities.egg-info/SOURCES.txt'
[12.652s] writing manifest file 'utilities.egg-info/SOURCES.txt'
[12.874s] [ 12%] Built target ament_cmake_python_build_utilities_egg
[13.119s] [ 22%] Built target utilities__rosidl_typesupport_fastrtps_cpp
[13.530s] [ 32%] Built target utilities__rosidl_typesupport_cpp
[13.755s] [ 41%] Built target utilities__rosidl_generator_c
[14.127s] [ 51%] Built target utilities__rosidl_typesupport_fastrtps_c
[14.359s] [ 61%] Built target utilities__rosidl_typesupport_c
[14.575s] [ 70%] Built target utilities__rosidl_typesupport_introspection_c
[14.761s] [ 70%] Built target utilities
[15.064s] [ 74%] Built target utilities__py
[15.352s] [ 80%] Built target utilities__rosidl_generator_py
[15.631s] [ 87%] Built target utilities__rosidl_typesupport_fastrtps_c__pyext
[15.894s] [ 93%] Built target utilities__rosidl_typesupport_c__pyext
[16.089s] [100%] Built target utilities__rosidl_typesupport_introspection_c__pyext
[16.214s] Invoked command in '/home/ubuntu/CS_ws/build/utilities' returned '0': CMAKE_PREFIX_PATH=${CMAKE_PREFIX_PATH}:/home/ubuntu/CS_ws/install/task_manager:/home/ubuntu/CS_ws/install/navigation:/home/ubuntu/CS_ws/install/command_input:/opt/ros/humble /usr/bin/cmake --build /home/ubuntu/CS_ws/build/utilities -- -j8 -l8
[16.218s] Invoking command in '/home/ubuntu/CS_ws/build/utilities': CMAKE_PREFIX_PATH=${CMAKE_PREFIX_PATH}:/home/ubuntu/CS_ws/install/task_manager:/home/ubuntu/CS_ws/install/navigation:/home/ubuntu/CS_ws/install/command_input:/opt/ros/humble /usr/bin/cmake --install /home/ubuntu/CS_ws/build/utilities
[16.310s] -- Install configuration: ""
[16.336s] -- Execute custom install script
[16.338s] -- Up-to-date symlink: /home/ubuntu/CS_ws/install/utilities/share/ament_index/resource_index/rosidl_interfaces/utilities
[16.342s] -- Up-to-date symlink: /home/ubuntu/CS_ws/install/utilities/include/utilities/utilities/msg/rosidl_generator_c__visibility_control.h
[16.343s] -- Up-to-date symlink: /home/ubuntu/CS_ws/install/utilities/include/utilities/utilities/srv/detail/string_command__functions.h
[16.345s] -- Up-to-date symlink: /home/ubuntu/CS_ws/install/utilities/include/utilities/utilities/srv/detail/string_command__struct.h
[16.345s] -- Up-to-date symlink: /home/ubuntu/CS_ws/install/utilities/include/utilities/utilities/srv/detail/string_command__type_support.h
[16.347s] -- Up-to-date symlink: /home/ubuntu/CS_ws/install/utilities/include/utilities/utilities/srv/string_command.h
[16.347s] -- Up-to-date symlink: /home/ubuntu/CS_ws/install/utilities/share/utilities/environment/library_path.sh
[16.350s] -- Up-to-date symlink: /home/ubuntu/CS_ws/install/utilities/share/utilities/environment/library_path.dsv
[16.357s] -- Up-to-date symlink: /home/ubuntu/CS_ws/install/utilities/include/utilities/utilities/msg/rosidl_typesupport_fastrtps_c__visibility_control.h
[16.357s] -- Up-to-date symlink: /home/ubuntu/CS_ws/install/utilities/include/utilities/utilities/srv/detail/string_command__rosidl_typesupport_fastrtps_c.h
[16.357s] -- Up-to-date symlink: /home/ubuntu/CS_ws/install/utilities/include/utilities/utilities/msg/rosidl_typesupport_introspection_c__visibility_control.h
[16.360s] -- Up-to-date symlink: /home/ubuntu/CS_ws/install/utilities/include/utilities/utilities/srv/detail/string_command__rosidl_typesupport_introspection_c.h
[16.361s] -- Up-to-date symlink: /home/ubuntu/CS_ws/install/utilities/include/utilities/utilities/msg/rosidl_generator_cpp__visibility_control.hpp
[16.363s] -- Up-to-date symlink: /home/ubuntu/CS_ws/install/utilities/include/utilities/utilities/srv/detail/string_command__builder.hpp
[16.363s] -- Up-to-date symlink: /home/ubuntu/CS_ws/install/utilities/include/utilities/utilities/srv/detail/string_command__struct.hpp
[16.364s] -- Up-to-date symlink: /home/ubuntu/CS_ws/install/utilities/include/utilities/utilities/srv/detail/string_command__traits.hpp
[16.365s] -- Up-to-date symlink: /home/ubuntu/CS_ws/install/utilities/include/utilities/utilities/srv/detail/string_command__type_support.hpp
[16.367s] -- Up-to-date symlink: /home/ubuntu/CS_ws/install/utilities/include/utilities/utilities/srv/string_command.hpp
[16.369s] -- Up-to-date symlink: /home/ubuntu/CS_ws/install/utilities/include/utilities/utilities/msg/rosidl_typesupport_fastrtps_cpp__visibility_control.h
[16.384s] -- Up-to-date symlink: /home/ubuntu/CS_ws/install/utilities/include/utilities/utilities/srv/detail/string_command__rosidl_typesupport_fastrtps_cpp.hpp
[16.385s] -- Up-to-date symlink: /home/ubuntu/CS_ws/install/utilities/include/utilities/utilities/srv/detail/string_command__rosidl_typesupport_introspection_cpp.hpp
[16.387s] -- Up-to-date symlink: /home/ubuntu/CS_ws/install/utilities/share/utilities/environment/pythonpath.sh
[16.391s] -- Up-to-date symlink: /home/ubuntu/CS_ws/install/utilities/share/utilities/environment/pythonpath.dsv
[16.393s] -- Up-to-date symlink: /home/ubuntu/CS_ws/install/utilities/local/lib/python3.10/dist-packages/utilities-0.0.0-py3.10.egg-info/PKG-INFO
[16.397s] -- Up-to-date symlink: /home/ubuntu/CS_ws/install/utilities/local/lib/python3.10/dist-packages/utilities-0.0.0-py3.10.egg-info/SOURCES.txt
[16.406s] -- Up-to-date symlink: /home/ubuntu/CS_ws/install/utilities/local/lib/python3.10/dist-packages/utilities-0.0.0-py3.10.egg-info/dependency_links.txt
[16.406s] -- Up-to-date symlink: /home/ubuntu/CS_ws/install/utilities/local/lib/python3.10/dist-packages/utilities-0.0.0-py3.10.egg-info/top_level.txt
[16.406s] -- Up-to-date symlink: /home/ubuntu/CS_ws/install/utilities/local/lib/python3.10/dist-packages/utilities/__init__.py
[16.408s] -- Up-to-date symlink: /home/ubuntu/CS_ws/install/utilities/local/lib/python3.10/dist-packages/utilities/_utilities_s.ep.rosidl_typesupport_c.c
[16.408s] -- Up-to-date symlink: /home/ubuntu/CS_ws/install/utilities/local/lib/python3.10/dist-packages/utilities/_utilities_s.ep.rosidl_typesupport_fastrtps_c.c
[16.410s] -- Up-to-date symlink: /home/ubuntu/CS_ws/install/utilities/local/lib/python3.10/dist-packages/utilities/_utilities_s.ep.rosidl_typesupport_introspection_c.c
[16.411s] -- Up-to-date symlink: /home/ubuntu/CS_ws/install/utilities/local/lib/python3.10/dist-packages/utilities/libutilities__rosidl_generator_py.so
[16.412s] -- Up-to-date symlink: /home/ubuntu/CS_ws/install/utilities/local/lib/python3.10/dist-packages/utilities/srv/__init__.py
[16.416s] -- Up-to-date symlink: /home/ubuntu/CS_ws/install/utilities/local/lib/python3.10/dist-packages/utilities/srv/_string_command.py
[16.419s] -- Up-to-date symlink: /home/ubuntu/CS_ws/install/utilities/local/lib/python3.10/dist-packages/utilities/srv/_string_command_s.c
[16.420s] -- Up-to-date symlink: /home/ubuntu/CS_ws/install/utilities/local/lib/python3.10/dist-packages/utilities/utilities_s__rosidl_typesupport_c.cpython-310-x86_64-linux-gnu.so
[16.422s] -- Up-to-date symlink: /home/ubuntu/CS_ws/install/utilities/local/lib/python3.10/dist-packages/utilities/utilities_s__rosidl_typesupport_fastrtps_c.cpython-310-x86_64-linux-gnu.so
[16.425s] -- Up-to-date symlink: /home/ubuntu/CS_ws/install/utilities/local/lib/python3.10/dist-packages/utilities/utilities_s__rosidl_typesupport_introspection_c.cpython-310-x86_64-linux-gnu.so
[16.427s] -- Up-to-date symlink: /home/ubuntu/CS_ws/install/utilities/local/lib/python3.10/dist-packages/utilities/utilities_s__rosidl_typesupport_fastrtps_c.cpython-310-x86_64-linux-gnu.so
[16.431s] -- Up-to-date symlink: /home/ubuntu/CS_ws/install/utilities/local/lib/python3.10/dist-packages/utilities/utilities_s__rosidl_typesupport_introspection_c.cpython-310-x86_64-linux-gnu.so
[16.432s] -- Up-to-date symlink: /home/ubuntu/CS_ws/install/utilities/local/lib/python3.10/dist-packages/utilities/utilities_s__rosidl_typesupport_c.cpython-310-x86_64-linux-gnu.so
[16.433s] -- Up-to-date symlink: /home/ubuntu/CS_ws/install/utilities/share/utilities/srv/StringCommand.idl
[16.435s] -- Up-to-date symlink: /home/ubuntu/CS_ws/install/utilities/share/utilities/srv/StringCommand.srv
[16.435s] -- Up-to-date symlink: /home/ubuntu/CS_ws/install/utilities/share/utilities/srv/StringCommand_Request.msg
[16.436s] -- Up-to-date symlink: /home/ubuntu/CS_ws/install/utilities/share/utilities/srv/StringCommand_Response.msg
[16.437s] -- Up-to-date symlink: /home/ubuntu/CS_ws/install/utilities/share/ament_index/resource_index/package_run_dependencies/utilities
[16.438s] -- Up-to-date symlink: /home/ubuntu/CS_ws/install/utilities/share/ament_index/resource_index/parent_prefix_path/utilities
[16.439s] -- Up-to-date symlink: /home/ubuntu/CS_ws/install/utilities/share/utilities/environment/ament_prefix_path.sh
[16.440s] -- Up-to-date symlink: /home/ubuntu/CS_ws/install/utilities/share/utilities/environment/ament_prefix_path.dsv
[16.441s] -- Up-to-date symlink: /home/ubuntu/CS_ws/install/utilities/share/utilities/environment/path.sh
[16.452s] -- Up-to-date symlink: /home/ubuntu/CS_ws/install/utilities/share/utilities/environment/path.dsv
[16.453s] -- Up-to-date symlink: /home/ubuntu/CS_ws/install/utilities/share/utilities/local_setup.bash
[16.453s] -- Up-to-date symlink: /home/ubuntu/CS_ws/install/utilities/share/utilities/local_setup.sh
[16.453s] -- Up-to-date symlink: /home/ubuntu/CS_ws/install/utilities/share/utilities/local_setup.zsh
[16.454s] -- Up-to-date symlink: /home/ubuntu/CS_ws/install/utilities/share/utilities/local_setup.dsv
[16.463s] -- Symlinking: /home/ubuntu/CS_ws/install/utilities/share/utilities/package.dsv
[16.576s] -- Up-to-date symlink: /home/ubuntu/CS_ws/install/utilities/share/ament_index/resource_index/packages/utilities
[16.576s] -- Up-to-date symlink: /home/ubuntu/CS_ws/install/utilities/share/utilities/cmake/rosidl_cmake-extras.cmake
[16.576s] -- Up-to-date symlink: /home/ubuntu/CS_ws/install/utilities/share/utilities/cmake/ament_cmake_export_include_directories-extras.cmake
[16.577s] -- Up-to-date symlink: /home/ubuntu/CS_ws/install/utilities/share/utilities/cmake/ament_cmake_export_libraries-extras.cmake
[16.577s] -- Up-to-date symlink: /home/ubuntu/CS_ws/install/utilities/share/utilities/cmake/ament_cmake_export_targets-extras.cmake
[16.582s] -- Up-to-date symlink: /home/ubuntu/CS_ws/install/utilities/share/utilities/cmake/rosidl_cmake_export_typesupport_targets-extras.cmake
[16.608s] -- Up-to-date symlink: /home/ubuntu/CS_ws/install/utilities/share/utilities/cmake/ament_cmake_export_dependencies-extras.cmake
[16.609s] -- Up-to-date symlink: /home/ubuntu/CS_ws/install/utilities/share/utilities/cmake/rosidl_cmake_export_typesupport_libraries-extras.cmake
[16.610s] -- Up-to-date symlink: /home/ubuntu/CS_ws/install/utilities/share/utilities/cmake/utilitiesConfig.cmake
[16.611s] -- Up-to-date symlink: /home/ubuntu/CS_ws/install/utilities/share/utilities/cmake/utilitiesConfig-version.cmake
[16.619s] -- Up-to-date symlink: /home/ubuntu/CS_ws/install/utilities/share/utilities/package.xml
[16.633s] -- Up-to-date: /home/ubuntu/CS_ws/install/utilities/lib/libutilities__rosidl_generator_c.so
[16.636s] -- Up-to-date: /home/ubuntu/CS_ws/install/utilities/lib/libutilities__rosidl_typesupport_fastrtps_c.so
[16.637s] -- Up-to-date: /home/ubuntu/CS_ws/install/utilities/lib/libutilities__rosidl_typesupport_introspection_c.so
[16.639s] -- Up-to-date: /home/ubuntu/CS_ws/install/utilities/lib/libutilities__rosidl_typesupport_c.so
[16.640s] -- Up-to-date: /home/ubuntu/CS_ws/install/utilities/lib/libutilities__rosidl_typesupport_fastrtps_cpp.so
[16.641s] -- Up-to-date: /home/ubuntu/CS_ws/install/utilities/lib/libutilities__rosidl_typesupport_introspection_cpp.so
[16.642s] -- Up-to-date: /home/ubuntu/CS_ws/install/utilities/lib/libutilities__rosidl_typesupport_cpp.so
[16.893s] Listing '/home/ubuntu/CS_ws/install/utilities/local/lib/python3.10/dist-packages/utilities'...
[16.893s] Listing '/home/ubuntu/CS_ws/install/utilities/local/lib/python3.10/dist-packages/utilities/srv'...
[16.909s] -- Up-to-date: /home/ubuntu/CS_ws/install/utilities/lib/libutilities__rosidl_generator_py.so
[16.912s] -- Up-to-date: /home/ubuntu/CS_ws/install/utilities/share/utilities/cmake/export_utilities__rosidl_generator_cExport.cmake
[16.913s] -- Up-to-date: /home/ubuntu/CS_ws/install/utilities/share/utilities/cmake/export_utilities__rosidl_generator_cExport-noconfig.cmake
[16.914s] -- Up-to-date: /home/ubuntu/CS_ws/install/utilities/share/utilities/cmake/export_utilities__rosidl_typesupport_fastrtps_cExport.cmake
[16.914s] -- Up-to-date: /home/ubuntu/CS_ws/install/utilities/share/utilities/cmake/export_utilities__rosidl_typesupport_fastrtps_cExport-noconfig.cmake
[16.916s] -- Up-to-date: /home/ubuntu/CS_ws/install/utilities/share/utilities/cmake/utilities__rosidl_typesupport_introspection_cExport.cmake
[16.916s] -- Up-to-date: /home/ubuntu/CS_ws/install/utilities/share/utilities/cmake/utilities__rosidl_typesupport_introspection_cExport-noconfig.cmake
[16.917s] -- Up-to-date: /home/ubuntu/CS_ws/install/utilities/share/utilities/cmake/utilities__rosidl_typesupport_cExport.cmake
[16.917s] -- Up-to-date: /home/ubuntu/CS_ws/install/utilities/share/utilities/cmake/utilities__rosidl_typesupport_cExport-noconfig.cmake
[16.928s] -- Up-to-date: /home/ubuntu/CS_ws/install/utilities/share/utilities/cmake/export_utilities__rosidl_generator_cppExport.cmake
[16.929s] -- Up-to-date: /home/ubuntu/CS_ws/install/utilities/share/utilities/cmake/export_utilities__rosidl_typesupport_fastrtps_cppExport.cmake
[16.930s] -- Up-to-date: /home/ubuntu/CS_ws/install/utilities/share/utilities/cmake/export_utilities__rosidl_typesupport_fastrtps_cppExport-noconfig.cmake
[16.930s] -- Up-to-date: /home/ubuntu/CS_ws/install/utilities/share/utilities/cmake/utilities__rosidl_typesupport_introspection_cppExport.cmake
[16.931s] -- Up-to-date: /home/ubuntu/CS_ws/install/utilities/share/utilities/cmake/utilities__rosidl_typesupport_introspection_cppExport-noconfig.cmake
[16.931s] -- Up-to-date: /home/ubuntu/CS_ws/install/utilities/share/utilities/cmake/utilities__rosidl_typesupport_cppExport.cmake
[16.932s] -- Up-to-date: /home/ubuntu/CS_ws/install/utilities/share/utilities/cmake/utilities__rosidl_typesupport_cppExport-noconfig.cmake
[16.932s] -- Up-to-date: /home/ubuntu/CS_ws/install/utilities/share/utilities/cmake/export_utilities__rosidl_generator_pyExport.cmake
[16.933s] -- Up-to-date: /home/ubuntu/CS_ws/install/utilities/share/utilities/cmake/export_utilities__rosidl_generator_pyExport-noconfig.cmake
[16.970s] Invoked command in '/home/ubuntu/CS_ws/build/utilities' returned '0': CMAKE_PREFIX_PATH=${CMAKE_PREFIX_PATH}:/home/ubuntu/CS_ws/install/task_manager:/home/ubuntu/CS_ws/install/navigation:/home/ubuntu/CS_ws/install/command_input:/opt/ros/humble /usr/bin/cmake --install /home/ubuntu/CS_ws/build/utilities
