[0.569s] Invoking command in '/home/ubuntu/CS_ws/build/turtlebot3_manipulation_navigation2': CMAKE_PREFIX_PATH=${CMAKE_PREFIX_PATH}:/home/ubuntu/CS_ws/install/task_manager:/home/ubuntu/CS_ws/install/navigation:/home/ubuntu/CS_ws/install/command_input:/opt/ros/humble /usr/bin/cmake --build /home/ubuntu/CS_ws/build/turtlebot3_manipulation_navigation2 -- -j8 -l8
[7.615s] Invoked command in '/home/ubuntu/CS_ws/build/turtlebot3_manipulation_navigation2' returned '0': CMAKE_PREFIX_PATH=${CMAKE_PREFIX_PATH}:/home/ubuntu/CS_ws/install/task_manager:/home/ubuntu/CS_ws/install/navigation:/home/ubuntu/CS_ws/install/command_input:/opt/ros/humble /usr/bin/cmake --build /home/ubuntu/CS_ws/build/turtlebot3_manipulation_navigation2 -- -j8 -l8
[7.662s] Invoking command in '/home/ubuntu/CS_ws/build/turtlebot3_manipulation_navigation2': CMAKE_PREFIX_PATH=${CMAKE_PREFIX_PATH}:/home/ubuntu/CS_ws/install/task_manager:/home/ubuntu/CS_ws/install/navigation:/home/ubuntu/CS_ws/install/command_input:/opt/ros/humble /usr/bin/cmake --install /home/ubuntu/CS_ws/build/turtlebot3_manipulation_navigation2
[7.707s] -- Install configuration: ""
[7.715s] -- Execute custom install script
[7.716s] -- Up-to-date symlink: /home/ubuntu/CS_ws/install/turtlebot3_manipulation_navigation2/share/turtlebot3_manipulation_navigation2/launch/navigation2.launch.py
[7.773s] -- Up-to-date symlink: /home/ubuntu/CS_ws/install/turtlebot3_manipulation_navigation2/share/turtlebot3_manipulation_navigation2/launch/navigation2_use_sim_time.launch.py
[7.775s] -- Up-to-date symlink: /home/ubuntu/CS_ws/install/turtlebot3_manipulation_navigation2/share/turtlebot3_manipulation_navigation2/map/turtlebot3_world.pgm
[7.776s] -- Up-to-date symlink: /home/ubuntu/CS_ws/install/turtlebot3_manipulation_navigation2/share/turtlebot3_manipulation_navigation2/map/turtlebot3_world.yaml
[7.776s] -- Up-to-date symlink: /home/ubuntu/CS_ws/install/turtlebot3_manipulation_navigation2/share/turtlebot3_manipulation_navigation2/param/turtlebot3.yaml
[7.776s] -- Up-to-date symlink: /home/ubuntu/CS_ws/install/turtlebot3_manipulation_navigation2/share/turtlebot3_manipulation_navigation2/param/turtlebot3_use_sim_time.yaml
[7.777s] -- Up-to-date symlink: /home/ubuntu/CS_ws/install/turtlebot3_manipulation_navigation2/share/turtlebot3_manipulation_navigation2/rviz/navigation2.rviz
[7.777s] -- Up-to-date symlink: /home/ubuntu/CS_ws/install/turtlebot3_manipulation_navigation2/share/ament_index/resource_index/package_run_dependencies/turtlebot3_manipulation_navigation2
[7.777s] -- Up-to-date symlink: /home/ubuntu/CS_ws/install/turtlebot3_manipulation_navigation2/share/ament_index/resource_index/parent_prefix_path/turtlebot3_manipulation_navigation2
[7.778s] -- Up-to-date symlink: /home/ubuntu/CS_ws/install/turtlebot3_manipulation_navigation2/share/turtlebot3_manipulation_navigation2/environment/ament_prefix_path.sh
[7.778s] -- Up-to-date symlink: /home/ubuntu/CS_ws/install/turtlebot3_manipulation_navigation2/share/turtlebot3_manipulation_navigation2/environment/ament_prefix_path.dsv
[7.780s] -- Up-to-date symlink: /home/ubuntu/CS_ws/install/turtlebot3_manipulation_navigation2/share/turtlebot3_manipulation_navigation2/environment/path.sh
[7.811s] -- Up-to-date symlink: /home/ubuntu/CS_ws/install/turtlebot3_manipulation_navigation2/share/turtlebot3_manipulation_navigation2/environment/path.dsv
[7.812s] -- Up-to-date symlink: /home/ubuntu/CS_ws/install/turtlebot3_manipulation_navigation2/share/turtlebot3_manipulation_navigation2/local_setup.bash
[7.812s] -- Up-to-date symlink: /home/ubuntu/CS_ws/install/turtlebot3_manipulation_navigation2/share/turtlebot3_manipulation_navigation2/local_setup.sh
[7.812s] -- Up-to-date symlink: /home/ubuntu/CS_ws/install/turtlebot3_manipulation_navigation2/share/turtlebot3_manipulation_navigation2/local_setup.zsh
[7.812s] -- Up-to-date symlink: /home/ubuntu/CS_ws/install/turtlebot3_manipulation_navigation2/share/turtlebot3_manipulation_navigation2/local_setup.dsv
[7.813s] -- Symlinking: /home/ubuntu/CS_ws/install/turtlebot3_manipulation_navigation2/share/turtlebot3_manipulation_navigation2/package.dsv
[7.904s] -- Up-to-date symlink: /home/ubuntu/CS_ws/install/turtlebot3_manipulation_navigation2/share/ament_index/resource_index/packages/turtlebot3_manipulation_navigation2
[7.906s] -- Up-to-date symlink: /home/ubuntu/CS_ws/install/turtlebot3_manipulation_navigation2/share/turtlebot3_manipulation_navigation2/cmake/turtlebot3_manipulation_navigation2Config.cmake
[7.906s] -- Up-to-date symlink: /home/ubuntu/CS_ws/install/turtlebot3_manipulation_navigation2/share/turtlebot3_manipulation_navigation2/cmake/turtlebot3_manipulation_navigation2Config-version.cmake
[7.906s] -- Up-to-date symlink: /home/ubuntu/CS_ws/install/turtlebot3_manipulation_navigation2/share/turtlebot3_manipulation_navigation2/package.xml
[8.146s] Invoked command in '/home/ubuntu/CS_ws/build/turtlebot3_manipulation_navigation2' returned '0': CMAKE_PREFIX_PATH=${CMAKE_PREFIX_PATH}:/home/ubuntu/CS_ws/install/task_manager:/home/ubuntu/CS_ws/install/navigation:/home/ubuntu/CS_ws/install/command_input:/opt/ros/humble /usr/bin/cmake --install /home/ubuntu/CS_ws/build/turtlebot3_manipulation_navigation2
